Loading singularity
Loading conda/analysis3-25.06
Loading gadi_jupyterlab/23.02
2025-09-15 10:50:10,321 - distributed.nanny - INFO -         Start Nanny at: 'tcp://10.6.83.55:37097'
2025-09-15 10:50:10,330 - distributed.nanny - INFO -         Start Nanny at: 'tcp://10.6.83.55:40551'
2025-09-15 10:50:10,336 - distributed.nanny - INFO -         Start Nanny at: 'tcp://10.6.83.55:34441'
2025-09-15 10:50:10,340 - distributed.nanny - INFO -         Start Nanny at: 'tcp://10.6.83.55:45283'
2025-09-15 10:50:10,344 - distributed.nanny - INFO -         Start Nanny at: 'tcp://10.6.83.55:41493'
2025-09-15 10:50:10,348 - distributed.nanny - INFO -         Start Nanny at: 'tcp://10.6.83.55:39661'
2025-09-15 10:50:10,352 - distributed.nanny - INFO -         Start Nanny at: 'tcp://10.6.83.55:39849'
2025-09-15 10:50:10,355 - distributed.nanny - INFO -         Start Nanny at: 'tcp://10.6.83.55:35259'
2025-09-15 10:50:10,363 - distributed.nanny - INFO -         Start Nanny at: 'tcp://10.6.83.55:36585'
2025-09-15 10:50:10,367 - distributed.nanny - INFO -         Start Nanny at: 'tcp://10.6.83.55:33273'
2025-09-15 10:50:10,371 - distributed.nanny - INFO -         Start Nanny at: 'tcp://10.6.83.55:33563'
2025-09-15 10:50:10,375 - distributed.nanny - INFO -         Start Nanny at: 'tcp://10.6.83.55:38595'
2025-09-15 10:50:10,379 - distributed.nanny - INFO -         Start Nanny at: 'tcp://10.6.83.55:40841'
2025-09-15 10:50:10,383 - distributed.nanny - INFO -         Start Nanny at: 'tcp://10.6.83.55:35385'
2025-09-15 10:50:10,388 - distributed.nanny - INFO -         Start Nanny at: 'tcp://10.6.83.55:35585'
2025-09-15 10:50:10,392 - distributed.nanny - INFO -         Start Nanny at: 'tcp://10.6.83.55:38885'
2025-09-15 10:50:10,396 - distributed.nanny - INFO -         Start Nanny at: 'tcp://10.6.83.55:33403'
2025-09-15 10:50:10,400 - distributed.nanny - INFO -         Start Nanny at: 'tcp://10.6.83.55:42991'
2025-09-15 10:50:10,404 - distributed.nanny - INFO -         Start Nanny at: 'tcp://10.6.83.55:42775'
2025-09-15 10:50:10,408 - distributed.nanny - INFO -         Start Nanny at: 'tcp://10.6.83.55:37679'
2025-09-15 10:50:10,487 - distributed.nanny - INFO -         Start Nanny at: 'tcp://10.6.83.55:36605'
2025-09-15 10:50:10,491 - distributed.nanny - INFO -         Start Nanny at: 'tcp://10.6.83.55:35649'
2025-09-15 10:50:10,496 - distributed.nanny - INFO -         Start Nanny at: 'tcp://10.6.83.55:33099'
2025-09-15 10:50:10,500 - distributed.nanny - INFO -         Start Nanny at: 'tcp://10.6.83.55:42455'
2025-09-15 10:50:10,505 - distributed.nanny - INFO -         Start Nanny at: 'tcp://10.6.83.55:33779'
2025-09-15 10:50:10,509 - distributed.nanny - INFO -         Start Nanny at: 'tcp://10.6.83.55:39821'
2025-09-15 10:50:10,514 - distributed.nanny - INFO -         Start Nanny at: 'tcp://10.6.83.55:39029'
2025-09-15 10:50:10,517 - distributed.nanny - INFO -         Start Nanny at: 'tcp://10.6.83.55:35069'
2025-09-15 10:50:10,522 - distributed.nanny - INFO -         Start Nanny at: 'tcp://10.6.83.55:46009'
2025-09-15 10:50:10,525 - distributed.nanny - INFO -         Start Nanny at: 'tcp://10.6.83.55:36817'
2025-09-15 10:50:10,529 - distributed.nanny - INFO -         Start Nanny at: 'tcp://10.6.83.55:40779'
2025-09-15 10:50:10,534 - distributed.nanny - INFO -         Start Nanny at: 'tcp://10.6.83.55:44791'
2025-09-15 10:50:10,538 - distributed.nanny - INFO -         Start Nanny at: 'tcp://10.6.83.55:44837'
2025-09-15 10:50:10,543 - distributed.nanny - INFO -         Start Nanny at: 'tcp://10.6.83.55:35637'
2025-09-15 10:50:10,547 - distributed.nanny - INFO -         Start Nanny at: 'tcp://10.6.83.55:40747'
2025-09-15 10:50:10,551 - distributed.nanny - INFO -         Start Nanny at: 'tcp://10.6.83.55:43403'
2025-09-15 10:50:10,554 - distributed.nanny - INFO -         Start Nanny at: 'tcp://10.6.83.55:37817'
2025-09-15 10:50:10,559 - distributed.nanny - INFO -         Start Nanny at: 'tcp://10.6.83.55:40505'
2025-09-15 10:50:10,563 - distributed.nanny - INFO -         Start Nanny at: 'tcp://10.6.83.55:42445'
2025-09-15 10:50:10,568 - distributed.nanny - INFO -         Start Nanny at: 'tcp://10.6.83.55:37225'
2025-09-15 10:50:10,571 - distributed.nanny - INFO -         Start Nanny at: 'tcp://10.6.83.55:39037'
2025-09-15 10:50:10,575 - distributed.nanny - INFO -         Start Nanny at: 'tcp://10.6.83.55:46401'
2025-09-15 10:50:10,579 - distributed.nanny - INFO -         Start Nanny at: 'tcp://10.6.83.55:37911'
2025-09-15 10:50:10,584 - distributed.nanny - INFO -         Start Nanny at: 'tcp://10.6.83.55:46567'
2025-09-15 10:50:10,589 - distributed.nanny - INFO -         Start Nanny at: 'tcp://10.6.83.55:46529'
2025-09-15 10:50:10,593 - distributed.nanny - INFO -         Start Nanny at: 'tcp://10.6.83.55:39079'
2025-09-15 10:50:10,597 - distributed.nanny - INFO -         Start Nanny at: 'tcp://10.6.83.55:37907'
2025-09-15 10:50:10,601 - distributed.nanny - INFO -         Start Nanny at: 'tcp://10.6.83.55:45369'
2025-09-15 10:50:10,607 - distributed.nanny - INFO -         Start Nanny at: 'tcp://10.6.83.55:43287'
2025-09-15 10:50:10,612 - distributed.nanny - INFO -         Start Nanny at: 'tcp://10.6.83.55:35133'
2025-09-15 10:50:10,617 - distributed.nanny - INFO -         Start Nanny at: 'tcp://10.6.83.55:33023'
2025-09-15 10:50:10,622 - distributed.nanny - INFO -         Start Nanny at: 'tcp://10.6.83.55:38247'
2025-09-15 10:50:11,791 - distributed.worker - INFO -       Start worker at:     tcp://10.6.83.55:45787
2025-09-15 10:50:11,791 - distributed.worker - INFO -       Start worker at:     tcp://10.6.83.55:43363
2025-09-15 10:50:11,791 - distributed.worker - INFO -       Start worker at:     tcp://10.6.83.55:41265
2025-09-15 10:50:11,791 - distributed.worker - INFO -       Start worker at:     tcp://10.6.83.55:41747
2025-09-15 10:50:11,791 - distributed.worker - INFO -       Start worker at:     tcp://10.6.83.55:46501
2025-09-15 10:50:11,791 - distributed.worker - INFO -       Start worker at:     tcp://10.6.83.55:35237
2025-09-15 10:50:11,791 - distributed.worker - INFO -       Start worker at:     tcp://10.6.83.55:39675
2025-09-15 10:50:11,791 - distributed.worker - INFO -       Start worker at:     tcp://10.6.83.55:33367
2025-09-15 10:50:11,791 - distributed.worker - INFO -       Start worker at:     tcp://10.6.83.55:35801
2025-09-15 10:50:11,791 - distributed.worker - INFO -       Start worker at:     tcp://10.6.83.55:43917
2025-09-15 10:50:11,791 - distributed.worker - INFO -       Start worker at:     tcp://10.6.83.55:45055
2025-09-15 10:50:11,791 - distributed.worker - INFO -       Start worker at:     tcp://10.6.83.55:39695
2025-09-15 10:50:11,791 - distributed.worker - INFO -          Listening to:     tcp://10.6.83.55:45787
2025-09-15 10:50:11,791 - distributed.worker - INFO -          Listening to:     tcp://10.6.83.55:43363
2025-09-15 10:50:11,791 - distributed.worker - INFO -          Listening to:     tcp://10.6.83.55:41265
2025-09-15 10:50:11,791 - distributed.worker - INFO -          Listening to:     tcp://10.6.83.55:41747
2025-09-15 10:50:11,791 - distributed.worker - INFO -          Listening to:     tcp://10.6.83.55:46501
2025-09-15 10:50:11,791 - distributed.worker - INFO -          dashboard at:           10.6.83.55:36055
2025-09-15 10:50:11,791 - distributed.worker - INFO -       Start worker at:     tcp://10.6.83.55:36079
2025-09-15 10:50:11,791 - distributed.worker - INFO -          Listening to:     tcp://10.6.83.55:35237
2025-09-15 10:50:11,791 - distributed.worker - INFO -          Listening to:     tcp://10.6.83.55:39675
2025-09-15 10:50:11,791 - distributed.worker - INFO -          Listening to:     tcp://10.6.83.55:33367
2025-09-15 10:50:11,791 - distributed.worker - INFO -          Listening to:     tcp://10.6.83.55:35801
2025-09-15 10:50:11,791 - distributed.worker - INFO -          Listening to:     tcp://10.6.83.55:43917
2025-09-15 10:50:11,791 - distributed.worker - INFO -          Listening to:     tcp://10.6.83.55:45055
2025-09-15 10:50:11,791 - distributed.worker - INFO -          Listening to:     tcp://10.6.83.55:39695
2025-09-15 10:50:11,791 - distributed.worker - INFO -          dashboard at:           10.6.83.55:33335
2025-09-15 10:50:11,791 - distributed.worker - INFO -          dashboard at:           10.6.83.55:44249
2025-09-15 10:50:11,791 - distributed.worker - INFO -          dashboard at:           10.6.83.55:39481
2025-09-15 10:50:11,791 - distributed.worker - INFO -          dashboard at:           10.6.83.55:39169
2025-09-15 10:50:11,791 - distributed.worker - INFO - Waiting to connect to:      tcp://10.6.82.36:8734
2025-09-15 10:50:11,791 - distributed.worker - INFO -          Listening to:     tcp://10.6.83.55:36079
2025-09-15 10:50:11,791 - distributed.worker - INFO -          dashboard at:           10.6.83.55:39339
2025-09-15 10:50:11,791 - distributed.worker - INFO -          dashboard at:           10.6.83.55:43555
2025-09-15 10:50:11,791 - distributed.worker - INFO -          dashboard at:           10.6.83.55:35905
2025-09-15 10:50:11,791 - distributed.worker - INFO -          dashboard at:           10.6.83.55:35323
2025-09-15 10:50:11,791 - distributed.worker - INFO -          dashboard at:           10.6.83.55:43383
2025-09-15 10:50:11,791 - distributed.worker - INFO -          dashboard at:           10.6.83.55:41095
2025-09-15 10:50:11,791 - distributed.worker - INFO -          dashboard at:           10.6.83.55:41415
2025-09-15 10:50:11,791 - distributed.worker - INFO - Waiting to connect to:      tcp://10.6.82.36:8734
2025-09-15 10:50:11,791 - distributed.worker - INFO - Waiting to connect to:      tcp://10.6.82.36:8734
2025-09-15 10:50:11,791 - distributed.worker - INFO - Waiting to connect to:      tcp://10.6.82.36:8734
2025-09-15 10:50:11,791 - distributed.worker - INFO - -------------------------------------------------
2025-09-15 10:50:11,791 - distributed.worker - INFO - Waiting to connect to:      tcp://10.6.82.36:8734
2025-09-15 10:50:11,791 - distributed.worker - INFO - Waiting to connect to:      tcp://10.6.82.36:8734
2025-09-15 10:50:11,791 - distributed.worker - INFO -          dashboard at:           10.6.83.55:45291
2025-09-15 10:50:11,791 - distributed.worker - INFO - Waiting to connect to:      tcp://10.6.82.36:8734
2025-09-15 10:50:11,791 - distributed.worker - INFO - Waiting to connect to:      tcp://10.6.82.36:8734
2025-09-15 10:50:11,791 - distributed.worker - INFO - Waiting to connect to:      tcp://10.6.82.36:8734
2025-09-15 10:50:11,791 - distributed.worker - INFO - Waiting to connect to:      tcp://10.6.82.36:8734
2025-09-15 10:50:11,791 - distributed.worker - INFO - Waiting to connect to:      tcp://10.6.82.36:8734
2025-09-15 10:50:11,791 - distributed.worker - INFO - Waiting to connect to:      tcp://10.6.82.36:8734
2025-09-15 10:50:11,791 - distributed.worker - INFO - -------------------------------------------------
2025-09-15 10:50:11,791 - distributed.worker - INFO - -------------------------------------------------
2025-09-15 10:50:11,791 - distributed.worker - INFO - -------------------------------------------------
2025-09-15 10:50:11,791 - distributed.worker - INFO -               Threads:                          2
2025-09-15 10:50:11,791 - distributed.worker - INFO - -------------------------------------------------
2025-09-15 10:50:11,791 - distributed.worker - INFO - -------------------------------------------------
2025-09-15 10:50:11,791 - distributed.worker - INFO - -------------------------------------------------
2025-09-15 10:50:11,791 - distributed.worker - INFO - Waiting to connect to:      tcp://10.6.82.36:8734
2025-09-15 10:50:11,791 - distributed.worker - INFO - -------------------------------------------------
2025-09-15 10:50:11,791 - distributed.worker - INFO - -------------------------------------------------
2025-09-15 10:50:11,791 - distributed.worker - INFO - -------------------------------------------------
2025-09-15 10:50:11,791 - distributed.worker - INFO - -------------------------------------------------
2025-09-15 10:50:11,791 - distributed.worker - INFO - -------------------------------------------------
2025-09-15 10:50:11,791 - distributed.worker - INFO -               Threads:                          2
2025-09-15 10:50:11,791 - distributed.worker - INFO -               Threads:                          2
2025-09-15 10:50:11,791 - distributed.worker - INFO -               Threads:                          2
2025-09-15 10:50:11,791 - distributed.worker - INFO -                Memory:                   9.62 GiB
2025-09-15 10:50:11,791 - distributed.worker - INFO -               Threads:                          2
2025-09-15 10:50:11,791 - distributed.worker - INFO -               Threads:                          2
2025-09-15 10:50:11,791 - distributed.worker - INFO -               Threads:                          2
2025-09-15 10:50:11,791 - distributed.worker - INFO - -------------------------------------------------
2025-09-15 10:50:11,791 - distributed.worker - INFO -               Threads:                          2
2025-09-15 10:50:11,791 - distributed.worker - INFO -               Threads:                          2
2025-09-15 10:50:11,791 - distributed.worker - INFO -               Threads:                          2
2025-09-15 10:50:11,791 - distributed.worker - INFO -               Threads:                          2
2025-09-15 10:50:11,791 - distributed.worker - INFO -               Threads:                          2
2025-09-15 10:50:11,791 - distributed.worker - INFO -                Memory:                   9.62 GiB
2025-09-15 10:50:11,791 - distributed.worker - INFO -                Memory:                   9.62 GiB
2025-09-15 10:50:11,791 - distributed.worker - INFO -                Memory:                   9.62 GiB
2025-09-15 10:50:11,791 - distributed.worker - INFO -                Memory:                   9.62 GiB
2025-09-15 10:50:11,791 - distributed.worker - INFO -       Local Directory: /jobfs/149690456.gadi-pbs/dask-scratch-space/worker-m0kknq4v
2025-09-15 10:50:11,791 - distributed.worker - INFO -                Memory:                   9.62 GiB
2025-09-15 10:50:11,791 - distributed.worker - INFO -                Memory:                   9.62 GiB
2025-09-15 10:50:11,792 - distributed.worker - INFO -               Threads:                          2
2025-09-15 10:50:11,792 - distributed.worker - INFO -                Memory:                   9.62 GiB
2025-09-15 10:50:11,792 - distributed.worker - INFO -                Memory:                   9.62 GiB
2025-09-15 10:50:11,792 - distributed.worker - INFO -                Memory:                   9.62 GiB
2025-09-15 10:50:11,792 - distributed.worker - INFO -                Memory:                   9.62 GiB
2025-09-15 10:50:11,792 - distributed.worker - INFO -                Memory:                   9.62 GiB
2025-09-15 10:50:11,792 - distributed.worker - INFO -       Local Directory: /jobfs/149690456.gadi-pbs/dask-scratch-space/worker-ok5fud4y
2025-09-15 10:50:11,792 - distributed.worker - INFO -       Local Directory: /jobfs/149690456.gadi-pbs/dask-scratch-space/worker-tzti636f
2025-09-15 10:50:11,792 - distributed.worker - INFO -       Local Directory: /jobfs/149690456.gadi-pbs/dask-scratch-space/worker-pyhyhbg6
2025-09-15 10:50:11,792 - distributed.worker - INFO -       Local Directory: /jobfs/149690456.gadi-pbs/dask-scratch-space/worker-4a315fqb
2025-09-15 10:50:11,792 - distributed.worker - INFO -       Local Directory: /jobfs/149690456.gadi-pbs/dask-scratch-space/worker-8hs61i_7
2025-09-15 10:50:11,792 - distributed.worker - INFO - -------------------------------------------------
2025-09-15 10:50:11,792 - distributed.worker - INFO -                Memory:                   9.62 GiB
2025-09-15 10:50:11,792 - distributed.worker - INFO -       Local Directory: /jobfs/149690456.gadi-pbs/dask-scratch-space/worker-4ygvctb6
2025-09-15 10:50:11,792 - distributed.worker - INFO -       Local Directory: /jobfs/149690456.gadi-pbs/dask-scratch-space/worker-hl6yd4lr
2025-09-15 10:50:11,792 - distributed.worker - INFO -       Local Directory: /jobfs/149690456.gadi-pbs/dask-scratch-space/worker-4c207n44
2025-09-15 10:50:11,792 - distributed.worker - INFO -       Local Directory: /jobfs/149690456.gadi-pbs/dask-scratch-space/worker-hohtx5qz
2025-09-15 10:50:11,792 - distributed.worker - INFO -       Local Directory: /jobfs/149690456.gadi-pbs/dask-scratch-space/worker-svak0jcd
2025-09-15 10:50:11,792 - distributed.worker - INFO -       Local Directory: /jobfs/149690456.gadi-pbs/dask-scratch-space/worker-7iyge0as
2025-09-15 10:50:11,792 - distributed.worker - INFO - -------------------------------------------------
2025-09-15 10:50:11,792 - distributed.worker - INFO - -------------------------------------------------
2025-09-15 10:50:11,792 - distributed.worker - INFO - -------------------------------------------------
2025-09-15 10:50:11,792 - distributed.worker - INFO - -------------------------------------------------
2025-09-15 10:50:11,792 - distributed.worker - INFO - -------------------------------------------------
2025-09-15 10:50:11,792 - distributed.worker - INFO -       Local Directory: /jobfs/149690456.gadi-pbs/dask-scratch-space/worker-_2crrlqz
2025-09-15 10:50:11,792 - distributed.worker - INFO - -------------------------------------------------
2025-09-15 10:50:11,792 - distributed.worker - INFO - -------------------------------------------------
2025-09-15 10:50:11,792 - distributed.worker - INFO - -------------------------------------------------
2025-09-15 10:50:11,792 - distributed.worker - INFO - -------------------------------------------------
2025-09-15 10:50:11,792 - distributed.worker - INFO - -------------------------------------------------
2025-09-15 10:50:11,792 - distributed.worker - INFO - -------------------------------------------------
2025-09-15 10:50:11,792 - distributed.worker - INFO - -------------------------------------------------
2025-09-15 10:50:11,796 - distributed.worker - INFO -       Start worker at:     tcp://10.6.83.55:40953
2025-09-15 10:50:11,796 - distributed.worker - INFO -          Listening to:     tcp://10.6.83.55:40953
2025-09-15 10:50:11,796 - distributed.worker - INFO -          dashboard at:           10.6.83.55:41565
2025-09-15 10:50:11,796 - distributed.worker - INFO - Waiting to connect to:      tcp://10.6.82.36:8734
2025-09-15 10:50:11,796 - distributed.worker - INFO - -------------------------------------------------
2025-09-15 10:50:11,796 - distributed.worker - INFO -               Threads:                          2
2025-09-15 10:50:11,796 - distributed.worker - INFO -                Memory:                   9.62 GiB
2025-09-15 10:50:11,796 - distributed.worker - INFO -       Local Directory: /jobfs/149690456.gadi-pbs/dask-scratch-space/worker-q4fpvcsr
2025-09-15 10:50:11,796 - distributed.worker - INFO - -------------------------------------------------
2025-09-15 10:50:11,797 - distributed.worker - INFO -       Start worker at:     tcp://10.6.83.55:45301
2025-09-15 10:50:11,797 - distributed.worker - INFO -          Listening to:     tcp://10.6.83.55:45301
2025-09-15 10:50:11,798 - distributed.worker - INFO -          dashboard at:           10.6.83.55:42757
2025-09-15 10:50:11,798 - distributed.worker - INFO - Waiting to connect to:      tcp://10.6.82.36:8734
2025-09-15 10:50:11,798 - distributed.worker - INFO - -------------------------------------------------
2025-09-15 10:50:11,798 - distributed.worker - INFO -               Threads:                          2
2025-09-15 10:50:11,798 - distributed.worker - INFO -                Memory:                   9.62 GiB
2025-09-15 10:50:11,798 - distributed.worker - INFO -       Local Directory: /jobfs/149690456.gadi-pbs/dask-scratch-space/worker-tig8v1d_
2025-09-15 10:50:11,798 - distributed.worker - INFO - -------------------------------------------------
2025-09-15 10:50:11,800 - distributed.worker - INFO -       Start worker at:     tcp://10.6.83.55:33129
2025-09-15 10:50:11,800 - distributed.worker - INFO -          Listening to:     tcp://10.6.83.55:33129
2025-09-15 10:50:11,800 - distributed.worker - INFO -          dashboard at:           10.6.83.55:45053
2025-09-15 10:50:11,800 - distributed.worker - INFO - Waiting to connect to:      tcp://10.6.82.36:8734
2025-09-15 10:50:11,800 - distributed.worker - INFO - -------------------------------------------------
2025-09-15 10:50:11,800 - distributed.worker - INFO -               Threads:                          2
2025-09-15 10:50:11,800 - distributed.worker - INFO -                Memory:                   9.62 GiB
2025-09-15 10:50:11,800 - distributed.worker - INFO -       Local Directory: /jobfs/149690456.gadi-pbs/dask-scratch-space/worker-zhn5qyyq
2025-09-15 10:50:11,800 - distributed.worker - INFO - -------------------------------------------------
2025-09-15 10:50:11,805 - distributed.worker - INFO -       Start worker at:     tcp://10.6.83.55:46411
2025-09-15 10:50:11,805 - distributed.worker - INFO -          Listening to:     tcp://10.6.83.55:46411
2025-09-15 10:50:11,805 - distributed.worker - INFO -          dashboard at:           10.6.83.55:33901
2025-09-15 10:50:11,805 - distributed.worker - INFO -       Start worker at:     tcp://10.6.83.55:35443
2025-09-15 10:50:11,805 - distributed.worker - INFO - Waiting to connect to:      tcp://10.6.82.36:8734
2025-09-15 10:50:11,805 - distributed.worker - INFO - -------------------------------------------------
2025-09-15 10:50:11,805 - distributed.worker - INFO -               Threads:                          2
2025-09-15 10:50:11,805 - distributed.worker - INFO -          Listening to:     tcp://10.6.83.55:35443
2025-09-15 10:50:11,806 - distributed.worker - INFO -                Memory:                   9.62 GiB
2025-09-15 10:50:11,806 - distributed.worker - INFO -       Local Directory: /jobfs/149690456.gadi-pbs/dask-scratch-space/worker-jlt_i_lu
2025-09-15 10:50:11,806 - distributed.worker - INFO -          dashboard at:           10.6.83.55:37079
2025-09-15 10:50:11,805 - distributed.worker - INFO -       Start worker at:     tcp://10.6.83.55:46271
2025-09-15 10:50:11,806 - distributed.worker - INFO - -------------------------------------------------
2025-09-15 10:50:11,806 - distributed.worker - INFO - Waiting to connect to:      tcp://10.6.82.36:8734
2025-09-15 10:50:11,806 - distributed.worker - INFO - -------------------------------------------------
2025-09-15 10:50:11,806 - distributed.worker - INFO -          Listening to:     tcp://10.6.83.55:46271
2025-09-15 10:50:11,806 - distributed.worker - INFO -               Threads:                          2
2025-09-15 10:50:11,806 - distributed.worker - INFO -                Memory:                   9.62 GiB
2025-09-15 10:50:11,806 - distributed.worker - INFO -          dashboard at:           10.6.83.55:40033
2025-09-15 10:50:11,806 - distributed.worker - INFO -       Local Directory: /jobfs/149690456.gadi-pbs/dask-scratch-space/worker-3gc3d3wx
2025-09-15 10:50:11,806 - distributed.worker - INFO - Waiting to connect to:      tcp://10.6.82.36:8734
2025-09-15 10:50:11,806 - distributed.worker - INFO - -------------------------------------------------
2025-09-15 10:50:11,806 - distributed.worker - INFO - -------------------------------------------------
2025-09-15 10:50:11,806 - distributed.worker - INFO -               Threads:                          2
2025-09-15 10:50:11,806 - distributed.worker - INFO -                Memory:                   9.62 GiB
2025-09-15 10:50:11,806 - distributed.worker - INFO -       Local Directory: /jobfs/149690456.gadi-pbs/dask-scratch-space/worker-1voopbyy
2025-09-15 10:50:11,806 - distributed.worker - INFO - -------------------------------------------------
2025-09-15 10:50:11,818 - distributed.worker - INFO -       Start worker at:     tcp://10.6.83.55:44957
2025-09-15 10:50:11,819 - distributed.worker - INFO -          Listening to:     tcp://10.6.83.55:44957
2025-09-15 10:50:11,819 - distributed.worker - INFO -          dashboard at:           10.6.83.55:36085
2025-09-15 10:50:11,819 - distributed.worker - INFO - Waiting to connect to:      tcp://10.6.82.36:8734
2025-09-15 10:50:11,819 - distributed.worker - INFO - -------------------------------------------------
2025-09-15 10:50:11,819 - distributed.worker - INFO -               Threads:                          2
2025-09-15 10:50:11,819 - distributed.worker - INFO -                Memory:                   9.62 GiB
2025-09-15 10:50:11,819 - distributed.worker - INFO -       Local Directory: /jobfs/149690456.gadi-pbs/dask-scratch-space/worker-v9smgnlb
2025-09-15 10:50:11,819 - distributed.worker - INFO - -------------------------------------------------
2025-09-15 10:50:11,820 - distributed.worker - INFO -       Start worker at:     tcp://10.6.83.55:38809
2025-09-15 10:50:11,820 - distributed.worker - INFO -          Listening to:     tcp://10.6.83.55:38809
2025-09-15 10:50:11,820 - distributed.worker - INFO -          dashboard at:           10.6.83.55:42783
2025-09-15 10:50:11,820 - distributed.worker - INFO - Waiting to connect to:      tcp://10.6.82.36:8734
2025-09-15 10:50:11,820 - distributed.worker - INFO - -------------------------------------------------
2025-09-15 10:50:11,820 - distributed.worker - INFO -               Threads:                          2
2025-09-15 10:50:11,820 - distributed.worker - INFO -                Memory:                   9.62 GiB
2025-09-15 10:50:11,820 - distributed.worker - INFO -       Local Directory: /jobfs/149690456.gadi-pbs/dask-scratch-space/worker-vjqv8mad
2025-09-15 10:50:11,820 - distributed.worker - INFO - -------------------------------------------------
2025-09-15 10:50:11,823 - distributed.worker - INFO -       Start worker at:     tcp://10.6.83.55:40211
2025-09-15 10:50:11,823 - distributed.worker - INFO -          Listening to:     tcp://10.6.83.55:40211
2025-09-15 10:50:11,823 - distributed.worker - INFO -          dashboard at:           10.6.83.55:43885
2025-09-15 10:50:11,823 - distributed.worker - INFO - Waiting to connect to:      tcp://10.6.82.36:8734
2025-09-15 10:50:11,823 - distributed.worker - INFO - -------------------------------------------------
2025-09-15 10:50:11,823 - distributed.worker - INFO -               Threads:                          2
2025-09-15 10:50:11,823 - distributed.worker - INFO -                Memory:                   9.62 GiB
2025-09-15 10:50:11,823 - distributed.worker - INFO -       Local Directory: /jobfs/149690456.gadi-pbs/dask-scratch-space/worker-mzmd_11_
2025-09-15 10:50:11,824 - distributed.worker - INFO - -------------------------------------------------
2025-09-15 10:50:11,848 - distributed.worker - INFO -       Start worker at:     tcp://10.6.83.55:35515
2025-09-15 10:50:11,848 - distributed.worker - INFO -          Listening to:     tcp://10.6.83.55:35515
2025-09-15 10:50:11,848 - distributed.worker - INFO -          dashboard at:           10.6.83.55:46421
2025-09-15 10:50:11,848 - distributed.worker - INFO - Waiting to connect to:      tcp://10.6.82.36:8734
2025-09-15 10:50:11,848 - distributed.worker - INFO - -------------------------------------------------
2025-09-15 10:50:11,848 - distributed.worker - INFO -               Threads:                          2
2025-09-15 10:50:11,848 - distributed.worker - INFO -                Memory:                   9.62 GiB
2025-09-15 10:50:11,848 - distributed.worker - INFO -       Local Directory: /jobfs/149690456.gadi-pbs/dask-scratch-space/worker-gbk3jrwy
2025-09-15 10:50:11,848 - distributed.worker - INFO - -------------------------------------------------
2025-09-15 10:50:11,848 - distributed.worker - INFO -       Start worker at:     tcp://10.6.83.55:39137
2025-09-15 10:50:11,849 - distributed.worker - INFO -          Listening to:     tcp://10.6.83.55:39137
2025-09-15 10:50:11,849 - distributed.worker - INFO -          dashboard at:           10.6.83.55:44593
2025-09-15 10:50:11,849 - distributed.worker - INFO - Waiting to connect to:      tcp://10.6.82.36:8734
2025-09-15 10:50:11,849 - distributed.worker - INFO - -------------------------------------------------
2025-09-15 10:50:11,849 - distributed.worker - INFO -               Threads:                          2
2025-09-15 10:50:11,849 - distributed.worker - INFO -                Memory:                   9.62 GiB
2025-09-15 10:50:11,849 - distributed.worker - INFO -       Local Directory: /jobfs/149690456.gadi-pbs/dask-scratch-space/worker-6iueqzi4
2025-09-15 10:50:11,849 - distributed.worker - INFO - -------------------------------------------------
2025-09-15 10:50:11,861 - distributed.worker - INFO -       Start worker at:     tcp://10.6.83.55:38201
2025-09-15 10:50:11,861 - distributed.worker - INFO -          Listening to:     tcp://10.6.83.55:38201
2025-09-15 10:50:11,861 - distributed.worker - INFO -          dashboard at:           10.6.83.55:42533
2025-09-15 10:50:11,861 - distributed.worker - INFO - Waiting to connect to:      tcp://10.6.82.36:8734
2025-09-15 10:50:11,861 - distributed.worker - INFO - -------------------------------------------------
2025-09-15 10:50:11,861 - distributed.worker - INFO -               Threads:                          2
2025-09-15 10:50:11,861 - distributed.worker - INFO -                Memory:                   9.62 GiB
2025-09-15 10:50:11,861 - distributed.worker - INFO -       Local Directory: /jobfs/149690456.gadi-pbs/dask-scratch-space/worker-hgq2zbf1
2025-09-15 10:50:11,861 - distributed.worker - INFO - -------------------------------------------------
2025-09-15 10:50:11,890 - distributed.worker - INFO - Starting Worker plugin shuffle
2025-09-15 10:50:11,891 - distributed.worker - INFO -         Registered to:      tcp://10.6.82.36:8734
2025-09-15 10:50:11,891 - distributed.worker - INFO - -------------------------------------------------
2025-09-15 10:50:11,892 - distributed.core - INFO - Starting established connection to tcp://10.6.82.36:8734
2025-09-15 10:50:11,939 - distributed.worker - INFO - Starting Worker plugin shuffle
2025-09-15 10:50:11,940 - distributed.worker - INFO -         Registered to:      tcp://10.6.82.36:8734
2025-09-15 10:50:11,941 - distributed.worker - INFO - -------------------------------------------------
2025-09-15 10:50:11,942 - distributed.core - INFO - Starting established connection to tcp://10.6.82.36:8734
2025-09-15 10:50:11,949 - distributed.worker - INFO - Starting Worker plugin shuffle
2025-09-15 10:50:11,951 - distributed.worker - INFO -         Registered to:      tcp://10.6.82.36:8734
2025-09-15 10:50:11,951 - distributed.worker - INFO - -------------------------------------------------
2025-09-15 10:50:11,953 - distributed.core - INFO - Starting established connection to tcp://10.6.82.36:8734
2025-09-15 10:50:12,031 - distributed.worker - INFO - Starting Worker plugin shuffle
2025-09-15 10:50:12,032 - distributed.worker - INFO -         Registered to:      tcp://10.6.82.36:8734
2025-09-15 10:50:12,033 - distributed.worker - INFO - -------------------------------------------------
2025-09-15 10:50:12,034 - distributed.core - INFO - Starting established connection to tcp://10.6.82.36:8734
2025-09-15 10:50:12,499 - distributed.worker - INFO - Starting Worker plugin shuffle
2025-09-15 10:50:12,500 - distributed.worker - INFO -         Registered to:      tcp://10.6.82.36:8734
2025-09-15 10:50:12,500 - distributed.worker - INFO - -------------------------------------------------
2025-09-15 10:50:12,502 - distributed.core - INFO - Starting established connection to tcp://10.6.82.36:8734
2025-09-15 10:50:12,878 - distributed.worker - INFO - Starting Worker plugin shuffle
2025-09-15 10:50:12,879 - distributed.worker - INFO -         Registered to:      tcp://10.6.82.36:8734
2025-09-15 10:50:12,880 - distributed.worker - INFO - -------------------------------------------------
2025-09-15 10:50:12,882 - distributed.core - INFO - Starting established connection to tcp://10.6.82.36:8734
2025-09-15 10:50:12,889 - distributed.worker - INFO - Starting Worker plugin shuffle
2025-09-15 10:50:12,890 - distributed.worker - INFO -         Registered to:      tcp://10.6.82.36:8734
2025-09-15 10:50:12,890 - distributed.worker - INFO - -------------------------------------------------
2025-09-15 10:50:12,892 - distributed.core - INFO - Starting established connection to tcp://10.6.82.36:8734
2025-09-15 10:50:12,897 - distributed.worker - INFO - Starting Worker plugin shuffle
2025-09-15 10:50:12,898 - distributed.worker - INFO -         Registered to:      tcp://10.6.82.36:8734
2025-09-15 10:50:12,899 - distributed.worker - INFO - -------------------------------------------------
2025-09-15 10:50:12,901 - distributed.core - INFO - Starting established connection to tcp://10.6.82.36:8734
2025-09-15 10:50:12,903 - distributed.worker - INFO - Starting Worker plugin shuffle
2025-09-15 10:50:12,905 - distributed.worker - INFO -         Registered to:      tcp://10.6.82.36:8734
2025-09-15 10:50:12,905 - distributed.worker - INFO - -------------------------------------------------
2025-09-15 10:50:12,907 - distributed.core - INFO - Starting established connection to tcp://10.6.82.36:8734
2025-09-15 10:50:12,909 - distributed.worker - INFO - Starting Worker plugin shuffle
2025-09-15 10:50:12,910 - distributed.worker - INFO -         Registered to:      tcp://10.6.82.36:8734
2025-09-15 10:50:12,910 - distributed.worker - INFO - -------------------------------------------------
2025-09-15 10:50:12,912 - distributed.core - INFO - Starting established connection to tcp://10.6.82.36:8734
2025-09-15 10:50:12,914 - distributed.worker - INFO - Starting Worker plugin shuffle
2025-09-15 10:50:12,915 - distributed.worker - INFO -         Registered to:      tcp://10.6.82.36:8734
2025-09-15 10:50:12,916 - distributed.worker - INFO - -------------------------------------------------
2025-09-15 10:50:12,917 - distributed.core - INFO - Starting established connection to tcp://10.6.82.36:8734
2025-09-15 10:50:12,919 - distributed.worker - INFO - Starting Worker plugin shuffle
2025-09-15 10:50:12,920 - distributed.worker - INFO -         Registered to:      tcp://10.6.82.36:8734
2025-09-15 10:50:12,920 - distributed.worker - INFO - -------------------------------------------------
2025-09-15 10:50:12,922 - distributed.core - INFO - Starting established connection to tcp://10.6.82.36:8734
2025-09-15 10:50:12,923 - distributed.worker - INFO - Starting Worker plugin shuffle
2025-09-15 10:50:12,924 - distributed.worker - INFO -         Registered to:      tcp://10.6.82.36:8734
2025-09-15 10:50:12,924 - distributed.worker - INFO - -------------------------------------------------
2025-09-15 10:50:12,926 - distributed.core - INFO - Starting established connection to tcp://10.6.82.36:8734
2025-09-15 10:50:12,927 - distributed.worker - INFO - Starting Worker plugin shuffle
2025-09-15 10:50:12,928 - distributed.worker - INFO -         Registered to:      tcp://10.6.82.36:8734
2025-09-15 10:50:12,928 - distributed.worker - INFO - -------------------------------------------------
2025-09-15 10:50:12,930 - distributed.core - INFO - Starting established connection to tcp://10.6.82.36:8734
2025-09-15 10:50:12,931 - distributed.worker - INFO - Starting Worker plugin shuffle
2025-09-15 10:50:12,932 - distributed.worker - INFO -         Registered to:      tcp://10.6.82.36:8734
2025-09-15 10:50:12,932 - distributed.worker - INFO - -------------------------------------------------
2025-09-15 10:50:12,934 - distributed.core - INFO - Starting established connection to tcp://10.6.82.36:8734
2025-09-15 10:50:12,935 - distributed.worker - INFO - Starting Worker plugin shuffle
2025-09-15 10:50:12,936 - distributed.worker - INFO -         Registered to:      tcp://10.6.82.36:8734
2025-09-15 10:50:12,936 - distributed.worker - INFO - -------------------------------------------------
2025-09-15 10:50:12,938 - distributed.core - INFO - Starting established connection to tcp://10.6.82.36:8734
2025-09-15 10:50:12,939 - distributed.worker - INFO - Starting Worker plugin shuffle
2025-09-15 10:50:12,940 - distributed.worker - INFO -         Registered to:      tcp://10.6.82.36:8734
2025-09-15 10:50:12,940 - distributed.worker - INFO - -------------------------------------------------
2025-09-15 10:50:12,942 - distributed.core - INFO - Starting established connection to tcp://10.6.82.36:8734
2025-09-15 10:50:12,943 - distributed.worker - INFO - Starting Worker plugin shuffle
2025-09-15 10:50:12,944 - distributed.worker - INFO -         Registered to:      tcp://10.6.82.36:8734
2025-09-15 10:50:12,944 - distributed.worker - INFO - -------------------------------------------------
2025-09-15 10:50:12,946 - distributed.core - INFO - Starting established connection to tcp://10.6.82.36:8734
2025-09-15 10:50:12,946 - distributed.worker - INFO - Starting Worker plugin shuffle
2025-09-15 10:50:12,947 - distributed.worker - INFO -         Registered to:      tcp://10.6.82.36:8734
2025-09-15 10:50:12,948 - distributed.worker - INFO - -------------------------------------------------
2025-09-15 10:50:12,949 - distributed.core - INFO - Starting established connection to tcp://10.6.82.36:8734
2025-09-15 10:50:12,950 - distributed.worker - INFO - Starting Worker plugin shuffle
2025-09-15 10:50:12,951 - distributed.worker - INFO -         Registered to:      tcp://10.6.82.36:8734
2025-09-15 10:50:12,952 - distributed.worker - INFO - -------------------------------------------------
2025-09-15 10:50:12,953 - distributed.core - INFO - Starting established connection to tcp://10.6.82.36:8734
2025-09-15 10:50:12,953 - distributed.worker - INFO - Starting Worker plugin shuffle
2025-09-15 10:50:12,955 - distributed.worker - INFO -         Registered to:      tcp://10.6.82.36:8734
2025-09-15 10:50:12,955 - distributed.worker - INFO - -------------------------------------------------
2025-09-15 10:50:12,956 - distributed.core - INFO - Starting established connection to tcp://10.6.82.36:8734
2025-09-15 10:50:12,957 - distributed.worker - INFO - Starting Worker plugin shuffle
2025-09-15 10:50:12,959 - distributed.worker - INFO -         Registered to:      tcp://10.6.82.36:8734
2025-09-15 10:50:12,959 - distributed.worker - INFO - -------------------------------------------------
2025-09-15 10:50:12,960 - distributed.core - INFO - Starting established connection to tcp://10.6.82.36:8734
2025-09-15 10:50:12,961 - distributed.worker - INFO - Starting Worker plugin shuffle
2025-09-15 10:50:12,962 - distributed.worker - INFO -         Registered to:      tcp://10.6.82.36:8734
2025-09-15 10:50:12,962 - distributed.worker - INFO - -------------------------------------------------
2025-09-15 10:50:12,964 - distributed.core - INFO - Starting established connection to tcp://10.6.82.36:8734
2025-09-15 10:50:12,965 - distributed.worker - INFO - Starting Worker plugin shuffle
2025-09-15 10:50:12,966 - distributed.worker - INFO -         Registered to:      tcp://10.6.82.36:8734
2025-09-15 10:50:12,966 - distributed.worker - INFO - -------------------------------------------------
2025-09-15 10:50:12,968 - distributed.core - INFO - Starting established connection to tcp://10.6.82.36:8734
2025-09-15 10:50:12,974 - distributed.worker - INFO - Starting Worker plugin shuffle
2025-09-15 10:50:12,978 - distributed.worker - INFO -         Registered to:      tcp://10.6.82.36:8734
2025-09-15 10:50:12,978 - distributed.worker - INFO - -------------------------------------------------
2025-09-15 10:50:12,984 - distributed.core - INFO - Starting established connection to tcp://10.6.82.36:8734
2025-09-15 10:50:13,124 - distributed.worker - INFO -       Start worker at:     tcp://10.6.83.55:44019
2025-09-15 10:50:13,124 - distributed.worker - INFO -          Listening to:     tcp://10.6.83.55:44019
2025-09-15 10:50:13,124 - distributed.worker - INFO -          dashboard at:           10.6.83.55:34223
2025-09-15 10:50:13,124 - distributed.worker - INFO - Waiting to connect to:      tcp://10.6.82.36:8734
2025-09-15 10:50:13,124 - distributed.worker - INFO - -------------------------------------------------
2025-09-15 10:50:13,124 - distributed.worker - INFO -               Threads:                          2
2025-09-15 10:50:13,124 - distributed.worker - INFO -                Memory:                   9.62 GiB
2025-09-15 10:50:13,124 - distributed.worker - INFO -       Local Directory: /jobfs/149690456.gadi-pbs/dask-scratch-space/worker-em74nnjy
2025-09-15 10:50:13,124 - distributed.worker - INFO - -------------------------------------------------
2025-09-15 10:50:13,125 - distributed.worker - INFO -       Start worker at:     tcp://10.6.83.55:42321
2025-09-15 10:50:13,126 - distributed.worker - INFO -          Listening to:     tcp://10.6.83.55:42321
2025-09-15 10:50:13,126 - distributed.worker - INFO -          dashboard at:           10.6.83.55:34315
2025-09-15 10:50:13,126 - distributed.worker - INFO - Waiting to connect to:      tcp://10.6.82.36:8734
2025-09-15 10:50:13,126 - distributed.worker - INFO - -------------------------------------------------
2025-09-15 10:50:13,126 - distributed.worker - INFO -               Threads:                          2
2025-09-15 10:50:13,126 - distributed.worker - INFO -                Memory:                   9.62 GiB
2025-09-15 10:50:13,126 - distributed.worker - INFO -       Local Directory: /jobfs/149690456.gadi-pbs/dask-scratch-space/worker-fvsrnuf5
2025-09-15 10:50:13,126 - distributed.worker - INFO - -------------------------------------------------
2025-09-15 10:50:13,128 - distributed.worker - INFO -       Start worker at:     tcp://10.6.83.55:44341
2025-09-15 10:50:13,128 - distributed.worker - INFO -          Listening to:     tcp://10.6.83.55:44341
2025-09-15 10:50:13,128 - distributed.worker - INFO -          dashboard at:           10.6.83.55:37863
2025-09-15 10:50:13,128 - distributed.worker - INFO - Waiting to connect to:      tcp://10.6.82.36:8734
2025-09-15 10:50:13,128 - distributed.worker - INFO - -------------------------------------------------
2025-09-15 10:50:13,128 - distributed.worker - INFO -               Threads:                          2
2025-09-15 10:50:13,128 - distributed.worker - INFO -                Memory:                   9.62 GiB
2025-09-15 10:50:13,128 - distributed.worker - INFO -       Local Directory: /jobfs/149690456.gadi-pbs/dask-scratch-space/worker-k6icywwi
2025-09-15 10:50:13,128 - distributed.worker - INFO - -------------------------------------------------
2025-09-15 10:50:13,129 - distributed.worker - INFO -       Start worker at:     tcp://10.6.83.55:37765
2025-09-15 10:50:13,129 - distributed.worker - INFO -          Listening to:     tcp://10.6.83.55:37765
2025-09-15 10:50:13,129 - distributed.worker - INFO -          dashboard at:           10.6.83.55:40419
2025-09-15 10:50:13,129 - distributed.worker - INFO - Waiting to connect to:      tcp://10.6.82.36:8734
2025-09-15 10:50:13,129 - distributed.worker - INFO - -------------------------------------------------
2025-09-15 10:50:13,129 - distributed.worker - INFO -               Threads:                          2
2025-09-15 10:50:13,129 - distributed.worker - INFO -                Memory:                   9.62 GiB
2025-09-15 10:50:13,129 - distributed.worker - INFO -       Local Directory: /jobfs/149690456.gadi-pbs/dask-scratch-space/worker-3dwr8uns
2025-09-15 10:50:13,129 - distributed.worker - INFO - -------------------------------------------------
2025-09-15 10:50:13,144 - distributed.worker - INFO -       Start worker at:     tcp://10.6.83.55:40571
2025-09-15 10:50:13,144 - distributed.worker - INFO -          Listening to:     tcp://10.6.83.55:40571
2025-09-15 10:50:13,144 - distributed.worker - INFO -          dashboard at:           10.6.83.55:35189
2025-09-15 10:50:13,144 - distributed.worker - INFO - Waiting to connect to:      tcp://10.6.82.36:8734
2025-09-15 10:50:13,144 - distributed.worker - INFO - -------------------------------------------------
2025-09-15 10:50:13,144 - distributed.worker - INFO -               Threads:                          2
2025-09-15 10:50:13,144 - distributed.worker - INFO -                Memory:                   9.62 GiB
2025-09-15 10:50:13,144 - distributed.worker - INFO -       Local Directory: /jobfs/149690456.gadi-pbs/dask-scratch-space/worker-y8yz22tb
2025-09-15 10:50:13,144 - distributed.worker - INFO - -------------------------------------------------
2025-09-15 10:50:13,175 - distributed.worker - INFO -       Start worker at:     tcp://10.6.83.55:36385
2025-09-15 10:50:13,175 - distributed.worker - INFO -          Listening to:     tcp://10.6.83.55:36385
2025-09-15 10:50:13,175 - distributed.worker - INFO -          dashboard at:           10.6.83.55:42287
2025-09-15 10:50:13,175 - distributed.worker - INFO - Waiting to connect to:      tcp://10.6.82.36:8734
2025-09-15 10:50:13,175 - distributed.worker - INFO - -------------------------------------------------
2025-09-15 10:50:13,175 - distributed.worker - INFO -               Threads:                          2
2025-09-15 10:50:13,175 - distributed.worker - INFO -                Memory:                   9.62 GiB
2025-09-15 10:50:13,175 - distributed.worker - INFO -       Local Directory: /jobfs/149690456.gadi-pbs/dask-scratch-space/worker-bhl3dmx9
2025-09-15 10:50:13,175 - distributed.worker - INFO - -------------------------------------------------
2025-09-15 10:50:13,284 - distributed.worker - INFO -       Start worker at:     tcp://10.6.83.55:33723
2025-09-15 10:50:13,284 - distributed.worker - INFO -          Listening to:     tcp://10.6.83.55:33723
2025-09-15 10:50:13,284 - distributed.worker - INFO -          dashboard at:           10.6.83.55:43537
2025-09-15 10:50:13,284 - distributed.worker - INFO - Waiting to connect to:      tcp://10.6.82.36:8734
2025-09-15 10:50:13,284 - distributed.worker - INFO - -------------------------------------------------
2025-09-15 10:50:13,284 - distributed.worker - INFO -               Threads:                          2
2025-09-15 10:50:13,284 - distributed.worker - INFO -                Memory:                   9.62 GiB
2025-09-15 10:50:13,284 - distributed.worker - INFO -       Local Directory: /jobfs/149690456.gadi-pbs/dask-scratch-space/worker-zaqb6_am
2025-09-15 10:50:13,284 - distributed.worker - INFO - -------------------------------------------------
2025-09-15 10:50:17,640 - distributed.worker - INFO - Starting Worker plugin shuffle
2025-09-15 10:50:17,641 - distributed.worker - INFO -         Registered to:      tcp://10.6.82.36:8734
2025-09-15 10:50:17,641 - distributed.worker - INFO - -------------------------------------------------
2025-09-15 10:50:17,643 - distributed.core - INFO - Starting established connection to tcp://10.6.82.36:8734
2025-09-15 10:50:17,650 - distributed.worker - INFO - Starting Worker plugin shuffle
2025-09-15 10:50:17,651 - distributed.worker - INFO -         Registered to:      tcp://10.6.82.36:8734
2025-09-15 10:50:17,651 - distributed.worker - INFO - -------------------------------------------------
2025-09-15 10:50:17,653 - distributed.core - INFO - Starting established connection to tcp://10.6.82.36:8734
2025-09-15 10:50:17,657 - distributed.worker - INFO - Starting Worker plugin shuffle
2025-09-15 10:50:17,658 - distributed.worker - INFO -         Registered to:      tcp://10.6.82.36:8734
2025-09-15 10:50:17,659 - distributed.worker - INFO - -------------------------------------------------
2025-09-15 10:50:17,661 - distributed.core - INFO - Starting established connection to tcp://10.6.82.36:8734
2025-09-15 10:50:17,663 - distributed.worker - INFO - Starting Worker plugin shuffle
2025-09-15 10:50:17,664 - distributed.worker - INFO -         Registered to:      tcp://10.6.82.36:8734
2025-09-15 10:50:17,665 - distributed.worker - INFO - -------------------------------------------------
2025-09-15 10:50:17,666 - distributed.core - INFO - Starting established connection to tcp://10.6.82.36:8734
2025-09-15 10:50:17,669 - distributed.worker - INFO - Starting Worker plugin shuffle
2025-09-15 10:50:17,670 - distributed.worker - INFO -         Registered to:      tcp://10.6.82.36:8734
2025-09-15 10:50:17,670 - distributed.worker - INFO - -------------------------------------------------
2025-09-15 10:50:17,671 - distributed.core - INFO - Starting established connection to tcp://10.6.82.36:8734
2025-09-15 10:50:17,674 - distributed.worker - INFO - Starting Worker plugin shuffle
2025-09-15 10:50:17,675 - distributed.worker - INFO -         Registered to:      tcp://10.6.82.36:8734
2025-09-15 10:50:17,675 - distributed.worker - INFO - -------------------------------------------------
2025-09-15 10:50:17,677 - distributed.core - INFO - Starting established connection to tcp://10.6.82.36:8734
2025-09-15 10:50:17,678 - distributed.worker - INFO - Starting Worker plugin shuffle
2025-09-15 10:50:17,679 - distributed.worker - INFO -         Registered to:      tcp://10.6.82.36:8734
2025-09-15 10:50:17,679 - distributed.worker - INFO - -------------------------------------------------
2025-09-15 10:50:17,681 - distributed.core - INFO - Starting established connection to tcp://10.6.82.36:8734
2025-09-15 10:50:17,884 - distributed.worker - INFO -       Start worker at:     tcp://10.6.83.55:36459
2025-09-15 10:50:17,884 - distributed.worker - INFO -          Listening to:     tcp://10.6.83.55:36459
2025-09-15 10:50:17,884 - distributed.worker - INFO -          dashboard at:           10.6.83.55:42881
2025-09-15 10:50:17,884 - distributed.worker - INFO - Waiting to connect to:      tcp://10.6.82.36:8734
2025-09-15 10:50:17,884 - distributed.worker - INFO - -------------------------------------------------
2025-09-15 10:50:17,884 - distributed.worker - INFO -               Threads:                          2
2025-09-15 10:50:17,884 - distributed.worker - INFO -                Memory:                   9.62 GiB
2025-09-15 10:50:17,884 - distributed.worker - INFO -       Local Directory: /jobfs/149690456.gadi-pbs/dask-scratch-space/worker-u8xeqpgd
2025-09-15 10:50:17,884 - distributed.worker - INFO - -------------------------------------------------
2025-09-15 10:50:17,890 - distributed.worker - INFO -       Start worker at:     tcp://10.6.83.55:40459
2025-09-15 10:50:17,890 - distributed.worker - INFO -          Listening to:     tcp://10.6.83.55:40459
2025-09-15 10:50:17,890 - distributed.worker - INFO -          dashboard at:           10.6.83.55:36195
2025-09-15 10:50:17,890 - distributed.worker - INFO - Waiting to connect to:      tcp://10.6.82.36:8734
2025-09-15 10:50:17,890 - distributed.worker - INFO - -------------------------------------------------
2025-09-15 10:50:17,890 - distributed.worker - INFO -       Start worker at:     tcp://10.6.83.55:33819
2025-09-15 10:50:17,890 - distributed.worker - INFO -               Threads:                          2
2025-09-15 10:50:17,891 - distributed.worker - INFO -          Listening to:     tcp://10.6.83.55:33819
2025-09-15 10:50:17,892 - distributed.worker - INFO -                Memory:                   9.62 GiB
2025-09-15 10:50:17,892 - distributed.worker - INFO -       Local Directory: /jobfs/149690456.gadi-pbs/dask-scratch-space/worker-zfbqbev7
2025-09-15 10:50:17,892 - distributed.worker - INFO -          dashboard at:           10.6.83.55:40799
2025-09-15 10:50:17,892 - distributed.worker - INFO - Waiting to connect to:      tcp://10.6.82.36:8734
2025-09-15 10:50:17,892 - distributed.worker - INFO - -------------------------------------------------
2025-09-15 10:50:17,892 - distributed.worker - INFO - -------------------------------------------------
2025-09-15 10:50:17,892 - distributed.worker - INFO -               Threads:                          2
2025-09-15 10:50:17,892 - distributed.worker - INFO -                Memory:                   9.62 GiB
2025-09-15 10:50:17,892 - distributed.worker - INFO -       Local Directory: /jobfs/149690456.gadi-pbs/dask-scratch-space/worker-bc6ppe9r
2025-09-15 10:50:17,892 - distributed.worker - INFO - -------------------------------------------------
2025-09-15 10:50:17,914 - distributed.worker - INFO -       Start worker at:     tcp://10.6.83.55:33531
2025-09-15 10:50:17,914 - distributed.worker - INFO -          Listening to:     tcp://10.6.83.55:33531
2025-09-15 10:50:17,915 - distributed.worker - INFO -          dashboard at:           10.6.83.55:45943
2025-09-15 10:50:17,915 - distributed.worker - INFO - Waiting to connect to:      tcp://10.6.82.36:8734
2025-09-15 10:50:17,915 - distributed.worker - INFO - -------------------------------------------------
2025-09-15 10:50:17,915 - distributed.worker - INFO -               Threads:                          2
2025-09-15 10:50:17,915 - distributed.worker - INFO -                Memory:                   9.62 GiB
2025-09-15 10:50:17,915 - distributed.worker - INFO -       Local Directory: /jobfs/149690456.gadi-pbs/dask-scratch-space/worker-a7m1k6tw
2025-09-15 10:50:17,915 - distributed.worker - INFO - -------------------------------------------------
2025-09-15 10:50:18,002 - distributed.worker - INFO -       Start worker at:     tcp://10.6.83.55:40227
2025-09-15 10:50:18,002 - distributed.worker - INFO -          Listening to:     tcp://10.6.83.55:40227
2025-09-15 10:50:18,002 - distributed.worker - INFO -          dashboard at:           10.6.83.55:34885
2025-09-15 10:50:18,002 - distributed.worker - INFO - Waiting to connect to:      tcp://10.6.82.36:8734
2025-09-15 10:50:18,002 - distributed.worker - INFO - -------------------------------------------------
2025-09-15 10:50:18,002 - distributed.worker - INFO -               Threads:                          2
2025-09-15 10:50:18,002 - distributed.worker - INFO -                Memory:                   9.62 GiB
2025-09-15 10:50:18,002 - distributed.worker - INFO -       Local Directory: /jobfs/149690456.gadi-pbs/dask-scratch-space/worker-egq6vjxr
2025-09-15 10:50:18,002 - distributed.worker - INFO - -------------------------------------------------
2025-09-15 10:50:18,017 - distributed.worker - INFO -       Start worker at:     tcp://10.6.83.55:39613
2025-09-15 10:50:18,017 - distributed.worker - INFO -          Listening to:     tcp://10.6.83.55:39613
2025-09-15 10:50:18,017 - distributed.worker - INFO -          dashboard at:           10.6.83.55:36535
2025-09-15 10:50:18,017 - distributed.worker - INFO - Waiting to connect to:      tcp://10.6.82.36:8734
2025-09-15 10:50:18,017 - distributed.worker - INFO - -------------------------------------------------
2025-09-15 10:50:18,017 - distributed.worker - INFO -               Threads:                          2
2025-09-15 10:50:18,017 - distributed.worker - INFO -                Memory:                   9.62 GiB
2025-09-15 10:50:18,017 - distributed.worker - INFO -       Local Directory: /jobfs/149690456.gadi-pbs/dask-scratch-space/worker-_0h6u6ua
2025-09-15 10:50:18,017 - distributed.worker - INFO - -------------------------------------------------
2025-09-15 10:50:18,053 - distributed.worker - INFO -       Start worker at:     tcp://10.6.83.55:33027
2025-09-15 10:50:18,053 - distributed.worker - INFO -          Listening to:     tcp://10.6.83.55:33027
2025-09-15 10:50:18,053 - distributed.worker - INFO -          dashboard at:           10.6.83.55:35425
2025-09-15 10:50:18,053 - distributed.worker - INFO - Waiting to connect to:      tcp://10.6.82.36:8734
2025-09-15 10:50:18,053 - distributed.worker - INFO - -------------------------------------------------
2025-09-15 10:50:18,053 - distributed.worker - INFO -               Threads:                          2
2025-09-15 10:50:18,053 - distributed.worker - INFO -                Memory:                   9.62 GiB
2025-09-15 10:50:18,053 - distributed.worker - INFO -       Local Directory: /jobfs/149690456.gadi-pbs/dask-scratch-space/worker-2lm115fn
2025-09-15 10:50:18,053 - distributed.worker - INFO - -------------------------------------------------
2025-09-15 10:50:18,147 - distributed.worker - INFO -       Start worker at:     tcp://10.6.83.55:41399
2025-09-15 10:50:18,147 - distributed.worker - INFO -          Listening to:     tcp://10.6.83.55:41399
2025-09-15 10:50:18,147 - distributed.worker - INFO -          dashboard at:           10.6.83.55:37787
2025-09-15 10:50:18,148 - distributed.worker - INFO - Waiting to connect to:      tcp://10.6.82.36:8734
2025-09-15 10:50:18,148 - distributed.worker - INFO - -------------------------------------------------
2025-09-15 10:50:18,148 - distributed.worker - INFO -               Threads:                          2
2025-09-15 10:50:18,148 - distributed.worker - INFO -                Memory:                   9.62 GiB
2025-09-15 10:50:18,148 - distributed.worker - INFO -       Local Directory: /jobfs/149690456.gadi-pbs/dask-scratch-space/worker-jfwkd192
2025-09-15 10:50:18,148 - distributed.worker - INFO - -------------------------------------------------
2025-09-15 10:50:18,354 - distributed.worker - INFO -       Start worker at:     tcp://10.6.83.55:42631
2025-09-15 10:50:18,354 - distributed.worker - INFO -          Listening to:     tcp://10.6.83.55:42631
2025-09-15 10:50:18,354 - distributed.worker - INFO -          dashboard at:           10.6.83.55:35869
2025-09-15 10:50:18,354 - distributed.worker - INFO - Waiting to connect to:      tcp://10.6.82.36:8734
2025-09-15 10:50:18,354 - distributed.worker - INFO - -------------------------------------------------
2025-09-15 10:50:18,354 - distributed.worker - INFO -               Threads:                          2
2025-09-15 10:50:18,354 - distributed.worker - INFO -                Memory:                   9.62 GiB
2025-09-15 10:50:18,354 - distributed.worker - INFO -       Local Directory: /jobfs/149690456.gadi-pbs/dask-scratch-space/worker-0wdet1as
2025-09-15 10:50:18,354 - distributed.worker - INFO - -------------------------------------------------
2025-09-15 10:50:18,558 - distributed.worker - INFO - Starting Worker plugin shuffle
2025-09-15 10:50:18,559 - distributed.worker - INFO -         Registered to:      tcp://10.6.82.36:8734
2025-09-15 10:50:18,559 - distributed.worker - INFO - -------------------------------------------------
2025-09-15 10:50:18,561 - distributed.core - INFO - Starting established connection to tcp://10.6.82.36:8734
2025-09-15 10:50:18,568 - distributed.worker - INFO - Starting Worker plugin shuffle
2025-09-15 10:50:18,569 - distributed.worker - INFO -         Registered to:      tcp://10.6.82.36:8734
2025-09-15 10:50:18,569 - distributed.worker - INFO - -------------------------------------------------
2025-09-15 10:50:18,571 - distributed.core - INFO - Starting established connection to tcp://10.6.82.36:8734
2025-09-15 10:50:18,576 - distributed.worker - INFO - Starting Worker plugin shuffle
2025-09-15 10:50:18,577 - distributed.worker - INFO -         Registered to:      tcp://10.6.82.36:8734
2025-09-15 10:50:18,577 - distributed.worker - INFO - -------------------------------------------------
2025-09-15 10:50:18,581 - distributed.core - INFO - Starting established connection to tcp://10.6.82.36:8734
2025-09-15 10:50:18,587 - distributed.worker - INFO - Starting Worker plugin shuffle
2025-09-15 10:50:18,588 - distributed.worker - INFO -         Registered to:      tcp://10.6.82.36:8734
2025-09-15 10:50:18,588 - distributed.worker - INFO - -------------------------------------------------
2025-09-15 10:50:18,590 - distributed.core - INFO - Starting established connection to tcp://10.6.82.36:8734
2025-09-15 10:50:18,592 - distributed.worker - INFO - Starting Worker plugin shuffle
2025-09-15 10:50:18,593 - distributed.worker - INFO -         Registered to:      tcp://10.6.82.36:8734
2025-09-15 10:50:18,594 - distributed.worker - INFO - -------------------------------------------------
2025-09-15 10:50:18,597 - distributed.worker - INFO - Starting Worker plugin shuffle
2025-09-15 10:50:18,597 - distributed.core - INFO - Starting established connection to tcp://10.6.82.36:8734
2025-09-15 10:50:18,598 - distributed.worker - INFO -         Registered to:      tcp://10.6.82.36:8734
2025-09-15 10:50:18,598 - distributed.worker - INFO - -------------------------------------------------
2025-09-15 10:50:18,601 - distributed.core - INFO - Starting established connection to tcp://10.6.82.36:8734
2025-09-15 10:50:18,602 - distributed.worker - INFO - Starting Worker plugin shuffle
2025-09-15 10:50:18,604 - distributed.worker - INFO -         Registered to:      tcp://10.6.82.36:8734
2025-09-15 10:50:18,604 - distributed.worker - INFO - -------------------------------------------------
2025-09-15 10:50:18,606 - distributed.worker - INFO - Starting Worker plugin shuffle
2025-09-15 10:50:18,608 - distributed.core - INFO - Starting established connection to tcp://10.6.82.36:8734
2025-09-15 10:50:18,609 - distributed.worker - INFO -         Registered to:      tcp://10.6.82.36:8734
2025-09-15 10:50:18,609 - distributed.worker - INFO - -------------------------------------------------
2025-09-15 10:50:18,614 - distributed.core - INFO - Starting established connection to tcp://10.6.82.36:8734
2025-09-15 10:50:18,622 - distributed.worker - INFO - Starting Worker plugin shuffle
2025-09-15 10:50:18,623 - distributed.worker - INFO -         Registered to:      tcp://10.6.82.36:8734
2025-09-15 10:50:18,623 - distributed.worker - INFO - -------------------------------------------------
2025-09-15 10:50:18,625 - distributed.core - INFO - Starting established connection to tcp://10.6.82.36:8734
2025-09-15 10:50:18,801 - distributed.worker - INFO -       Start worker at:     tcp://10.6.83.55:36713
2025-09-15 10:50:18,801 - distributed.worker - INFO -       Start worker at:     tcp://10.6.83.55:46773
2025-09-15 10:50:18,801 - distributed.worker - INFO -       Start worker at:     tcp://10.6.83.55:38609
2025-09-15 10:50:18,802 - distributed.worker - INFO -          Listening to:     tcp://10.6.83.55:36713
2025-09-15 10:50:18,802 - distributed.worker - INFO -          Listening to:     tcp://10.6.83.55:46773
2025-09-15 10:50:18,802 - distributed.worker - INFO -          Listening to:     tcp://10.6.83.55:38609
2025-09-15 10:50:18,802 - distributed.worker - INFO -          dashboard at:           10.6.83.55:46671
2025-09-15 10:50:18,802 - distributed.worker - INFO -          dashboard at:           10.6.83.55:32779
2025-09-15 10:50:18,802 - distributed.worker - INFO -          dashboard at:           10.6.83.55:44143
2025-09-15 10:50:18,802 - distributed.worker - INFO - Waiting to connect to:      tcp://10.6.82.36:8734
2025-09-15 10:50:18,802 - distributed.worker - INFO - Waiting to connect to:      tcp://10.6.82.36:8734
2025-09-15 10:50:18,802 - distributed.worker - INFO - Waiting to connect to:      tcp://10.6.82.36:8734
2025-09-15 10:50:18,802 - distributed.worker - INFO - -------------------------------------------------
2025-09-15 10:50:18,802 - distributed.worker - INFO - -------------------------------------------------
2025-09-15 10:50:18,802 - distributed.worker - INFO - -------------------------------------------------
2025-09-15 10:50:18,802 - distributed.worker - INFO -               Threads:                          2
2025-09-15 10:50:18,802 - distributed.worker - INFO -               Threads:                          2
2025-09-15 10:50:18,802 - distributed.worker - INFO -               Threads:                          2
2025-09-15 10:50:18,802 - distributed.worker - INFO -                Memory:                   9.62 GiB
2025-09-15 10:50:18,802 - distributed.worker - INFO -                Memory:                   9.62 GiB
2025-09-15 10:50:18,802 - distributed.worker - INFO -                Memory:                   9.62 GiB
2025-09-15 10:50:18,802 - distributed.worker - INFO -       Local Directory: /jobfs/149690456.gadi-pbs/dask-scratch-space/worker-8lycf1a8
2025-09-15 10:50:18,802 - distributed.worker - INFO -       Local Directory: /jobfs/149690456.gadi-pbs/dask-scratch-space/worker-_ikem2y_
2025-09-15 10:50:18,802 - distributed.worker - INFO -       Local Directory: /jobfs/149690456.gadi-pbs/dask-scratch-space/worker-81ru_ys_
2025-09-15 10:50:18,802 - distributed.worker - INFO - -------------------------------------------------
2025-09-15 10:50:18,802 - distributed.worker - INFO - -------------------------------------------------
2025-09-15 10:50:18,802 - distributed.worker - INFO - -------------------------------------------------
2025-09-15 10:50:18,803 - distributed.worker - INFO -       Start worker at:     tcp://10.6.83.55:46117
2025-09-15 10:50:18,803 - distributed.worker - INFO -          Listening to:     tcp://10.6.83.55:46117
2025-09-15 10:50:18,803 - distributed.worker - INFO -          dashboard at:           10.6.83.55:37943
2025-09-15 10:50:18,803 - distributed.worker - INFO - Waiting to connect to:      tcp://10.6.82.36:8734
2025-09-15 10:50:18,803 - distributed.worker - INFO - -------------------------------------------------
2025-09-15 10:50:18,803 - distributed.worker - INFO -               Threads:                          2
2025-09-15 10:50:18,803 - distributed.worker - INFO -                Memory:                   9.62 GiB
2025-09-15 10:50:18,803 - distributed.worker - INFO -       Local Directory: /jobfs/149690456.gadi-pbs/dask-scratch-space/worker-_ni8bix9
2025-09-15 10:50:18,803 - distributed.worker - INFO - -------------------------------------------------
2025-09-15 10:50:18,804 - distributed.worker - INFO -       Start worker at:     tcp://10.6.83.55:40331
2025-09-15 10:50:18,804 - distributed.worker - INFO -          Listening to:     tcp://10.6.83.55:40331
2025-09-15 10:50:18,804 - distributed.worker - INFO -          dashboard at:           10.6.83.55:36831
2025-09-15 10:50:18,804 - distributed.worker - INFO - Waiting to connect to:      tcp://10.6.82.36:8734
2025-09-15 10:50:18,804 - distributed.worker - INFO - -------------------------------------------------
2025-09-15 10:50:18,804 - distributed.worker - INFO -               Threads:                          2
2025-09-15 10:50:18,804 - distributed.worker - INFO -                Memory:                   9.62 GiB
2025-09-15 10:50:18,804 - distributed.worker - INFO -       Local Directory: /jobfs/149690456.gadi-pbs/dask-scratch-space/worker-jfbf2ohi
2025-09-15 10:50:18,804 - distributed.worker - INFO - -------------------------------------------------
2025-09-15 10:50:18,805 - distributed.worker - INFO -       Start worker at:     tcp://10.6.83.55:42733
2025-09-15 10:50:18,805 - distributed.worker - INFO -          Listening to:     tcp://10.6.83.55:42733
2025-09-15 10:50:18,805 - distributed.worker - INFO -          dashboard at:           10.6.83.55:34241
2025-09-15 10:50:18,805 - distributed.worker - INFO - Waiting to connect to:      tcp://10.6.82.36:8734
2025-09-15 10:50:18,805 - distributed.worker - INFO - -------------------------------------------------
2025-09-15 10:50:18,805 - distributed.worker - INFO -               Threads:                          2
2025-09-15 10:50:18,805 - distributed.worker - INFO -                Memory:                   9.62 GiB
2025-09-15 10:50:18,805 - distributed.worker - INFO -       Local Directory: /jobfs/149690456.gadi-pbs/dask-scratch-space/worker-m8ppfz87
2025-09-15 10:50:18,806 - distributed.worker - INFO - -------------------------------------------------
2025-09-15 10:50:18,806 - distributed.worker - INFO -       Start worker at:     tcp://10.6.83.55:39991
2025-09-15 10:50:18,806 - distributed.worker - INFO -          Listening to:     tcp://10.6.83.55:39991
2025-09-15 10:50:18,806 - distributed.worker - INFO -          dashboard at:           10.6.83.55:36239
2025-09-15 10:50:18,806 - distributed.worker - INFO - Waiting to connect to:      tcp://10.6.82.36:8734
2025-09-15 10:50:18,806 - distributed.worker - INFO - -------------------------------------------------
2025-09-15 10:50:18,806 - distributed.worker - INFO -               Threads:                          2
2025-09-15 10:50:18,806 - distributed.worker - INFO -                Memory:                   9.62 GiB
2025-09-15 10:50:18,806 - distributed.worker - INFO -       Local Directory: /jobfs/149690456.gadi-pbs/dask-scratch-space/worker-zmky17ms
2025-09-15 10:50:18,806 - distributed.worker - INFO - -------------------------------------------------
2025-09-15 10:50:18,811 - distributed.worker - INFO -       Start worker at:     tcp://10.6.83.55:45375
2025-09-15 10:50:18,811 - distributed.worker - INFO -          Listening to:     tcp://10.6.83.55:45375
2025-09-15 10:50:18,811 - distributed.worker - INFO -          dashboard at:           10.6.83.55:45303
2025-09-15 10:50:18,811 - distributed.worker - INFO - Waiting to connect to:      tcp://10.6.82.36:8734
2025-09-15 10:50:18,811 - distributed.worker - INFO - -------------------------------------------------
2025-09-15 10:50:18,811 - distributed.worker - INFO -               Threads:                          2
2025-09-15 10:50:18,811 - distributed.worker - INFO -                Memory:                   9.62 GiB
2025-09-15 10:50:18,811 - distributed.worker - INFO -       Local Directory: /jobfs/149690456.gadi-pbs/dask-scratch-space/worker-ovlk1k6z
2025-09-15 10:50:18,811 - distributed.worker - INFO - -------------------------------------------------
2025-09-15 10:50:18,811 - distributed.worker - INFO -       Start worker at:     tcp://10.6.83.55:37129
2025-09-15 10:50:18,812 - distributed.worker - INFO -          Listening to:     tcp://10.6.83.55:37129
2025-09-15 10:50:18,812 - distributed.worker - INFO -          dashboard at:           10.6.83.55:33037
2025-09-15 10:50:18,812 - distributed.worker - INFO - Waiting to connect to:      tcp://10.6.82.36:8734
2025-09-15 10:50:18,812 - distributed.worker - INFO - -------------------------------------------------
2025-09-15 10:50:18,812 - distributed.worker - INFO -               Threads:                          2
2025-09-15 10:50:18,812 - distributed.worker - INFO -                Memory:                   9.62 GiB
2025-09-15 10:50:18,812 - distributed.worker - INFO -       Local Directory: /jobfs/149690456.gadi-pbs/dask-scratch-space/worker-nk1yeaim
2025-09-15 10:50:18,812 - distributed.worker - INFO - -------------------------------------------------
2025-09-15 10:50:18,814 - distributed.worker - INFO -       Start worker at:     tcp://10.6.83.55:41517
2025-09-15 10:50:18,814 - distributed.worker - INFO -          Listening to:     tcp://10.6.83.55:41517
2025-09-15 10:50:18,814 - distributed.worker - INFO -          dashboard at:           10.6.83.55:35165
2025-09-15 10:50:18,814 - distributed.worker - INFO - Waiting to connect to:      tcp://10.6.82.36:8734
2025-09-15 10:50:18,814 - distributed.worker - INFO - -------------------------------------------------
2025-09-15 10:50:18,814 - distributed.worker - INFO -               Threads:                          2
2025-09-15 10:50:18,814 - distributed.worker - INFO -                Memory:                   9.62 GiB
2025-09-15 10:50:18,814 - distributed.worker - INFO -       Local Directory: /jobfs/149690456.gadi-pbs/dask-scratch-space/worker-kzky_0t8
2025-09-15 10:50:18,814 - distributed.worker - INFO - -------------------------------------------------
2025-09-15 10:50:18,817 - distributed.worker - INFO -       Start worker at:     tcp://10.6.83.55:45815
2025-09-15 10:50:18,817 - distributed.worker - INFO -          Listening to:     tcp://10.6.83.55:45815
2025-09-15 10:50:18,817 - distributed.worker - INFO -          dashboard at:           10.6.83.55:35417
2025-09-15 10:50:18,817 - distributed.worker - INFO - Waiting to connect to:      tcp://10.6.82.36:8734
2025-09-15 10:50:18,817 - distributed.worker - INFO - -------------------------------------------------
2025-09-15 10:50:18,817 - distributed.worker - INFO -               Threads:                          2
2025-09-15 10:50:18,817 - distributed.worker - INFO -                Memory:                   9.62 GiB
2025-09-15 10:50:18,817 - distributed.worker - INFO -       Local Directory: /jobfs/149690456.gadi-pbs/dask-scratch-space/worker-trxpvb_6
2025-09-15 10:50:18,817 - distributed.worker - INFO - -------------------------------------------------
2025-09-15 10:50:18,820 - distributed.worker - INFO - Starting Worker plugin shuffle
2025-09-15 10:50:18,820 - distributed.worker - INFO -         Registered to:      tcp://10.6.82.36:8734
2025-09-15 10:50:18,820 - distributed.worker - INFO - -------------------------------------------------
2025-09-15 10:50:18,821 - distributed.core - INFO - Starting established connection to tcp://10.6.82.36:8734
2025-09-15 10:50:18,831 - distributed.worker - INFO - Starting Worker plugin shuffle
2025-09-15 10:50:18,832 - distributed.worker - INFO -         Registered to:      tcp://10.6.82.36:8734
2025-09-15 10:50:18,832 - distributed.worker - INFO - -------------------------------------------------
2025-09-15 10:50:18,833 - distributed.core - INFO - Starting established connection to tcp://10.6.82.36:8734
2025-09-15 10:50:18,838 - distributed.worker - INFO - Starting Worker plugin shuffle
2025-09-15 10:50:18,839 - distributed.worker - INFO -         Registered to:      tcp://10.6.82.36:8734
2025-09-15 10:50:18,839 - distributed.worker - INFO - -------------------------------------------------
2025-09-15 10:50:18,840 - distributed.core - INFO - Starting established connection to tcp://10.6.82.36:8734
2025-09-15 10:50:18,858 - distributed.worker - INFO - Starting Worker plugin shuffle
2025-09-15 10:50:18,859 - distributed.worker - INFO -         Registered to:      tcp://10.6.82.36:8734
2025-09-15 10:50:18,859 - distributed.worker - INFO - -------------------------------------------------
2025-09-15 10:50:18,862 - distributed.core - INFO - Starting established connection to tcp://10.6.82.36:8734
2025-09-15 10:50:18,865 - distributed.worker - INFO - Starting Worker plugin shuffle
2025-09-15 10:50:18,866 - distributed.worker - INFO -         Registered to:      tcp://10.6.82.36:8734
2025-09-15 10:50:18,866 - distributed.worker - INFO - -------------------------------------------------
2025-09-15 10:50:18,868 - distributed.core - INFO - Starting established connection to tcp://10.6.82.36:8734
2025-09-15 10:50:18,872 - distributed.worker - INFO - Starting Worker plugin shuffle
2025-09-15 10:50:18,873 - distributed.worker - INFO -         Registered to:      tcp://10.6.82.36:8734
2025-09-15 10:50:18,873 - distributed.worker - INFO - -------------------------------------------------
2025-09-15 10:50:18,875 - distributed.core - INFO - Starting established connection to tcp://10.6.82.36:8734
2025-09-15 10:50:18,877 - distributed.worker - INFO - Starting Worker plugin shuffle
2025-09-15 10:50:18,879 - distributed.worker - INFO -         Registered to:      tcp://10.6.82.36:8734
2025-09-15 10:50:18,879 - distributed.worker - INFO - -------------------------------------------------
2025-09-15 10:50:18,881 - distributed.core - INFO - Starting established connection to tcp://10.6.82.36:8734
2025-09-15 10:50:18,883 - distributed.worker - INFO - Starting Worker plugin shuffle
2025-09-15 10:50:18,884 - distributed.worker - INFO -         Registered to:      tcp://10.6.82.36:8734
2025-09-15 10:50:18,884 - distributed.worker - INFO - -------------------------------------------------
2025-09-15 10:50:18,886 - distributed.core - INFO - Starting established connection to tcp://10.6.82.36:8734
2025-09-15 10:50:18,887 - distributed.worker - INFO - Starting Worker plugin shuffle
2025-09-15 10:50:18,888 - distributed.worker - INFO -         Registered to:      tcp://10.6.82.36:8734
2025-09-15 10:50:18,889 - distributed.worker - INFO - -------------------------------------------------
2025-09-15 10:50:18,890 - distributed.core - INFO - Starting established connection to tcp://10.6.82.36:8734
2025-09-15 10:50:18,892 - distributed.worker - INFO - Starting Worker plugin shuffle
2025-09-15 10:50:18,893 - distributed.worker - INFO -         Registered to:      tcp://10.6.82.36:8734
2025-09-15 10:50:18,893 - distributed.worker - INFO - -------------------------------------------------
2025-09-15 10:50:18,895 - distributed.core - INFO - Starting established connection to tcp://10.6.82.36:8734
2025-09-15 10:50:18,896 - distributed.worker - INFO - Starting Worker plugin shuffle
2025-09-15 10:50:18,897 - distributed.worker - INFO -         Registered to:      tcp://10.6.82.36:8734
2025-09-15 10:50:18,897 - distributed.worker - INFO - -------------------------------------------------
2025-09-15 10:50:18,898 - distributed.core - INFO - Starting established connection to tcp://10.6.82.36:8734
2025-09-15 10:50:58,686 - distributed.core - INFO - Connection to tcp://10.6.82.36:8734 has been closed.
2025-09-15 10:50:58,686 - distributed.core - INFO - Connection to tcp://10.6.82.36:8734 has been closed.
2025-09-15 10:50:58,686 - distributed.core - INFO - Connection to tcp://10.6.82.36:8734 has been closed.
2025-09-15 10:50:58,687 - distributed.worker - INFO - Stopping worker at tcp://10.6.83.55:45815. Reason: worker-handle-scheduler-connection-broken
2025-09-15 10:50:58,687 - distributed.worker - INFO - Stopping worker at tcp://10.6.83.55:41399. Reason: worker-handle-scheduler-connection-broken
2025-09-15 10:50:58,687 - distributed.worker - INFO - Stopping worker at tcp://10.6.83.55:42631. Reason: worker-handle-scheduler-connection-broken
2025-09-15 10:50:58,687 - distributed.core - INFO - Connection to tcp://10.6.82.36:8734 has been closed.
2025-09-15 10:50:58,687 - distributed.core - INFO - Connection to tcp://10.6.82.36:8734 has been closed.
2025-09-15 10:50:58,687 - distributed.core - INFO - Connection to tcp://10.6.82.36:8734 has been closed.
2025-09-15 10:50:58,687 - distributed.core - INFO - Connection to tcp://10.6.82.36:8734 has been closed.
2025-09-15 10:50:58,687 - distributed.core - INFO - Connection to tcp://10.6.82.36:8734 has been closed.
2025-09-15 10:50:58,687 - distributed.core - INFO - Connection to tcp://10.6.82.36:8734 has been closed.
2025-09-15 10:50:58,687 - distributed.core - INFO - Connection to tcp://10.6.82.36:8734 has been closed.
2025-09-15 10:50:58,687 - distributed.core - INFO - Connection to tcp://10.6.82.36:8734 has been closed.
2025-09-15 10:50:58,687 - distributed.core - INFO - Connection to tcp://10.6.82.36:8734 has been closed.
2025-09-15 10:50:58,687 - distributed.core - INFO - Connection to tcp://10.6.82.36:8734 has been closed.
2025-09-15 10:50:58,687 - distributed.core - INFO - Connection to tcp://10.6.82.36:8734 has been closed.
2025-09-15 10:50:58,687 - distributed.core - INFO - Connection to tcp://10.6.82.36:8734 has been closed.
2025-09-15 10:50:58,687 - distributed.core - INFO - Connection to tcp://10.6.82.36:8734 has been closed.
2025-09-15 10:50:58,687 - distributed.core - INFO - Connection to tcp://10.6.82.36:8734 has been closed.
2025-09-15 10:50:58,688 - distributed.worker - INFO - Stopping worker at tcp://10.6.83.55:33723. Reason: worker-handle-scheduler-connection-broken
2025-09-15 10:50:58,687 - distributed.core - INFO - Connection to tcp://10.6.82.36:8734 has been closed.
2025-09-15 10:50:58,688 - distributed.worker - INFO - Stopping worker at tcp://10.6.83.55:37765. Reason: worker-handle-scheduler-connection-broken
2025-09-15 10:50:58,688 - distributed.core - INFO - Connection to tcp://10.6.82.36:8734 has been closed.
2025-09-15 10:50:58,688 - distributed.core - INFO - Connection to tcp://10.6.82.36:8734 has been closed.
2025-09-15 10:50:58,688 - distributed.worker - INFO - Stopping worker at tcp://10.6.83.55:39137. Reason: worker-handle-scheduler-connection-broken
2025-09-15 10:50:58,688 - distributed.core - INFO - Connection to tcp://10.6.82.36:8734 has been closed.
2025-09-15 10:50:58,688 - distributed.core - INFO - Connection to tcp://10.6.82.36:8734 has been closed.
2025-09-15 10:50:58,688 - distributed.core - INFO - Connection to tcp://10.6.82.36:8734 has been closed.
2025-09-15 10:50:58,688 - distributed.core - INFO - Connection to tcp://10.6.82.36:8734 has been closed.
2025-09-15 10:50:58,688 - distributed.worker - INFO - Stopping worker at tcp://10.6.83.55:40571. Reason: worker-handle-scheduler-connection-broken
2025-09-15 10:50:58,688 - distributed.worker - INFO - Stopping worker at tcp://10.6.83.55:33367. Reason: worker-handle-scheduler-connection-broken
2025-09-15 10:50:58,688 - distributed.core - INFO - Connection to tcp://10.6.82.36:8734 has been closed.
2025-09-15 10:50:58,688 - distributed.worker - INFO - Stopping worker at tcp://10.6.83.55:46411. Reason: worker-handle-scheduler-connection-broken
2025-09-15 10:50:58,690 - distributed.core - INFO - Connection to tcp://10.6.82.36:8734 has been closed.
2025-09-15 10:50:58,688 - distributed.worker - INFO - Stopping worker at tcp://10.6.83.55:38809. Reason: worker-handle-scheduler-connection-broken
2025-09-15 10:50:58,688 - distributed.worker - INFO - Stopping worker at tcp://10.6.83.55:35801. Reason: worker-handle-scheduler-connection-broken
2025-09-15 10:50:58,689 - distributed.worker - INFO - Stopping worker at tcp://10.6.83.55:36079. Reason: worker-handle-scheduler-connection-broken
2025-09-15 10:50:58,689 - distributed.core - INFO - Connection to tcp://10.6.82.36:8734 has been closed.
2025-09-15 10:50:58,688 - distributed.core - INFO - Connection to tcp://10.6.82.36:8734 has been closed.
2025-09-15 10:50:58,689 - distributed.core - INFO - Connection to tcp://10.6.82.36:8734 has been closed.
2025-09-15 10:50:58,689 - distributed.core - INFO - Connection to tcp://10.6.82.36:8734 has been closed.
2025-09-15 10:50:58,689 - distributed.core - INFO - Connection to tcp://10.6.82.36:8734 has been closed.
2025-09-15 10:50:58,689 - distributed.worker - INFO - Stopping worker at tcp://10.6.83.55:40953. Reason: worker-handle-scheduler-connection-broken
2025-09-15 10:50:58,689 - distributed.core - INFO - Connection to tcp://10.6.82.36:8734 has been closed.
2025-09-15 10:50:58,689 - distributed.worker - INFO - Stopping worker at tcp://10.6.83.55:33129. Reason: worker-handle-scheduler-connection-broken
2025-09-15 10:50:58,690 - distributed.core - INFO - Connection to tcp://10.6.82.36:8734 has been closed.
2025-09-15 10:50:58,689 - distributed.core - INFO - Connection to tcp://10.6.82.36:8734 has been closed.
2025-09-15 10:50:58,690 - distributed.core - INFO - Connection to tcp://10.6.82.36:8734 has been closed.
2025-09-15 10:50:58,689 - distributed.core - INFO - Connection to tcp://10.6.82.36:8734 has been closed.
2025-09-15 10:50:58,692 - distributed.worker - INFO - Stopping worker at tcp://10.6.83.55:33531. Reason: worker-handle-scheduler-connection-broken
2025-09-15 10:50:58,689 - distributed.worker - INFO - Stopping worker at tcp://10.6.83.55:46271. Reason: worker-handle-scheduler-connection-broken
2025-09-15 10:50:58,693 - distributed.worker - INFO - Stopping worker at tcp://10.6.83.55:40227. Reason: worker-handle-scheduler-connection-broken
2025-09-15 10:50:58,689 - distributed.worker - INFO - Stopping worker at tcp://10.6.83.55:45055. Reason: worker-handle-scheduler-connection-broken
2025-09-15 10:50:58,692 - distributed.worker - INFO - Stopping worker at tcp://10.6.83.55:35515. Reason: worker-handle-scheduler-connection-broken
2025-09-15 10:50:58,689 - distributed.worker - INFO - Stopping worker at tcp://10.6.83.55:43363. Reason: worker-handle-scheduler-connection-broken
2025-09-15 10:50:58,691 - distributed.core - INFO - Connection to tcp://10.6.82.36:8734 has been closed.
2025-09-15 10:50:58,689 - distributed.worker - INFO - Stopping worker at tcp://10.6.83.55:39675. Reason: worker-handle-scheduler-connection-broken
2025-09-15 10:50:58,691 - distributed.core - INFO - Connection to tcp://10.6.82.36:8734 has been closed.
2025-09-15 10:50:58,689 - distributed.core - INFO - Connection to tcp://10.6.82.36:8734 has been closed.
2025-09-15 10:50:58,693 - distributed.worker - INFO - Stopping worker at tcp://10.6.83.55:33819. Reason: worker-handle-scheduler-connection-broken
2025-09-15 10:50:58,690 - distributed.worker - INFO - Stopping worker at tcp://10.6.83.55:45787. Reason: worker-handle-scheduler-connection-broken
2025-09-15 10:50:58,691 - distributed.core - INFO - Connection to tcp://10.6.82.36:8734 has been closed.
2025-09-15 10:50:58,690 - distributed.core - INFO - Connection to tcp://10.6.82.36:8734 has been closed.
2025-09-15 10:50:58,693 - distributed.worker - INFO - Stopping worker at tcp://10.6.83.55:35443. Reason: worker-handle-scheduler-connection-broken
2025-09-15 10:50:58,689 - distributed.core - INFO - Connection to tcp://10.6.82.36:8734 has been closed.
2025-09-15 10:50:58,691 - distributed.core - INFO - Connection to tcp://10.6.82.36:8734 has been closed.
2025-09-15 10:50:58,690 - distributed.core - INFO - Connection to tcp://10.6.82.36:8734 has been closed.
2025-09-15 10:50:58,693 - distributed.worker - INFO - Stopping worker at tcp://10.6.83.55:45301. Reason: worker-handle-scheduler-connection-broken
2025-09-15 10:50:58,690 - distributed.core - INFO - Connection to tcp://10.6.82.36:8734 has been closed.
2025-09-15 10:50:58,692 - distributed.core - INFO - Connection to tcp://10.6.82.36:8734 has been closed.
2025-09-15 10:50:58,690 - distributed.worker - INFO - Stopping worker at tcp://10.6.83.55:44957. Reason: worker-handle-scheduler-connection-broken
2025-09-15 10:50:58,693 - distributed.worker - INFO - Stopping worker at tcp://10.6.83.55:40211. Reason: worker-handle-scheduler-connection-broken
2025-09-15 10:50:58,690 - distributed.worker - INFO - Stopping worker at tcp://10.6.83.55:43917. Reason: worker-handle-scheduler-connection-broken
2025-09-15 10:50:58,694 - distributed.worker - INFO - Stopping worker at tcp://10.6.83.55:42321. Reason: worker-handle-scheduler-connection-broken
2025-09-15 10:50:58,690 - distributed.core - INFO - Connection to tcp://10.6.82.36:8734 has been closed.
2025-09-15 10:50:58,694 - distributed.worker - INFO - Stopping worker at tcp://10.6.83.55:37129. Reason: worker-handle-scheduler-connection-broken
2025-09-15 10:50:58,690 - distributed.worker - INFO - Stopping worker at tcp://10.6.83.55:39991. Reason: worker-handle-scheduler-connection-broken
2025-09-15 10:50:58,694 - distributed.worker - INFO - Stopping worker at tcp://10.6.83.55:38201. Reason: worker-handle-scheduler-connection-broken
2025-09-15 10:50:58,690 - distributed.worker - INFO - Stopping worker at tcp://10.6.83.55:45375. Reason: worker-handle-scheduler-connection-broken
2025-09-15 10:50:58,694 - distributed.worker - INFO - Stopping worker at tcp://10.6.83.55:33027. Reason: worker-handle-scheduler-connection-broken
2025-09-15 10:50:58,690 - distributed.worker - INFO - Stopping worker at tcp://10.6.83.55:36385. Reason: worker-handle-scheduler-connection-broken
2025-09-15 10:50:58,694 - distributed.worker - INFO - Stopping worker at tcp://10.6.83.55:42733. Reason: worker-handle-scheduler-connection-broken
2025-09-15 10:50:58,689 - distributed.core - INFO - Connection to tcp://10.6.82.36:8734 has been closed.
2025-09-15 10:50:58,693 - distributed.core - INFO - Connection to tcp://10.6.82.36:8734 has been closed.
2025-09-15 10:50:58,694 - distributed.worker - INFO - Stopping worker at tcp://10.6.83.55:36713. Reason: worker-handle-scheduler-connection-broken
2025-09-15 10:50:58,689 - distributed.core - INFO - Connection to tcp://10.6.82.36:8734 has been closed.
2025-09-15 10:50:58,695 - distributed.worker - INFO - Stopping worker at tcp://10.6.83.55:41265. Reason: worker-handle-scheduler-connection-broken
2025-09-15 10:50:58,691 - distributed.core - INFO - Connection to tcp://10.6.82.36:8734 has been closed.
2025-09-15 10:50:58,695 - distributed.worker - INFO - Stopping worker at tcp://10.6.83.55:46501. Reason: worker-handle-scheduler-connection-broken
2025-09-15 10:50:58,691 - distributed.worker - INFO - Stopping worker at tcp://10.6.83.55:44341. Reason: worker-handle-scheduler-connection-broken
2025-09-15 10:50:58,695 - distributed.worker - INFO - Stopping worker at tcp://10.6.83.55:46117. Reason: worker-handle-scheduler-connection-broken
2025-09-15 10:50:58,695 - distributed.worker - INFO - Stopping worker at tcp://10.6.83.55:41747. Reason: worker-handle-scheduler-connection-broken
2025-09-15 10:50:58,695 - distributed.worker - INFO - Stopping worker at tcp://10.6.83.55:40459. Reason: worker-handle-scheduler-connection-broken
2025-09-15 10:50:58,695 - distributed.worker - INFO - Stopping worker at tcp://10.6.83.55:36459. Reason: worker-handle-scheduler-connection-broken
2025-09-15 10:50:58,695 - distributed.worker - INFO - Stopping worker at tcp://10.6.83.55:35237. Reason: worker-handle-scheduler-connection-broken
2025-09-15 10:50:58,696 - distributed.worker - INFO - Stopping worker at tcp://10.6.83.55:39613. Reason: worker-handle-scheduler-connection-broken
2025-09-15 10:50:58,696 - distributed.worker - INFO - Stopping worker at tcp://10.6.83.55:46773. Reason: worker-handle-scheduler-connection-broken
2025-09-15 10:50:58,691 - distributed.worker - ERROR - Failed to communicate with scheduler during heartbeat.
Traceback (most recent call last):
  File "/g/data/xp65/public/apps/med_conda/envs/analysis3-25.06/lib/python3.11/site-packages/tornado/iostream.py", line 861, in _read_to_buffer
    bytes_read = self.read_from_fd(buf)
                 ^^^^^^^^^^^^^^^^^^^^^^
  File "/g/data/xp65/public/apps/med_conda/envs/analysis3-25.06/lib/python3.11/site-packages/tornado/iostream.py", line 1113, in read_from_fd
    return self.socket.recv_into(buf, len(buf))
           ^^^^^^^^^^^^^^^^^^^^^^^^^^^^^^^^^^^^
ConnectionResetError: [Errno 104] Connection reset by peer

The above exception was the direct cause of the following exception:

Traceback (most recent call last):
  File "/g/data/xp65/public/apps/med_conda/envs/analysis3-25.06/lib/python3.11/site-packages/distributed/worker.py", line 1267, in heartbeat
    response = await retry_operation(
               ^^^^^^^^^^^^^^^^^^^^^^
  File "/g/data/xp65/public/apps/med_conda/envs/analysis3-25.06/lib/python3.11/site-packages/distributed/utils_comm.py", line 416, in retry_operation
    return await retry(
           ^^^^^^^^^^^^
  File "/g/data/xp65/public/apps/med_conda/envs/analysis3-25.06/lib/python3.11/site-packages/distributed/utils_comm.py", line 395, in retry
    return await coro()
           ^^^^^^^^^^^^
  File "/g/data/xp65/public/apps/med_conda/envs/analysis3-25.06/lib/python3.11/site-packages/distributed/core.py", line 1259, in send_recv_from_rpc
    return await send_recv(comm=comm, op=key, **kwargs)
           ^^^^^^^^^^^^^^^^^^^^^^^^^^^^^^^^^^^^^^^^^^^^
  File "/g/data/xp65/public/apps/med_conda/envs/analysis3-25.06/lib/python3.11/site-packages/distributed/core.py", line 1018, in send_recv
    response = await comm.read(deserializers=deserializers)
               ^^^^^^^^^^^^^^^^^^^^^^^^^^^^^^^^^^^^^^^^^^^^
  File "/g/data/xp65/public/apps/med_conda/envs/analysis3-25.06/lib/python3.11/site-packages/distributed/comm/tcp.py", line 237, in read
    convert_stream_closed_error(self, e)
  File "/g/data/xp65/public/apps/med_conda/envs/analysis3-25.06/lib/python3.11/site-packages/distributed/comm/tcp.py", line 143, in convert_stream_closed_error
    raise CommClosedError(f"in {obj}: {exc.__class__.__name__}: {exc}") from exc
distributed.comm.core.CommClosedError: in <TCP (closed) ConnectionPool.heartbeat_worker local=tcp://10.6.83.55:33676 remote=tcp://10.6.82.36:8734>: ConnectionResetError: [Errno 104] Connection reset by peer
2025-09-15 10:50:58,697 - distributed.worker - INFO - Stopping worker at tcp://10.6.83.55:41517. Reason: worker-handle-scheduler-connection-broken
2025-09-15 10:50:58,697 - distributed.worker - INFO - Stopping worker at tcp://10.6.83.55:38609. Reason: worker-handle-scheduler-connection-broken
2025-09-15 10:50:58,698 - distributed.worker - INFO - Stopping worker at tcp://10.6.83.55:40331. Reason: worker-handle-scheduler-connection-broken
2025-09-15 10:50:58,698 - distributed.worker - INFO - Stopping worker at tcp://10.6.83.55:39695. Reason: worker-handle-scheduler-connection-broken
2025-09-15 10:50:58,697 - distributed.worker - ERROR - Failed to communicate with scheduler during heartbeat.
Traceback (most recent call last):
  File "/g/data/xp65/public/apps/med_conda/envs/analysis3-25.06/lib/python3.11/site-packages/tornado/iostream.py", line 861, in _read_to_buffer
    bytes_read = self.read_from_fd(buf)
                 ^^^^^^^^^^^^^^^^^^^^^^
  File "/g/data/xp65/public/apps/med_conda/envs/analysis3-25.06/lib/python3.11/site-packages/tornado/iostream.py", line 1113, in read_from_fd
    return self.socket.recv_into(buf, len(buf))
           ^^^^^^^^^^^^^^^^^^^^^^^^^^^^^^^^^^^^
ConnectionResetError: [Errno 104] Connection reset by peer

The above exception was the direct cause of the following exception:

Traceback (most recent call last):
  File "/g/data/xp65/public/apps/med_conda/envs/analysis3-25.06/lib/python3.11/site-packages/distributed/worker.py", line 1267, in heartbeat
    response = await retry_operation(
               ^^^^^^^^^^^^^^^^^^^^^^
  File "/g/data/xp65/public/apps/med_conda/envs/analysis3-25.06/lib/python3.11/site-packages/distributed/utils_comm.py", line 416, in retry_operation
    return await retry(
           ^^^^^^^^^^^^
  File "/g/data/xp65/public/apps/med_conda/envs/analysis3-25.06/lib/python3.11/site-packages/distributed/utils_comm.py", line 395, in retry
    return await coro()
           ^^^^^^^^^^^^
  File "/g/data/xp65/public/apps/med_conda/envs/analysis3-25.06/lib/python3.11/site-packages/distributed/core.py", line 1259, in send_recv_from_rpc
    return await send_recv(comm=comm, op=key, **kwargs)
           ^^^^^^^^^^^^^^^^^^^^^^^^^^^^^^^^^^^^^^^^^^^^
  File "/g/data/xp65/public/apps/med_conda/envs/analysis3-25.06/lib/python3.11/site-packages/distributed/core.py", line 1018, in send_recv
    response = await comm.read(deserializers=deserializers)
               ^^^^^^^^^^^^^^^^^^^^^^^^^^^^^^^^^^^^^^^^^^^^
  File "/g/data/xp65/public/apps/med_conda/envs/analysis3-25.06/lib/python3.11/site-packages/distributed/comm/tcp.py", line 237, in read
    convert_stream_closed_error(self, e)
  File "/g/data/xp65/public/apps/med_conda/envs/analysis3-25.06/lib/python3.11/site-packages/distributed/comm/tcp.py", line 143, in convert_stream_closed_error
    raise CommClosedError(f"in {obj}: {exc.__class__.__name__}: {exc}") from exc
distributed.comm.core.CommClosedError: in <TCP (closed) ConnectionPool.heartbeat_worker local=tcp://10.6.83.55:33726 remote=tcp://10.6.82.36:8734>: ConnectionResetError: [Errno 104] Connection reset by peer
2025-09-15 10:50:58,689 - distributed.worker - ERROR - Failed to communicate with scheduler during heartbeat.
Traceback (most recent call last):
  File "/g/data/xp65/public/apps/med_conda/envs/analysis3-25.06/lib/python3.11/site-packages/tornado/iostream.py", line 861, in _read_to_buffer
    bytes_read = self.read_from_fd(buf)
                 ^^^^^^^^^^^^^^^^^^^^^^
  File "/g/data/xp65/public/apps/med_conda/envs/analysis3-25.06/lib/python3.11/site-packages/tornado/iostream.py", line 1113, in read_from_fd
    return self.socket.recv_into(buf, len(buf))
           ^^^^^^^^^^^^^^^^^^^^^^^^^^^^^^^^^^^^
ConnectionResetError: [Errno 104] Connection reset by peer

The above exception was the direct cause of the following exception:

Traceback (most recent call last):
  File "/g/data/xp65/public/apps/med_conda/envs/analysis3-25.06/lib/python3.11/site-packages/distributed/worker.py", line 1267, in heartbeat
    response = await retry_operation(
               ^^^^^^^^^^^^^^^^^^^^^^
  File "/g/data/xp65/public/apps/med_conda/envs/analysis3-25.06/lib/python3.11/site-packages/distributed/utils_comm.py", line 416, in retry_operation
    return await retry(
           ^^^^^^^^^^^^
  File "/g/data/xp65/public/apps/med_conda/envs/analysis3-25.06/lib/python3.11/site-packages/distributed/utils_comm.py", line 395, in retry
    return await coro()
           ^^^^^^^^^^^^
  File "/g/data/xp65/public/apps/med_conda/envs/analysis3-25.06/lib/python3.11/site-packages/distributed/core.py", line 1259, in send_recv_from_rpc
    return await send_recv(comm=comm, op=key, **kwargs)
           ^^^^^^^^^^^^^^^^^^^^^^^^^^^^^^^^^^^^^^^^^^^^
  File "/g/data/xp65/public/apps/med_conda/envs/analysis3-25.06/lib/python3.11/site-packages/distributed/core.py", line 1018, in send_recv
    response = await comm.read(deserializers=deserializers)
               ^^^^^^^^^^^^^^^^^^^^^^^^^^^^^^^^^^^^^^^^^^^^
  File "/g/data/xp65/public/apps/med_conda/envs/analysis3-25.06/lib/python3.11/site-packages/distributed/comm/tcp.py", line 237, in read
    convert_stream_closed_error(self, e)
  File "/g/data/xp65/public/apps/med_conda/envs/analysis3-25.06/lib/python3.11/site-packages/distributed/comm/tcp.py", line 143, in convert_stream_closed_error
    raise CommClosedError(f"in {obj}: {exc.__class__.__name__}: {exc}") from exc
distributed.comm.core.CommClosedError: in <TCP (closed) ConnectionPool.heartbeat_worker local=tcp://10.6.83.55:33712 remote=tcp://10.6.82.36:8734>: ConnectionResetError: [Errno 104] Connection reset by peer
2025-09-15 10:50:58,704 - distributed.nanny - INFO - Closing Nanny gracefully at 'tcp://10.6.83.55:44837'. Reason: worker-handle-scheduler-connection-broken
2025-09-15 10:50:58,697 - distributed.worker - ERROR - Failed to communicate with scheduler during heartbeat.
Traceback (most recent call last):
  File "/g/data/xp65/public/apps/med_conda/envs/analysis3-25.06/lib/python3.11/site-packages/distributed/comm/tcp.py", line 226, in read
    frames_nosplit_nbytes_bin = await stream.read_bytes(fmt_size)
                                ^^^^^^^^^^^^^^^^^^^^^^^^^^^^^^^^^
tornado.iostream.StreamClosedError: Stream is closed

The above exception was the direct cause of the following exception:

Traceback (most recent call last):
  File "/g/data/xp65/public/apps/med_conda/envs/analysis3-25.06/lib/python3.11/site-packages/distributed/worker.py", line 1267, in heartbeat
    response = await retry_operation(
               ^^^^^^^^^^^^^^^^^^^^^^
  File "/g/data/xp65/public/apps/med_conda/envs/analysis3-25.06/lib/python3.11/site-packages/distributed/utils_comm.py", line 416, in retry_operation
    return await retry(
           ^^^^^^^^^^^^
  File "/g/data/xp65/public/apps/med_conda/envs/analysis3-25.06/lib/python3.11/site-packages/distributed/utils_comm.py", line 395, in retry
    return await coro()
           ^^^^^^^^^^^^
  File "/g/data/xp65/public/apps/med_conda/envs/analysis3-25.06/lib/python3.11/site-packages/distributed/core.py", line 1259, in send_recv_from_rpc
    return await send_recv(comm=comm, op=key, **kwargs)
           ^^^^^^^^^^^^^^^^^^^^^^^^^^^^^^^^^^^^^^^^^^^^
  File "/g/data/xp65/public/apps/med_conda/envs/analysis3-25.06/lib/python3.11/site-packages/distributed/core.py", line 1018, in send_recv
    response = await comm.read(deserializers=deserializers)
               ^^^^^^^^^^^^^^^^^^^^^^^^^^^^^^^^^^^^^^^^^^^^
  File "/g/data/xp65/public/apps/med_conda/envs/analysis3-25.06/lib/python3.11/site-packages/distributed/comm/tcp.py", line 237, in read
    convert_stream_closed_error(self, e)
  File "/g/data/xp65/public/apps/med_conda/envs/analysis3-25.06/lib/python3.11/site-packages/distributed/comm/tcp.py", line 137, in convert_stream_closed_error
    raise CommClosedError(f"in {obj}: {exc}") from exc
distributed.comm.core.CommClosedError: in <TCP (closed) ConnectionPool.heartbeat_worker local=tcp://10.6.83.55:33686 remote=tcp://10.6.82.36:8734>: Stream is closed
2025-09-15 10:50:58,699 - distributed.worker - ERROR - Failed to communicate with scheduler during heartbeat.
Traceback (most recent call last):
  File "/g/data/xp65/public/apps/med_conda/envs/analysis3-25.06/lib/python3.11/site-packages/tornado/iostream.py", line 861, in _read_to_buffer
    bytes_read = self.read_from_fd(buf)
                 ^^^^^^^^^^^^^^^^^^^^^^
  File "/g/data/xp65/public/apps/med_conda/envs/analysis3-25.06/lib/python3.11/site-packages/tornado/iostream.py", line 1113, in read_from_fd
    return self.socket.recv_into(buf, len(buf))
           ^^^^^^^^^^^^^^^^^^^^^^^^^^^^^^^^^^^^
ConnectionResetError: [Errno 104] Connection reset by peer

The above exception was the direct cause of the following exception:

Traceback (most recent call last):
  File "/g/data/xp65/public/apps/med_conda/envs/analysis3-25.06/lib/python3.11/site-packages/distributed/worker.py", line 1267, in heartbeat
    response = await retry_operation(
               ^^^^^^^^^^^^^^^^^^^^^^
  File "/g/data/xp65/public/apps/med_conda/envs/analysis3-25.06/lib/python3.11/site-packages/distributed/utils_comm.py", line 416, in retry_operation
    return await retry(
           ^^^^^^^^^^^^
  File "/g/data/xp65/public/apps/med_conda/envs/analysis3-25.06/lib/python3.11/site-packages/distributed/utils_comm.py", line 395, in retry
    return await coro()
           ^^^^^^^^^^^^
  File "/g/data/xp65/public/apps/med_conda/envs/analysis3-25.06/lib/python3.11/site-packages/distributed/core.py", line 1259, in send_recv_from_rpc
    return await send_recv(comm=comm, op=key, **kwargs)
           ^^^^^^^^^^^^^^^^^^^^^^^^^^^^^^^^^^^^^^^^^^^^
  File "/g/data/xp65/public/apps/med_conda/envs/analysis3-25.06/lib/python3.11/site-packages/distributed/core.py", line 1018, in send_recv
    response = await comm.read(deserializers=deserializers)
               ^^^^^^^^^^^^^^^^^^^^^^^^^^^^^^^^^^^^^^^^^^^^
  File "/g/data/xp65/public/apps/med_conda/envs/analysis3-25.06/lib/python3.11/site-packages/distributed/comm/tcp.py", line 237, in read
    convert_stream_closed_error(self, e)
  File "/g/data/xp65/public/apps/med_conda/envs/analysis3-25.06/lib/python3.11/site-packages/distributed/comm/tcp.py", line 143, in convert_stream_closed_error
    raise CommClosedError(f"in {obj}: {exc.__class__.__name__}: {exc}") from exc
distributed.comm.core.CommClosedError: in <TCP (closed) ConnectionPool.heartbeat_worker local=tcp://10.6.83.55:33696 remote=tcp://10.6.82.36:8734>: ConnectionResetError: [Errno 104] Connection reset by peer
2025-09-15 10:50:58,707 - distributed.worker - INFO - Removing Worker plugin shuffle
2025-09-15 10:50:58,708 - distributed.core - INFO - Connection to tcp://10.6.82.36:8734 has been closed.
2025-09-15 10:50:58,709 - distributed.worker - INFO - Stopping worker at tcp://10.6.83.55:44019. Reason: worker-handle-scheduler-connection-broken
2025-09-15 10:50:58,710 - distributed.nanny - INFO - Worker closed
2025-09-15 10:50:58,712 - distributed.nanny - INFO - Closing Nanny gracefully at 'tcp://10.6.83.55:46009'. Reason: worker-handle-scheduler-connection-broken
2025-09-15 10:50:58,712 - distributed.nanny - INFO - Closing Nanny gracefully at 'tcp://10.6.83.55:46567'. Reason: worker-handle-scheduler-connection-broken
2025-09-15 10:50:58,713 - distributed.worker - INFO - Removing Worker plugin shuffle
2025-09-15 10:50:58,713 - distributed.nanny - INFO - Closing Nanny gracefully at 'tcp://10.6.83.55:37911'. Reason: worker-handle-scheduler-connection-broken
2025-09-15 10:50:58,713 - distributed.nanny - INFO - Closing Nanny gracefully at 'tcp://10.6.83.55:37225'. Reason: worker-handle-scheduler-connection-broken
2025-09-15 10:50:58,713 - distributed.worker - INFO - Removing Worker plugin shuffle
2025-09-15 10:50:58,713 - distributed.nanny - INFO - Closing Nanny gracefully at 'tcp://10.6.83.55:39029'. Reason: worker-handle-scheduler-connection-broken
2025-09-15 10:50:58,713 - distributed.worker - INFO - Removing Worker plugin shuffle
2025-09-15 10:50:58,713 - distributed.worker - INFO - Removing Worker plugin shuffle
2025-09-15 10:50:58,714 - distributed.worker - INFO - Removing Worker plugin shuffle
2025-09-15 10:50:58,715 - distributed.nanny - INFO - Worker closed
2025-09-15 10:50:58,717 - distributed.nanny - INFO - Worker closed
2025-09-15 10:50:58,717 - distributed.nanny - INFO - Worker closed
2025-09-15 10:50:58,717 - distributed.nanny - INFO - Worker closed
2025-09-15 10:50:58,718 - distributed.nanny - INFO - Worker closed
2025-09-15 10:50:58,728 - distributed.nanny - INFO - Closing Nanny gracefully at 'tcp://10.6.83.55:37097'. Reason: worker-handle-scheduler-connection-broken
2025-09-15 10:50:58,729 - distributed.nanny - INFO - Closing Nanny gracefully at 'tcp://10.6.83.55:40779'. Reason: worker-handle-scheduler-connection-broken
2025-09-15 10:50:58,729 - distributed.nanny - INFO - Closing Nanny gracefully at 'tcp://10.6.83.55:41493'. Reason: worker-handle-scheduler-connection-broken
2025-09-15 10:50:58,729 - distributed.worker - INFO - Removing Worker plugin shuffle
2025-09-15 10:50:58,729 - distributed.nanny - INFO - Closing Nanny gracefully at 'tcp://10.6.83.55:38595'. Reason: worker-handle-scheduler-connection-broken
2025-09-15 10:50:58,729 - distributed.worker - INFO - Removing Worker plugin shuffle
2025-09-15 10:50:58,729 - distributed.nanny - INFO - Closing Nanny gracefully at 'tcp://10.6.83.55:38885'. Reason: worker-handle-scheduler-connection-broken
2025-09-15 10:50:58,729 - distributed.worker - INFO - Removing Worker plugin shuffle
2025-09-15 10:50:58,730 - distributed.nanny - INFO - Closing Nanny gracefully at 'tcp://10.6.83.55:45283'. Reason: worker-handle-scheduler-connection-broken
2025-09-15 10:50:58,730 - distributed.worker - INFO - Removing Worker plugin shuffle
2025-09-15 10:50:58,730 - distributed.nanny - INFO - Closing Nanny gracefully at 'tcp://10.6.83.55:33779'. Reason: worker-handle-scheduler-connection-broken
2025-09-15 10:50:58,730 - distributed.worker - INFO - Removing Worker plugin shuffle
2025-09-15 10:50:58,730 - distributed.nanny - INFO - Closing Nanny gracefully at 'tcp://10.6.83.55:36585'. Reason: worker-handle-scheduler-connection-broken
2025-09-15 10:50:58,730 - distributed.worker - INFO - Removing Worker plugin shuffle
2025-09-15 10:50:58,730 - distributed.nanny - INFO - Closing Nanny gracefully at 'tcp://10.6.83.55:37907'. Reason: worker-handle-scheduler-connection-broken
2025-09-15 10:50:58,730 - distributed.worker - INFO - Removing Worker plugin shuffle
2025-09-15 10:50:58,731 - distributed.nanny - INFO - Closing Nanny gracefully at 'tcp://10.6.83.55:35585'. Reason: worker-handle-scheduler-connection-broken
2025-09-15 10:50:58,731 - distributed.worker - INFO - Removing Worker plugin shuffle
2025-09-15 10:50:58,731 - distributed.nanny - INFO - Closing Nanny gracefully at 'tcp://10.6.83.55:39849'. Reason: worker-handle-scheduler-connection-broken
2025-09-15 10:50:58,731 - distributed.nanny - INFO - Closing Nanny gracefully at 'tcp://10.6.83.55:42445'. Reason: worker-handle-scheduler-connection-broken
2025-09-15 10:50:58,731 - distributed.worker - INFO - Removing Worker plugin shuffle
2025-09-15 10:50:58,731 - distributed.nanny - INFO - Closing Nanny gracefully at 'tcp://10.6.83.55:40841'. Reason: worker-handle-scheduler-connection-broken
2025-09-15 10:50:58,731 - distributed.worker - INFO - Removing Worker plugin shuffle
2025-09-15 10:50:58,731 - distributed.nanny - INFO - Closing Nanny gracefully at 'tcp://10.6.83.55:40551'. Reason: worker-handle-scheduler-connection-broken
2025-09-15 10:50:58,732 - distributed.nanny - INFO - Closing Nanny gracefully at 'tcp://10.6.83.55:43287'. Reason: worker-handle-scheduler-connection-broken
2025-09-15 10:50:58,732 - distributed.worker - INFO - Removing Worker plugin shuffle
2025-09-15 10:50:58,732 - distributed.worker - INFO - Removing Worker plugin shuffle
2025-09-15 10:50:58,732 - distributed.nanny - INFO - Closing Nanny gracefully at 'tcp://10.6.83.55:33563'. Reason: worker-handle-scheduler-connection-broken
2025-09-15 10:50:58,732 - distributed.nanny - INFO - Closing Nanny gracefully at 'tcp://10.6.83.55:45369'. Reason: worker-handle-scheduler-connection-broken
2025-09-15 10:50:58,732 - distributed.nanny - INFO - Closing Nanny gracefully at 'tcp://10.6.83.55:42991'. Reason: worker-handle-scheduler-connection-broken
2025-09-15 10:50:58,732 - distributed.worker - INFO - Removing Worker plugin shuffle
2025-09-15 10:50:58,732 - distributed.nanny - INFO - Closing Nanny gracefully at 'tcp://10.6.83.55:33403'. Reason: worker-handle-scheduler-connection-broken
2025-09-15 10:50:58,732 - distributed.worker - INFO - Removing Worker plugin shuffle
2025-09-15 10:50:58,732 - distributed.worker - INFO - Removing Worker plugin shuffle
2025-09-15 10:50:58,733 - distributed.nanny - INFO - Closing Nanny gracefully at 'tcp://10.6.83.55:43403'. Reason: worker-handle-scheduler-connection-broken
2025-09-15 10:50:58,732 - distributed.worker - INFO - Removing Worker plugin shuffle
2025-09-15 10:50:58,733 - distributed.nanny - INFO - Worker closed
2025-09-15 10:50:58,733 - distributed.nanny - INFO - Closing Nanny gracefully at 'tcp://10.6.83.55:39821'. Reason: worker-handle-scheduler-connection-broken
2025-09-15 10:50:58,733 - distributed.worker - INFO - Removing Worker plugin shuffle
2025-09-15 10:50:58,733 - distributed.worker - INFO - Removing Worker plugin shuffle
2025-09-15 10:50:58,733 - distributed.nanny - INFO - Closing Nanny gracefully at 'tcp://10.6.83.55:33099'. Reason: worker-handle-scheduler-connection-broken
2025-09-15 10:50:58,733 - distributed.worker - INFO - Removing Worker plugin shuffle
2025-09-15 10:50:58,733 - distributed.nanny - INFO - Closing Nanny gracefully at 'tcp://10.6.83.55:38247'. Reason: worker-handle-scheduler-connection-broken
2025-09-15 10:50:58,733 - distributed.worker - INFO - Removing Worker plugin shuffle
2025-09-15 10:50:58,733 - distributed.nanny - INFO - Worker closed
2025-09-15 10:50:58,733 - distributed.nanny - INFO - Closing Nanny gracefully at 'tcp://10.6.83.55:40747'. Reason: worker-handle-scheduler-connection-broken
2025-09-15 10:50:58,733 - distributed.nanny - INFO - Worker closed
2025-09-15 10:50:58,734 - distributed.nanny - INFO - Closing Nanny gracefully at 'tcp://10.6.83.55:34441'. Reason: worker-handle-scheduler-connection-broken
2025-09-15 10:50:58,734 - distributed.worker - INFO - Removing Worker plugin shuffle
2025-09-15 10:50:58,734 - distributed.nanny - INFO - Closing Nanny gracefully at 'tcp://10.6.83.55:35133'. Reason: worker-handle-scheduler-connection-broken
2025-09-15 10:50:58,734 - distributed.nanny - INFO - Closing Nanny gracefully at 'tcp://10.6.83.55:39661'. Reason: worker-handle-scheduler-connection-broken
2025-09-15 10:50:58,734 - distributed.worker - INFO - Removing Worker plugin shuffle
2025-09-15 10:50:58,734 - distributed.nanny - INFO - Closing Nanny gracefully at 'tcp://10.6.83.55:46401'. Reason: worker-handle-scheduler-connection-broken
2025-09-15 10:50:58,734 - distributed.worker - INFO - Removing Worker plugin shuffle
2025-09-15 10:50:58,734 - distributed.nanny - INFO - Worker closed
2025-09-15 10:50:58,734 - distributed.nanny - INFO - Worker closed
2025-09-15 10:50:58,734 - distributed.nanny - INFO - Closing Nanny gracefully at 'tcp://10.6.83.55:39037'. Reason: worker-handle-scheduler-connection-broken
2025-09-15 10:50:58,734 - distributed.nanny - INFO - Worker closed
2025-09-15 10:50:58,734 - distributed.worker - INFO - Removing Worker plugin shuffle
2025-09-15 10:50:58,734 - distributed.nanny - INFO - Worker closed
2025-09-15 10:50:58,734 - distributed.worker - INFO - Removing Worker plugin shuffle
2025-09-15 10:50:58,735 - distributed.nanny - INFO - Closing Nanny gracefully at 'tcp://10.6.83.55:39079'. Reason: worker-handle-scheduler-connection-broken
2025-09-15 10:50:58,735 - distributed.worker - INFO - Removing Worker plugin shuffle
2025-09-15 10:50:58,735 - distributed.worker - INFO - Removing Worker plugin shuffle
2025-09-15 10:50:58,735 - distributed.worker - INFO - Removing Worker plugin shuffle
2025-09-15 10:50:58,735 - distributed.nanny - INFO - Closing Nanny gracefully at 'tcp://10.6.83.55:42455'. Reason: worker-handle-scheduler-connection-broken
2025-09-15 10:50:58,735 - distributed.nanny - INFO - Closing Nanny gracefully at 'tcp://10.6.83.55:35385'. Reason: worker-handle-scheduler-connection-broken
2025-09-15 10:50:58,735 - distributed.nanny - INFO - Worker closed
2025-09-15 10:50:58,735 - distributed.worker - INFO - Removing Worker plugin shuffle
2025-09-15 10:50:58,735 - distributed.nanny - INFO - Closing Nanny gracefully at 'tcp://10.6.83.55:37679'. Reason: worker-handle-scheduler-connection-broken
2025-09-15 10:50:58,735 - distributed.nanny - INFO - Worker closed
2025-09-15 10:50:58,735 - distributed.nanny - INFO - Worker closed
2025-09-15 10:50:58,736 - distributed.nanny - INFO - Closing Nanny gracefully at 'tcp://10.6.83.55:33273'. Reason: worker-handle-scheduler-connection-broken
2025-09-15 10:50:58,735 - distributed.worker - INFO - Removing Worker plugin shuffle
2025-09-15 10:50:58,736 - distributed.nanny - INFO - Closing Nanny gracefully at 'tcp://10.6.83.55:36605'. Reason: worker-handle-scheduler-connection-broken
2025-09-15 10:50:58,736 - distributed.nanny - INFO - Closing Nanny gracefully at 'tcp://10.6.83.55:40505'. Reason: worker-handle-scheduler-connection-broken
2025-09-15 10:50:58,736 - distributed.nanny - INFO - Closing Nanny gracefully at 'tcp://10.6.83.55:35069'. Reason: worker-handle-scheduler-connection-broken
2025-09-15 10:50:58,736 - distributed.nanny - INFO - Worker closed
2025-09-15 10:50:58,736 - distributed.worker - INFO - Removing Worker plugin shuffle
2025-09-15 10:50:58,736 - distributed.worker - INFO - Removing Worker plugin shuffle
2025-09-15 10:50:58,736 - distributed.worker - INFO - Removing Worker plugin shuffle
2025-09-15 10:50:58,736 - distributed.nanny - INFO - Worker closed
2025-09-15 10:50:58,736 - distributed.nanny - INFO - Worker closed
2025-09-15 10:50:58,737 - distributed.worker - INFO - Removing Worker plugin shuffle
2025-09-15 10:50:58,737 - distributed.worker - INFO - Removing Worker plugin shuffle
2025-09-15 10:50:58,737 - distributed.worker - INFO - Removing Worker plugin shuffle
2025-09-15 10:50:58,737 - distributed.nanny - INFO - Worker closed
2025-09-15 10:50:58,737 - distributed.nanny - INFO - Worker closed
2025-09-15 10:50:58,737 - distributed.nanny - INFO - Worker closed
2025-09-15 10:50:58,737 - distributed.worker - INFO - Removing Worker plugin shuffle
2025-09-15 10:50:58,738 - distributed.nanny - INFO - Worker closed
2025-09-15 10:50:58,738 - distributed.nanny - INFO - Worker closed
2025-09-15 10:50:58,738 - distributed.nanny - INFO - Worker closed
2025-09-15 10:50:58,738 - distributed.nanny - INFO - Worker closed
2025-09-15 10:50:58,738 - distributed.nanny - INFO - Worker closed
2025-09-15 10:50:58,738 - distributed.nanny - INFO - Worker closed
2025-09-15 10:50:58,738 - distributed.nanny - INFO - Worker closed
2025-09-15 10:50:58,739 - distributed.nanny - INFO - Worker closed
2025-09-15 10:50:58,739 - distributed.nanny - INFO - Worker closed
2025-09-15 10:50:58,739 - distributed.nanny - INFO - Closing Nanny gracefully at 'tcp://10.6.83.55:35649'. Reason: worker-handle-scheduler-connection-broken
2025-09-15 10:50:58,739 - distributed.nanny - INFO - Closing Nanny gracefully at 'tcp://10.6.83.55:46529'. Reason: worker-handle-scheduler-connection-broken
2025-09-15 10:50:58,739 - distributed.nanny - INFO - Closing Nanny gracefully at 'tcp://10.6.83.55:44791'. Reason: worker-handle-scheduler-connection-broken
2025-09-15 10:50:58,739 - distributed.nanny - INFO - Closing Nanny gracefully at 'tcp://10.6.83.55:35259'. Reason: worker-handle-scheduler-connection-broken
2025-09-15 10:50:58,740 - distributed.nanny - INFO - Closing Nanny gracefully at 'tcp://10.6.83.55:35637'. Reason: worker-handle-scheduler-connection-broken
2025-09-15 10:50:58,740 - distributed.nanny - INFO - Closing Nanny gracefully at 'tcp://10.6.83.55:42775'. Reason: worker-handle-scheduler-connection-broken
2025-09-15 10:50:58,740 - distributed.nanny - INFO - Closing Nanny gracefully at 'tcp://10.6.83.55:36817'. Reason: worker-handle-scheduler-connection-broken
2025-09-15 10:50:58,740 - distributed.nanny - INFO - Closing Nanny gracefully at 'tcp://10.6.83.55:33023'. Reason: worker-handle-scheduler-connection-broken
2025-09-15 10:50:58,740 - distributed.worker - INFO - Removing Worker plugin shuffle
2025-09-15 10:50:58,740 - distributed.nanny - INFO - Closing Nanny gracefully at 'tcp://10.6.83.55:37817'. Reason: worker-handle-scheduler-connection-broken
2025-09-15 10:50:58,740 - distributed.worker - INFO - Removing Worker plugin shuffle
2025-09-15 10:50:58,740 - distributed.worker - INFO - Removing Worker plugin shuffle
2025-09-15 10:50:58,740 - distributed.worker - INFO - Removing Worker plugin shuffle
2025-09-15 10:50:58,741 - distributed.worker - INFO - Removing Worker plugin shuffle
2025-09-15 10:50:58,741 - distributed.worker - INFO - Removing Worker plugin shuffle
2025-09-15 10:50:58,741 - distributed.worker - INFO - Removing Worker plugin shuffle
2025-09-15 10:50:58,741 - distributed.worker - INFO - Removing Worker plugin shuffle
2025-09-15 10:50:58,741 - distributed.nanny - INFO - Worker closed
2025-09-15 10:50:58,741 - distributed.worker - INFO - Removing Worker plugin shuffle
2025-09-15 10:50:58,742 - distributed.nanny - INFO - Worker closed
2025-09-15 10:50:58,742 - distributed.nanny - INFO - Worker closed
2025-09-15 10:50:58,743 - distributed.nanny - INFO - Worker closed
2025-09-15 10:50:58,743 - distributed.nanny - INFO - Worker closed
2025-09-15 10:50:58,746 - distributed.nanny - INFO - Worker closed
2025-09-15 10:50:58,747 - distributed.nanny - INFO - Worker closed
2025-09-15 10:50:58,750 - distributed.nanny - INFO - Worker closed
2025-09-15 10:50:58,751 - distributed.nanny - INFO - Worker closed
2025-09-15 10:50:58,751 - distributed.nanny - INFO - Worker closed
2025-09-15 10:50:58,751 - distributed.nanny - INFO - Worker closed
2025-09-15 10:50:58,751 - distributed.nanny - INFO - Worker closed
2025-09-15 10:50:58,751 - distributed.nanny - INFO - Worker closed
2025-09-15 10:50:58,754 - distributed.nanny - INFO - Worker closed
2025-09-15 10:50:58,754 - distributed.nanny - INFO - Worker closed
2025-09-15 10:50:58,755 - distributed.nanny - INFO - Worker closed
2025-09-15 10:50:58,755 - distributed.nanny - INFO - Worker closed
2025-09-15 10:50:58,755 - distributed.nanny - INFO - Worker closed
2025-09-15 10:50:58,755 - distributed.nanny - INFO - Worker closed
2025-09-15 10:50:58,755 - distributed.nanny - INFO - Worker closed
2025-09-15 10:50:58,755 - distributed.nanny - INFO - Worker closed
2025-09-15 10:51:00,721 - distributed.nanny - ERROR - Worker process died unexpectedly
2025-09-15 10:51:00,737 - distributed.nanny - ERROR - Worker process died unexpectedly
2025-09-15 10:51:00,738 - distributed.nanny - ERROR - Worker process died unexpectedly
2025-09-15 10:51:00,738 - distributed.nanny - ERROR - Worker process died unexpectedly
2025-09-15 10:51:00,739 - distributed.nanny - ERROR - Worker process died unexpectedly
2025-09-15 10:51:00,739 - distributed.nanny - ERROR - Worker process died unexpectedly
2025-09-15 10:51:00,739 - distributed.nanny - ERROR - Worker process died unexpectedly
2025-09-15 10:51:00,741 - distributed.nanny - ERROR - Worker process died unexpectedly
2025-09-15 10:51:00,741 - distributed.nanny - ERROR - Worker process died unexpectedly
2025-09-15 10:51:00,742 - distributed.nanny - ERROR - Worker process died unexpectedly
2025-09-15 10:51:00,742 - distributed.nanny - ERROR - Worker process died unexpectedly
2025-09-15 10:51:00,743 - distributed.nanny - ERROR - Worker process died unexpectedly
2025-09-15 10:51:00,755 - distributed.nanny - ERROR - Worker process died unexpectedly
2025-09-15 10:51:00,763 - distributed.nanny - ERROR - Worker process died unexpectedly
2025-09-15 10:51:00,763 - distributed.nanny - ERROR - Worker process died unexpectedly
2025-09-15 10:51:00,763 - distributed.nanny - ERROR - Worker process died unexpectedly
2025-09-15 10:51:00,945 - distributed.nanny - INFO - Closing Nanny at 'tcp://10.6.83.55:37911'. Reason: nanny-close-gracefully
2025-09-15 10:51:00,948 - distributed.nanny - INFO - Closing Nanny at 'tcp://10.6.83.55:37225'. Reason: nanny-close-gracefully
2025-09-15 10:51:00,949 - distributed.nanny - INFO - Nanny at 'tcp://10.6.83.55:37911' closed.
2025-09-15 10:51:00,950 - distributed.nanny - INFO - Nanny at 'tcp://10.6.83.55:37225' closed.
2025-09-15 10:51:00,959 - distributed.nanny - INFO - Closing Nanny at 'tcp://10.6.83.55:46009'. Reason: nanny-close-gracefully
2025-09-15 10:51:00,962 - distributed.nanny - INFO - Closing Nanny at 'tcp://10.6.83.55:44837'. Reason: nanny-close-gracefully
2025-09-15 10:51:00,967 - distributed.nanny - INFO - Closing Nanny at 'tcp://10.6.83.55:38247'. Reason: nanny-close-gracefully
2025-09-15 10:51:00,968 - distributed.nanny - INFO - Nanny at 'tcp://10.6.83.55:46009' closed.
2025-09-15 10:51:00,969 - distributed.nanny - INFO - Nanny at 'tcp://10.6.83.55:44837' closed.
2025-09-15 10:51:00,970 - distributed.nanny - INFO - Nanny at 'tcp://10.6.83.55:38247' closed.
2025-09-15 10:51:00,974 - distributed.nanny - INFO - Closing Nanny at 'tcp://10.6.83.55:37907'. Reason: nanny-close-gracefully
2025-09-15 10:51:00,982 - distributed.nanny - INFO - Nanny at 'tcp://10.6.83.55:37907' closed.
2025-09-15 10:51:00,991 - distributed.nanny - INFO - Closing Nanny at 'tcp://10.6.83.55:43287'. Reason: nanny-close-gracefully
2025-09-15 10:51:00,996 - distributed.nanny - INFO - Closing Nanny at 'tcp://10.6.83.55:39821'. Reason: nanny-close-gracefully
2025-09-15 10:51:00,997 - distributed.nanny - INFO - Closing Nanny at 'tcp://10.6.83.55:46401'. Reason: nanny-close-gracefully
2025-09-15 10:51:00,998 - distributed.nanny - INFO - Closing Nanny at 'tcp://10.6.83.55:37097'. Reason: nanny-close-gracefully
2025-09-15 10:51:00,999 - distributed.nanny - INFO - Closing Nanny at 'tcp://10.6.83.55:39037'. Reason: nanny-close-gracefully
2025-09-15 10:51:01,000 - distributed.nanny - INFO - Nanny at 'tcp://10.6.83.55:43287' closed.
2025-09-15 10:51:01,000 - distributed.nanny - INFO - Closing Nanny at 'tcp://10.6.83.55:40505'. Reason: nanny-close-gracefully
2025-09-15 10:51:01,000 - distributed.nanny - INFO - Nanny at 'tcp://10.6.83.55:39821' closed.
2025-09-15 10:51:01,001 - distributed.nanny - INFO - Nanny at 'tcp://10.6.83.55:46401' closed.
2025-09-15 10:51:01,001 - distributed.nanny - INFO - Nanny at 'tcp://10.6.83.55:37097' closed.
2025-09-15 10:51:01,002 - distributed.nanny - INFO - Closing Nanny at 'tcp://10.6.83.55:35385'. Reason: nanny-close-gracefully
2025-09-15 10:51:01,002 - distributed.nanny - INFO - Nanny at 'tcp://10.6.83.55:39037' closed.
2025-09-15 10:51:01,002 - distributed.nanny - INFO - Nanny at 'tcp://10.6.83.55:40505' closed.
2025-09-15 10:51:01,003 - distributed.nanny - INFO - Nanny at 'tcp://10.6.83.55:35385' closed.
2025-09-15 10:51:01,014 - distributed.nanny - INFO - Closing Nanny at 'tcp://10.6.83.55:33099'. Reason: nanny-close-gracefully
2025-09-15 10:51:01,017 - distributed.nanny - INFO - Nanny at 'tcp://10.6.83.55:33099' closed.
2025-09-15 10:51:01,030 - distributed.nanny - INFO - Closing Nanny at 'tcp://10.6.83.55:39029'. Reason: nanny-close-gracefully
2025-09-15 10:51:01,033 - distributed.nanny - INFO - Closing Nanny at 'tcp://10.6.83.55:43403'. Reason: nanny-close-gracefully
2025-09-15 10:51:01,036 - distributed.nanny - INFO - Closing Nanny at 'tcp://10.6.83.55:40779'. Reason: nanny-close-gracefully
2025-09-15 10:51:01,036 - distributed.nanny - INFO - Nanny at 'tcp://10.6.83.55:39029' closed.
2025-09-15 10:51:01,037 - distributed.nanny - INFO - Nanny at 'tcp://10.6.83.55:43403' closed.
2025-09-15 10:51:01,037 - distributed.nanny - INFO - Nanny at 'tcp://10.6.83.55:40779' closed.
2025-09-15 10:51:01,050 - distributed.nanny - INFO - Closing Nanny at 'tcp://10.6.83.55:38885'. Reason: nanny-close-gracefully
2025-09-15 10:51:01,051 - distributed.nanny - INFO - Closing Nanny at 'tcp://10.6.83.55:35585'. Reason: nanny-close-gracefully
2025-09-15 10:51:01,052 - distributed.nanny - INFO - Nanny at 'tcp://10.6.83.55:38885' closed.
2025-09-15 10:51:01,052 - distributed.nanny - INFO - Nanny at 'tcp://10.6.83.55:35585' closed.
2025-09-15 10:51:01,054 - distributed.nanny - INFO - Closing Nanny at 'tcp://10.6.83.55:40747'. Reason: nanny-close-gracefully
2025-09-15 10:51:01,055 - distributed.nanny - INFO - Nanny at 'tcp://10.6.83.55:40747' closed.
2025-09-15 10:51:01,056 - distributed.nanny - INFO - Closing Nanny at 'tcp://10.6.83.55:39079'. Reason: nanny-close-gracefully
2025-09-15 10:51:01,060 - distributed.nanny - INFO - Nanny at 'tcp://10.6.83.55:39079' closed.
2025-09-15 10:51:01,062 - distributed.nanny - INFO - Closing Nanny at 'tcp://10.6.83.55:42991'. Reason: nanny-close-gracefully
2025-09-15 10:51:01,063 - distributed.nanny - INFO - Nanny at 'tcp://10.6.83.55:42991' closed.
2025-09-15 10:51:01,067 - distributed.nanny - INFO - Closing Nanny at 'tcp://10.6.83.55:41493'. Reason: nanny-close-gracefully
2025-09-15 10:51:01,068 - distributed.nanny - INFO - Nanny at 'tcp://10.6.83.55:41493' closed.
2025-09-15 10:51:01,074 - distributed.nanny - INFO - Closing Nanny at 'tcp://10.6.83.55:42445'. Reason: nanny-close-gracefully
2025-09-15 10:51:01,075 - distributed.nanny - INFO - Nanny at 'tcp://10.6.83.55:42445' closed.
2025-09-15 10:51:01,081 - distributed.nanny - INFO - Closing Nanny at 'tcp://10.6.83.55:35649'. Reason: nanny-close-gracefully
2025-09-15 10:51:01,082 - distributed.nanny - INFO - Nanny at 'tcp://10.6.83.55:35649' closed.
2025-09-15 10:51:01,087 - distributed.nanny - INFO - Closing Nanny at 'tcp://10.6.83.55:46567'. Reason: nanny-close-gracefully
2025-09-15 10:51:01,087 - distributed.nanny - INFO - Nanny at 'tcp://10.6.83.55:46567' closed.
2025-09-15 10:51:01,092 - distributed.nanny - INFO - Closing Nanny at 'tcp://10.6.83.55:38595'. Reason: nanny-close-gracefully
2025-09-15 10:51:01,093 - distributed.nanny - INFO - Nanny at 'tcp://10.6.83.55:38595' closed.
2025-09-15 10:51:01,096 - distributed.nanny - INFO - Closing Nanny at 'tcp://10.6.83.55:34441'. Reason: nanny-close-gracefully
2025-09-15 10:51:01,100 - distributed.nanny - INFO - Closing Nanny at 'tcp://10.6.83.55:45369'. Reason: nanny-close-gracefully
2025-09-15 10:51:01,101 - distributed.nanny - INFO - Nanny at 'tcp://10.6.83.55:34441' closed.
2025-09-15 10:51:01,102 - distributed.nanny - INFO - Closing Nanny at 'tcp://10.6.83.55:45283'. Reason: nanny-close-gracefully
2025-09-15 10:51:01,105 - distributed.nanny - INFO - Closing Nanny at 'tcp://10.6.83.55:33779'. Reason: nanny-close-gracefully
2025-09-15 10:51:01,106 - distributed.nanny - INFO - Closing Nanny at 'tcp://10.6.83.55:35259'. Reason: nanny-close-gracefully
2025-09-15 10:51:01,107 - distributed.nanny - INFO - Nanny at 'tcp://10.6.83.55:45369' closed.
2025-09-15 10:51:01,108 - distributed.nanny - INFO - Closing Nanny at 'tcp://10.6.83.55:46529'. Reason: nanny-close-gracefully
2025-09-15 10:51:01,108 - distributed.nanny - INFO - Nanny at 'tcp://10.6.83.55:45283' closed.
2025-09-15 10:51:01,109 - distributed.nanny - INFO - Closing Nanny at 'tcp://10.6.83.55:39849'. Reason: nanny-close-gracefully
2025-09-15 10:51:01,109 - distributed.nanny - INFO - Nanny at 'tcp://10.6.83.55:33779' closed.
2025-09-15 10:51:01,110 - distributed.nanny - INFO - Nanny at 'tcp://10.6.83.55:35259' closed.
2025-09-15 10:51:01,110 - distributed.nanny - INFO - Nanny at 'tcp://10.6.83.55:46529' closed.
2025-09-15 10:51:01,112 - distributed.nanny - INFO - Nanny at 'tcp://10.6.83.55:39849' closed.
2025-09-15 10:51:01,113 - distributed.nanny - INFO - Closing Nanny at 'tcp://10.6.83.55:44791'. Reason: nanny-close-gracefully
2025-09-15 10:51:01,114 - distributed.nanny - INFO - Closing Nanny at 'tcp://10.6.83.55:36585'. Reason: nanny-close-gracefully
2025-09-15 10:51:01,115 - distributed.nanny - INFO - Closing Nanny at 'tcp://10.6.83.55:35133'. Reason: nanny-close-gracefully
2025-09-15 10:51:01,115 - distributed.nanny - INFO - Nanny at 'tcp://10.6.83.55:44791' closed.
2025-09-15 10:51:01,116 - distributed.nanny - INFO - Nanny at 'tcp://10.6.83.55:36585' closed.
2025-09-15 10:51:01,117 - distributed.nanny - INFO - Nanny at 'tcp://10.6.83.55:35133' closed.
2025-09-15 10:51:01,120 - distributed.nanny - INFO - Closing Nanny at 'tcp://10.6.83.55:36605'. Reason: nanny-close-gracefully
2025-09-15 10:51:01,121 - distributed.nanny - INFO - Closing Nanny at 'tcp://10.6.83.55:35637'. Reason: nanny-close-gracefully
2025-09-15 10:51:01,123 - distributed.nanny - INFO - Nanny at 'tcp://10.6.83.55:36605' closed.
2025-09-15 10:51:01,123 - distributed.nanny - INFO - Closing Nanny at 'tcp://10.6.83.55:35069'. Reason: nanny-close-gracefully
2025-09-15 10:51:01,124 - distributed.nanny - INFO - Closing Nanny at 'tcp://10.6.83.55:42775'. Reason: nanny-close-gracefully
2025-09-15 10:51:01,125 - distributed.nanny - INFO - Nanny at 'tcp://10.6.83.55:35637' closed.
2025-09-15 10:51:01,126 - distributed.nanny - INFO - Closing Nanny at 'tcp://10.6.83.55:42455'. Reason: nanny-close-gracefully
2025-09-15 10:51:01,127 - distributed.nanny - INFO - Closing Nanny at 'tcp://10.6.83.55:37817'. Reason: nanny-close-gracefully
2025-09-15 10:51:01,127 - distributed.nanny - INFO - Nanny at 'tcp://10.6.83.55:35069' closed.
2025-09-15 10:51:01,128 - distributed.nanny - INFO - Nanny at 'tcp://10.6.83.55:42775' closed.
2025-09-15 10:51:01,130 - distributed.nanny - INFO - Closing Nanny at 'tcp://10.6.83.55:37679'. Reason: nanny-close-gracefully
2025-09-15 10:51:01,131 - distributed.nanny - INFO - Nanny at 'tcp://10.6.83.55:42455' closed.
2025-09-15 10:51:01,132 - distributed.nanny - INFO - Closing Nanny at 'tcp://10.6.83.55:36817'. Reason: nanny-close-gracefully
2025-09-15 10:51:01,132 - distributed.nanny - INFO - Nanny at 'tcp://10.6.83.55:37817' closed.
2025-09-15 10:51:01,133 - distributed.nanny - INFO - Closing Nanny at 'tcp://10.6.83.55:33273'. Reason: nanny-close-gracefully
2025-09-15 10:51:01,133 - distributed.nanny - INFO - Closing Nanny at 'tcp://10.6.83.55:33023'. Reason: nanny-close-gracefully
2025-09-15 10:51:01,133 - distributed.nanny - INFO - Nanny at 'tcp://10.6.83.55:37679' closed.
2025-09-15 10:51:01,133 - distributed.nanny - INFO - Nanny at 'tcp://10.6.83.55:36817' closed.
2025-09-15 10:51:01,134 - distributed.nanny - INFO - Nanny at 'tcp://10.6.83.55:33273' closed.
2025-09-15 10:51:01,134 - distributed.nanny - INFO - Nanny at 'tcp://10.6.83.55:33023' closed.
2025-09-15 10:51:01,149 - distributed.nanny - INFO - Closing Nanny at 'tcp://10.6.83.55:39661'. Reason: nanny-close-gracefully
2025-09-15 10:51:01,150 - distributed.nanny - INFO - Nanny at 'tcp://10.6.83.55:39661' closed.
2025-09-15 10:51:01,157 - distributed.nanny - INFO - Closing Nanny at 'tcp://10.6.83.55:33563'. Reason: nanny-close-gracefully
2025-09-15 10:51:01,157 - distributed.nanny - INFO - Closing Nanny at 'tcp://10.6.83.55:40841'. Reason: nanny-close-gracefully
2025-09-15 10:51:01,158 - distributed.nanny - INFO - Nanny at 'tcp://10.6.83.55:33563' closed.
2025-09-15 10:51:01,158 - distributed.nanny - INFO - Nanny at 'tcp://10.6.83.55:40841' closed.
2025-09-15 10:51:01,160 - distributed.nanny - INFO - Closing Nanny at 'tcp://10.6.83.55:33403'. Reason: nanny-close-gracefully
2025-09-15 10:51:01,160 - distributed.nanny - INFO - Nanny at 'tcp://10.6.83.55:33403' closed.
2025-09-15 10:51:01,162 - distributed.nanny - INFO - Closing Nanny at 'tcp://10.6.83.55:40551'. Reason: nanny-close-gracefully
2025-09-15 10:51:01,163 - distributed.nanny - INFO - Nanny at 'tcp://10.6.83.55:40551' closed.
2025-09-15 10:51:01,166 - distributed.dask_worker - INFO - End worker
