Loading singularity
Loading conda/analysis3-25.06
Loading gadi_jupyterlab/23.02
2025-09-15 10:50:55,288 - distributed.nanny - INFO -         Start Nanny at: 'tcp://10.6.85.15:37477'
2025-09-15 10:50:55,298 - distributed.nanny - INFO -         Start Nanny at: 'tcp://10.6.85.15:42251'
2025-09-15 10:50:55,303 - distributed.nanny - INFO -         Start Nanny at: 'tcp://10.6.85.15:45221'
2025-09-15 10:50:55,307 - distributed.nanny - INFO -         Start Nanny at: 'tcp://10.6.85.15:33795'
2025-09-15 10:50:55,311 - distributed.nanny - INFO -         Start Nanny at: 'tcp://10.6.85.15:39745'
2025-09-15 10:50:55,315 - distributed.nanny - INFO -         Start Nanny at: 'tcp://10.6.85.15:36039'
2025-09-15 10:50:55,320 - distributed.nanny - INFO -         Start Nanny at: 'tcp://10.6.85.15:43135'
2025-09-15 10:50:55,324 - distributed.nanny - INFO -         Start Nanny at: 'tcp://10.6.85.15:37749'
2025-09-15 10:50:55,329 - distributed.nanny - INFO -         Start Nanny at: 'tcp://10.6.85.15:46471'
2025-09-15 10:50:55,334 - distributed.nanny - INFO -         Start Nanny at: 'tcp://10.6.85.15:43753'
2025-09-15 10:50:55,339 - distributed.nanny - INFO -         Start Nanny at: 'tcp://10.6.85.15:45583'
2025-09-15 10:50:55,342 - distributed.nanny - INFO -         Start Nanny at: 'tcp://10.6.85.15:42603'
2025-09-15 10:50:55,346 - distributed.nanny - INFO -         Start Nanny at: 'tcp://10.6.85.15:34687'
2025-09-15 10:50:55,350 - distributed.nanny - INFO -         Start Nanny at: 'tcp://10.6.85.15:33657'
2025-09-15 10:50:55,355 - distributed.nanny - INFO -         Start Nanny at: 'tcp://10.6.85.15:34097'
2025-09-15 10:50:55,361 - distributed.nanny - INFO -         Start Nanny at: 'tcp://10.6.85.15:39333'
2025-09-15 10:50:55,365 - distributed.nanny - INFO -         Start Nanny at: 'tcp://10.6.85.15:38029'
2025-09-15 10:50:55,370 - distributed.nanny - INFO -         Start Nanny at: 'tcp://10.6.85.15:38289'
2025-09-15 10:50:55,375 - distributed.nanny - INFO -         Start Nanny at: 'tcp://10.6.85.15:33263'
2025-09-15 10:50:55,379 - distributed.nanny - INFO -         Start Nanny at: 'tcp://10.6.85.15:40245'
2025-09-15 10:50:55,492 - distributed.nanny - INFO -         Start Nanny at: 'tcp://10.6.85.15:33097'
2025-09-15 10:50:55,496 - distributed.nanny - INFO -         Start Nanny at: 'tcp://10.6.85.15:37343'
2025-09-15 10:50:55,500 - distributed.nanny - INFO -         Start Nanny at: 'tcp://10.6.85.15:45345'
2025-09-15 10:50:55,504 - distributed.nanny - INFO -         Start Nanny at: 'tcp://10.6.85.15:46619'
2025-09-15 10:50:55,508 - distributed.nanny - INFO -         Start Nanny at: 'tcp://10.6.85.15:43375'
2025-09-15 10:50:55,513 - distributed.nanny - INFO -         Start Nanny at: 'tcp://10.6.85.15:42943'
2025-09-15 10:50:55,518 - distributed.nanny - INFO -         Start Nanny at: 'tcp://10.6.85.15:36761'
2025-09-15 10:50:55,523 - distributed.nanny - INFO -         Start Nanny at: 'tcp://10.6.85.15:34989'
2025-09-15 10:50:55,528 - distributed.nanny - INFO -         Start Nanny at: 'tcp://10.6.85.15:45555'
2025-09-15 10:50:55,532 - distributed.nanny - INFO -         Start Nanny at: 'tcp://10.6.85.15:43191'
2025-09-15 10:50:55,537 - distributed.nanny - INFO -         Start Nanny at: 'tcp://10.6.85.15:44683'
2025-09-15 10:50:55,541 - distributed.nanny - INFO -         Start Nanny at: 'tcp://10.6.85.15:45381'
2025-09-15 10:50:55,545 - distributed.nanny - INFO -         Start Nanny at: 'tcp://10.6.85.15:36281'
2025-09-15 10:50:55,550 - distributed.nanny - INFO -         Start Nanny at: 'tcp://10.6.85.15:42539'
2025-09-15 10:50:55,555 - distributed.nanny - INFO -         Start Nanny at: 'tcp://10.6.85.15:40573'
2025-09-15 10:50:55,559 - distributed.nanny - INFO -         Start Nanny at: 'tcp://10.6.85.15:40831'
2025-09-15 10:50:55,563 - distributed.nanny - INFO -         Start Nanny at: 'tcp://10.6.85.15:46733'
2025-09-15 10:50:55,566 - distributed.nanny - INFO -         Start Nanny at: 'tcp://10.6.85.15:37299'
2025-09-15 10:50:55,571 - distributed.nanny - INFO -         Start Nanny at: 'tcp://10.6.85.15:33353'
2025-09-15 10:50:55,576 - distributed.nanny - INFO -         Start Nanny at: 'tcp://10.6.85.15:38787'
2025-09-15 10:50:55,582 - distributed.nanny - INFO -         Start Nanny at: 'tcp://10.6.85.15:43645'
2025-09-15 10:50:55,586 - distributed.nanny - INFO -         Start Nanny at: 'tcp://10.6.85.15:38951'
2025-09-15 10:50:55,593 - distributed.nanny - INFO -         Start Nanny at: 'tcp://10.6.85.15:42289'
2025-09-15 10:50:55,597 - distributed.nanny - INFO -         Start Nanny at: 'tcp://10.6.85.15:37715'
2025-09-15 10:50:55,602 - distributed.nanny - INFO -         Start Nanny at: 'tcp://10.6.85.15:46117'
2025-09-15 10:50:55,606 - distributed.nanny - INFO -         Start Nanny at: 'tcp://10.6.85.15:41863'
2025-09-15 10:50:55,610 - distributed.nanny - INFO -         Start Nanny at: 'tcp://10.6.85.15:39477'
2025-09-15 10:50:55,615 - distributed.nanny - INFO -         Start Nanny at: 'tcp://10.6.85.15:40171'
2025-09-15 10:50:55,619 - distributed.nanny - INFO -         Start Nanny at: 'tcp://10.6.85.15:35759'
2025-09-15 10:50:55,622 - distributed.nanny - INFO -         Start Nanny at: 'tcp://10.6.85.15:38775'
2025-09-15 10:50:55,627 - distributed.nanny - INFO -         Start Nanny at: 'tcp://10.6.85.15:43273'
2025-09-15 10:50:55,634 - distributed.nanny - INFO -         Start Nanny at: 'tcp://10.6.85.15:39737'
2025-09-15 10:50:56,568 - distributed.worker - INFO -       Start worker at:     tcp://10.6.85.15:45641
2025-09-15 10:50:56,568 - distributed.worker - INFO -       Start worker at:     tcp://10.6.85.15:37305
2025-09-15 10:50:56,568 - distributed.worker - INFO -       Start worker at:     tcp://10.6.85.15:33487
2025-09-15 10:50:56,568 - distributed.worker - INFO -       Start worker at:     tcp://10.6.85.15:39535
2025-09-15 10:50:56,568 - distributed.worker - INFO -       Start worker at:     tcp://10.6.85.15:45955
2025-09-15 10:50:56,568 - distributed.worker - INFO -       Start worker at:     tcp://10.6.85.15:40817
2025-09-15 10:50:56,568 - distributed.worker - INFO -       Start worker at:     tcp://10.6.85.15:46411
2025-09-15 10:50:56,568 - distributed.worker - INFO -       Start worker at:     tcp://10.6.85.15:40623
2025-09-15 10:50:56,568 - distributed.worker - INFO -       Start worker at:     tcp://10.6.85.15:43649
2025-09-15 10:50:56,568 - distributed.worker - INFO -          Listening to:     tcp://10.6.85.15:45641
2025-09-15 10:50:56,568 - distributed.worker - INFO -       Start worker at:     tcp://10.6.85.15:40479
2025-09-15 10:50:56,568 - distributed.worker - INFO -          Listening to:     tcp://10.6.85.15:37305
2025-09-15 10:50:56,568 - distributed.worker - INFO -       Start worker at:     tcp://10.6.85.15:40617
2025-09-15 10:50:56,568 - distributed.worker - INFO -       Start worker at:     tcp://10.6.85.15:39827
2025-09-15 10:50:56,568 - distributed.worker - INFO -          Listening to:     tcp://10.6.85.15:40617
2025-09-15 10:50:56,568 - distributed.worker - INFO -          Listening to:     tcp://10.6.85.15:33487
2025-09-15 10:50:56,568 - distributed.worker - INFO -       Start worker at:     tcp://10.6.85.15:45663
2025-09-15 10:50:56,568 - distributed.worker - INFO -       Start worker at:     tcp://10.6.85.15:42673
2025-09-15 10:50:56,568 - distributed.worker - INFO -       Start worker at:     tcp://10.6.85.15:44797
2025-09-15 10:50:56,568 - distributed.worker - INFO -          Listening to:     tcp://10.6.85.15:39535
2025-09-15 10:50:56,568 - distributed.worker - INFO -       Start worker at:     tcp://10.6.85.15:37131
2025-09-15 10:50:56,568 - distributed.worker - INFO -          Listening to:     tcp://10.6.85.15:45955
2025-09-15 10:50:56,568 - distributed.worker - INFO -       Start worker at:     tcp://10.6.85.15:46617
2025-09-15 10:50:56,568 - distributed.worker - INFO -          Listening to:     tcp://10.6.85.15:40817
2025-09-15 10:50:56,568 - distributed.worker - INFO -          Listening to:     tcp://10.6.85.15:46411
2025-09-15 10:50:56,568 - distributed.worker - INFO -          Listening to:     tcp://10.6.85.15:40623
2025-09-15 10:50:56,568 - distributed.worker - INFO -          Listening to:     tcp://10.6.85.15:43649
2025-09-15 10:50:56,568 - distributed.worker - INFO -          dashboard at:           10.6.85.15:35995
2025-09-15 10:50:56,568 - distributed.worker - INFO -          Listening to:     tcp://10.6.85.15:40479
2025-09-15 10:50:56,568 - distributed.worker - INFO -          dashboard at:           10.6.85.15:40993
2025-09-15 10:50:56,568 - distributed.worker - INFO -          Listening to:     tcp://10.6.85.15:39827
2025-09-15 10:50:56,568 - distributed.worker - INFO -          dashboard at:           10.6.85.15:36523
2025-09-15 10:50:56,568 - distributed.worker - INFO -          dashboard at:           10.6.85.15:46681
2025-09-15 10:50:56,568 - distributed.worker - INFO -          Listening to:     tcp://10.6.85.15:45663
2025-09-15 10:50:56,568 - distributed.worker - INFO -          Listening to:     tcp://10.6.85.15:42673
2025-09-15 10:50:56,568 - distributed.worker - INFO -          Listening to:     tcp://10.6.85.15:44797
2025-09-15 10:50:56,568 - distributed.worker - INFO -          dashboard at:           10.6.85.15:44491
2025-09-15 10:50:56,568 - distributed.worker - INFO -          Listening to:     tcp://10.6.85.15:37131
2025-09-15 10:50:56,568 - distributed.worker - INFO -          dashboard at:           10.6.85.15:44017
2025-09-15 10:50:56,568 - distributed.worker - INFO -          Listening to:     tcp://10.6.85.15:46617
2025-09-15 10:50:56,568 - distributed.worker - INFO -          dashboard at:           10.6.85.15:39393
2025-09-15 10:50:56,568 - distributed.worker - INFO -          dashboard at:           10.6.85.15:34229
2025-09-15 10:50:56,568 - distributed.worker - INFO -          dashboard at:           10.6.85.15:33207
2025-09-15 10:50:56,568 - distributed.worker - INFO -          dashboard at:           10.6.85.15:39347
2025-09-15 10:50:56,568 - distributed.worker - INFO - Waiting to connect to:      tcp://10.6.82.36:8734
2025-09-15 10:50:56,568 - distributed.worker - INFO -          dashboard at:           10.6.85.15:34809
2025-09-15 10:50:56,568 - distributed.worker - INFO - Waiting to connect to:      tcp://10.6.82.36:8734
2025-09-15 10:50:56,568 - distributed.worker - INFO -          dashboard at:           10.6.85.15:35595
2025-09-15 10:50:56,568 - distributed.worker - INFO - Waiting to connect to:      tcp://10.6.82.36:8734
2025-09-15 10:50:56,568 - distributed.worker - INFO - Waiting to connect to:      tcp://10.6.82.36:8734
2025-09-15 10:50:56,568 - distributed.worker - INFO -          dashboard at:           10.6.85.15:38999
2025-09-15 10:50:56,568 - distributed.worker - INFO -          dashboard at:           10.6.85.15:37787
2025-09-15 10:50:56,568 - distributed.worker - INFO -          dashboard at:           10.6.85.15:33663
2025-09-15 10:50:56,568 - distributed.worker - INFO - Waiting to connect to:      tcp://10.6.82.36:8734
2025-09-15 10:50:56,568 - distributed.worker - INFO -          dashboard at:           10.6.85.15:44145
2025-09-15 10:50:56,568 - distributed.worker - INFO - Waiting to connect to:      tcp://10.6.82.36:8734
2025-09-15 10:50:56,568 - distributed.worker - INFO - Waiting to connect to:      tcp://10.6.82.36:8734
2025-09-15 10:50:56,568 - distributed.worker - INFO -          dashboard at:           10.6.85.15:36191
2025-09-15 10:50:56,568 - distributed.worker - INFO - Waiting to connect to:      tcp://10.6.82.36:8734
2025-09-15 10:50:56,568 - distributed.worker - INFO - Waiting to connect to:      tcp://10.6.82.36:8734
2025-09-15 10:50:56,568 - distributed.worker - INFO - -------------------------------------------------
2025-09-15 10:50:56,568 - distributed.worker - INFO - Waiting to connect to:      tcp://10.6.82.36:8734
2025-09-15 10:50:56,568 - distributed.worker - INFO - -------------------------------------------------
2025-09-15 10:50:56,568 - distributed.worker - INFO - Waiting to connect to:      tcp://10.6.82.36:8734
2025-09-15 10:50:56,568 - distributed.worker - INFO - -------------------------------------------------
2025-09-15 10:50:56,568 - distributed.worker - INFO - Waiting to connect to:      tcp://10.6.82.36:8734
2025-09-15 10:50:56,568 - distributed.worker - INFO - -------------------------------------------------
2025-09-15 10:50:56,568 - distributed.worker - INFO - Waiting to connect to:      tcp://10.6.82.36:8734
2025-09-15 10:50:56,568 - distributed.worker - INFO - Waiting to connect to:      tcp://10.6.82.36:8734
2025-09-15 10:50:56,568 - distributed.worker - INFO - -------------------------------------------------
2025-09-15 10:50:56,568 - distributed.worker - INFO - Waiting to connect to:      tcp://10.6.82.36:8734
2025-09-15 10:50:56,568 - distributed.worker - INFO - -------------------------------------------------
2025-09-15 10:50:56,568 - distributed.worker - INFO - Waiting to connect to:      tcp://10.6.82.36:8734
2025-09-15 10:50:56,568 - distributed.worker - INFO - -------------------------------------------------
2025-09-15 10:50:56,569 - distributed.worker - INFO - -------------------------------------------------
2025-09-15 10:50:56,569 - distributed.worker - INFO - -------------------------------------------------
2025-09-15 10:50:56,569 - distributed.worker - INFO - Waiting to connect to:      tcp://10.6.82.36:8734
2025-09-15 10:50:56,569 - distributed.worker - INFO -               Threads:                          2
2025-09-15 10:50:56,569 - distributed.worker - INFO - -------------------------------------------------
2025-09-15 10:50:56,569 - distributed.worker - INFO -               Threads:                          2
2025-09-15 10:50:56,569 - distributed.worker - INFO - -------------------------------------------------
2025-09-15 10:50:56,569 - distributed.worker - INFO -               Threads:                          2
2025-09-15 10:50:56,569 - distributed.worker - INFO - -------------------------------------------------
2025-09-15 10:50:56,569 - distributed.worker - INFO - -------------------------------------------------
2025-09-15 10:50:56,569 - distributed.worker - INFO -               Threads:                          2
2025-09-15 10:50:56,569 - distributed.worker - INFO - -------------------------------------------------
2025-09-15 10:50:56,569 - distributed.worker - INFO -               Threads:                          2
2025-09-15 10:50:56,569 - distributed.worker - INFO - -------------------------------------------------
2025-09-15 10:50:56,569 - distributed.worker - INFO -               Threads:                          2
2025-09-15 10:50:56,569 - distributed.worker - INFO - -------------------------------------------------
2025-09-15 10:50:56,569 - distributed.worker - INFO -               Threads:                          2
2025-09-15 10:50:56,569 - distributed.worker - INFO -               Threads:                          2
2025-09-15 10:50:56,569 - distributed.worker - INFO -               Threads:                          2
2025-09-15 10:50:56,569 - distributed.worker - INFO - -------------------------------------------------
2025-09-15 10:50:56,569 - distributed.worker - INFO -                Memory:                   9.62 GiB
2025-09-15 10:50:56,569 - distributed.worker - INFO -               Threads:                          2
2025-09-15 10:50:56,569 - distributed.worker - INFO -                Memory:                   9.62 GiB
2025-09-15 10:50:56,569 - distributed.worker - INFO -               Threads:                          2
2025-09-15 10:50:56,569 - distributed.worker - INFO -                Memory:                   9.62 GiB
2025-09-15 10:50:56,569 - distributed.worker - INFO -               Threads:                          2
2025-09-15 10:50:56,569 - distributed.worker - INFO -               Threads:                          2
2025-09-15 10:50:56,569 - distributed.worker - INFO -                Memory:                   9.62 GiB
2025-09-15 10:50:56,569 - distributed.worker - INFO -               Threads:                          2
2025-09-15 10:50:56,569 - distributed.worker - INFO -                Memory:                   9.62 GiB
2025-09-15 10:50:56,569 - distributed.worker - INFO -               Threads:                          2
2025-09-15 10:50:56,569 - distributed.worker - INFO -                Memory:                   9.62 GiB
2025-09-15 10:50:56,569 - distributed.worker - INFO -               Threads:                          2
2025-09-15 10:50:56,569 - distributed.worker - INFO -                Memory:                   9.62 GiB
2025-09-15 10:50:56,569 - distributed.worker - INFO -                Memory:                   9.62 GiB
2025-09-15 10:50:56,569 - distributed.worker - INFO -                Memory:                   9.62 GiB
2025-09-15 10:50:56,569 - distributed.worker - INFO -               Threads:                          2
2025-09-15 10:50:56,569 - distributed.worker - INFO -                Memory:                   9.62 GiB
2025-09-15 10:50:56,569 - distributed.worker - INFO -       Local Directory: /jobfs/149690456.gadi-pbs/dask-scratch-space/worker-os5hj1sh
2025-09-15 10:50:56,569 - distributed.worker - INFO -                Memory:                   9.62 GiB
2025-09-15 10:50:56,569 - distributed.worker - INFO -       Local Directory: /jobfs/149690456.gadi-pbs/dask-scratch-space/worker-dxovuzu0
2025-09-15 10:50:56,569 - distributed.worker - INFO -                Memory:                   9.62 GiB
2025-09-15 10:50:56,569 - distributed.worker - INFO -       Local Directory: /jobfs/149690456.gadi-pbs/dask-scratch-space/worker-s9uw9bom
2025-09-15 10:50:56,569 - distributed.worker - INFO -                Memory:                   9.62 GiB
2025-09-15 10:50:56,569 - distributed.worker - INFO -                Memory:                   9.62 GiB
2025-09-15 10:50:56,569 - distributed.worker - INFO -       Local Directory: /jobfs/149690456.gadi-pbs/dask-scratch-space/worker-r9k5puqm
2025-09-15 10:50:56,569 - distributed.worker - INFO -                Memory:                   9.62 GiB
2025-09-15 10:50:56,569 - distributed.worker - INFO -       Local Directory: /jobfs/149690456.gadi-pbs/dask-scratch-space/worker-qjy5w9iv
2025-09-15 10:50:56,569 - distributed.worker - INFO -                Memory:                   9.62 GiB
2025-09-15 10:50:56,569 - distributed.worker - INFO -       Local Directory: /jobfs/149690456.gadi-pbs/dask-scratch-space/worker-7su107go
2025-09-15 10:50:56,569 - distributed.worker - INFO -       Local Directory: /jobfs/149690456.gadi-pbs/dask-scratch-space/worker-zdkr9fsk
2025-09-15 10:50:56,569 - distributed.worker - INFO -       Local Directory: /jobfs/149690456.gadi-pbs/dask-scratch-space/worker-745a7qjj
2025-09-15 10:50:56,569 - distributed.worker - INFO -                Memory:                   9.62 GiB
2025-09-15 10:50:56,569 - distributed.worker - INFO -       Local Directory: /jobfs/149690456.gadi-pbs/dask-scratch-space/worker-mzbjqqvv
2025-09-15 10:50:56,569 - distributed.worker - INFO -       Local Directory: /jobfs/149690456.gadi-pbs/dask-scratch-space/worker-6qsacfit
2025-09-15 10:50:56,569 - distributed.worker - INFO - -------------------------------------------------
2025-09-15 10:50:56,569 - distributed.worker - INFO -       Local Directory: /jobfs/149690456.gadi-pbs/dask-scratch-space/worker-5mu3c5ei
2025-09-15 10:50:56,569 - distributed.worker - INFO - -------------------------------------------------
2025-09-15 10:50:56,569 - distributed.worker - INFO -       Local Directory: /jobfs/149690456.gadi-pbs/dask-scratch-space/worker-f54s_6fa
2025-09-15 10:50:56,569 - distributed.worker - INFO - -------------------------------------------------
2025-09-15 10:50:56,569 - distributed.worker - INFO -       Local Directory: /jobfs/149690456.gadi-pbs/dask-scratch-space/worker-6aiomiri
2025-09-15 10:50:56,569 - distributed.worker - INFO -       Local Directory: /jobfs/149690456.gadi-pbs/dask-scratch-space/worker-hxmp53ci
2025-09-15 10:50:56,569 - distributed.worker - INFO - -------------------------------------------------
2025-09-15 10:50:56,569 - distributed.worker - INFO -       Local Directory: /jobfs/149690456.gadi-pbs/dask-scratch-space/worker-z2muuzio
2025-09-15 10:50:56,569 - distributed.worker - INFO - -------------------------------------------------
2025-09-15 10:50:56,569 - distributed.worker - INFO -       Local Directory: /jobfs/149690456.gadi-pbs/dask-scratch-space/worker-h34857ud
2025-09-15 10:50:56,569 - distributed.worker - INFO - -------------------------------------------------
2025-09-15 10:50:56,569 - distributed.worker - INFO - -------------------------------------------------
2025-09-15 10:50:56,569 - distributed.worker - INFO - -------------------------------------------------
2025-09-15 10:50:56,569 - distributed.worker - INFO -       Local Directory: /jobfs/149690456.gadi-pbs/dask-scratch-space/worker-4rg6ep0k
2025-09-15 10:50:56,569 - distributed.worker - INFO - -------------------------------------------------
2025-09-15 10:50:56,569 - distributed.worker - INFO - -------------------------------------------------
2025-09-15 10:50:56,569 - distributed.worker - INFO - -------------------------------------------------
2025-09-15 10:50:56,569 - distributed.worker - INFO - -------------------------------------------------
2025-09-15 10:50:56,569 - distributed.worker - INFO - -------------------------------------------------
2025-09-15 10:50:56,569 - distributed.worker - INFO - -------------------------------------------------
2025-09-15 10:50:56,569 - distributed.worker - INFO - -------------------------------------------------
2025-09-15 10:50:56,569 - distributed.worker - INFO - -------------------------------------------------
2025-09-15 10:50:56,569 - distributed.worker - INFO - -------------------------------------------------
2025-09-15 10:50:56,581 - distributed.worker - INFO -       Start worker at:     tcp://10.6.85.15:41023
2025-09-15 10:50:56,581 - distributed.worker - INFO -          Listening to:     tcp://10.6.85.15:41023
2025-09-15 10:50:56,581 - distributed.worker - INFO -          dashboard at:           10.6.85.15:43487
2025-09-15 10:50:56,582 - distributed.worker - INFO - Waiting to connect to:      tcp://10.6.82.36:8734
2025-09-15 10:50:56,582 - distributed.worker - INFO - -------------------------------------------------
2025-09-15 10:50:56,582 - distributed.worker - INFO -               Threads:                          2
2025-09-15 10:50:56,582 - distributed.worker - INFO -                Memory:                   9.62 GiB
2025-09-15 10:50:56,582 - distributed.worker - INFO -       Local Directory: /jobfs/149690456.gadi-pbs/dask-scratch-space/worker-n2ll0awz
2025-09-15 10:50:56,582 - distributed.worker - INFO - -------------------------------------------------
2025-09-15 10:50:56,832 - distributed.worker - INFO -       Start worker at:     tcp://10.6.85.15:41193
2025-09-15 10:50:56,832 - distributed.worker - INFO -          Listening to:     tcp://10.6.85.15:41193
2025-09-15 10:50:56,832 - distributed.worker - INFO -          dashboard at:           10.6.85.15:38223
2025-09-15 10:50:56,832 - distributed.worker - INFO - Waiting to connect to:      tcp://10.6.82.36:8734
2025-09-15 10:50:56,832 - distributed.worker - INFO - -------------------------------------------------
2025-09-15 10:50:56,832 - distributed.worker - INFO -               Threads:                          2
2025-09-15 10:50:56,832 - distributed.worker - INFO -       Start worker at:     tcp://10.6.85.15:36449
2025-09-15 10:50:56,832 - distributed.worker - INFO -                Memory:                   9.62 GiB
2025-09-15 10:50:56,832 - distributed.worker - INFO -          Listening to:     tcp://10.6.85.15:36449
2025-09-15 10:50:56,832 - distributed.worker - INFO -       Local Directory: /jobfs/149690456.gadi-pbs/dask-scratch-space/worker-c45a7ckg
2025-09-15 10:50:56,832 - distributed.worker - INFO -          dashboard at:           10.6.85.15:41055
2025-09-15 10:50:56,832 - distributed.worker - INFO - -------------------------------------------------
2025-09-15 10:50:56,832 - distributed.worker - INFO - Waiting to connect to:      tcp://10.6.82.36:8734
2025-09-15 10:50:56,832 - distributed.worker - INFO - -------------------------------------------------
2025-09-15 10:50:56,832 - distributed.worker - INFO -               Threads:                          2
2025-09-15 10:50:56,832 - distributed.worker - INFO -                Memory:                   9.62 GiB
2025-09-15 10:50:56,832 - distributed.worker - INFO -       Local Directory: /jobfs/149690456.gadi-pbs/dask-scratch-space/worker-wui6dkuz
2025-09-15 10:50:56,832 - distributed.worker - INFO - -------------------------------------------------
2025-09-15 10:50:56,833 - distributed.worker - INFO -       Start worker at:     tcp://10.6.85.15:39589
2025-09-15 10:50:56,833 - distributed.worker - INFO -          Listening to:     tcp://10.6.85.15:39589
2025-09-15 10:50:56,833 - distributed.worker - INFO -          dashboard at:           10.6.85.15:40003
2025-09-15 10:50:56,833 - distributed.worker - INFO - Waiting to connect to:      tcp://10.6.82.36:8734
2025-09-15 10:50:56,833 - distributed.worker - INFO - -------------------------------------------------
2025-09-15 10:50:56,833 - distributed.worker - INFO -               Threads:                          2
2025-09-15 10:50:56,833 - distributed.worker - INFO -                Memory:                   9.62 GiB
2025-09-15 10:50:56,833 - distributed.worker - INFO -       Local Directory: /jobfs/149690456.gadi-pbs/dask-scratch-space/worker-cedrvgve
2025-09-15 10:50:56,833 - distributed.worker - INFO - -------------------------------------------------
2025-09-15 10:50:56,994 - distributed.worker - INFO - Starting Worker plugin shuffle
2025-09-15 10:50:56,994 - distributed.worker - INFO -         Registered to:      tcp://10.6.82.36:8734
2025-09-15 10:50:56,995 - distributed.worker - INFO - -------------------------------------------------
2025-09-15 10:50:56,995 - distributed.core - INFO - Starting established connection to tcp://10.6.82.36:8734
2025-09-15 10:50:57,157 - distributed.worker - INFO - Starting Worker plugin shuffle
2025-09-15 10:50:57,159 - distributed.worker - INFO -         Registered to:      tcp://10.6.82.36:8734
2025-09-15 10:50:57,159 - distributed.worker - INFO - -------------------------------------------------
2025-09-15 10:50:57,160 - distributed.core - INFO - Starting established connection to tcp://10.6.82.36:8734
2025-09-15 10:50:57,290 - distributed.worker - INFO - Starting Worker plugin shuffle
2025-09-15 10:50:57,291 - distributed.worker - INFO -         Registered to:      tcp://10.6.82.36:8734
2025-09-15 10:50:57,291 - distributed.worker - INFO - -------------------------------------------------
2025-09-15 10:50:57,293 - distributed.core - INFO - Starting established connection to tcp://10.6.82.36:8734
2025-09-15 10:50:57,306 - distributed.worker - INFO - Starting Worker plugin shuffle
2025-09-15 10:50:57,308 - distributed.worker - INFO -         Registered to:      tcp://10.6.82.36:8734
2025-09-15 10:50:57,308 - distributed.worker - INFO - -------------------------------------------------
2025-09-15 10:50:57,310 - distributed.core - INFO - Starting established connection to tcp://10.6.82.36:8734
2025-09-15 10:50:57,319 - distributed.worker - INFO - Starting Worker plugin shuffle
2025-09-15 10:50:57,320 - distributed.worker - INFO -         Registered to:      tcp://10.6.82.36:8734
2025-09-15 10:50:57,320 - distributed.worker - INFO - -------------------------------------------------
2025-09-15 10:50:57,321 - distributed.core - INFO - Starting established connection to tcp://10.6.82.36:8734
2025-09-15 10:50:57,330 - distributed.worker - INFO - Starting Worker plugin shuffle
2025-09-15 10:50:57,331 - distributed.worker - INFO -         Registered to:      tcp://10.6.82.36:8734
2025-09-15 10:50:57,331 - distributed.worker - INFO - -------------------------------------------------
2025-09-15 10:50:57,333 - distributed.core - INFO - Starting established connection to tcp://10.6.82.36:8734
2025-09-15 10:50:57,339 - distributed.worker - INFO - Starting Worker plugin shuffle
2025-09-15 10:50:57,340 - distributed.worker - INFO -         Registered to:      tcp://10.6.82.36:8734
2025-09-15 10:50:57,341 - distributed.worker - INFO - -------------------------------------------------
2025-09-15 10:50:57,342 - distributed.core - INFO - Starting established connection to tcp://10.6.82.36:8734
2025-09-15 10:50:57,349 - distributed.worker - INFO - Starting Worker plugin shuffle
2025-09-15 10:50:57,350 - distributed.worker - INFO -         Registered to:      tcp://10.6.82.36:8734
2025-09-15 10:50:57,350 - distributed.worker - INFO - -------------------------------------------------
2025-09-15 10:50:57,351 - distributed.core - INFO - Starting established connection to tcp://10.6.82.36:8734
2025-09-15 10:50:57,357 - distributed.worker - INFO - Starting Worker plugin shuffle
2025-09-15 10:50:57,359 - distributed.worker - INFO -         Registered to:      tcp://10.6.82.36:8734
2025-09-15 10:50:57,359 - distributed.worker - INFO - -------------------------------------------------
2025-09-15 10:50:57,360 - distributed.core - INFO - Starting established connection to tcp://10.6.82.36:8734
2025-09-15 10:50:57,366 - distributed.worker - INFO - Starting Worker plugin shuffle
2025-09-15 10:50:57,367 - distributed.worker - INFO -         Registered to:      tcp://10.6.82.36:8734
2025-09-15 10:50:57,367 - distributed.worker - INFO - -------------------------------------------------
2025-09-15 10:50:57,369 - distributed.core - INFO - Starting established connection to tcp://10.6.82.36:8734
2025-09-15 10:50:57,375 - distributed.worker - INFO - Starting Worker plugin shuffle
2025-09-15 10:50:57,376 - distributed.worker - INFO -         Registered to:      tcp://10.6.82.36:8734
2025-09-15 10:50:57,376 - distributed.worker - INFO - -------------------------------------------------
2025-09-15 10:50:57,377 - distributed.core - INFO - Starting established connection to tcp://10.6.82.36:8734
2025-09-15 10:50:57,383 - distributed.worker - INFO - Starting Worker plugin shuffle
2025-09-15 10:50:57,384 - distributed.worker - INFO -         Registered to:      tcp://10.6.82.36:8734
2025-09-15 10:50:57,384 - distributed.worker - INFO - -------------------------------------------------
2025-09-15 10:50:57,386 - distributed.core - INFO - Starting established connection to tcp://10.6.82.36:8734
2025-09-15 10:50:57,391 - distributed.worker - INFO - Starting Worker plugin shuffle
2025-09-15 10:50:57,392 - distributed.worker - INFO -         Registered to:      tcp://10.6.82.36:8734
2025-09-15 10:50:57,392 - distributed.worker - INFO - -------------------------------------------------
2025-09-15 10:50:57,393 - distributed.core - INFO - Starting established connection to tcp://10.6.82.36:8734
2025-09-15 10:50:57,398 - distributed.worker - INFO - Starting Worker plugin shuffle
2025-09-15 10:50:57,400 - distributed.worker - INFO -         Registered to:      tcp://10.6.82.36:8734
2025-09-15 10:50:57,400 - distributed.worker - INFO - -------------------------------------------------
2025-09-15 10:50:57,401 - distributed.core - INFO - Starting established connection to tcp://10.6.82.36:8734
2025-09-15 10:50:57,406 - distributed.worker - INFO - Starting Worker plugin shuffle
2025-09-15 10:50:57,407 - distributed.worker - INFO -         Registered to:      tcp://10.6.82.36:8734
2025-09-15 10:50:57,407 - distributed.worker - INFO - -------------------------------------------------
2025-09-15 10:50:57,409 - distributed.core - INFO - Starting established connection to tcp://10.6.82.36:8734
2025-09-15 10:50:57,414 - distributed.worker - INFO - Starting Worker plugin shuffle
2025-09-15 10:50:57,415 - distributed.worker - INFO -         Registered to:      tcp://10.6.82.36:8734
2025-09-15 10:50:57,415 - distributed.worker - INFO - -------------------------------------------------
2025-09-15 10:50:57,417 - distributed.core - INFO - Starting established connection to tcp://10.6.82.36:8734
2025-09-15 10:50:57,421 - distributed.worker - INFO - Starting Worker plugin shuffle
2025-09-15 10:50:57,422 - distributed.worker - INFO -         Registered to:      tcp://10.6.82.36:8734
2025-09-15 10:50:57,423 - distributed.worker - INFO - -------------------------------------------------
2025-09-15 10:50:57,424 - distributed.core - INFO - Starting established connection to tcp://10.6.82.36:8734
2025-09-15 10:50:57,429 - distributed.worker - INFO - Starting Worker plugin shuffle
2025-09-15 10:50:57,430 - distributed.worker - INFO -         Registered to:      tcp://10.6.82.36:8734
2025-09-15 10:50:57,430 - distributed.worker - INFO - -------------------------------------------------
2025-09-15 10:50:57,432 - distributed.core - INFO - Starting established connection to tcp://10.6.82.36:8734
2025-09-15 10:50:57,436 - distributed.worker - INFO - Starting Worker plugin shuffle
2025-09-15 10:50:57,437 - distributed.worker - INFO -         Registered to:      tcp://10.6.82.36:8734
2025-09-15 10:50:57,437 - distributed.worker - INFO - -------------------------------------------------
2025-09-15 10:50:57,438 - distributed.core - INFO - Starting established connection to tcp://10.6.82.36:8734
2025-09-15 10:50:57,443 - distributed.worker - INFO - Starting Worker plugin shuffle
2025-09-15 10:50:57,444 - distributed.worker - INFO -         Registered to:      tcp://10.6.82.36:8734
2025-09-15 10:50:57,444 - distributed.worker - INFO - -------------------------------------------------
2025-09-15 10:50:57,446 - distributed.core - INFO - Starting established connection to tcp://10.6.82.36:8734
2025-09-15 10:50:57,450 - distributed.worker - INFO - Starting Worker plugin shuffle
2025-09-15 10:50:57,451 - distributed.worker - INFO -         Registered to:      tcp://10.6.82.36:8734
2025-09-15 10:50:57,451 - distributed.worker - INFO - -------------------------------------------------
2025-09-15 10:50:57,453 - distributed.core - INFO - Starting established connection to tcp://10.6.82.36:8734
2025-09-15 10:50:57,515 - distributed.worker - INFO -       Start worker at:     tcp://10.6.85.15:39129
2025-09-15 10:50:57,515 - distributed.worker - INFO -          Listening to:     tcp://10.6.85.15:39129
2025-09-15 10:50:57,515 - distributed.worker - INFO -          dashboard at:           10.6.85.15:36441
2025-09-15 10:50:57,515 - distributed.worker - INFO - Waiting to connect to:      tcp://10.6.82.36:8734
2025-09-15 10:50:57,515 - distributed.worker - INFO - -------------------------------------------------
2025-09-15 10:50:57,515 - distributed.worker - INFO -               Threads:                          2
2025-09-15 10:50:57,515 - distributed.worker - INFO -                Memory:                   9.62 GiB
2025-09-15 10:50:57,516 - distributed.worker - INFO -       Local Directory: /jobfs/149690456.gadi-pbs/dask-scratch-space/worker-a3arah58
2025-09-15 10:50:57,516 - distributed.worker - INFO - -------------------------------------------------
2025-09-15 10:50:57,526 - distributed.worker - INFO -       Start worker at:     tcp://10.6.85.15:43471
2025-09-15 10:50:57,526 - distributed.worker - INFO -          Listening to:     tcp://10.6.85.15:43471
2025-09-15 10:50:57,526 - distributed.worker - INFO -          dashboard at:           10.6.85.15:46405
2025-09-15 10:50:57,526 - distributed.worker - INFO - Waiting to connect to:      tcp://10.6.82.36:8734
2025-09-15 10:50:57,526 - distributed.worker - INFO - -------------------------------------------------
2025-09-15 10:50:57,526 - distributed.worker - INFO -               Threads:                          2
2025-09-15 10:50:57,526 - distributed.worker - INFO -                Memory:                   9.62 GiB
2025-09-15 10:50:57,526 - distributed.worker - INFO -       Local Directory: /jobfs/149690456.gadi-pbs/dask-scratch-space/worker-w_q5p10n
2025-09-15 10:50:57,526 - distributed.worker - INFO -       Start worker at:     tcp://10.6.85.15:39493
2025-09-15 10:50:57,526 - distributed.worker - INFO - -------------------------------------------------
2025-09-15 10:50:57,526 - distributed.worker - INFO -          Listening to:     tcp://10.6.85.15:39493
2025-09-15 10:50:57,526 - distributed.worker - INFO -          dashboard at:           10.6.85.15:37269
2025-09-15 10:50:57,526 - distributed.worker - INFO - Waiting to connect to:      tcp://10.6.82.36:8734
2025-09-15 10:50:57,526 - distributed.worker - INFO - -------------------------------------------------
2025-09-15 10:50:57,526 - distributed.worker - INFO -               Threads:                          2
2025-09-15 10:50:57,526 - distributed.worker - INFO -                Memory:                   9.62 GiB
2025-09-15 10:50:57,526 - distributed.worker - INFO -       Local Directory: /jobfs/149690456.gadi-pbs/dask-scratch-space/worker-7aqkj4y8
2025-09-15 10:50:57,526 - distributed.worker - INFO - -------------------------------------------------
2025-09-15 10:50:57,527 - distributed.worker - INFO -       Start worker at:     tcp://10.6.85.15:38603
2025-09-15 10:50:57,527 - distributed.worker - INFO -          Listening to:     tcp://10.6.85.15:38603
2025-09-15 10:50:57,527 - distributed.worker - INFO -          dashboard at:           10.6.85.15:32851
2025-09-15 10:50:57,528 - distributed.worker - INFO - Waiting to connect to:      tcp://10.6.82.36:8734
2025-09-15 10:50:57,528 - distributed.worker - INFO - -------------------------------------------------
2025-09-15 10:50:57,528 - distributed.worker - INFO -               Threads:                          2
2025-09-15 10:50:57,528 - distributed.worker - INFO -                Memory:                   9.62 GiB
2025-09-15 10:50:57,528 - distributed.worker - INFO -       Local Directory: /jobfs/149690456.gadi-pbs/dask-scratch-space/worker-8sscsmat
2025-09-15 10:50:57,528 - distributed.worker - INFO - -------------------------------------------------
2025-09-15 10:50:57,628 - distributed.worker - INFO - Starting Worker plugin shuffle
2025-09-15 10:50:57,629 - distributed.worker - INFO -         Registered to:      tcp://10.6.82.36:8734
2025-09-15 10:50:57,629 - distributed.worker - INFO - -------------------------------------------------
2025-09-15 10:50:57,630 - distributed.core - INFO - Starting established connection to tcp://10.6.82.36:8734
2025-09-15 10:50:57,642 - distributed.worker - INFO - Starting Worker plugin shuffle
2025-09-15 10:50:57,643 - distributed.worker - INFO -         Registered to:      tcp://10.6.82.36:8734
2025-09-15 10:50:57,643 - distributed.worker - INFO - -------------------------------------------------
2025-09-15 10:50:57,645 - distributed.core - INFO - Starting established connection to tcp://10.6.82.36:8734
2025-09-15 10:50:57,654 - distributed.worker - INFO - Starting Worker plugin shuffle
2025-09-15 10:50:57,655 - distributed.worker - INFO -         Registered to:      tcp://10.6.82.36:8734
2025-09-15 10:50:57,655 - distributed.worker - INFO - -------------------------------------------------
2025-09-15 10:50:57,657 - distributed.core - INFO - Starting established connection to tcp://10.6.82.36:8734
2025-09-15 10:50:57,664 - distributed.worker - INFO - Starting Worker plugin shuffle
2025-09-15 10:50:57,665 - distributed.worker - INFO -         Registered to:      tcp://10.6.82.36:8734
2025-09-15 10:50:57,665 - distributed.worker - INFO - -------------------------------------------------
2025-09-15 10:50:57,667 - distributed.core - INFO - Starting established connection to tcp://10.6.82.36:8734
2025-09-15 10:50:57,856 - distributed.worker - INFO -       Start worker at:     tcp://10.6.85.15:39909
2025-09-15 10:50:57,856 - distributed.worker - INFO -          Listening to:     tcp://10.6.85.15:39909
2025-09-15 10:50:57,856 - distributed.worker - INFO -          dashboard at:           10.6.85.15:42713
2025-09-15 10:50:57,856 - distributed.worker - INFO - Waiting to connect to:      tcp://10.6.82.36:8734
2025-09-15 10:50:57,856 - distributed.worker - INFO -       Start worker at:     tcp://10.6.85.15:40827
2025-09-15 10:50:57,856 - distributed.worker - INFO - -------------------------------------------------
2025-09-15 10:50:57,856 - distributed.worker - INFO -               Threads:                          2
2025-09-15 10:50:57,856 - distributed.worker - INFO -          Listening to:     tcp://10.6.85.15:40827
2025-09-15 10:50:57,856 - distributed.worker - INFO -                Memory:                   9.62 GiB
2025-09-15 10:50:57,856 - distributed.worker - INFO -          dashboard at:           10.6.85.15:40751
2025-09-15 10:50:57,856 - distributed.worker - INFO -       Local Directory: /jobfs/149690456.gadi-pbs/dask-scratch-space/worker-40dwrhk0
2025-09-15 10:50:57,856 - distributed.worker - INFO - Waiting to connect to:      tcp://10.6.82.36:8734
2025-09-15 10:50:57,856 - distributed.worker - INFO - -------------------------------------------------
2025-09-15 10:50:57,856 - distributed.worker - INFO - -------------------------------------------------
2025-09-15 10:50:57,856 - distributed.worker - INFO -               Threads:                          2
2025-09-15 10:50:57,856 - distributed.worker - INFO -                Memory:                   9.62 GiB
2025-09-15 10:50:57,856 - distributed.worker - INFO -       Local Directory: /jobfs/149690456.gadi-pbs/dask-scratch-space/worker-7cqao5k8
2025-09-15 10:50:57,857 - distributed.worker - INFO - -------------------------------------------------
2025-09-15 10:50:57,863 - distributed.worker - INFO -       Start worker at:     tcp://10.6.85.15:39993
2025-09-15 10:50:57,863 - distributed.worker - INFO -          Listening to:     tcp://10.6.85.15:39993
2025-09-15 10:50:57,863 - distributed.worker - INFO -       Start worker at:     tcp://10.6.85.15:36021
2025-09-15 10:50:57,863 - distributed.worker - INFO -          dashboard at:           10.6.85.15:45311
2025-09-15 10:50:57,863 - distributed.worker - INFO -          Listening to:     tcp://10.6.85.15:36021
2025-09-15 10:50:57,863 - distributed.worker - INFO - Waiting to connect to:      tcp://10.6.82.36:8734
2025-09-15 10:50:57,863 - distributed.worker - INFO - -------------------------------------------------
2025-09-15 10:50:57,863 - distributed.worker - INFO -          dashboard at:           10.6.85.15:46709
2025-09-15 10:50:57,863 - distributed.worker - INFO -               Threads:                          2
2025-09-15 10:50:57,863 - distributed.worker - INFO - Waiting to connect to:      tcp://10.6.82.36:8734
2025-09-15 10:50:57,863 - distributed.worker - INFO -                Memory:                   9.62 GiB
2025-09-15 10:50:57,863 - distributed.worker - INFO - -------------------------------------------------
2025-09-15 10:50:57,863 - distributed.worker - INFO -               Threads:                          2
2025-09-15 10:50:57,863 - distributed.worker - INFO -       Local Directory: /jobfs/149690456.gadi-pbs/dask-scratch-space/worker-1u42o_jy
2025-09-15 10:50:57,863 - distributed.worker - INFO -                Memory:                   9.62 GiB
2025-09-15 10:50:57,863 - distributed.worker - INFO - -------------------------------------------------
2025-09-15 10:50:57,863 - distributed.worker - INFO -       Local Directory: /jobfs/149690456.gadi-pbs/dask-scratch-space/worker-pn0ydpfc
2025-09-15 10:50:57,863 - distributed.worker - INFO - -------------------------------------------------
2025-09-15 10:50:57,924 - distributed.worker - INFO -       Start worker at:     tcp://10.6.85.15:43111
2025-09-15 10:50:57,924 - distributed.worker - INFO -          Listening to:     tcp://10.6.85.15:43111
2025-09-15 10:50:57,924 - distributed.worker - INFO -          dashboard at:           10.6.85.15:42027
2025-09-15 10:50:57,924 - distributed.worker - INFO - Waiting to connect to:      tcp://10.6.82.36:8734
2025-09-15 10:50:57,924 - distributed.worker - INFO - -------------------------------------------------
2025-09-15 10:50:57,924 - distributed.worker - INFO -               Threads:                          2
2025-09-15 10:50:57,924 - distributed.worker - INFO -                Memory:                   9.62 GiB
2025-09-15 10:50:57,924 - distributed.worker - INFO -       Local Directory: /jobfs/149690456.gadi-pbs/dask-scratch-space/worker-l057d891
2025-09-15 10:50:57,924 - distributed.worker - INFO - -------------------------------------------------
2025-09-15 10:50:58,047 - distributed.worker - INFO -       Start worker at:     tcp://10.6.85.15:41269
2025-09-15 10:50:58,047 - distributed.worker - INFO -          Listening to:     tcp://10.6.85.15:41269
2025-09-15 10:50:58,047 - distributed.worker - INFO -          dashboard at:           10.6.85.15:45351
2025-09-15 10:50:58,047 - distributed.worker - INFO - Waiting to connect to:      tcp://10.6.82.36:8734
2025-09-15 10:50:58,047 - distributed.worker - INFO - -------------------------------------------------
2025-09-15 10:50:58,047 - distributed.worker - INFO -               Threads:                          2
2025-09-15 10:50:58,047 - distributed.worker - INFO -                Memory:                   9.62 GiB
2025-09-15 10:50:58,047 - distributed.worker - INFO -       Local Directory: /jobfs/149690456.gadi-pbs/dask-scratch-space/worker-34jj7_t5
2025-09-15 10:50:58,047 - distributed.worker - INFO - -------------------------------------------------
2025-09-15 10:50:58,092 - distributed.worker - INFO -       Start worker at:     tcp://10.6.85.15:38139
2025-09-15 10:50:58,092 - distributed.worker - INFO -          Listening to:     tcp://10.6.85.15:38139
2025-09-15 10:50:58,092 - distributed.worker - INFO -          dashboard at:           10.6.85.15:34193
2025-09-15 10:50:58,092 - distributed.worker - INFO - Waiting to connect to:      tcp://10.6.82.36:8734
2025-09-15 10:50:58,092 - distributed.worker - INFO - -------------------------------------------------
2025-09-15 10:50:58,092 - distributed.worker - INFO -               Threads:                          2
2025-09-15 10:50:58,092 - distributed.worker - INFO -                Memory:                   9.62 GiB
2025-09-15 10:50:58,092 - distributed.worker - INFO -       Local Directory: /jobfs/149690456.gadi-pbs/dask-scratch-space/worker-w8wxhgnx
2025-09-15 10:50:58,093 - distributed.worker - INFO - -------------------------------------------------
2025-09-15 10:50:58,097 - distributed.worker - INFO -       Start worker at:     tcp://10.6.85.15:34601
2025-09-15 10:50:58,097 - distributed.worker - INFO -          Listening to:     tcp://10.6.85.15:34601
2025-09-15 10:50:58,097 - distributed.worker - INFO -          dashboard at:           10.6.85.15:38995
2025-09-15 10:50:58,097 - distributed.worker - INFO - Waiting to connect to:      tcp://10.6.82.36:8734
2025-09-15 10:50:58,097 - distributed.worker - INFO - -------------------------------------------------
2025-09-15 10:50:58,097 - distributed.worker - INFO -               Threads:                          2
2025-09-15 10:50:58,097 - distributed.worker - INFO -                Memory:                   9.62 GiB
2025-09-15 10:50:58,097 - distributed.worker - INFO -       Local Directory: /jobfs/149690456.gadi-pbs/dask-scratch-space/worker-qqgpqdpy
2025-09-15 10:50:58,097 - distributed.worker - INFO - -------------------------------------------------
2025-09-15 10:50:58,099 - distributed.worker - INFO -       Start worker at:     tcp://10.6.85.15:37729
2025-09-15 10:50:58,099 - distributed.worker - INFO -          Listening to:     tcp://10.6.85.15:37729
2025-09-15 10:50:58,099 - distributed.worker - INFO -          dashboard at:           10.6.85.15:38105
2025-09-15 10:50:58,099 - distributed.worker - INFO - Waiting to connect to:      tcp://10.6.82.36:8734
2025-09-15 10:50:58,099 - distributed.worker - INFO - -------------------------------------------------
2025-09-15 10:50:58,099 - distributed.worker - INFO -               Threads:                          2
2025-09-15 10:50:58,099 - distributed.worker - INFO -                Memory:                   9.62 GiB
2025-09-15 10:50:58,099 - distributed.worker - INFO -       Local Directory: /jobfs/149690456.gadi-pbs/dask-scratch-space/worker-c1vlc5g_
2025-09-15 10:50:58,099 - distributed.worker - INFO - -------------------------------------------------
2025-09-15 10:50:58,101 - distributed.worker - INFO -       Start worker at:     tcp://10.6.85.15:43137
2025-09-15 10:50:58,101 - distributed.worker - INFO -          Listening to:     tcp://10.6.85.15:43137
2025-09-15 10:50:58,101 - distributed.worker - INFO -          dashboard at:           10.6.85.15:46523
2025-09-15 10:50:58,101 - distributed.worker - INFO - Waiting to connect to:      tcp://10.6.82.36:8734
2025-09-15 10:50:58,101 - distributed.worker - INFO - -------------------------------------------------
2025-09-15 10:50:58,101 - distributed.worker - INFO -               Threads:                          2
2025-09-15 10:50:58,101 - distributed.worker - INFO -                Memory:                   9.62 GiB
2025-09-15 10:50:58,101 - distributed.worker - INFO -       Local Directory: /jobfs/149690456.gadi-pbs/dask-scratch-space/worker-v2yuyakq
2025-09-15 10:50:58,101 - distributed.worker - INFO - -------------------------------------------------
2025-09-15 10:50:58,228 - distributed.worker - INFO - Starting Worker plugin shuffle
2025-09-15 10:50:58,229 - distributed.worker - INFO -         Registered to:      tcp://10.6.82.36:8734
2025-09-15 10:50:58,229 - distributed.worker - INFO - -------------------------------------------------
2025-09-15 10:50:58,231 - distributed.core - INFO - Starting established connection to tcp://10.6.82.36:8734
2025-09-15 10:50:58,245 - distributed.worker - INFO - Starting Worker plugin shuffle
2025-09-15 10:50:58,246 - distributed.worker - INFO -         Registered to:      tcp://10.6.82.36:8734
2025-09-15 10:50:58,246 - distributed.worker - INFO - -------------------------------------------------
2025-09-15 10:50:58,248 - distributed.core - INFO - Starting established connection to tcp://10.6.82.36:8734
2025-09-15 10:50:58,257 - distributed.worker - INFO - Starting Worker plugin shuffle
2025-09-15 10:50:58,259 - distributed.worker - INFO -         Registered to:      tcp://10.6.82.36:8734
2025-09-15 10:50:58,259 - distributed.worker - INFO - -------------------------------------------------
2025-09-15 10:50:58,260 - distributed.core - INFO - Starting established connection to tcp://10.6.82.36:8734
2025-09-15 10:50:58,268 - distributed.worker - INFO - Starting Worker plugin shuffle
2025-09-15 10:50:58,269 - distributed.worker - INFO -         Registered to:      tcp://10.6.82.36:8734
2025-09-15 10:50:58,269 - distributed.worker - INFO - -------------------------------------------------
2025-09-15 10:50:58,271 - distributed.core - INFO - Starting established connection to tcp://10.6.82.36:8734
2025-09-15 10:50:58,278 - distributed.worker - INFO - Starting Worker plugin shuffle
2025-09-15 10:50:58,279 - distributed.worker - INFO -         Registered to:      tcp://10.6.82.36:8734
2025-09-15 10:50:58,279 - distributed.worker - INFO - -------------------------------------------------
2025-09-15 10:50:58,281 - distributed.core - INFO - Starting established connection to tcp://10.6.82.36:8734
2025-09-15 10:50:58,287 - distributed.worker - INFO - Starting Worker plugin shuffle
2025-09-15 10:50:58,288 - distributed.worker - INFO -         Registered to:      tcp://10.6.82.36:8734
2025-09-15 10:50:58,288 - distributed.worker - INFO - -------------------------------------------------
2025-09-15 10:50:58,290 - distributed.core - INFO - Starting established connection to tcp://10.6.82.36:8734
2025-09-15 10:50:58,296 - distributed.worker - INFO - Starting Worker plugin shuffle
2025-09-15 10:50:58,297 - distributed.worker - INFO -         Registered to:      tcp://10.6.82.36:8734
2025-09-15 10:50:58,297 - distributed.worker - INFO - -------------------------------------------------
2025-09-15 10:50:58,299 - distributed.core - INFO - Starting established connection to tcp://10.6.82.36:8734
2025-09-15 10:50:58,305 - distributed.worker - INFO - Starting Worker plugin shuffle
2025-09-15 10:50:58,306 - distributed.worker - INFO -       Start worker at:     tcp://10.6.85.15:38205
2025-09-15 10:50:58,306 - distributed.worker - INFO -         Registered to:      tcp://10.6.82.36:8734
2025-09-15 10:50:58,306 - distributed.worker - INFO -          Listening to:     tcp://10.6.85.15:38205
2025-09-15 10:50:58,306 - distributed.worker - INFO -          dashboard at:           10.6.85.15:34969
2025-09-15 10:50:58,306 - distributed.worker - INFO - Waiting to connect to:      tcp://10.6.82.36:8734
2025-09-15 10:50:58,306 - distributed.worker - INFO - -------------------------------------------------
2025-09-15 10:50:58,306 - distributed.worker - INFO - -------------------------------------------------
2025-09-15 10:50:58,306 - distributed.worker - INFO -               Threads:                          2
2025-09-15 10:50:58,306 - distributed.worker - INFO -                Memory:                   9.62 GiB
2025-09-15 10:50:58,306 - distributed.worker - INFO -       Local Directory: /jobfs/149690456.gadi-pbs/dask-scratch-space/worker-pnsp3rg0
2025-09-15 10:50:58,306 - distributed.worker - INFO - -------------------------------------------------
2025-09-15 10:50:58,308 - distributed.core - INFO - Starting established connection to tcp://10.6.82.36:8734
2025-09-15 10:50:58,309 - distributed.worker - INFO -       Start worker at:     tcp://10.6.85.15:43365
2025-09-15 10:50:58,309 - distributed.worker - INFO -          Listening to:     tcp://10.6.85.15:43365
2025-09-15 10:50:58,309 - distributed.worker - INFO -          dashboard at:           10.6.85.15:40715
2025-09-15 10:50:58,309 - distributed.worker - INFO - Waiting to connect to:      tcp://10.6.82.36:8734
2025-09-15 10:50:58,309 - distributed.worker - INFO - -------------------------------------------------
2025-09-15 10:50:58,309 - distributed.worker - INFO -               Threads:                          2
2025-09-15 10:50:58,309 - distributed.worker - INFO -                Memory:                   9.62 GiB
2025-09-15 10:50:58,309 - distributed.worker - INFO -       Local Directory: /jobfs/149690456.gadi-pbs/dask-scratch-space/worker-p_de47ze
2025-09-15 10:50:58,309 - distributed.worker - INFO - -------------------------------------------------
2025-09-15 10:50:58,309 - distributed.worker - INFO -       Start worker at:     tcp://10.6.85.15:39615
2025-09-15 10:50:58,309 - distributed.worker - INFO -          Listening to:     tcp://10.6.85.15:39615
2025-09-15 10:50:58,310 - distributed.worker - INFO -          dashboard at:           10.6.85.15:35265
2025-09-15 10:50:58,310 - distributed.worker - INFO - Waiting to connect to:      tcp://10.6.82.36:8734
2025-09-15 10:50:58,310 - distributed.worker - INFO - -------------------------------------------------
2025-09-15 10:50:58,310 - distributed.worker - INFO -       Start worker at:     tcp://10.6.85.15:44669
2025-09-15 10:50:58,310 - distributed.worker - INFO -               Threads:                          2
2025-09-15 10:50:58,310 - distributed.worker - INFO -                Memory:                   9.62 GiB
2025-09-15 10:50:58,310 - distributed.worker - INFO -          Listening to:     tcp://10.6.85.15:44669
2025-09-15 10:50:58,310 - distributed.worker - INFO -       Local Directory: /jobfs/149690456.gadi-pbs/dask-scratch-space/worker-z7s_zwar
2025-09-15 10:50:58,310 - distributed.worker - INFO -          dashboard at:           10.6.85.15:42517
2025-09-15 10:50:58,310 - distributed.worker - INFO - Waiting to connect to:      tcp://10.6.82.36:8734
2025-09-15 10:50:58,310 - distributed.worker - INFO - -------------------------------------------------
2025-09-15 10:50:58,310 - distributed.worker - INFO - -------------------------------------------------
2025-09-15 10:50:58,310 - distributed.worker - INFO -               Threads:                          2
2025-09-15 10:50:58,310 - distributed.worker - INFO -                Memory:                   9.62 GiB
2025-09-15 10:50:58,310 - distributed.worker - INFO -       Local Directory: /jobfs/149690456.gadi-pbs/dask-scratch-space/worker-6zyrgffr
2025-09-15 10:50:58,310 - distributed.worker - INFO - -------------------------------------------------
2025-09-15 10:50:58,310 - distributed.worker - INFO -       Start worker at:     tcp://10.6.85.15:33381
2025-09-15 10:50:58,310 - distributed.worker - INFO -          Listening to:     tcp://10.6.85.15:33381
2025-09-15 10:50:58,310 - distributed.worker - INFO -          dashboard at:           10.6.85.15:46119
2025-09-15 10:50:58,310 - distributed.worker - INFO - Waiting to connect to:      tcp://10.6.82.36:8734
2025-09-15 10:50:58,310 - distributed.worker - INFO - -------------------------------------------------
2025-09-15 10:50:58,310 - distributed.worker - INFO -               Threads:                          2
2025-09-15 10:50:58,310 - distributed.worker - INFO -                Memory:                   9.62 GiB
2025-09-15 10:50:58,310 - distributed.worker - INFO -       Local Directory: /jobfs/149690456.gadi-pbs/dask-scratch-space/worker-dpnk_51c
2025-09-15 10:50:58,310 - distributed.worker - INFO - -------------------------------------------------
2025-09-15 10:50:58,312 - distributed.worker - INFO -       Start worker at:     tcp://10.6.85.15:36751
2025-09-15 10:50:58,312 - distributed.worker - INFO -          Listening to:     tcp://10.6.85.15:36751
2025-09-15 10:50:58,312 - distributed.worker - INFO -          dashboard at:           10.6.85.15:43789
2025-09-15 10:50:58,312 - distributed.worker - INFO - Waiting to connect to:      tcp://10.6.82.36:8734
2025-09-15 10:50:58,312 - distributed.worker - INFO - -------------------------------------------------
2025-09-15 10:50:58,312 - distributed.worker - INFO -               Threads:                          2
2025-09-15 10:50:58,312 - distributed.worker - INFO -                Memory:                   9.62 GiB
2025-09-15 10:50:58,312 - distributed.worker - INFO -       Local Directory: /jobfs/149690456.gadi-pbs/dask-scratch-space/worker-qieq5sq_
2025-09-15 10:50:58,312 - distributed.worker - INFO - -------------------------------------------------
2025-09-15 10:50:58,314 - distributed.worker - INFO - Starting Worker plugin shuffle
2025-09-15 10:50:58,314 - distributed.worker - INFO -       Start worker at:     tcp://10.6.85.15:37669
2025-09-15 10:50:58,314 - distributed.worker - INFO -          Listening to:     tcp://10.6.85.15:37669
2025-09-15 10:50:58,314 - distributed.worker - INFO -          dashboard at:           10.6.85.15:34219
2025-09-15 10:50:58,314 - distributed.worker - INFO - Waiting to connect to:      tcp://10.6.82.36:8734
2025-09-15 10:50:58,314 - distributed.worker - INFO - -------------------------------------------------
2025-09-15 10:50:58,314 - distributed.worker - INFO -               Threads:                          2
2025-09-15 10:50:58,314 - distributed.worker - INFO -                Memory:                   9.62 GiB
2025-09-15 10:50:58,314 - distributed.worker - INFO -       Local Directory: /jobfs/149690456.gadi-pbs/dask-scratch-space/worker-l_7j1mja
2025-09-15 10:50:58,314 - distributed.worker - INFO - -------------------------------------------------
2025-09-15 10:50:58,315 - distributed.worker - INFO -         Registered to:      tcp://10.6.82.36:8734
2025-09-15 10:50:58,315 - distributed.worker - INFO - -------------------------------------------------
2025-09-15 10:50:58,317 - distributed.core - INFO - Starting established connection to tcp://10.6.82.36:8734
2025-09-15 10:50:58,318 - distributed.worker - INFO -       Start worker at:     tcp://10.6.85.15:35963
2025-09-15 10:50:58,318 - distributed.worker - INFO -          Listening to:     tcp://10.6.85.15:35963
2025-09-15 10:50:58,318 - distributed.worker - INFO -          dashboard at:           10.6.85.15:37811
2025-09-15 10:50:58,318 - distributed.worker - INFO - Waiting to connect to:      tcp://10.6.82.36:8734
2025-09-15 10:50:58,318 - distributed.worker - INFO - -------------------------------------------------
2025-09-15 10:50:58,318 - distributed.worker - INFO -               Threads:                          2
2025-09-15 10:50:58,318 - distributed.worker - INFO -                Memory:                   9.62 GiB
2025-09-15 10:50:58,318 - distributed.worker - INFO -       Local Directory: /jobfs/149690456.gadi-pbs/dask-scratch-space/worker-ks_zg_m_
2025-09-15 10:50:58,318 - distributed.worker - INFO - -------------------------------------------------
2025-09-15 10:50:58,318 - distributed.worker - INFO -       Start worker at:     tcp://10.6.85.15:33969
2025-09-15 10:50:58,319 - distributed.worker - INFO -          Listening to:     tcp://10.6.85.15:33969
2025-09-15 10:50:58,319 - distributed.worker - INFO -          dashboard at:           10.6.85.15:37377
2025-09-15 10:50:58,319 - distributed.worker - INFO - Waiting to connect to:      tcp://10.6.82.36:8734
2025-09-15 10:50:58,319 - distributed.worker - INFO - -------------------------------------------------
2025-09-15 10:50:58,319 - distributed.worker - INFO -               Threads:                          2
2025-09-15 10:50:58,319 - distributed.worker - INFO -                Memory:                   9.62 GiB
2025-09-15 10:50:58,319 - distributed.worker - INFO -       Local Directory: /jobfs/149690456.gadi-pbs/dask-scratch-space/worker-iuumcvnj
2025-09-15 10:50:58,319 - distributed.worker - INFO - -------------------------------------------------
2025-09-15 10:50:58,319 - distributed.worker - INFO -       Start worker at:     tcp://10.6.85.15:37781
2025-09-15 10:50:58,319 - distributed.worker - INFO -          Listening to:     tcp://10.6.85.15:37781
2025-09-15 10:50:58,319 - distributed.worker - INFO -          dashboard at:           10.6.85.15:35547
2025-09-15 10:50:58,319 - distributed.worker - INFO - Waiting to connect to:      tcp://10.6.82.36:8734
2025-09-15 10:50:58,319 - distributed.worker - INFO - -------------------------------------------------
2025-09-15 10:50:58,319 - distributed.worker - INFO -               Threads:                          2
2025-09-15 10:50:58,319 - distributed.worker - INFO -                Memory:                   9.62 GiB
2025-09-15 10:50:58,319 - distributed.worker - INFO -       Local Directory: /jobfs/149690456.gadi-pbs/dask-scratch-space/worker-tldssvj6
2025-09-15 10:50:58,319 - distributed.worker - INFO - -------------------------------------------------
2025-09-15 10:50:58,320 - distributed.worker - INFO -       Start worker at:     tcp://10.6.85.15:35899
2025-09-15 10:50:58,320 - distributed.worker - INFO -          Listening to:     tcp://10.6.85.15:35899
2025-09-15 10:50:58,320 - distributed.worker - INFO -          dashboard at:           10.6.85.15:37381
2025-09-15 10:50:58,320 - distributed.worker - INFO - Waiting to connect to:      tcp://10.6.82.36:8734
2025-09-15 10:50:58,320 - distributed.worker - INFO - -------------------------------------------------
2025-09-15 10:50:58,320 - distributed.worker - INFO -               Threads:                          2
2025-09-15 10:50:58,320 - distributed.worker - INFO -                Memory:                   9.62 GiB
2025-09-15 10:50:58,320 - distributed.worker - INFO -       Local Directory: /jobfs/149690456.gadi-pbs/dask-scratch-space/worker-4ljtd8_3
2025-09-15 10:50:58,320 - distributed.worker - INFO - -------------------------------------------------
2025-09-15 10:50:58,322 - distributed.worker - INFO -       Start worker at:     tcp://10.6.85.15:45189
2025-09-15 10:50:58,322 - distributed.worker - INFO -          Listening to:     tcp://10.6.85.15:45189
2025-09-15 10:50:58,322 - distributed.worker - INFO -          dashboard at:           10.6.85.15:40107
2025-09-15 10:50:58,322 - distributed.worker - INFO - Waiting to connect to:      tcp://10.6.82.36:8734
2025-09-15 10:50:58,322 - distributed.worker - INFO - -------------------------------------------------
2025-09-15 10:50:58,322 - distributed.worker - INFO -               Threads:                          2
2025-09-15 10:50:58,322 - distributed.worker - INFO -                Memory:                   9.62 GiB
2025-09-15 10:50:58,322 - distributed.worker - INFO -       Local Directory: /jobfs/149690456.gadi-pbs/dask-scratch-space/worker-i7qjkqy_
2025-09-15 10:50:58,323 - distributed.worker - INFO - -------------------------------------------------
2025-09-15 10:50:58,323 - distributed.worker - INFO -       Start worker at:     tcp://10.6.85.15:38825
2025-09-15 10:50:58,323 - distributed.worker - INFO -          Listening to:     tcp://10.6.85.15:38825
2025-09-15 10:50:58,323 - distributed.worker - INFO -          dashboard at:           10.6.85.15:35125
2025-09-15 10:50:58,323 - distributed.worker - INFO - Waiting to connect to:      tcp://10.6.82.36:8734
2025-09-15 10:50:58,323 - distributed.worker - INFO - -------------------------------------------------
2025-09-15 10:50:58,323 - distributed.worker - INFO -               Threads:                          2
2025-09-15 10:50:58,323 - distributed.worker - INFO -                Memory:                   9.62 GiB
2025-09-15 10:50:58,324 - distributed.worker - INFO -       Local Directory: /jobfs/149690456.gadi-pbs/dask-scratch-space/worker-vhgj3bbz
2025-09-15 10:50:58,324 - distributed.worker - INFO - -------------------------------------------------
2025-09-15 10:50:58,325 - distributed.worker - INFO -       Start worker at:     tcp://10.6.85.15:36957
2025-09-15 10:50:58,325 - distributed.worker - INFO -          Listening to:     tcp://10.6.85.15:36957
2025-09-15 10:50:58,326 - distributed.worker - INFO -          dashboard at:           10.6.85.15:33077
2025-09-15 10:50:58,326 - distributed.worker - INFO - Waiting to connect to:      tcp://10.6.82.36:8734
2025-09-15 10:50:58,326 - distributed.worker - INFO - -------------------------------------------------
2025-09-15 10:50:58,326 - distributed.worker - INFO -               Threads:                          2
2025-09-15 10:50:58,326 - distributed.worker - INFO -                Memory:                   9.62 GiB
2025-09-15 10:50:58,326 - distributed.worker - INFO -       Local Directory: /jobfs/149690456.gadi-pbs/dask-scratch-space/worker-m23pzv99
2025-09-15 10:50:58,326 - distributed.worker - INFO - -------------------------------------------------
2025-09-15 10:50:58,328 - distributed.worker - INFO -       Start worker at:     tcp://10.6.85.15:35395
2025-09-15 10:50:58,328 - distributed.worker - INFO -          Listening to:     tcp://10.6.85.15:35395
2025-09-15 10:50:58,328 - distributed.worker - INFO -          dashboard at:           10.6.85.15:43819
2025-09-15 10:50:58,328 - distributed.worker - INFO - Waiting to connect to:      tcp://10.6.82.36:8734
2025-09-15 10:50:58,328 - distributed.worker - INFO - -------------------------------------------------
2025-09-15 10:50:58,329 - distributed.worker - INFO -               Threads:                          2
2025-09-15 10:50:58,329 - distributed.worker - INFO -                Memory:                   9.62 GiB
2025-09-15 10:50:58,329 - distributed.worker - INFO -       Local Directory: /jobfs/149690456.gadi-pbs/dask-scratch-space/worker-_w9zhaa8
2025-09-15 10:50:58,329 - distributed.worker - INFO - -------------------------------------------------
2025-09-15 10:50:58,330 - distributed.worker - INFO -       Start worker at:     tcp://10.6.85.15:37937
2025-09-15 10:50:58,330 - distributed.worker - INFO -          Listening to:     tcp://10.6.85.15:37937
2025-09-15 10:50:58,330 - distributed.worker - INFO -          dashboard at:           10.6.85.15:37183
2025-09-15 10:50:58,330 - distributed.worker - INFO - Waiting to connect to:      tcp://10.6.82.36:8734
2025-09-15 10:50:58,330 - distributed.worker - INFO - -------------------------------------------------
2025-09-15 10:50:58,330 - distributed.worker - INFO -               Threads:                          2
2025-09-15 10:50:58,330 - distributed.worker - INFO -                Memory:                   9.62 GiB
2025-09-15 10:50:58,330 - distributed.worker - INFO -       Local Directory: /jobfs/149690456.gadi-pbs/dask-scratch-space/worker-ttxzfpu3
2025-09-15 10:50:58,330 - distributed.worker - INFO - -------------------------------------------------
2025-09-15 10:50:58,330 - distributed.worker - INFO -       Start worker at:     tcp://10.6.85.15:36391
2025-09-15 10:50:58,330 - distributed.worker - INFO -          Listening to:     tcp://10.6.85.15:36391
2025-09-15 10:50:58,330 - distributed.worker - INFO -          dashboard at:           10.6.85.15:38013
2025-09-15 10:50:58,330 - distributed.worker - INFO - Waiting to connect to:      tcp://10.6.82.36:8734
2025-09-15 10:50:58,330 - distributed.worker - INFO - -------------------------------------------------
2025-09-15 10:50:58,330 - distributed.worker - INFO -               Threads:                          2
2025-09-15 10:50:58,330 - distributed.worker - INFO -                Memory:                   9.62 GiB
2025-09-15 10:50:58,330 - distributed.worker - INFO -       Local Directory: /jobfs/149690456.gadi-pbs/dask-scratch-space/worker-unixbbs5
2025-09-15 10:50:58,330 - distributed.worker - INFO - -------------------------------------------------
2025-09-15 10:50:58,350 - distributed.worker - INFO - Starting Worker plugin shuffle
2025-09-15 10:50:58,351 - distributed.worker - INFO -         Registered to:      tcp://10.6.82.36:8734
2025-09-15 10:50:58,351 - distributed.worker - INFO - -------------------------------------------------
2025-09-15 10:50:58,352 - distributed.core - INFO - Starting established connection to tcp://10.6.82.36:8734
2025-09-15 10:50:58,361 - distributed.worker - INFO - Starting Worker plugin shuffle
2025-09-15 10:50:58,362 - distributed.worker - INFO -         Registered to:      tcp://10.6.82.36:8734
2025-09-15 10:50:58,362 - distributed.worker - INFO - -------------------------------------------------
2025-09-15 10:50:58,363 - distributed.core - INFO - Starting established connection to tcp://10.6.82.36:8734
2025-09-15 10:50:58,369 - distributed.worker - INFO - Starting Worker plugin shuffle
2025-09-15 10:50:58,370 - distributed.worker - INFO -         Registered to:      tcp://10.6.82.36:8734
2025-09-15 10:50:58,370 - distributed.worker - INFO - -------------------------------------------------
2025-09-15 10:50:58,372 - distributed.core - INFO - Starting established connection to tcp://10.6.82.36:8734
2025-09-15 10:50:58,376 - distributed.worker - INFO - Starting Worker plugin shuffle
2025-09-15 10:50:58,377 - distributed.worker - INFO -         Registered to:      tcp://10.6.82.36:8734
2025-09-15 10:50:58,378 - distributed.worker - INFO - -------------------------------------------------
2025-09-15 10:50:58,379 - distributed.core - INFO - Starting established connection to tcp://10.6.82.36:8734
2025-09-15 10:50:58,386 - distributed.worker - INFO - Starting Worker plugin shuffle
2025-09-15 10:50:58,387 - distributed.worker - INFO -         Registered to:      tcp://10.6.82.36:8734
2025-09-15 10:50:58,387 - distributed.worker - INFO - -------------------------------------------------
2025-09-15 10:50:58,389 - distributed.core - INFO - Starting established connection to tcp://10.6.82.36:8734
2025-09-15 10:50:58,645 - distributed.core - INFO - Connection to tcp://10.6.82.36:8734 has been closed.
2025-09-15 10:50:58,646 - distributed.worker - INFO - Stopping worker at tcp://10.6.85.15:36751. Reason: worker-handle-scheduler-connection-broken
2025-09-15 10:50:58,646 - distributed.worker - INFO - Waiting to connect to:      tcp://10.6.82.36:8734
2025-09-15 10:50:58,646 - distributed.worker - INFO - Waiting to connect to:      tcp://10.6.82.36:8734
2025-09-15 10:50:58,646 - distributed.worker - INFO - Waiting to connect to:      tcp://10.6.82.36:8734
2025-09-15 10:50:58,646 - distributed.core - INFO - Connection to tcp://10.6.82.36:8734 has been closed.
2025-09-15 10:50:58,646 - distributed.worker - INFO - Waiting to connect to:      tcp://10.6.82.36:8734
2025-09-15 10:50:58,646 - distributed.worker - INFO - Waiting to connect to:      tcp://10.6.82.36:8734
2025-09-15 10:50:58,646 - distributed.core - INFO - Connection to tcp://10.6.82.36:8734 has been closed.
2025-09-15 10:50:58,646 - distributed.core - INFO - Connection to tcp://10.6.82.36:8734 has been closed.
2025-09-15 10:50:58,646 - distributed.worker - INFO - Waiting to connect to:      tcp://10.6.82.36:8734
2025-09-15 10:50:58,646 - distributed.core - INFO - Connection to tcp://10.6.82.36:8734 has been closed.
2025-09-15 10:50:58,646 - distributed.core - INFO - Connection to tcp://10.6.82.36:8734 has been closed.
2025-09-15 10:50:58,646 - distributed.core - INFO - Connection to tcp://10.6.82.36:8734 has been closed.
2025-09-15 10:50:58,646 - distributed.core - INFO - Connection to tcp://10.6.82.36:8734 has been closed.
2025-09-15 10:50:58,646 - distributed.worker - INFO - Stopping worker at tcp://10.6.85.15:39589. Reason: worker-handle-scheduler-connection-broken
2025-09-15 10:50:58,646 - distributed.core - INFO - Connection to tcp://10.6.82.36:8734 has been closed.
2025-09-15 10:50:58,647 - distributed.worker - INFO - Stopping worker at tcp://10.6.85.15:36449. Reason: worker-handle-scheduler-connection-broken
2025-09-15 10:50:58,647 - distributed.worker - INFO - Stopping worker at tcp://10.6.85.15:41193. Reason: worker-handle-scheduler-connection-broken
2025-09-15 10:50:58,647 - distributed.worker - INFO - Stopping worker at tcp://10.6.85.15:45955. Reason: worker-handle-scheduler-connection-broken
2025-09-15 10:50:58,647 - distributed.worker - INFO - Stopping worker at tcp://10.6.85.15:41023. Reason: worker-handle-scheduler-connection-broken
2025-09-15 10:50:58,647 - distributed.worker - INFO - Stopping worker at tcp://10.6.85.15:46617. Reason: worker-handle-scheduler-connection-broken
2025-09-15 10:50:58,647 - distributed.worker - INFO - Stopping worker at tcp://10.6.85.15:37131. Reason: worker-handle-scheduler-connection-broken
2025-09-15 10:50:58,648 - distributed.worker - INFO - Stopping worker at tcp://10.6.85.15:46411. Reason: worker-handle-scheduler-connection-broken
2025-09-15 10:50:58,648 - distributed.core - INFO - Connection to tcp://10.6.82.36:8734 has been closed.
2025-09-15 10:50:58,648 - distributed.core - INFO - Connection to tcp://10.6.82.36:8734 has been closed.
2025-09-15 10:50:58,648 - distributed.core - INFO - Connection to tcp://10.6.82.36:8734 has been closed.
2025-09-15 10:50:58,648 - distributed.core - INFO - Connection to tcp://10.6.82.36:8734 has been closed.
2025-09-15 10:50:58,648 - distributed.core - INFO - Connection to tcp://10.6.82.36:8734 has been closed.
2025-09-15 10:50:58,648 - distributed.core - INFO - Connection to tcp://10.6.82.36:8734 has been closed.
2025-09-15 10:50:58,648 - distributed.core - INFO - Connection to tcp://10.6.82.36:8734 has been closed.
2025-09-15 10:50:58,648 - distributed.worker - INFO - Waiting to connect to:      tcp://10.6.82.36:8734
2025-09-15 10:50:58,648 - distributed.worker - INFO - Stopping worker at tcp://10.6.85.15:39615. Reason: worker-handle-scheduler-connection-broken
2025-09-15 10:50:58,648 - distributed.worker - INFO - Waiting to connect to:      tcp://10.6.82.36:8734
2025-09-15 10:50:58,648 - distributed.worker - INFO - Waiting to connect to:      tcp://10.6.82.36:8734
2025-09-15 10:50:58,649 - distributed.worker - INFO - Stopping worker at tcp://10.6.85.15:33381. Reason: worker-handle-scheduler-connection-broken
2025-09-15 10:50:58,649 - distributed.worker - INFO - Stopping worker at tcp://10.6.85.15:43137. Reason: worker-handle-scheduler-connection-broken
2025-09-15 10:50:58,649 - distributed.worker - INFO - Stopping worker at tcp://10.6.85.15:37729. Reason: worker-handle-scheduler-connection-broken
2025-09-15 10:50:58,647 - distributed.core - INFO - Connection to tcp://10.6.82.36:8734 has been closed.
2025-09-15 10:50:58,648 - distributed.nanny - INFO - Closing Nanny gracefully at 'tcp://10.6.85.15:44683'. Reason: worker-handle-scheduler-connection-broken
2025-09-15 10:50:58,649 - distributed.worker - INFO - Stopping worker at tcp://10.6.85.15:41269. Reason: worker-handle-scheduler-connection-broken
2025-09-15 10:50:58,649 - distributed.core - INFO - Connection to tcp://10.6.82.36:8734 has been closed.
2025-09-15 10:50:58,649 - distributed.core - INFO - Connection to tcp://10.6.82.36:8734 has been closed.
2025-09-15 10:50:58,649 - distributed.core - INFO - Connection to tcp://10.6.82.36:8734 has been closed.
2025-09-15 10:50:58,649 - distributed.worker - INFO - Stopping worker at tcp://10.6.85.15:34601. Reason: worker-handle-scheduler-connection-broken
2025-09-15 10:50:58,649 - distributed.worker - INFO - Stopping worker at tcp://10.6.85.15:38205. Reason: worker-handle-scheduler-connection-broken
2025-09-15 10:50:58,649 - distributed.core - INFO - Connection to tcp://10.6.82.36:8734 has been closed.
2025-09-15 10:50:58,649 - distributed.core - INFO - Connection to tcp://10.6.82.36:8734 has been closed.
2025-09-15 10:50:58,649 - distributed.core - INFO - Connection to tcp://10.6.82.36:8734 has been closed.
2025-09-15 10:50:58,649 - distributed.core - INFO - Connection to tcp://10.6.82.36:8734 has been closed.
2025-09-15 10:50:58,649 - distributed.core - INFO - Connection to tcp://10.6.82.36:8734 has been closed.
2025-09-15 10:50:58,649 - distributed.core - INFO - Connection to tcp://10.6.82.36:8734 has been closed.
2025-09-15 10:50:58,649 - distributed.core - INFO - Connection to tcp://10.6.82.36:8734 has been closed.
2025-09-15 10:50:58,650 - distributed.core - INFO - Connection to tcp://10.6.82.36:8734 has been closed.
2025-09-15 10:50:58,650 - distributed.worker - INFO - Stopping worker at tcp://10.6.85.15:40479. Reason: worker-handle-scheduler-connection-broken
2025-09-15 10:50:58,650 - distributed.worker - INFO - Stopping worker at tcp://10.6.85.15:40817. Reason: worker-handle-scheduler-connection-broken
2025-09-15 10:50:58,650 - distributed.worker - INFO - Stopping worker at tcp://10.6.85.15:42673. Reason: worker-handle-scheduler-connection-broken
2025-09-15 10:50:58,650 - distributed.worker - INFO - Stopping worker at tcp://10.6.85.15:43649. Reason: worker-handle-scheduler-connection-broken
2025-09-15 10:50:58,650 - distributed.worker - INFO - Removing Worker plugin shuffle
2025-09-15 10:50:58,650 - distributed.worker - INFO - Stopping worker at tcp://10.6.85.15:40623. Reason: worker-handle-scheduler-connection-broken
2025-09-15 10:50:58,650 - distributed.worker - INFO - Stopping worker at tcp://10.6.85.15:39535. Reason: worker-handle-scheduler-connection-broken
2025-09-15 10:50:58,650 - distributed.worker - INFO - Stopping worker at tcp://10.6.85.15:33487. Reason: worker-handle-scheduler-connection-broken
2025-09-15 10:50:58,650 - distributed.worker - INFO - Stopping worker at tcp://10.6.85.15:37305. Reason: worker-handle-scheduler-connection-broken
2025-09-15 10:50:58,650 - distributed.worker - INFO - Stopping worker at tcp://10.6.85.15:40617. Reason: worker-handle-scheduler-connection-broken
2025-09-15 10:50:58,651 - distributed.worker - INFO - Stopping worker at tcp://10.6.85.15:45641. Reason: worker-handle-scheduler-connection-broken
2025-09-15 10:50:58,651 - distributed.worker - INFO - Stopping worker at tcp://10.6.85.15:45663. Reason: worker-handle-scheduler-connection-broken
2025-09-15 10:50:58,651 - distributed.worker - INFO - Waiting to connect to:      tcp://10.6.82.36:8734
2025-09-15 10:50:58,651 - distributed.worker - INFO - Stopping worker at tcp://10.6.85.15:44797. Reason: worker-handle-scheduler-connection-broken
2025-09-15 10:50:58,651 - distributed.core - INFO - Connection to tcp://10.6.82.36:8734 has been closed.
2025-09-15 10:50:58,651 - distributed.core - INFO - Connection to tcp://10.6.82.36:8734 has been closed.
2025-09-15 10:50:58,651 - distributed.core - INFO - Connection to tcp://10.6.82.36:8734 has been closed.
2025-09-15 10:50:58,651 - distributed.worker - INFO - Waiting to connect to:      tcp://10.6.82.36:8734
2025-09-15 10:50:58,652 - distributed.worker - INFO - Stopping worker at tcp://10.6.85.15:36021. Reason: worker-handle-scheduler-connection-broken
2025-09-15 10:50:58,651 - distributed.worker - INFO - Waiting to connect to:      tcp://10.6.82.36:8734
2025-09-15 10:50:58,652 - distributed.worker - INFO - Stopping worker at tcp://10.6.85.15:39993. Reason: worker-handle-scheduler-connection-broken
2025-09-15 10:50:58,652 - distributed.worker - INFO - Stopping worker at tcp://10.6.85.15:43111. Reason: worker-handle-scheduler-connection-broken
2025-09-15 10:50:58,650 - distributed.core - INFO - Connection to tcp://10.6.82.36:8734 has been closed.
2025-09-15 10:50:58,653 - distributed.core - INFO - Connection to tcp://10.6.82.36:8734 has been closed.
2025-09-15 10:50:58,653 - distributed.core - INFO - Connection to tcp://10.6.82.36:8734 has been closed.
2025-09-15 10:50:58,653 - distributed.core - INFO - Connection to tcp://10.6.82.36:8734 has been closed.
2025-09-15 10:50:58,653 - distributed.core - INFO - Connection to tcp://10.6.82.36:8734 has been closed.
2025-09-15 10:50:58,653 - distributed.core - INFO - Connection to tcp://10.6.82.36:8734 has been closed.
2025-09-15 10:50:58,653 - distributed.core - INFO - Connection to tcp://10.6.82.36:8734 has been closed.
2025-09-15 10:50:58,653 - distributed.worker - INFO - Stopping worker at tcp://10.6.85.15:40827. Reason: worker-handle-scheduler-connection-broken
2025-09-15 10:50:58,653 - distributed.worker - INFO - Waiting to connect to:      tcp://10.6.82.36:8734
2025-09-15 10:50:58,654 - distributed.worker - INFO - Stopping worker at tcp://10.6.85.15:39909. Reason: worker-handle-scheduler-connection-broken
2025-09-15 10:50:58,654 - distributed.worker - INFO - Stopping worker at tcp://10.6.85.15:39129. Reason: worker-handle-scheduler-connection-broken
2025-09-15 10:50:58,654 - distributed.worker - INFO - Stopping worker at tcp://10.6.85.15:38603. Reason: worker-handle-scheduler-connection-broken
2025-09-15 10:50:58,654 - distributed.worker - INFO - Stopping worker at tcp://10.6.85.15:39493. Reason: worker-handle-scheduler-connection-broken
2025-09-15 10:50:58,654 - distributed.worker - INFO - Stopping worker at tcp://10.6.85.15:43471. Reason: worker-handle-scheduler-connection-broken
2025-09-15 10:50:58,654 - distributed.nanny - INFO - Worker closed
2025-09-15 10:50:58,654 - distributed.nanny - INFO - Closing Nanny gracefully at 'tcp://10.6.85.15:43375'. Reason: worker-handle-scheduler-connection-broken
2025-09-15 10:50:58,654 - distributed.worker - INFO - Stopping worker at tcp://10.6.85.15:39827. Reason: worker-handle-scheduler-connection-broken
2025-09-15 10:50:58,653 - distributed.core - INFO - Connection to tcp://10.6.82.36:8734 has been closed.
2025-09-15 10:50:58,655 - distributed.worker - INFO - Removing Worker plugin shuffle
2025-09-15 10:50:58,657 - distributed.worker - INFO - Stopping worker at tcp://10.6.85.15:38139. Reason: worker-handle-scheduler-connection-broken
2025-09-15 10:50:58,658 - distributed.nanny - INFO - Worker closed
2025-09-15 10:50:58,665 - distributed.nanny - INFO - Closing Nanny gracefully at 'tcp://10.6.85.15:45345'. Reason: worker-handle-scheduler-connection-broken
2025-09-15 10:50:58,665 - distributed.nanny - INFO - Closing Nanny gracefully at 'tcp://10.6.85.15:34097'. Reason: worker-handle-scheduler-connection-broken
2025-09-15 10:50:58,665 - distributed.worker - INFO - Removing Worker plugin shuffle
2025-09-15 10:50:58,666 - distributed.nanny - INFO - Closing Nanny gracefully at 'tcp://10.6.85.15:33263'. Reason: worker-handle-scheduler-connection-broken
2025-09-15 10:50:58,666 - distributed.nanny - INFO - Closing Nanny gracefully at 'tcp://10.6.85.15:36039'. Reason: worker-handle-scheduler-connection-broken
2025-09-15 10:50:58,666 - distributed.worker - INFO - Removing Worker plugin shuffle
2025-09-15 10:50:58,666 - distributed.worker - INFO - Removing Worker plugin shuffle
2025-09-15 10:50:58,666 - distributed.nanny - INFO - Closing Nanny gracefully at 'tcp://10.6.85.15:37477'. Reason: worker-handle-scheduler-connection-broken
2025-09-15 10:50:58,667 - distributed.worker - INFO - Removing Worker plugin shuffle
2025-09-15 10:50:58,667 - distributed.nanny - INFO - Closing Nanny gracefully at 'tcp://10.6.85.15:39745'. Reason: worker-handle-scheduler-connection-broken
2025-09-15 10:50:58,667 - distributed.worker - INFO - Removing Worker plugin shuffle
2025-09-15 10:50:58,667 - distributed.nanny - INFO - Closing Nanny gracefully at 'tcp://10.6.85.15:45221'. Reason: worker-handle-scheduler-connection-broken
2025-09-15 10:50:58,668 - distributed.worker - INFO - Removing Worker plugin shuffle
2025-09-15 10:50:58,668 - distributed.nanny - INFO - Closing Nanny gracefully at 'tcp://10.6.85.15:42539'. Reason: worker-handle-scheduler-connection-broken
2025-09-15 10:50:58,668 - distributed.worker - INFO - Removing Worker plugin shuffle
2025-09-15 10:50:58,668 - distributed.nanny - INFO - Closing Nanny gracefully at 'tcp://10.6.85.15:38787'. Reason: worker-handle-scheduler-connection-broken
2025-09-15 10:50:58,668 - distributed.worker - INFO - Removing Worker plugin shuffle
2025-09-15 10:50:58,668 - distributed.nanny - INFO - Closing Nanny gracefully at 'tcp://10.6.85.15:37299'. Reason: worker-handle-scheduler-connection-broken
2025-09-15 10:50:58,669 - distributed.worker - INFO - Removing Worker plugin shuffle
2025-09-15 10:50:58,669 - distributed.nanny - INFO - Closing Nanny gracefully at 'tcp://10.6.85.15:40573'. Reason: worker-handle-scheduler-connection-broken
2025-09-15 10:50:58,669 - distributed.worker - INFO - Removing Worker plugin shuffle
2025-09-15 10:50:58,669 - distributed.nanny - INFO - Worker closed
2025-09-15 10:50:58,669 - distributed.nanny - INFO - Closing Nanny gracefully at 'tcp://10.6.85.15:36281'. Reason: worker-handle-scheduler-connection-broken
2025-09-15 10:50:58,670 - distributed.worker - INFO - Removing Worker plugin shuffle
2025-09-15 10:50:58,670 - distributed.nanny - INFO - Closing Nanny gracefully at 'tcp://10.6.85.15:43645'. Reason: worker-handle-scheduler-connection-broken
2025-09-15 10:50:58,670 - distributed.worker - INFO - Removing Worker plugin shuffle
2025-09-15 10:50:58,670 - distributed.nanny - INFO - Closing Nanny gracefully at 'tcp://10.6.85.15:46733'. Reason: worker-handle-scheduler-connection-broken
2025-09-15 10:50:58,670 - distributed.nanny - INFO - Worker closed
2025-09-15 10:50:58,670 - distributed.worker - INFO - Removing Worker plugin shuffle
2025-09-15 10:50:58,671 - distributed.nanny - INFO - Worker closed
2025-09-15 10:50:58,671 - distributed.nanny - INFO - Worker closed
2025-09-15 10:50:58,671 - distributed.worker - INFO - Removing Worker plugin shuffle
2025-09-15 10:50:58,671 - distributed.nanny - INFO - Worker closed
2025-09-15 10:50:58,672 - distributed.nanny - INFO - Worker closed
2025-09-15 10:50:58,672 - distributed.nanny - INFO - Worker closed
2025-09-15 10:50:58,672 - distributed.nanny - INFO - Worker closed
2025-09-15 10:50:58,673 - distributed.nanny - INFO - Worker closed
2025-09-15 10:50:58,673 - distributed.nanny - INFO - Worker closed
2025-09-15 10:50:58,673 - distributed.nanny - INFO - Worker closed
2025-09-15 10:50:58,674 - distributed.nanny - INFO - Worker closed
2025-09-15 10:50:58,674 - distributed.nanny - INFO - Worker closed
2025-09-15 10:50:58,675 - distributed.nanny - INFO - Worker closed
2025-09-15 10:50:58,678 - distributed.nanny - INFO - Closing Nanny gracefully at 'tcp://10.6.85.15:38289'. Reason: worker-handle-scheduler-connection-broken
2025-09-15 10:50:58,678 - distributed.nanny - INFO - Closing Nanny gracefully at 'tcp://10.6.85.15:42603'. Reason: worker-handle-scheduler-connection-broken
2025-09-15 10:50:58,679 - distributed.nanny - INFO - Closing Nanny gracefully at 'tcp://10.6.85.15:37749'. Reason: worker-handle-scheduler-connection-broken
2025-09-15 10:50:58,679 - distributed.worker - INFO - Removing Worker plugin shuffle
2025-09-15 10:50:58,679 - distributed.nanny - INFO - Closing Nanny gracefully at 'tcp://10.6.85.15:43135'. Reason: worker-handle-scheduler-connection-broken
2025-09-15 10:50:58,679 - distributed.worker - INFO - Removing Worker plugin shuffle
2025-09-15 10:50:58,679 - distributed.nanny - INFO - Closing Nanny gracefully at 'tcp://10.6.85.15:42251'. Reason: worker-handle-scheduler-connection-broken
2025-09-15 10:50:58,679 - distributed.worker - INFO - Removing Worker plugin shuffle
2025-09-15 10:50:58,680 - distributed.nanny - INFO - Closing Nanny gracefully at 'tcp://10.6.85.15:43753'. Reason: worker-handle-scheduler-connection-broken
2025-09-15 10:50:58,680 - distributed.worker - INFO - Removing Worker plugin shuffle
2025-09-15 10:50:58,680 - distributed.nanny - INFO - Closing Nanny gracefully at 'tcp://10.6.85.15:38029'. Reason: worker-handle-scheduler-connection-broken
2025-09-15 10:50:58,680 - distributed.worker - INFO - Removing Worker plugin shuffle
2025-09-15 10:50:58,680 - distributed.nanny - INFO - Closing Nanny gracefully at 'tcp://10.6.85.15:39333'. Reason: worker-handle-scheduler-connection-broken
2025-09-15 10:50:58,680 - distributed.worker - INFO - Removing Worker plugin shuffle
2025-09-15 10:50:58,680 - distributed.nanny - INFO - Closing Nanny gracefully at 'tcp://10.6.85.15:34687'. Reason: worker-handle-scheduler-connection-broken
2025-09-15 10:50:58,680 - distributed.worker - INFO - Removing Worker plugin shuffle
2025-09-15 10:50:58,681 - distributed.nanny - INFO - Closing Nanny gracefully at 'tcp://10.6.85.15:45583'. Reason: worker-handle-scheduler-connection-broken
2025-09-15 10:50:58,681 - distributed.worker - INFO - Removing Worker plugin shuffle
2025-09-15 10:50:58,681 - distributed.nanny - INFO - Closing Nanny gracefully at 'tcp://10.6.85.15:46471'. Reason: worker-handle-scheduler-connection-broken
2025-09-15 10:50:58,681 - distributed.worker - INFO - Removing Worker plugin shuffle
2025-09-15 10:50:58,681 - distributed.nanny - INFO - Closing Nanny gracefully at 'tcp://10.6.85.15:40171'. Reason: worker-handle-scheduler-connection-broken
2025-09-15 10:50:58,681 - distributed.worker - INFO - Removing Worker plugin shuffle
2025-09-15 10:50:58,681 - distributed.nanny - INFO - Closing Nanny gracefully at 'tcp://10.6.85.15:46619'. Reason: worker-handle-scheduler-connection-broken
2025-09-15 10:50:58,682 - distributed.worker - INFO - Removing Worker plugin shuffle
2025-09-15 10:50:58,682 - distributed.nanny - INFO - Closing Nanny gracefully at 'tcp://10.6.85.15:40245'. Reason: worker-handle-scheduler-connection-broken
2025-09-15 10:50:58,682 - distributed.worker - INFO - Removing Worker plugin shuffle
2025-09-15 10:50:58,682 - distributed.worker - INFO - Removing Worker plugin shuffle
2025-09-15 10:50:58,682 - distributed.nanny - INFO - Worker closed
2025-09-15 10:50:58,682 - distributed.worker - INFO - Removing Worker plugin shuffle
2025-09-15 10:50:58,683 - distributed.nanny - INFO - Worker closed
2025-09-15 10:50:58,684 - distributed.nanny - INFO - Worker closed
2025-09-15 10:50:58,684 - distributed.nanny - INFO - Worker closed
2025-09-15 10:50:58,684 - distributed.nanny - INFO - Worker closed
2025-09-15 10:50:58,684 - distributed.nanny - INFO - Worker closed
2025-09-15 10:50:58,685 - distributed.nanny - INFO - Worker closed
2025-09-15 10:50:58,685 - distributed.nanny - INFO - Worker closed
2025-09-15 10:50:58,685 - distributed.nanny - INFO - Worker closed
2025-09-15 10:50:58,685 - distributed.nanny - INFO - Worker closed
2025-09-15 10:50:58,685 - distributed.nanny - INFO - Worker closed
2025-09-15 10:50:58,686 - distributed.nanny - INFO - Closing Nanny gracefully at 'tcp://10.6.85.15:45555'. Reason: worker-handle-scheduler-connection-broken
2025-09-15 10:50:58,686 - distributed.nanny - INFO - Worker closed
2025-09-15 10:50:58,686 - distributed.nanny - INFO - Closing Nanny gracefully at 'tcp://10.6.85.15:42943'. Reason: worker-handle-scheduler-connection-broken
2025-09-15 10:50:58,686 - distributed.nanny - INFO - Worker closed
2025-09-15 10:50:58,686 - distributed.nanny - INFO - Closing Nanny gracefully at 'tcp://10.6.85.15:37343'. Reason: worker-handle-scheduler-connection-broken
2025-09-15 10:50:58,687 - distributed.worker - INFO - Removing Worker plugin shuffle
2025-09-15 10:50:58,687 - distributed.nanny - INFO - Closing Nanny gracefully at 'tcp://10.6.85.15:43273'. Reason: worker-handle-scheduler-connection-broken
2025-09-15 10:50:58,687 - distributed.nanny - INFO - Worker closed
2025-09-15 10:50:58,687 - distributed.worker - INFO - Removing Worker plugin shuffle
2025-09-15 10:50:58,687 - distributed.nanny - INFO - Closing Nanny gracefully at 'tcp://10.6.85.15:33097'. Reason: worker-handle-scheduler-connection-broken
2025-09-15 10:50:58,687 - distributed.worker - INFO - Removing Worker plugin shuffle
2025-09-15 10:50:58,687 - distributed.nanny - INFO - Closing Nanny gracefully at 'tcp://10.6.85.15:43191'. Reason: worker-handle-scheduler-connection-broken
2025-09-15 10:50:58,687 - distributed.nanny - INFO - Closing Nanny gracefully at 'tcp://10.6.85.15:33795'. Reason: worker-handle-scheduler-connection-broken
2025-09-15 10:50:58,687 - distributed.worker - INFO - Removing Worker plugin shuffle
2025-09-15 10:50:58,688 - distributed.worker - INFO - Removing Worker plugin shuffle
2025-09-15 10:50:58,688 - distributed.nanny - INFO - Closing Nanny gracefully at 'tcp://10.6.85.15:33657'. Reason: worker-handle-scheduler-connection-broken
2025-09-15 10:50:58,688 - distributed.worker - INFO - Removing Worker plugin shuffle
2025-09-15 10:50:58,688 - distributed.worker - INFO - Removing Worker plugin shuffle
2025-09-15 10:50:58,689 - distributed.worker - INFO - Removing Worker plugin shuffle
2025-09-15 10:50:58,690 - distributed.nanny - INFO - Closing Nanny gracefully at 'tcp://10.6.85.15:38951'. Reason: worker-handle-scheduler-connection-broken
2025-09-15 10:50:58,691 - distributed.nanny - INFO - Worker closed
2025-09-15 10:50:58,691 - distributed.nanny - INFO - Worker closed
2025-09-15 10:50:58,691 - distributed.worker - INFO - Removing Worker plugin shuffle
2025-09-15 10:50:58,688 - distributed.worker - ERROR - Failed to communicate with scheduler during heartbeat.
Traceback (most recent call last):
  File "/g/data/xp65/public/apps/med_conda/envs/analysis3-25.06/lib/python3.11/site-packages/distributed/core.py", line 1485, in connect
    return await self._connect(addr=addr, timeout=timeout)
           ^^^^^^^^^^^^^^^^^^^^^^^^^^^^^^^^^^^^^^^^^^^^^^^
  File "/g/data/xp65/public/apps/med_conda/envs/analysis3-25.06/lib/python3.11/site-packages/distributed/core.py", line 1429, in _connect
    comm = await connect(
           ^^^^^^^^^^^^^^
  File "/g/data/xp65/public/apps/med_conda/envs/analysis3-25.06/lib/python3.11/site-packages/distributed/comm/core.py", line 377, in connect
    handshake = await comm.read()
                ^^^^^^^^^^^^^^^^^
  File "/g/data/xp65/public/apps/med_conda/envs/analysis3-25.06/lib/python3.11/site-packages/distributed/comm/tcp.py", line 226, in read
    frames_nosplit_nbytes_bin = await stream.read_bytes(fmt_size)
                                ^^^^^^^^^^^^^^^^^^^^^^^^^^^^^^^^^
asyncio.exceptions.CancelledError

The above exception was the direct cause of the following exception:

Traceback (most recent call last):
  File "/g/data/xp65/public/apps/med_conda/envs/analysis3-25.06/lib/python3.11/site-packages/distributed/core.py", line 1476, in connect
    async with asyncio.timeout(math.inf) as scope:
  File "/g/data/xp65/public/apps/med_conda/envs/analysis3-25.06/lib/python3.11/asyncio/timeouts.py", line 115, in __aexit__
    raise TimeoutError from exc_val
TimeoutError

During handling of the above exception, another exception occurred:

Traceback (most recent call last):
  File "/g/data/xp65/public/apps/med_conda/envs/analysis3-25.06/lib/python3.11/site-packages/distributed/worker.py", line 1267, in heartbeat
    response = await retry_operation(
               ^^^^^^^^^^^^^^^^^^^^^^
  File "/g/data/xp65/public/apps/med_conda/envs/analysis3-25.06/lib/python3.11/site-packages/distributed/utils_comm.py", line 416, in retry_operation
    return await retry(
           ^^^^^^^^^^^^
  File "/g/data/xp65/public/apps/med_conda/envs/analysis3-25.06/lib/python3.11/site-packages/distributed/utils_comm.py", line 395, in retry
    return await coro()
           ^^^^^^^^^^^^
  File "/g/data/xp65/public/apps/med_conda/envs/analysis3-25.06/lib/python3.11/site-packages/distributed/core.py", line 1256, in send_recv_from_rpc
    comm = await self.pool.connect(self.addr)
           ^^^^^^^^^^^^^^^^^^^^^^^^^^^^^^^^^^
  File "/g/data/xp65/public/apps/med_conda/envs/analysis3-25.06/lib/python3.11/site-packages/distributed/core.py", line 1497, in connect
    raise CommClosedError(reason)
distributed.comm.core.CommClosedError: ConnectionPool closing.
2025-09-15 10:50:58,694 - distributed.nanny - INFO - Worker closed
2025-09-15 10:50:58,689 - distributed.worker - ERROR - Failed to communicate with scheduler during heartbeat.
Traceback (most recent call last):
  File "/g/data/xp65/public/apps/med_conda/envs/analysis3-25.06/lib/python3.11/site-packages/distributed/core.py", line 1485, in connect
    return await self._connect(addr=addr, timeout=timeout)
           ^^^^^^^^^^^^^^^^^^^^^^^^^^^^^^^^^^^^^^^^^^^^^^^
  File "/g/data/xp65/public/apps/med_conda/envs/analysis3-25.06/lib/python3.11/site-packages/distributed/core.py", line 1429, in _connect
    comm = await connect(
           ^^^^^^^^^^^^^^
  File "/g/data/xp65/public/apps/med_conda/envs/analysis3-25.06/lib/python3.11/site-packages/distributed/comm/core.py", line 377, in connect
    handshake = await comm.read()
                ^^^^^^^^^^^^^^^^^
  File "/g/data/xp65/public/apps/med_conda/envs/analysis3-25.06/lib/python3.11/site-packages/distributed/comm/tcp.py", line 226, in read
    frames_nosplit_nbytes_bin = await stream.read_bytes(fmt_size)
                                ^^^^^^^^^^^^^^^^^^^^^^^^^^^^^^^^^
asyncio.exceptions.CancelledError

The above exception was the direct cause of the following exception:

Traceback (most recent call last):
  File "/g/data/xp65/public/apps/med_conda/envs/analysis3-25.06/lib/python3.11/site-packages/distributed/core.py", line 1476, in connect
    async with asyncio.timeout(math.inf) as scope:
  File "/g/data/xp65/public/apps/med_conda/envs/analysis3-25.06/lib/python3.11/asyncio/timeouts.py", line 115, in __aexit__
    raise TimeoutError from exc_val
TimeoutError

During handling of the above exception, another exception occurred:

Traceback (most recent call last):
  File "/g/data/xp65/public/apps/med_conda/envs/analysis3-25.06/lib/python3.11/site-packages/distributed/worker.py", line 1267, in heartbeat
    response = await retry_operation(
               ^^^^^^^^^^^^^^^^^^^^^^
  File "/g/data/xp65/public/apps/med_conda/envs/analysis3-25.06/lib/python3.11/site-packages/distributed/utils_comm.py", line 416, in retry_operation
    return await retry(
           ^^^^^^^^^^^^
  File "/g/data/xp65/public/apps/med_conda/envs/analysis3-25.06/lib/python3.11/site-packages/distributed/utils_comm.py", line 395, in retry
    return await coro()
           ^^^^^^^^^^^^
  File "/g/data/xp65/public/apps/med_conda/envs/analysis3-25.06/lib/python3.11/site-packages/distributed/core.py", line 1256, in send_recv_from_rpc
    comm = await self.pool.connect(self.addr)
           ^^^^^^^^^^^^^^^^^^^^^^^^^^^^^^^^^^
  File "/g/data/xp65/public/apps/med_conda/envs/analysis3-25.06/lib/python3.11/site-packages/distributed/core.py", line 1497, in connect
    raise CommClosedError(reason)
distributed.comm.core.CommClosedError: ConnectionPool closing.
2025-09-15 10:50:58,689 - distributed.worker - ERROR - Failed to communicate with scheduler during heartbeat.
Traceback (most recent call last):
  File "/g/data/xp65/public/apps/med_conda/envs/analysis3-25.06/lib/python3.11/site-packages/distributed/core.py", line 1485, in connect
    return await self._connect(addr=addr, timeout=timeout)
           ^^^^^^^^^^^^^^^^^^^^^^^^^^^^^^^^^^^^^^^^^^^^^^^
  File "/g/data/xp65/public/apps/med_conda/envs/analysis3-25.06/lib/python3.11/site-packages/distributed/core.py", line 1429, in _connect
    comm = await connect(
           ^^^^^^^^^^^^^^
  File "/g/data/xp65/public/apps/med_conda/envs/analysis3-25.06/lib/python3.11/site-packages/distributed/comm/core.py", line 377, in connect
    handshake = await comm.read()
                ^^^^^^^^^^^^^^^^^
  File "/g/data/xp65/public/apps/med_conda/envs/analysis3-25.06/lib/python3.11/site-packages/distributed/comm/tcp.py", line 226, in read
    frames_nosplit_nbytes_bin = await stream.read_bytes(fmt_size)
                                ^^^^^^^^^^^^^^^^^^^^^^^^^^^^^^^^^
asyncio.exceptions.CancelledError

The above exception was the direct cause of the following exception:

Traceback (most recent call last):
  File "/g/data/xp65/public/apps/med_conda/envs/analysis3-25.06/lib/python3.11/site-packages/distributed/core.py", line 1476, in connect
    async with asyncio.timeout(math.inf) as scope:
  File "/g/data/xp65/public/apps/med_conda/envs/analysis3-25.06/lib/python3.11/asyncio/timeouts.py", line 115, in __aexit__
    raise TimeoutError from exc_val
TimeoutError

During handling of the above exception, another exception occurred:

Traceback (most recent call last):
  File "/g/data/xp65/public/apps/med_conda/envs/analysis3-25.06/lib/python3.11/site-packages/distributed/worker.py", line 1267, in heartbeat
    response = await retry_operation(
               ^^^^^^^^^^^^^^^^^^^^^^
  File "/g/data/xp65/public/apps/med_conda/envs/analysis3-25.06/lib/python3.11/site-packages/distributed/utils_comm.py", line 416, in retry_operation
    return await retry(
           ^^^^^^^^^^^^
  File "/g/data/xp65/public/apps/med_conda/envs/analysis3-25.06/lib/python3.11/site-packages/distributed/utils_comm.py", line 395, in retry
    return await coro()
           ^^^^^^^^^^^^
  File "/g/data/xp65/public/apps/med_conda/envs/analysis3-25.06/lib/python3.11/site-packages/distributed/core.py", line 1256, in send_recv_from_rpc
    comm = await self.pool.connect(self.addr)
           ^^^^^^^^^^^^^^^^^^^^^^^^^^^^^^^^^^
  File "/g/data/xp65/public/apps/med_conda/envs/analysis3-25.06/lib/python3.11/site-packages/distributed/core.py", line 1497, in connect
    raise CommClosedError(reason)
distributed.comm.core.CommClosedError: ConnectionPool closing.
2025-09-15 10:50:58,688 - distributed.worker - ERROR - Failed to communicate with scheduler during heartbeat.
Traceback (most recent call last):
  File "/g/data/xp65/public/apps/med_conda/envs/analysis3-25.06/lib/python3.11/site-packages/distributed/core.py", line 1485, in connect
    return await self._connect(addr=addr, timeout=timeout)
           ^^^^^^^^^^^^^^^^^^^^^^^^^^^^^^^^^^^^^^^^^^^^^^^
  File "/g/data/xp65/public/apps/med_conda/envs/analysis3-25.06/lib/python3.11/site-packages/distributed/core.py", line 1429, in _connect
    comm = await connect(
           ^^^^^^^^^^^^^^
  File "/g/data/xp65/public/apps/med_conda/envs/analysis3-25.06/lib/python3.11/site-packages/distributed/comm/core.py", line 377, in connect
    handshake = await comm.read()
                ^^^^^^^^^^^^^^^^^
  File "/g/data/xp65/public/apps/med_conda/envs/analysis3-25.06/lib/python3.11/site-packages/distributed/comm/tcp.py", line 226, in read
    frames_nosplit_nbytes_bin = await stream.read_bytes(fmt_size)
                                ^^^^^^^^^^^^^^^^^^^^^^^^^^^^^^^^^
asyncio.exceptions.CancelledError

The above exception was the direct cause of the following exception:

Traceback (most recent call last):
  File "/g/data/xp65/public/apps/med_conda/envs/analysis3-25.06/lib/python3.11/site-packages/distributed/core.py", line 1476, in connect
    async with asyncio.timeout(math.inf) as scope:
  File "/g/data/xp65/public/apps/med_conda/envs/analysis3-25.06/lib/python3.11/asyncio/timeouts.py", line 115, in __aexit__
    raise TimeoutError from exc_val
TimeoutError

During handling of the above exception, another exception occurred:

Traceback (most recent call last):
  File "/g/data/xp65/public/apps/med_conda/envs/analysis3-25.06/lib/python3.11/site-packages/distributed/worker.py", line 1267, in heartbeat
    response = await retry_operation(
               ^^^^^^^^^^^^^^^^^^^^^^
  File "/g/data/xp65/public/apps/med_conda/envs/analysis3-25.06/lib/python3.11/site-packages/distributed/utils_comm.py", line 416, in retry_operation
    return await retry(
           ^^^^^^^^^^^^
  File "/g/data/xp65/public/apps/med_conda/envs/analysis3-25.06/lib/python3.11/site-packages/distributed/utils_comm.py", line 395, in retry
    return await coro()
           ^^^^^^^^^^^^
  File "/g/data/xp65/public/apps/med_conda/envs/analysis3-25.06/lib/python3.11/site-packages/distributed/core.py", line 1256, in send_recv_from_rpc
    comm = await self.pool.connect(self.addr)
           ^^^^^^^^^^^^^^^^^^^^^^^^^^^^^^^^^^
  File "/g/data/xp65/public/apps/med_conda/envs/analysis3-25.06/lib/python3.11/site-packages/distributed/core.py", line 1497, in connect
    raise CommClosedError(reason)
distributed.comm.core.CommClosedError: ConnectionPool closing.
2025-09-15 10:50:58,698 - distributed.nanny - INFO - Worker closed
2025-09-15 10:50:58,698 - distributed.nanny - INFO - Worker closed
2025-09-15 10:50:58,698 - distributed.nanny - INFO - Worker closed
2025-09-15 10:50:58,701 - distributed.nanny - INFO - Worker closed
2025-09-15 10:50:58,702 - distributed.nanny - INFO - Worker closed
2025-09-15 10:50:58,704 - distributed.nanny - INFO - Worker closed
2025-09-15 10:51:00,661 - distributed.nanny - ERROR - Worker process died unexpectedly
2025-09-15 10:51:00,674 - distributed.nanny - ERROR - Worker process died unexpectedly
2025-09-15 10:51:00,675 - distributed.nanny - ERROR - Worker process died unexpectedly
2025-09-15 10:51:00,677 - distributed.nanny - ERROR - Worker process died unexpectedly
2025-09-15 10:51:00,685 - distributed.nanny - ERROR - Worker process died unexpectedly
2025-09-15 10:51:00,688 - distributed.nanny - ERROR - Worker process died unexpectedly
2025-09-15 10:51:00,689 - distributed.nanny - ERROR - Worker process died unexpectedly
2025-09-15 10:51:00,689 - distributed.nanny - ERROR - Worker process died unexpectedly
2025-09-15 10:51:00,694 - distributed.nanny - ERROR - Worker process died unexpectedly
2025-09-15 10:51:00,694 - distributed.nanny - ERROR - Worker process died unexpectedly
2025-09-15 10:51:00,836 - distributed.nanny - INFO - Closing Nanny at 'tcp://10.6.85.15:44683'. Reason: nanny-close-gracefully
2025-09-15 10:51:00,838 - distributed.nanny - INFO - Nanny at 'tcp://10.6.85.15:44683' closed.
2025-09-15 10:51:00,867 - distributed.nanny - INFO - Closing Nanny at 'tcp://10.6.85.15:43273'. Reason: nanny-close-gracefully
2025-09-15 10:51:00,868 - distributed.nanny - INFO - Nanny at 'tcp://10.6.85.15:43273' closed.
2025-09-15 10:51:00,872 - distributed.nanny - INFO - Closing Nanny at 'tcp://10.6.85.15:43375'. Reason: nanny-close-gracefully
2025-09-15 10:51:00,873 - distributed.nanny - INFO - Nanny at 'tcp://10.6.85.15:43375' closed.
2025-09-15 10:51:00,877 - distributed.nanny - INFO - Closing Nanny at 'tcp://10.6.85.15:45345'. Reason: nanny-close-gracefully
2025-09-15 10:51:00,883 - distributed.nanny - INFO - Nanny at 'tcp://10.6.85.15:45345' closed.
2025-09-15 10:51:00,886 - distributed.nanny - INFO - Closing Nanny at 'tcp://10.6.85.15:42251'. Reason: nanny-close-gracefully
2025-09-15 10:51:00,887 - distributed.nanny - INFO - Nanny at 'tcp://10.6.85.15:42251' closed.
2025-09-15 10:51:00,889 - distributed.nanny - INFO - Closing Nanny at 'tcp://10.6.85.15:43645'. Reason: nanny-close-gracefully
2025-09-15 10:51:00,894 - distributed.nanny - INFO - Closing Nanny at 'tcp://10.6.85.15:38289'. Reason: nanny-close-gracefully
2025-09-15 10:51:00,894 - distributed.nanny - INFO - Closing Nanny at 'tcp://10.6.85.15:39333'. Reason: nanny-close-gracefully
2025-09-15 10:51:00,895 - distributed.nanny - INFO - Nanny at 'tcp://10.6.85.15:43645' closed.
2025-09-15 10:51:00,895 - distributed.nanny - INFO - Closing Nanny at 'tcp://10.6.85.15:42603'. Reason: nanny-close-gracefully
2025-09-15 10:51:00,896 - distributed.nanny - INFO - Nanny at 'tcp://10.6.85.15:38289' closed.
2025-09-15 10:51:00,896 - distributed.nanny - INFO - Nanny at 'tcp://10.6.85.15:39333' closed.
2025-09-15 10:51:00,896 - distributed.nanny - INFO - Nanny at 'tcp://10.6.85.15:42603' closed.
2025-09-15 10:51:00,897 - distributed.nanny - INFO - Closing Nanny at 'tcp://10.6.85.15:34097'. Reason: nanny-close-gracefully
2025-09-15 10:51:00,898 - distributed.nanny - INFO - Nanny at 'tcp://10.6.85.15:34097' closed.
2025-09-15 10:51:00,901 - distributed.nanny - INFO - Closing Nanny at 'tcp://10.6.85.15:45555'. Reason: nanny-close-gracefully
2025-09-15 10:51:00,904 - distributed.nanny - INFO - Nanny at 'tcp://10.6.85.15:45555' closed.
2025-09-15 10:51:00,912 - distributed.nanny - INFO - Closing Nanny at 'tcp://10.6.85.15:38029'. Reason: nanny-close-gracefully
2025-09-15 10:51:00,913 - distributed.nanny - INFO - Closing Nanny at 'tcp://10.6.85.15:43753'. Reason: nanny-close-gracefully
2025-09-15 10:51:00,915 - distributed.nanny - INFO - Closing Nanny at 'tcp://10.6.85.15:36281'. Reason: nanny-close-gracefully
2025-09-15 10:51:00,915 - distributed.nanny - INFO - Closing Nanny at 'tcp://10.6.85.15:37343'. Reason: nanny-close-gracefully
2025-09-15 10:51:00,915 - distributed.nanny - INFO - Nanny at 'tcp://10.6.85.15:38029' closed.
2025-09-15 10:51:00,915 - distributed.nanny - INFO - Nanny at 'tcp://10.6.85.15:43753' closed.
2025-09-15 10:51:00,916 - distributed.nanny - INFO - Nanny at 'tcp://10.6.85.15:36281' closed.
2025-09-15 10:51:00,916 - distributed.nanny - INFO - Nanny at 'tcp://10.6.85.15:37343' closed.
2025-09-15 10:51:00,921 - distributed.nanny - INFO - Closing Nanny at 'tcp://10.6.85.15:37299'. Reason: nanny-close-gracefully
2025-09-15 10:51:00,922 - distributed.nanny - INFO - Closing Nanny at 'tcp://10.6.85.15:42943'. Reason: nanny-close-gracefully
2025-09-15 10:51:00,923 - distributed.nanny - INFO - Nanny at 'tcp://10.6.85.15:37299' closed.
2025-09-15 10:51:00,924 - distributed.nanny - INFO - Nanny at 'tcp://10.6.85.15:42943' closed.
2025-09-15 10:51:00,929 - distributed.nanny - INFO - Closing Nanny at 'tcp://10.6.85.15:46471'. Reason: nanny-close-gracefully
2025-09-15 10:51:00,935 - distributed.nanny - INFO - Nanny at 'tcp://10.6.85.15:46471' closed.
2025-09-15 10:51:00,936 - distributed.nanny - INFO - Closing Nanny at 'tcp://10.6.85.15:33097'. Reason: nanny-close-gracefully
2025-09-15 10:51:00,936 - distributed.nanny - INFO - Nanny at 'tcp://10.6.85.15:33097' closed.
2025-09-15 10:51:00,938 - distributed.nanny - INFO - Closing Nanny at 'tcp://10.6.85.15:43135'. Reason: nanny-close-gracefully
2025-09-15 10:51:00,939 - distributed.nanny - INFO - Nanny at 'tcp://10.6.85.15:43135' closed.
2025-09-15 10:51:00,948 - distributed.nanny - INFO - Closing Nanny at 'tcp://10.6.85.15:42539'. Reason: nanny-close-gracefully
2025-09-15 10:51:00,949 - distributed.nanny - INFO - Nanny at 'tcp://10.6.85.15:42539' closed.
2025-09-15 10:51:00,970 - distributed.nanny - INFO - Closing Nanny at 'tcp://10.6.85.15:36039'. Reason: nanny-close-gracefully
2025-09-15 10:51:00,971 - distributed.nanny - INFO - Nanny at 'tcp://10.6.85.15:36039' closed.
2025-09-15 10:51:00,976 - distributed.nanny - INFO - Closing Nanny at 'tcp://10.6.85.15:43191'. Reason: nanny-close-gracefully
2025-09-15 10:51:00,977 - distributed.nanny - INFO - Nanny at 'tcp://10.6.85.15:43191' closed.
2025-09-15 10:51:00,979 - distributed.nanny - INFO - Closing Nanny at 'tcp://10.6.85.15:33657'. Reason: nanny-close-gracefully
2025-09-15 10:51:00,982 - distributed.nanny - INFO - Nanny at 'tcp://10.6.85.15:33657' closed.
2025-09-15 10:51:00,988 - distributed.nanny - INFO - Closing Nanny at 'tcp://10.6.85.15:38951'. Reason: nanny-close-gracefully
2025-09-15 10:51:00,990 - distributed.nanny - INFO - Closing Nanny at 'tcp://10.6.85.15:33795'. Reason: nanny-close-gracefully
2025-09-15 10:51:00,991 - distributed.nanny - INFO - Nanny at 'tcp://10.6.85.15:38951' closed.
2025-09-15 10:51:00,991 - distributed.nanny - INFO - Nanny at 'tcp://10.6.85.15:33795' closed.
2025-09-15 10:51:01,001 - distributed.nanny - INFO - Closing Nanny at 'tcp://10.6.85.15:40245'. Reason: nanny-close-gracefully
2025-09-15 10:51:01,002 - distributed.nanny - INFO - Nanny at 'tcp://10.6.85.15:40245' closed.
2025-09-15 10:51:01,009 - distributed.nanny - INFO - Closing Nanny at 'tcp://10.6.85.15:34687'. Reason: nanny-close-gracefully
2025-09-15 10:51:01,009 - distributed.nanny - INFO - Nanny at 'tcp://10.6.85.15:34687' closed.
2025-09-15 10:51:01,023 - distributed.nanny - INFO - Closing Nanny at 'tcp://10.6.85.15:40573'. Reason: nanny-close-gracefully
2025-09-15 10:51:01,024 - distributed.nanny - INFO - Nanny at 'tcp://10.6.85.15:40573' closed.
2025-09-15 10:51:01,026 - distributed.nanny - INFO - Closing Nanny at 'tcp://10.6.85.15:46733'. Reason: nanny-close-gracefully
2025-09-15 10:51:01,027 - distributed.nanny - INFO - Nanny at 'tcp://10.6.85.15:46733' closed.
2025-09-15 10:51:01,030 - distributed.nanny - INFO - Closing Nanny at 'tcp://10.6.85.15:37477'. Reason: nanny-close-gracefully
2025-09-15 10:51:01,032 - distributed.nanny - INFO - Closing Nanny at 'tcp://10.6.85.15:33263'. Reason: nanny-close-gracefully
2025-09-15 10:51:01,033 - distributed.nanny - INFO - Closing Nanny at 'tcp://10.6.85.15:39745'. Reason: nanny-close-gracefully
2025-09-15 10:51:01,034 - distributed.nanny - INFO - Nanny at 'tcp://10.6.85.15:37477' closed.
2025-09-15 10:51:01,036 - distributed.nanny - INFO - Nanny at 'tcp://10.6.85.15:33263' closed.
2025-09-15 10:51:01,037 - distributed.nanny - INFO - Closing Nanny at 'tcp://10.6.85.15:38787'. Reason: nanny-close-gracefully
2025-09-15 10:51:01,038 - distributed.nanny - INFO - Closing Nanny at 'tcp://10.6.85.15:37749'. Reason: nanny-close-gracefully
2025-09-15 10:51:01,038 - distributed.nanny - INFO - Nanny at 'tcp://10.6.85.15:39745' closed.
2025-09-15 10:51:01,039 - distributed.nanny - INFO - Closing Nanny at 'tcp://10.6.85.15:45221'. Reason: nanny-close-gracefully
2025-09-15 10:51:01,039 - distributed.nanny - INFO - Nanny at 'tcp://10.6.85.15:38787' closed.
2025-09-15 10:51:01,040 - distributed.nanny - INFO - Nanny at 'tcp://10.6.85.15:37749' closed.
2025-09-15 10:51:01,040 - distributed.nanny - INFO - Nanny at 'tcp://10.6.85.15:45221' closed.
2025-09-15 10:51:01,047 - distributed.nanny - INFO - Closing Nanny at 'tcp://10.6.85.15:40171'. Reason: nanny-close-gracefully
2025-09-15 10:51:01,050 - distributed.nanny - INFO - Closing Nanny at 'tcp://10.6.85.15:46619'. Reason: nanny-close-gracefully
2025-09-15 10:51:01,051 - distributed.nanny - INFO - Nanny at 'tcp://10.6.85.15:40171' closed.
2025-09-15 10:51:01,051 - distributed.nanny - INFO - Closing Nanny at 'tcp://10.6.85.15:45583'. Reason: nanny-close-gracefully
2025-09-15 10:51:01,051 - distributed.nanny - INFO - Nanny at 'tcp://10.6.85.15:46619' closed.
2025-09-15 10:51:01,052 - distributed.nanny - INFO - Nanny at 'tcp://10.6.85.15:45583' closed.
