Loading singularity
Loading conda/analysis3-25.06
Loading gadi_jupyterlab/23.02
2025-09-03 13:15:35,467 - distributed.nanny - INFO -         Start Nanny at: 'tcp://10.6.83.33:37423'
2025-09-03 13:15:35,473 - distributed.nanny - INFO -         Start Nanny at: 'tcp://10.6.83.33:35883'
2025-09-03 13:15:35,480 - distributed.nanny - INFO -         Start Nanny at: 'tcp://10.6.83.33:38299'
2025-09-03 13:15:35,483 - distributed.nanny - INFO -         Start Nanny at: 'tcp://10.6.83.33:35487'
2025-09-03 13:15:35,487 - distributed.nanny - INFO -         Start Nanny at: 'tcp://10.6.83.33:41735'
2025-09-03 13:15:35,492 - distributed.nanny - INFO -         Start Nanny at: 'tcp://10.6.83.33:40851'
2025-09-03 13:15:35,496 - distributed.nanny - INFO -         Start Nanny at: 'tcp://10.6.83.33:39611'
2025-09-03 13:15:35,500 - distributed.nanny - INFO -         Start Nanny at: 'tcp://10.6.83.33:38715'
2025-09-03 13:15:35,505 - distributed.nanny - INFO -         Start Nanny at: 'tcp://10.6.83.33:38605'
2025-09-03 13:15:35,510 - distributed.nanny - INFO -         Start Nanny at: 'tcp://10.6.83.33:34579'
2025-09-03 13:15:35,516 - distributed.nanny - INFO -         Start Nanny at: 'tcp://10.6.83.33:43705'
2025-09-03 13:15:35,521 - distributed.nanny - INFO -         Start Nanny at: 'tcp://10.6.83.33:43685'
2025-09-03 13:15:35,525 - distributed.nanny - INFO -         Start Nanny at: 'tcp://10.6.83.33:46793'
2025-09-03 13:15:35,529 - distributed.nanny - INFO -         Start Nanny at: 'tcp://10.6.83.33:36409'
2025-09-03 13:15:35,534 - distributed.nanny - INFO -         Start Nanny at: 'tcp://10.6.83.33:37459'
2025-09-03 13:15:35,539 - distributed.nanny - INFO -         Start Nanny at: 'tcp://10.6.83.33:46699'
2025-09-03 13:15:35,542 - distributed.nanny - INFO -         Start Nanny at: 'tcp://10.6.83.33:36249'
2025-09-03 13:15:35,548 - distributed.nanny - INFO -         Start Nanny at: 'tcp://10.6.83.33:36257'
2025-09-03 13:15:35,551 - distributed.nanny - INFO -         Start Nanny at: 'tcp://10.6.83.33:35195'
2025-09-03 13:15:35,556 - distributed.nanny - INFO -         Start Nanny at: 'tcp://10.6.83.33:45993'
2025-09-03 13:15:35,655 - distributed.nanny - INFO -         Start Nanny at: 'tcp://10.6.83.33:42923'
2025-09-03 13:15:35,660 - distributed.nanny - INFO -         Start Nanny at: 'tcp://10.6.83.33:33951'
2025-09-03 13:15:35,664 - distributed.nanny - INFO -         Start Nanny at: 'tcp://10.6.83.33:39447'
2025-09-03 13:15:35,669 - distributed.nanny - INFO -         Start Nanny at: 'tcp://10.6.83.33:34943'
2025-09-03 13:15:35,674 - distributed.nanny - INFO -         Start Nanny at: 'tcp://10.6.83.33:45155'
2025-09-03 13:15:35,678 - distributed.nanny - INFO -         Start Nanny at: 'tcp://10.6.83.33:46053'
2025-09-03 13:15:35,683 - distributed.nanny - INFO -         Start Nanny at: 'tcp://10.6.83.33:32911'
2025-09-03 13:15:35,688 - distributed.nanny - INFO -         Start Nanny at: 'tcp://10.6.83.33:34679'
2025-09-03 13:15:35,692 - distributed.nanny - INFO -         Start Nanny at: 'tcp://10.6.83.33:38661'
2025-09-03 13:15:35,697 - distributed.nanny - INFO -         Start Nanny at: 'tcp://10.6.83.33:38881'
2025-09-03 13:15:35,702 - distributed.nanny - INFO -         Start Nanny at: 'tcp://10.6.83.33:35319'
2025-09-03 13:15:35,707 - distributed.nanny - INFO -         Start Nanny at: 'tcp://10.6.83.33:42653'
2025-09-03 13:15:35,710 - distributed.nanny - INFO -         Start Nanny at: 'tcp://10.6.83.33:38679'
2025-09-03 13:15:35,715 - distributed.nanny - INFO -         Start Nanny at: 'tcp://10.6.83.33:45633'
2025-09-03 13:15:35,720 - distributed.nanny - INFO -         Start Nanny at: 'tcp://10.6.83.33:43099'
2025-09-03 13:15:35,724 - distributed.nanny - INFO -         Start Nanny at: 'tcp://10.6.83.33:43773'
2025-09-03 13:15:35,730 - distributed.nanny - INFO -         Start Nanny at: 'tcp://10.6.83.33:45887'
2025-09-03 13:15:35,734 - distributed.nanny - INFO -         Start Nanny at: 'tcp://10.6.83.33:35293'
2025-09-03 13:15:35,738 - distributed.nanny - INFO -         Start Nanny at: 'tcp://10.6.83.33:41355'
2025-09-03 13:15:35,741 - distributed.nanny - INFO -         Start Nanny at: 'tcp://10.6.83.33:41307'
2025-09-03 13:15:35,744 - distributed.nanny - INFO -         Start Nanny at: 'tcp://10.6.83.33:38015'
2025-09-03 13:15:35,747 - distributed.nanny - INFO -         Start Nanny at: 'tcp://10.6.83.33:41285'
2025-09-03 13:15:35,754 - distributed.nanny - INFO -         Start Nanny at: 'tcp://10.6.83.33:32793'
2025-09-03 13:15:35,757 - distributed.nanny - INFO -         Start Nanny at: 'tcp://10.6.83.33:38441'
2025-09-03 13:15:35,761 - distributed.nanny - INFO -         Start Nanny at: 'tcp://10.6.83.33:36911'
2025-09-03 13:15:35,766 - distributed.nanny - INFO -         Start Nanny at: 'tcp://10.6.83.33:33045'
2025-09-03 13:15:35,770 - distributed.nanny - INFO -         Start Nanny at: 'tcp://10.6.83.33:45863'
2025-09-03 13:15:35,774 - distributed.nanny - INFO -         Start Nanny at: 'tcp://10.6.83.33:44811'
2025-09-03 13:15:35,778 - distributed.nanny - INFO -         Start Nanny at: 'tcp://10.6.83.33:36209'
2025-09-03 13:15:35,783 - distributed.nanny - INFO -         Start Nanny at: 'tcp://10.6.83.33:41227'
2025-09-03 13:15:35,787 - distributed.nanny - INFO -         Start Nanny at: 'tcp://10.6.83.33:41543'
2025-09-03 13:15:35,792 - distributed.nanny - INFO -         Start Nanny at: 'tcp://10.6.83.33:34509'
2025-09-03 13:15:36,734 - distributed.worker - INFO -       Start worker at:     tcp://10.6.83.33:44989
2025-09-03 13:15:36,734 - distributed.worker - INFO -       Start worker at:     tcp://10.6.83.33:42261
2025-09-03 13:15:36,734 - distributed.worker - INFO -       Start worker at:     tcp://10.6.83.33:42669
2025-09-03 13:15:36,734 - distributed.worker - INFO -       Start worker at:     tcp://10.6.83.33:42215
2025-09-03 13:15:36,734 - distributed.worker - INFO -       Start worker at:     tcp://10.6.83.33:34015
2025-09-03 13:15:36,734 - distributed.worker - INFO -       Start worker at:     tcp://10.6.83.33:34209
2025-09-03 13:15:36,734 - distributed.worker - INFO -          Listening to:     tcp://10.6.83.33:44989
2025-09-03 13:15:36,734 - distributed.worker - INFO -       Start worker at:     tcp://10.6.83.33:43395
2025-09-03 13:15:36,734 - distributed.worker - INFO -          Listening to:     tcp://10.6.83.33:42261
2025-09-03 13:15:36,734 - distributed.worker - INFO -          Listening to:     tcp://10.6.83.33:42669
2025-09-03 13:15:36,735 - distributed.worker - INFO -          Listening to:     tcp://10.6.83.33:42215
2025-09-03 13:15:36,735 - distributed.worker - INFO -          Listening to:     tcp://10.6.83.33:34015
2025-09-03 13:15:36,734 - distributed.worker - INFO -       Start worker at:     tcp://10.6.83.33:42775
2025-09-03 13:15:36,735 - distributed.worker - INFO -          Listening to:     tcp://10.6.83.33:34209
2025-09-03 13:15:36,735 - distributed.worker - INFO -          dashboard at:           10.6.83.33:44745
2025-09-03 13:15:36,735 - distributed.worker - INFO -          Listening to:     tcp://10.6.83.33:43395
2025-09-03 13:15:36,735 - distributed.worker - INFO -          dashboard at:           10.6.83.33:39307
2025-09-03 13:15:36,735 - distributed.worker - INFO -          dashboard at:           10.6.83.33:41721
2025-09-03 13:15:36,735 - distributed.worker - INFO -          dashboard at:           10.6.83.33:32901
2025-09-03 13:15:36,735 - distributed.worker - INFO -          dashboard at:           10.6.83.33:35109
2025-09-03 13:15:36,735 - distributed.worker - INFO -          Listening to:     tcp://10.6.83.33:42775
2025-09-03 13:15:36,735 - distributed.worker - INFO -          dashboard at:           10.6.83.33:46499
2025-09-03 13:15:36,735 - distributed.worker - INFO - Waiting to connect to:       tcp://10.6.81.1:8764
2025-09-03 13:15:36,735 - distributed.worker - INFO - Waiting to connect to:       tcp://10.6.81.1:8764
2025-09-03 13:15:36,735 - distributed.worker - INFO -          dashboard at:           10.6.83.33:43211
2025-09-03 13:15:36,735 - distributed.worker - INFO - Waiting to connect to:       tcp://10.6.81.1:8764
2025-09-03 13:15:36,735 - distributed.worker - INFO - Waiting to connect to:       tcp://10.6.81.1:8764
2025-09-03 13:15:36,735 - distributed.worker - INFO - Waiting to connect to:       tcp://10.6.81.1:8764
2025-09-03 13:15:36,735 - distributed.worker - INFO - -------------------------------------------------
2025-09-03 13:15:36,735 - distributed.worker - INFO - Waiting to connect to:       tcp://10.6.81.1:8764
2025-09-03 13:15:36,735 - distributed.worker - INFO -          dashboard at:           10.6.83.33:40019
2025-09-03 13:15:36,735 - distributed.worker - INFO - -------------------------------------------------
2025-09-03 13:15:36,735 - distributed.worker - INFO - -------------------------------------------------
2025-09-03 13:15:36,735 - distributed.worker - INFO - Waiting to connect to:       tcp://10.6.81.1:8764
2025-09-03 13:15:36,735 - distributed.worker - INFO - -------------------------------------------------
2025-09-03 13:15:36,735 - distributed.worker - INFO - -------------------------------------------------
2025-09-03 13:15:36,735 - distributed.worker - INFO -               Threads:                          2
2025-09-03 13:15:36,735 - distributed.worker - INFO - -------------------------------------------------
2025-09-03 13:15:36,735 - distributed.worker - INFO -               Threads:                          2
2025-09-03 13:15:36,735 - distributed.worker - INFO - Waiting to connect to:       tcp://10.6.81.1:8764
2025-09-03 13:15:36,735 - distributed.worker - INFO -               Threads:                          2
2025-09-03 13:15:36,735 - distributed.worker - INFO - -------------------------------------------------
2025-09-03 13:15:36,735 - distributed.worker - INFO -               Threads:                          2
2025-09-03 13:15:36,735 - distributed.worker - INFO -               Threads:                          2
2025-09-03 13:15:36,735 - distributed.worker - INFO -                Memory:                   9.62 GiB
2025-09-03 13:15:36,735 - distributed.worker - INFO -               Threads:                          2
2025-09-03 13:15:36,735 - distributed.worker - INFO -                Memory:                   9.62 GiB
2025-09-03 13:15:36,735 - distributed.worker - INFO - -------------------------------------------------
2025-09-03 13:15:36,735 - distributed.worker - INFO -                Memory:                   9.62 GiB
2025-09-03 13:15:36,735 - distributed.worker - INFO -               Threads:                          2
2025-09-03 13:15:36,735 - distributed.worker - INFO -                Memory:                   9.62 GiB
2025-09-03 13:15:36,735 - distributed.worker - INFO -                Memory:                   9.62 GiB
2025-09-03 13:15:36,735 - distributed.worker - INFO -                Memory:                   9.62 GiB
2025-09-03 13:15:36,735 - distributed.worker - INFO -       Local Directory: /jobfs/148618149.gadi-pbs/dask-scratch-space/worker-gb4r2jwd
2025-09-03 13:15:36,735 - distributed.worker - INFO -       Local Directory: /jobfs/148618149.gadi-pbs/dask-scratch-space/worker-8_1pv_gh
2025-09-03 13:15:36,735 - distributed.worker - INFO -               Threads:                          2
2025-09-03 13:15:36,735 - distributed.worker - INFO -       Local Directory: /jobfs/148618149.gadi-pbs/dask-scratch-space/worker-v35s_ujx
2025-09-03 13:15:36,735 - distributed.worker - INFO -                Memory:                   9.62 GiB
2025-09-03 13:15:36,735 - distributed.worker - INFO -       Local Directory: /jobfs/148618149.gadi-pbs/dask-scratch-space/worker-rtfufysd
2025-09-03 13:15:36,735 - distributed.worker - INFO -       Local Directory: /jobfs/148618149.gadi-pbs/dask-scratch-space/worker-33lrr9ca
2025-09-03 13:15:36,735 - distributed.worker - INFO -       Local Directory: /jobfs/148618149.gadi-pbs/dask-scratch-space/worker-rvse7dcx
2025-09-03 13:15:36,735 - distributed.worker - INFO -                Memory:                   9.62 GiB
2025-09-03 13:15:36,735 - distributed.worker - INFO - -------------------------------------------------
2025-09-03 13:15:36,735 - distributed.worker - INFO - -------------------------------------------------
2025-09-03 13:15:36,735 - distributed.worker - INFO - -------------------------------------------------
2025-09-03 13:15:36,735 - distributed.worker - INFO -       Local Directory: /jobfs/148618149.gadi-pbs/dask-scratch-space/worker-re73uvdz
2025-09-03 13:15:36,735 - distributed.worker - INFO -       Local Directory: /jobfs/148618149.gadi-pbs/dask-scratch-space/worker-hbaq889t
2025-09-03 13:15:36,735 - distributed.worker - INFO - -------------------------------------------------
2025-09-03 13:15:36,735 - distributed.worker - INFO - -------------------------------------------------
2025-09-03 13:15:36,735 - distributed.worker - INFO - -------------------------------------------------
2025-09-03 13:15:36,735 - distributed.worker - INFO - -------------------------------------------------
2025-09-03 13:15:36,735 - distributed.worker - INFO - -------------------------------------------------
2025-09-03 13:15:36,740 - distributed.worker - INFO -       Start worker at:     tcp://10.6.83.33:39223
2025-09-03 13:15:36,740 - distributed.worker - INFO -          Listening to:     tcp://10.6.83.33:39223
2025-09-03 13:15:36,740 - distributed.worker - INFO -          dashboard at:           10.6.83.33:34505
2025-09-03 13:15:36,740 - distributed.worker - INFO - Waiting to connect to:       tcp://10.6.81.1:8764
2025-09-03 13:15:36,740 - distributed.worker - INFO - -------------------------------------------------
2025-09-03 13:15:36,740 - distributed.worker - INFO -               Threads:                          2
2025-09-03 13:15:36,740 - distributed.worker - INFO -                Memory:                   9.62 GiB
2025-09-03 13:15:36,740 - distributed.worker - INFO -       Local Directory: /jobfs/148618149.gadi-pbs/dask-scratch-space/worker-itpsg8b8
2025-09-03 13:15:36,741 - distributed.worker - INFO - -------------------------------------------------
2025-09-03 13:15:36,743 - distributed.worker - INFO -       Start worker at:     tcp://10.6.83.33:44513
2025-09-03 13:15:36,743 - distributed.worker - INFO -          Listening to:     tcp://10.6.83.33:44513
2025-09-03 13:15:36,743 - distributed.worker - INFO -          dashboard at:           10.6.83.33:38771
2025-09-03 13:15:36,743 - distributed.worker - INFO - Waiting to connect to:       tcp://10.6.81.1:8764
2025-09-03 13:15:36,743 - distributed.worker - INFO - -------------------------------------------------
2025-09-03 13:15:36,743 - distributed.worker - INFO -               Threads:                          2
2025-09-03 13:15:36,743 - distributed.worker - INFO -                Memory:                   9.62 GiB
2025-09-03 13:15:36,743 - distributed.worker - INFO -       Local Directory: /jobfs/148618149.gadi-pbs/dask-scratch-space/worker-fu9ikxev
2025-09-03 13:15:36,743 - distributed.worker - INFO - -------------------------------------------------
2025-09-03 13:15:36,747 - distributed.worker - INFO -       Start worker at:     tcp://10.6.83.33:43357
2025-09-03 13:15:36,747 - distributed.worker - INFO -          Listening to:     tcp://10.6.83.33:43357
2025-09-03 13:15:36,747 - distributed.worker - INFO -          dashboard at:           10.6.83.33:42145
2025-09-03 13:15:36,747 - distributed.worker - INFO - Waiting to connect to:       tcp://10.6.81.1:8764
2025-09-03 13:15:36,747 - distributed.worker - INFO - -------------------------------------------------
2025-09-03 13:15:36,747 - distributed.worker - INFO -               Threads:                          2
2025-09-03 13:15:36,747 - distributed.worker - INFO -                Memory:                   9.62 GiB
2025-09-03 13:15:36,747 - distributed.worker - INFO -       Local Directory: /jobfs/148618149.gadi-pbs/dask-scratch-space/worker-3x2q8s7r
2025-09-03 13:15:36,748 - distributed.worker - INFO - -------------------------------------------------
2025-09-03 13:15:36,763 - distributed.worker - INFO -       Start worker at:     tcp://10.6.83.33:35725
2025-09-03 13:15:36,763 - distributed.worker - INFO -          Listening to:     tcp://10.6.83.33:35725
2025-09-03 13:15:36,763 - distributed.worker - INFO -          dashboard at:           10.6.83.33:41087
2025-09-03 13:15:36,764 - distributed.worker - INFO - Waiting to connect to:       tcp://10.6.81.1:8764
2025-09-03 13:15:36,764 - distributed.worker - INFO - -------------------------------------------------
2025-09-03 13:15:36,764 - distributed.worker - INFO -               Threads:                          2
2025-09-03 13:15:36,764 - distributed.worker - INFO -                Memory:                   9.62 GiB
2025-09-03 13:15:36,764 - distributed.worker - INFO -       Local Directory: /jobfs/148618149.gadi-pbs/dask-scratch-space/worker-_r043zh7
2025-09-03 13:15:36,764 - distributed.worker - INFO - -------------------------------------------------
2025-09-03 13:15:36,764 - distributed.worker - INFO -       Start worker at:     tcp://10.6.83.33:39497
2025-09-03 13:15:36,764 - distributed.worker - INFO -          Listening to:     tcp://10.6.83.33:39497
2025-09-03 13:15:36,764 - distributed.worker - INFO -          dashboard at:           10.6.83.33:36529
2025-09-03 13:15:36,764 - distributed.worker - INFO - Waiting to connect to:       tcp://10.6.81.1:8764
2025-09-03 13:15:36,764 - distributed.worker - INFO - -------------------------------------------------
2025-09-03 13:15:36,764 - distributed.worker - INFO -               Threads:                          2
2025-09-03 13:15:36,764 - distributed.worker - INFO -                Memory:                   9.62 GiB
2025-09-03 13:15:36,764 - distributed.worker - INFO -       Local Directory: /jobfs/148618149.gadi-pbs/dask-scratch-space/worker-1ph4c0a1
2025-09-03 13:15:36,764 - distributed.worker - INFO - -------------------------------------------------
2025-09-03 13:15:36,767 - distributed.worker - INFO -       Start worker at:     tcp://10.6.83.33:43251
2025-09-03 13:15:36,767 - distributed.worker - INFO -          Listening to:     tcp://10.6.83.33:43251
2025-09-03 13:15:36,767 - distributed.worker - INFO -          dashboard at:           10.6.83.33:39895
2025-09-03 13:15:36,767 - distributed.worker - INFO - Waiting to connect to:       tcp://10.6.81.1:8764
2025-09-03 13:15:36,767 - distributed.worker - INFO - -------------------------------------------------
2025-09-03 13:15:36,767 - distributed.worker - INFO -               Threads:                          2
2025-09-03 13:15:36,767 - distributed.worker - INFO -                Memory:                   9.62 GiB
2025-09-03 13:15:36,767 - distributed.worker - INFO -       Local Directory: /jobfs/148618149.gadi-pbs/dask-scratch-space/worker-lbxpo91b
2025-09-03 13:15:36,767 - distributed.worker - INFO - -------------------------------------------------
2025-09-03 13:15:36,767 - distributed.worker - INFO - Starting Worker plugin shuffle
2025-09-03 13:15:36,767 - distributed.worker - INFO -       Start worker at:     tcp://10.6.83.33:42715
2025-09-03 13:15:36,767 - distributed.worker - INFO -          Listening to:     tcp://10.6.83.33:42715
2025-09-03 13:15:36,767 - distributed.worker - INFO -          dashboard at:           10.6.83.33:33987
2025-09-03 13:15:36,768 - distributed.worker - INFO - Waiting to connect to:       tcp://10.6.81.1:8764
2025-09-03 13:15:36,768 - distributed.worker - INFO - -------------------------------------------------
2025-09-03 13:15:36,768 - distributed.worker - INFO -               Threads:                          2
2025-09-03 13:15:36,768 - distributed.worker - INFO -                Memory:                   9.62 GiB
2025-09-03 13:15:36,768 - distributed.worker - INFO -       Local Directory: /jobfs/148618149.gadi-pbs/dask-scratch-space/worker-j511x21k
2025-09-03 13:15:36,768 - distributed.worker - INFO - -------------------------------------------------
2025-09-03 13:15:36,768 - distributed.worker - INFO -         Registered to:       tcp://10.6.81.1:8764
2025-09-03 13:15:36,768 - distributed.worker - INFO - -------------------------------------------------
2025-09-03 13:15:36,770 - distributed.core - INFO - Starting established connection to tcp://10.6.81.1:8764
2025-09-03 13:15:36,771 - distributed.worker - INFO -       Start worker at:     tcp://10.6.83.33:36215
2025-09-03 13:15:36,771 - distributed.worker - INFO -          Listening to:     tcp://10.6.83.33:36215
2025-09-03 13:15:36,771 - distributed.worker - INFO -          dashboard at:           10.6.83.33:39787
2025-09-03 13:15:36,771 - distributed.worker - INFO - Waiting to connect to:       tcp://10.6.81.1:8764
2025-09-03 13:15:36,771 - distributed.worker - INFO - -------------------------------------------------
2025-09-03 13:15:36,771 - distributed.worker - INFO -               Threads:                          2
2025-09-03 13:15:36,771 - distributed.worker - INFO -                Memory:                   9.62 GiB
2025-09-03 13:15:36,771 - distributed.worker - INFO -       Local Directory: /jobfs/148618149.gadi-pbs/dask-scratch-space/worker-kxcim6yy
2025-09-03 13:15:36,771 - distributed.worker - INFO - -------------------------------------------------
2025-09-03 13:15:36,772 - distributed.worker - INFO -       Start worker at:     tcp://10.6.83.33:37395
2025-09-03 13:15:36,772 - distributed.worker - INFO -          Listening to:     tcp://10.6.83.33:37395
2025-09-03 13:15:36,772 - distributed.worker - INFO -          dashboard at:           10.6.83.33:38323
2025-09-03 13:15:36,772 - distributed.worker - INFO - Waiting to connect to:       tcp://10.6.81.1:8764
2025-09-03 13:15:36,772 - distributed.worker - INFO - -------------------------------------------------
2025-09-03 13:15:36,772 - distributed.worker - INFO -               Threads:                          2
2025-09-03 13:15:36,772 - distributed.worker - INFO -                Memory:                   9.62 GiB
2025-09-03 13:15:36,772 - distributed.worker - INFO -       Local Directory: /jobfs/148618149.gadi-pbs/dask-scratch-space/worker-4m6eypc2
2025-09-03 13:15:36,772 - distributed.worker - INFO - -------------------------------------------------
2025-09-03 13:15:36,780 - distributed.worker - INFO - Starting Worker plugin shuffle
2025-09-03 13:15:36,781 - distributed.worker - INFO -         Registered to:       tcp://10.6.81.1:8764
2025-09-03 13:15:36,781 - distributed.worker - INFO - -------------------------------------------------
2025-09-03 13:15:36,781 - distributed.worker - INFO -       Start worker at:     tcp://10.6.83.33:41761
2025-09-03 13:15:36,781 - distributed.worker - INFO -          Listening to:     tcp://10.6.83.33:41761
2025-09-03 13:15:36,781 - distributed.worker - INFO -          dashboard at:           10.6.83.33:38821
2025-09-03 13:15:36,781 - distributed.worker - INFO - Waiting to connect to:       tcp://10.6.81.1:8764
2025-09-03 13:15:36,781 - distributed.worker - INFO - -------------------------------------------------
2025-09-03 13:15:36,781 - distributed.worker - INFO -               Threads:                          2
2025-09-03 13:15:36,781 - distributed.worker - INFO -                Memory:                   9.62 GiB
2025-09-03 13:15:36,781 - distributed.worker - INFO -       Local Directory: /jobfs/148618149.gadi-pbs/dask-scratch-space/worker-9vxuovvt
2025-09-03 13:15:36,781 - distributed.worker - INFO - -------------------------------------------------
2025-09-03 13:15:36,781 - distributed.core - INFO - Starting established connection to tcp://10.6.81.1:8764
2025-09-03 13:15:36,794 - distributed.worker - INFO - Starting Worker plugin shuffle
2025-09-03 13:15:36,795 - distributed.worker - INFO -         Registered to:       tcp://10.6.81.1:8764
2025-09-03 13:15:36,795 - distributed.worker - INFO - -------------------------------------------------
2025-09-03 13:15:36,797 - distributed.core - INFO - Starting established connection to tcp://10.6.81.1:8764
2025-09-03 13:15:36,799 - distributed.worker - INFO -       Start worker at:     tcp://10.6.83.33:40199
2025-09-03 13:15:36,799 - distributed.worker - INFO -          Listening to:     tcp://10.6.83.33:40199
2025-09-03 13:15:36,799 - distributed.worker - INFO -          dashboard at:           10.6.83.33:35707
2025-09-03 13:15:36,799 - distributed.worker - INFO - Waiting to connect to:       tcp://10.6.81.1:8764
2025-09-03 13:15:36,799 - distributed.worker - INFO - -------------------------------------------------
2025-09-03 13:15:36,799 - distributed.worker - INFO -               Threads:                          2
2025-09-03 13:15:36,799 - distributed.worker - INFO -                Memory:                   9.62 GiB
2025-09-03 13:15:36,799 - distributed.worker - INFO -       Local Directory: /jobfs/148618149.gadi-pbs/dask-scratch-space/worker-cmac5l7t
2025-09-03 13:15:36,799 - distributed.worker - INFO - -------------------------------------------------
2025-09-03 13:15:36,802 - distributed.worker - INFO - Starting Worker plugin shuffle
2025-09-03 13:15:36,803 - distributed.worker - INFO -         Registered to:       tcp://10.6.81.1:8764
2025-09-03 13:15:36,803 - distributed.worker - INFO - -------------------------------------------------
2025-09-03 13:15:36,805 - distributed.core - INFO - Starting established connection to tcp://10.6.81.1:8764
2025-09-03 13:15:36,809 - distributed.worker - INFO - Starting Worker plugin shuffle
2025-09-03 13:15:36,811 - distributed.worker - INFO -         Registered to:       tcp://10.6.81.1:8764
2025-09-03 13:15:36,811 - distributed.worker - INFO - -------------------------------------------------
2025-09-03 13:15:36,813 - distributed.core - INFO - Starting established connection to tcp://10.6.81.1:8764
2025-09-03 13:15:36,815 - distributed.worker - INFO -       Start worker at:     tcp://10.6.83.33:33185
2025-09-03 13:15:36,815 - distributed.worker - INFO -          Listening to:     tcp://10.6.83.33:33185
2025-09-03 13:15:36,815 - distributed.worker - INFO -          dashboard at:           10.6.83.33:41485
2025-09-03 13:15:36,815 - distributed.worker - INFO - Waiting to connect to:       tcp://10.6.81.1:8764
2025-09-03 13:15:36,815 - distributed.worker - INFO - -------------------------------------------------
2025-09-03 13:15:36,815 - distributed.worker - INFO -               Threads:                          2
2025-09-03 13:15:36,815 - distributed.worker - INFO -                Memory:                   9.62 GiB
2025-09-03 13:15:36,815 - distributed.worker - INFO -       Local Directory: /jobfs/148618149.gadi-pbs/dask-scratch-space/worker-aw95ruyw
2025-09-03 13:15:36,816 - distributed.worker - INFO - -------------------------------------------------
2025-09-03 13:15:36,816 - distributed.worker - INFO - Starting Worker plugin shuffle
2025-09-03 13:15:36,817 - distributed.worker - INFO -         Registered to:       tcp://10.6.81.1:8764
2025-09-03 13:15:36,818 - distributed.worker - INFO - -------------------------------------------------
2025-09-03 13:15:36,819 - distributed.core - INFO - Starting established connection to tcp://10.6.81.1:8764
2025-09-03 13:15:36,823 - distributed.worker - INFO - Starting Worker plugin shuffle
2025-09-03 13:15:36,824 - distributed.worker - INFO -         Registered to:       tcp://10.6.81.1:8764
2025-09-03 13:15:36,825 - distributed.worker - INFO - -------------------------------------------------
2025-09-03 13:15:36,826 - distributed.core - INFO - Starting established connection to tcp://10.6.81.1:8764
2025-09-03 13:15:36,830 - distributed.worker - INFO - Starting Worker plugin shuffle
2025-09-03 13:15:36,831 - distributed.worker - INFO -         Registered to:       tcp://10.6.81.1:8764
2025-09-03 13:15:36,831 - distributed.worker - INFO - -------------------------------------------------
2025-09-03 13:15:36,833 - distributed.core - INFO - Starting established connection to tcp://10.6.81.1:8764
2025-09-03 13:15:36,836 - distributed.worker - INFO - Starting Worker plugin shuffle
2025-09-03 13:15:36,838 - distributed.worker - INFO -         Registered to:       tcp://10.6.81.1:8764
2025-09-03 13:15:36,838 - distributed.worker - INFO - -------------------------------------------------
2025-09-03 13:15:36,839 - distributed.core - INFO - Starting established connection to tcp://10.6.81.1:8764
2025-09-03 13:15:36,843 - distributed.worker - INFO - Starting Worker plugin shuffle
2025-09-03 13:15:36,844 - distributed.worker - INFO -         Registered to:       tcp://10.6.81.1:8764
2025-09-03 13:15:36,844 - distributed.worker - INFO - -------------------------------------------------
2025-09-03 13:15:36,846 - distributed.core - INFO - Starting established connection to tcp://10.6.81.1:8764
2025-09-03 13:15:36,849 - distributed.worker - INFO - Starting Worker plugin shuffle
2025-09-03 13:15:36,851 - distributed.worker - INFO -         Registered to:       tcp://10.6.81.1:8764
2025-09-03 13:15:36,851 - distributed.worker - INFO - -------------------------------------------------
2025-09-03 13:15:36,852 - distributed.core - INFO - Starting established connection to tcp://10.6.81.1:8764
2025-09-03 13:15:36,856 - distributed.worker - INFO - Starting Worker plugin shuffle
2025-09-03 13:15:36,858 - distributed.worker - INFO -         Registered to:       tcp://10.6.81.1:8764
2025-09-03 13:15:36,858 - distributed.worker - INFO - -------------------------------------------------
2025-09-03 13:15:36,859 - distributed.core - INFO - Starting established connection to tcp://10.6.81.1:8764
2025-09-03 13:15:36,862 - distributed.worker - INFO - Starting Worker plugin shuffle
2025-09-03 13:15:36,863 - distributed.worker - INFO -         Registered to:       tcp://10.6.81.1:8764
2025-09-03 13:15:36,863 - distributed.worker - INFO - -------------------------------------------------
2025-09-03 13:15:36,865 - distributed.core - INFO - Starting established connection to tcp://10.6.81.1:8764
2025-09-03 13:15:36,868 - distributed.worker - INFO - Starting Worker plugin shuffle
2025-09-03 13:15:36,869 - distributed.worker - INFO -         Registered to:       tcp://10.6.81.1:8764
2025-09-03 13:15:36,870 - distributed.worker - INFO - -------------------------------------------------
2025-09-03 13:15:36,871 - distributed.core - INFO - Starting established connection to tcp://10.6.81.1:8764
2025-09-03 13:15:36,874 - distributed.worker - INFO - Starting Worker plugin shuffle
2025-09-03 13:15:36,875 - distributed.worker - INFO -         Registered to:       tcp://10.6.81.1:8764
2025-09-03 13:15:36,875 - distributed.worker - INFO - -------------------------------------------------
2025-09-03 13:15:36,877 - distributed.core - INFO - Starting established connection to tcp://10.6.81.1:8764
2025-09-03 13:15:36,879 - distributed.worker - INFO - Starting Worker plugin shuffle
2025-09-03 13:15:36,880 - distributed.worker - INFO -         Registered to:       tcp://10.6.81.1:8764
2025-09-03 13:15:36,881 - distributed.worker - INFO - -------------------------------------------------
2025-09-03 13:15:36,882 - distributed.core - INFO - Starting established connection to tcp://10.6.81.1:8764
2025-09-03 13:15:36,885 - distributed.worker - INFO - Starting Worker plugin shuffle
2025-09-03 13:15:36,886 - distributed.worker - INFO -         Registered to:       tcp://10.6.81.1:8764
2025-09-03 13:15:36,886 - distributed.worker - INFO - -------------------------------------------------
2025-09-03 13:15:36,888 - distributed.core - INFO - Starting established connection to tcp://10.6.81.1:8764
2025-09-03 13:15:36,899 - distributed.worker - INFO -       Start worker at:     tcp://10.6.83.33:37299
2025-09-03 13:15:36,899 - distributed.worker - INFO -          Listening to:     tcp://10.6.83.33:37299
2025-09-03 13:15:36,899 - distributed.worker - INFO -          dashboard at:           10.6.83.33:41523
2025-09-03 13:15:36,899 - distributed.worker - INFO - Waiting to connect to:       tcp://10.6.81.1:8764
2025-09-03 13:15:36,899 - distributed.worker - INFO - -------------------------------------------------
2025-09-03 13:15:36,899 - distributed.worker - INFO -               Threads:                          2
2025-09-03 13:15:36,899 - distributed.worker - INFO -                Memory:                   9.62 GiB
2025-09-03 13:15:36,899 - distributed.worker - INFO -       Local Directory: /jobfs/148618149.gadi-pbs/dask-scratch-space/worker-5l3alqp0
2025-09-03 13:15:36,899 - distributed.worker - INFO - -------------------------------------------------
2025-09-03 13:15:36,915 - distributed.worker - INFO - Starting Worker plugin shuffle
2025-09-03 13:15:36,917 - distributed.worker - INFO -         Registered to:       tcp://10.6.81.1:8764
2025-09-03 13:15:36,917 - distributed.worker - INFO - -------------------------------------------------
2025-09-03 13:15:36,918 - distributed.core - INFO - Starting established connection to tcp://10.6.81.1:8764
2025-09-03 13:15:36,923 - distributed.worker - INFO - Starting Worker plugin shuffle
2025-09-03 13:15:36,924 - distributed.worker - INFO -         Registered to:       tcp://10.6.81.1:8764
2025-09-03 13:15:36,924 - distributed.worker - INFO - -------------------------------------------------
2025-09-03 13:15:36,926 - distributed.core - INFO - Starting established connection to tcp://10.6.81.1:8764
2025-09-03 13:15:36,930 - distributed.worker - INFO - Starting Worker plugin shuffle
2025-09-03 13:15:36,931 - distributed.worker - INFO -         Registered to:       tcp://10.6.81.1:8764
2025-09-03 13:15:36,931 - distributed.worker - INFO - -------------------------------------------------
2025-09-03 13:15:36,933 - distributed.core - INFO - Starting established connection to tcp://10.6.81.1:8764
2025-09-03 13:15:36,936 - distributed.worker - INFO - Starting Worker plugin shuffle
2025-09-03 13:15:36,937 - distributed.worker - INFO -         Registered to:       tcp://10.6.81.1:8764
2025-09-03 13:15:36,937 - distributed.worker - INFO - -------------------------------------------------
2025-09-03 13:15:36,939 - distributed.core - INFO - Starting established connection to tcp://10.6.81.1:8764
2025-09-03 13:15:36,988 - distributed.worker - INFO -       Start worker at:     tcp://10.6.83.33:33315
2025-09-03 13:15:36,988 - distributed.worker - INFO -          Listening to:     tcp://10.6.83.33:33315
2025-09-03 13:15:36,988 - distributed.worker - INFO -          dashboard at:           10.6.83.33:42471
2025-09-03 13:15:36,988 - distributed.worker - INFO - Waiting to connect to:       tcp://10.6.81.1:8764
2025-09-03 13:15:36,988 - distributed.worker - INFO - -------------------------------------------------
2025-09-03 13:15:36,988 - distributed.worker - INFO -               Threads:                          2
2025-09-03 13:15:36,988 - distributed.worker - INFO -                Memory:                   9.62 GiB
2025-09-03 13:15:36,988 - distributed.worker - INFO -       Local Directory: /jobfs/148618149.gadi-pbs/dask-scratch-space/worker-ss5zfz7t
2025-09-03 13:15:36,988 - distributed.worker - INFO - -------------------------------------------------
2025-09-03 13:15:36,988 - distributed.worker - INFO -       Start worker at:     tcp://10.6.83.33:39507
2025-09-03 13:15:36,989 - distributed.worker - INFO -          Listening to:     tcp://10.6.83.33:39507
2025-09-03 13:15:36,989 - distributed.worker - INFO -          dashboard at:           10.6.83.33:33541
2025-09-03 13:15:36,989 - distributed.worker - INFO - Waiting to connect to:       tcp://10.6.81.1:8764
2025-09-03 13:15:36,989 - distributed.worker - INFO - -------------------------------------------------
2025-09-03 13:15:36,989 - distributed.worker - INFO -               Threads:                          2
2025-09-03 13:15:36,989 - distributed.worker - INFO -                Memory:                   9.62 GiB
2025-09-03 13:15:36,989 - distributed.worker - INFO -       Local Directory: /jobfs/148618149.gadi-pbs/dask-scratch-space/worker-os71e7ms
2025-09-03 13:15:36,989 - distributed.worker - INFO - -------------------------------------------------
2025-09-03 13:15:37,024 - distributed.worker - INFO - Starting Worker plugin shuffle
2025-09-03 13:15:37,025 - distributed.worker - INFO -         Registered to:       tcp://10.6.81.1:8764
2025-09-03 13:15:37,025 - distributed.worker - INFO - -------------------------------------------------
2025-09-03 13:15:37,027 - distributed.core - INFO - Starting established connection to tcp://10.6.81.1:8764
2025-09-03 13:15:37,029 - distributed.worker - INFO -       Start worker at:     tcp://10.6.83.33:36675
2025-09-03 13:15:37,029 - distributed.worker - INFO -          Listening to:     tcp://10.6.83.33:36675
2025-09-03 13:15:37,029 - distributed.worker - INFO -          dashboard at:           10.6.83.33:39687
2025-09-03 13:15:37,029 - distributed.worker - INFO - Waiting to connect to:       tcp://10.6.81.1:8764
2025-09-03 13:15:37,029 - distributed.worker - INFO - -------------------------------------------------
2025-09-03 13:15:37,029 - distributed.worker - INFO -               Threads:                          2
2025-09-03 13:15:37,029 - distributed.worker - INFO -                Memory:                   9.62 GiB
2025-09-03 13:15:37,029 - distributed.worker - INFO -       Local Directory: /jobfs/148618149.gadi-pbs/dask-scratch-space/worker-bdt70ylu
2025-09-03 13:15:37,029 - distributed.worker - INFO - -------------------------------------------------
2025-09-03 13:15:37,035 - distributed.worker - INFO - Starting Worker plugin shuffle
2025-09-03 13:15:37,036 - distributed.worker - INFO -         Registered to:       tcp://10.6.81.1:8764
2025-09-03 13:15:37,037 - distributed.worker - INFO - -------------------------------------------------
2025-09-03 13:15:37,038 - distributed.core - INFO - Starting established connection to tcp://10.6.81.1:8764
2025-09-03 13:15:37,043 - distributed.worker - INFO -       Start worker at:     tcp://10.6.83.33:46257
2025-09-03 13:15:37,043 - distributed.worker - INFO -          Listening to:     tcp://10.6.83.33:46257
2025-09-03 13:15:37,043 - distributed.worker - INFO -          dashboard at:           10.6.83.33:34847
2025-09-03 13:15:37,043 - distributed.worker - INFO - Waiting to connect to:       tcp://10.6.81.1:8764
2025-09-03 13:15:37,043 - distributed.worker - INFO - -------------------------------------------------
2025-09-03 13:15:37,043 - distributed.worker - INFO -               Threads:                          2
2025-09-03 13:15:37,043 - distributed.worker - INFO -                Memory:                   9.62 GiB
2025-09-03 13:15:37,043 - distributed.worker - INFO -       Local Directory: /jobfs/148618149.gadi-pbs/dask-scratch-space/worker-djglxlwy
2025-09-03 13:15:37,043 - distributed.worker - INFO - -------------------------------------------------
2025-09-03 13:15:37,063 - distributed.worker - INFO - Starting Worker plugin shuffle
2025-09-03 13:15:37,064 - distributed.worker - INFO -         Registered to:       tcp://10.6.81.1:8764
2025-09-03 13:15:37,064 - distributed.worker - INFO - -------------------------------------------------
2025-09-03 13:15:37,066 - distributed.core - INFO - Starting established connection to tcp://10.6.81.1:8764
2025-09-03 13:15:37,073 - distributed.worker - INFO - Starting Worker plugin shuffle
2025-09-03 13:15:37,074 - distributed.worker - INFO -         Registered to:       tcp://10.6.81.1:8764
2025-09-03 13:15:37,074 - distributed.worker - INFO - -------------------------------------------------
2025-09-03 13:15:37,076 - distributed.core - INFO - Starting established connection to tcp://10.6.81.1:8764
2025-09-03 13:15:37,245 - distributed.worker - INFO -       Start worker at:     tcp://10.6.83.33:46509
2025-09-03 13:15:37,245 - distributed.worker - INFO -          Listening to:     tcp://10.6.83.33:46509
2025-09-03 13:15:37,245 - distributed.worker - INFO -          dashboard at:           10.6.83.33:44973
2025-09-03 13:15:37,245 - distributed.worker - INFO - Waiting to connect to:       tcp://10.6.81.1:8764
2025-09-03 13:15:37,245 - distributed.worker - INFO - -------------------------------------------------
2025-09-03 13:15:37,245 - distributed.worker - INFO -               Threads:                          2
2025-09-03 13:15:37,245 - distributed.worker - INFO -                Memory:                   9.62 GiB
2025-09-03 13:15:37,245 - distributed.worker - INFO -       Local Directory: /jobfs/148618149.gadi-pbs/dask-scratch-space/worker-s8lhx768
2025-09-03 13:15:37,245 - distributed.worker - INFO - -------------------------------------------------
2025-09-03 13:15:37,249 - distributed.worker - INFO -       Start worker at:     tcp://10.6.83.33:36129
2025-09-03 13:15:37,249 - distributed.worker - INFO -          Listening to:     tcp://10.6.83.33:36129
2025-09-03 13:15:37,249 - distributed.worker - INFO -          dashboard at:           10.6.83.33:45729
2025-09-03 13:15:37,249 - distributed.worker - INFO - Waiting to connect to:       tcp://10.6.81.1:8764
2025-09-03 13:15:37,249 - distributed.worker - INFO - -------------------------------------------------
2025-09-03 13:15:37,249 - distributed.worker - INFO -               Threads:                          2
2025-09-03 13:15:37,249 - distributed.worker - INFO -                Memory:                   9.62 GiB
2025-09-03 13:15:37,249 - distributed.worker - INFO -       Local Directory: /jobfs/148618149.gadi-pbs/dask-scratch-space/worker-ybzfvaji
2025-09-03 13:15:37,250 - distributed.worker - INFO - -------------------------------------------------
2025-09-03 13:15:37,257 - distributed.worker - INFO -       Start worker at:     tcp://10.6.83.33:42363
2025-09-03 13:15:37,257 - distributed.worker - INFO -          Listening to:     tcp://10.6.83.33:42363
2025-09-03 13:15:37,257 - distributed.worker - INFO -          dashboard at:           10.6.83.33:45789
2025-09-03 13:15:37,257 - distributed.worker - INFO - Waiting to connect to:       tcp://10.6.81.1:8764
2025-09-03 13:15:37,257 - distributed.worker - INFO - -------------------------------------------------
2025-09-03 13:15:37,257 - distributed.worker - INFO -               Threads:                          2
2025-09-03 13:15:37,257 - distributed.worker - INFO -                Memory:                   9.62 GiB
2025-09-03 13:15:37,257 - distributed.worker - INFO -       Local Directory: /jobfs/148618149.gadi-pbs/dask-scratch-space/worker-1e4svnf2
2025-09-03 13:15:37,258 - distributed.worker - INFO - -------------------------------------------------
2025-09-03 13:15:37,258 - distributed.worker - INFO -       Start worker at:     tcp://10.6.83.33:41771
2025-09-03 13:15:37,258 - distributed.worker - INFO -          Listening to:     tcp://10.6.83.33:41771
2025-09-03 13:15:37,258 - distributed.worker - INFO -          dashboard at:           10.6.83.33:41093
2025-09-03 13:15:37,258 - distributed.worker - INFO - Waiting to connect to:       tcp://10.6.81.1:8764
2025-09-03 13:15:37,258 - distributed.worker - INFO - -------------------------------------------------
2025-09-03 13:15:37,258 - distributed.worker - INFO -               Threads:                          2
2025-09-03 13:15:37,258 - distributed.worker - INFO -                Memory:                   9.62 GiB
2025-09-03 13:15:37,258 - distributed.worker - INFO -       Start worker at:     tcp://10.6.83.33:39775
2025-09-03 13:15:37,258 - distributed.worker - INFO -       Local Directory: /jobfs/148618149.gadi-pbs/dask-scratch-space/worker-qn9fsq3m
2025-09-03 13:15:37,258 - distributed.worker - INFO -          Listening to:     tcp://10.6.83.33:39775
2025-09-03 13:15:37,258 - distributed.worker - INFO - -------------------------------------------------
2025-09-03 13:15:37,258 - distributed.worker - INFO -          dashboard at:           10.6.83.33:46175
2025-09-03 13:15:37,258 - distributed.worker - INFO - Waiting to connect to:       tcp://10.6.81.1:8764
2025-09-03 13:15:37,258 - distributed.worker - INFO - -------------------------------------------------
2025-09-03 13:15:37,258 - distributed.worker - INFO -               Threads:                          2
2025-09-03 13:15:37,258 - distributed.worker - INFO -                Memory:                   9.62 GiB
2025-09-03 13:15:37,258 - distributed.worker - INFO -       Local Directory: /jobfs/148618149.gadi-pbs/dask-scratch-space/worker-f9mv9614
2025-09-03 13:15:37,258 - distributed.worker - INFO - -------------------------------------------------
2025-09-03 13:15:37,263 - distributed.worker - INFO -       Start worker at:     tcp://10.6.83.33:43163
2025-09-03 13:15:37,264 - distributed.worker - INFO -          Listening to:     tcp://10.6.83.33:43163
2025-09-03 13:15:37,264 - distributed.worker - INFO -          dashboard at:           10.6.83.33:40213
2025-09-03 13:15:37,264 - distributed.worker - INFO - Waiting to connect to:       tcp://10.6.81.1:8764
2025-09-03 13:15:37,264 - distributed.worker - INFO - -------------------------------------------------
2025-09-03 13:15:37,264 - distributed.worker - INFO -               Threads:                          2
2025-09-03 13:15:37,264 - distributed.worker - INFO -                Memory:                   9.62 GiB
2025-09-03 13:15:37,264 - distributed.worker - INFO -       Local Directory: /jobfs/148618149.gadi-pbs/dask-scratch-space/worker-ayn4iaro
2025-09-03 13:15:37,264 - distributed.worker - INFO - -------------------------------------------------
2025-09-03 13:15:37,264 - distributed.worker - INFO -       Start worker at:     tcp://10.6.83.33:39241
2025-09-03 13:15:37,264 - distributed.worker - INFO -          Listening to:     tcp://10.6.83.33:39241
2025-09-03 13:15:37,264 - distributed.worker - INFO -          dashboard at:           10.6.83.33:44167
2025-09-03 13:15:37,264 - distributed.worker - INFO - Waiting to connect to:       tcp://10.6.81.1:8764
2025-09-03 13:15:37,264 - distributed.worker - INFO - -------------------------------------------------
2025-09-03 13:15:37,264 - distributed.worker - INFO -               Threads:                          2
2025-09-03 13:15:37,264 - distributed.worker - INFO -                Memory:                   9.62 GiB
2025-09-03 13:15:37,264 - distributed.worker - INFO -       Local Directory: /jobfs/148618149.gadi-pbs/dask-scratch-space/worker-vzjhu0am
2025-09-03 13:15:37,264 - distributed.worker - INFO - -------------------------------------------------
2025-09-03 13:15:37,264 - distributed.worker - INFO -       Start worker at:     tcp://10.6.83.33:34811
2025-09-03 13:15:37,264 - distributed.worker - INFO -          Listening to:     tcp://10.6.83.33:34811
2025-09-03 13:15:37,264 - distributed.worker - INFO -          dashboard at:           10.6.83.33:43951
2025-09-03 13:15:37,264 - distributed.worker - INFO - Waiting to connect to:       tcp://10.6.81.1:8764
2025-09-03 13:15:37,264 - distributed.worker - INFO - -------------------------------------------------
2025-09-03 13:15:37,264 - distributed.worker - INFO -               Threads:                          2
2025-09-03 13:15:37,264 - distributed.worker - INFO -                Memory:                   9.62 GiB
2025-09-03 13:15:37,264 - distributed.worker - INFO -       Local Directory: /jobfs/148618149.gadi-pbs/dask-scratch-space/worker-n3z7vg52
2025-09-03 13:15:37,264 - distributed.worker - INFO - -------------------------------------------------
2025-09-03 13:15:37,265 - distributed.worker - INFO -       Start worker at:     tcp://10.6.83.33:45659
2025-09-03 13:15:37,265 - distributed.worker - INFO -          Listening to:     tcp://10.6.83.33:45659
2025-09-03 13:15:37,265 - distributed.worker - INFO -          dashboard at:           10.6.83.33:36297
2025-09-03 13:15:37,265 - distributed.worker - INFO - Waiting to connect to:       tcp://10.6.81.1:8764
2025-09-03 13:15:37,265 - distributed.worker - INFO - -------------------------------------------------
2025-09-03 13:15:37,265 - distributed.worker - INFO -               Threads:                          2
2025-09-03 13:15:37,265 - distributed.worker - INFO -                Memory:                   9.62 GiB
2025-09-03 13:15:37,265 - distributed.worker - INFO -       Local Directory: /jobfs/148618149.gadi-pbs/dask-scratch-space/worker-bf6q5w5m
2025-09-03 13:15:37,265 - distributed.worker - INFO - -------------------------------------------------
2025-09-03 13:15:37,268 - distributed.worker - INFO -       Start worker at:     tcp://10.6.83.33:43243
2025-09-03 13:15:37,268 - distributed.worker - INFO -          Listening to:     tcp://10.6.83.33:43243
2025-09-03 13:15:37,268 - distributed.worker - INFO -          dashboard at:           10.6.83.33:44069
2025-09-03 13:15:37,268 - distributed.worker - INFO - Waiting to connect to:       tcp://10.6.81.1:8764
2025-09-03 13:15:37,268 - distributed.worker - INFO - -------------------------------------------------
2025-09-03 13:15:37,268 - distributed.worker - INFO -               Threads:                          2
2025-09-03 13:15:37,268 - distributed.worker - INFO -                Memory:                   9.62 GiB
2025-09-03 13:15:37,268 - distributed.worker - INFO -       Local Directory: /jobfs/148618149.gadi-pbs/dask-scratch-space/worker-66fryi5r
2025-09-03 13:15:37,268 - distributed.worker - INFO - -------------------------------------------------
2025-09-03 13:15:37,269 - distributed.worker - INFO -       Start worker at:     tcp://10.6.83.33:38135
2025-09-03 13:15:37,269 - distributed.worker - INFO -          Listening to:     tcp://10.6.83.33:38135
2025-09-03 13:15:37,269 - distributed.worker - INFO -          dashboard at:           10.6.83.33:45551
2025-09-03 13:15:37,269 - distributed.worker - INFO - Waiting to connect to:       tcp://10.6.81.1:8764
2025-09-03 13:15:37,269 - distributed.worker - INFO - -------------------------------------------------
2025-09-03 13:15:37,269 - distributed.worker - INFO -               Threads:                          2
2025-09-03 13:15:37,269 - distributed.worker - INFO -                Memory:                   9.62 GiB
2025-09-03 13:15:37,269 - distributed.worker - INFO -       Local Directory: /jobfs/148618149.gadi-pbs/dask-scratch-space/worker-xhpqlnsf
2025-09-03 13:15:37,269 - distributed.worker - INFO - -------------------------------------------------
2025-09-03 13:15:37,271 - distributed.worker - INFO -       Start worker at:     tcp://10.6.83.33:41679
2025-09-03 13:15:37,271 - distributed.worker - INFO -          Listening to:     tcp://10.6.83.33:41679
2025-09-03 13:15:37,271 - distributed.worker - INFO -          dashboard at:           10.6.83.33:38819
2025-09-03 13:15:37,271 - distributed.worker - INFO - Waiting to connect to:       tcp://10.6.81.1:8764
2025-09-03 13:15:37,271 - distributed.worker - INFO - -------------------------------------------------
2025-09-03 13:15:37,271 - distributed.worker - INFO -               Threads:                          2
2025-09-03 13:15:37,271 - distributed.worker - INFO -                Memory:                   9.62 GiB
2025-09-03 13:15:37,271 - distributed.worker - INFO -       Local Directory: /jobfs/148618149.gadi-pbs/dask-scratch-space/worker-tg5tgazm
2025-09-03 13:15:37,271 - distributed.worker - INFO - -------------------------------------------------
2025-09-03 13:15:37,271 - distributed.worker - INFO -       Start worker at:     tcp://10.6.83.33:37823
2025-09-03 13:15:37,271 - distributed.worker - INFO -          Listening to:     tcp://10.6.83.33:37823
2025-09-03 13:15:37,271 - distributed.worker - INFO -          dashboard at:           10.6.83.33:35037
2025-09-03 13:15:37,271 - distributed.worker - INFO - Waiting to connect to:       tcp://10.6.81.1:8764
2025-09-03 13:15:37,271 - distributed.worker - INFO - -------------------------------------------------
2025-09-03 13:15:37,271 - distributed.worker - INFO -               Threads:                          2
2025-09-03 13:15:37,271 - distributed.worker - INFO -                Memory:                   9.62 GiB
2025-09-03 13:15:37,271 - distributed.worker - INFO -       Local Directory: /jobfs/148618149.gadi-pbs/dask-scratch-space/worker-ll2w5gpk
2025-09-03 13:15:37,272 - distributed.worker - INFO - -------------------------------------------------
2025-09-03 13:15:37,279 - distributed.worker - INFO -       Start worker at:     tcp://10.6.83.33:34881
2025-09-03 13:15:37,279 - distributed.worker - INFO -          Listening to:     tcp://10.6.83.33:34881
2025-09-03 13:15:37,279 - distributed.worker - INFO -          dashboard at:           10.6.83.33:45843
2025-09-03 13:15:37,279 - distributed.worker - INFO - Waiting to connect to:       tcp://10.6.81.1:8764
2025-09-03 13:15:37,279 - distributed.worker - INFO - -------------------------------------------------
2025-09-03 13:15:37,279 - distributed.worker - INFO -               Threads:                          2
2025-09-03 13:15:37,279 - distributed.worker - INFO -                Memory:                   9.62 GiB
2025-09-03 13:15:37,279 - distributed.worker - INFO -       Local Directory: /jobfs/148618149.gadi-pbs/dask-scratch-space/worker-rz10_283
2025-09-03 13:15:37,279 - distributed.worker - INFO - -------------------------------------------------
2025-09-03 13:15:37,284 - distributed.worker - INFO -       Start worker at:     tcp://10.6.83.33:45441
2025-09-03 13:15:37,284 - distributed.worker - INFO -          Listening to:     tcp://10.6.83.33:45441
2025-09-03 13:15:37,284 - distributed.worker - INFO -          dashboard at:           10.6.83.33:43431
2025-09-03 13:15:37,284 - distributed.worker - INFO - Waiting to connect to:       tcp://10.6.81.1:8764
2025-09-03 13:15:37,284 - distributed.worker - INFO - -------------------------------------------------
2025-09-03 13:15:37,284 - distributed.worker - INFO -               Threads:                          2
2025-09-03 13:15:37,284 - distributed.worker - INFO -                Memory:                   9.62 GiB
2025-09-03 13:15:37,284 - distributed.worker - INFO -       Local Directory: /jobfs/148618149.gadi-pbs/dask-scratch-space/worker-y6mzplle
2025-09-03 13:15:37,284 - distributed.worker - INFO - -------------------------------------------------
2025-09-03 13:15:37,284 - distributed.worker - INFO - Starting Worker plugin shuffle
2025-09-03 13:15:37,285 - distributed.worker - INFO -       Start worker at:     tcp://10.6.83.33:39187
2025-09-03 13:15:37,285 - distributed.worker - INFO -          Listening to:     tcp://10.6.83.33:39187
2025-09-03 13:15:37,285 - distributed.worker - INFO -          dashboard at:           10.6.83.33:43743
2025-09-03 13:15:37,285 - distributed.worker - INFO - Waiting to connect to:       tcp://10.6.81.1:8764
2025-09-03 13:15:37,285 - distributed.worker - INFO - -------------------------------------------------
2025-09-03 13:15:37,285 - distributed.worker - INFO -               Threads:                          2
2025-09-03 13:15:37,285 - distributed.worker - INFO -                Memory:                   9.62 GiB
2025-09-03 13:15:37,285 - distributed.worker - INFO -       Local Directory: /jobfs/148618149.gadi-pbs/dask-scratch-space/worker-zno_pfje
2025-09-03 13:15:37,285 - distributed.worker - INFO - -------------------------------------------------
2025-09-03 13:15:37,285 - distributed.worker - INFO -         Registered to:       tcp://10.6.81.1:8764
2025-09-03 13:15:37,285 - distributed.worker - INFO - -------------------------------------------------
2025-09-03 13:15:37,287 - distributed.core - INFO - Starting established connection to tcp://10.6.81.1:8764
2025-09-03 13:15:37,288 - distributed.worker - INFO -       Start worker at:     tcp://10.6.83.33:38831
2025-09-03 13:15:37,288 - distributed.worker - INFO -          Listening to:     tcp://10.6.83.33:38831
2025-09-03 13:15:37,288 - distributed.worker - INFO -          dashboard at:           10.6.83.33:39101
2025-09-03 13:15:37,288 - distributed.worker - INFO - Waiting to connect to:       tcp://10.6.81.1:8764
2025-09-03 13:15:37,288 - distributed.worker - INFO - -------------------------------------------------
2025-09-03 13:15:37,288 - distributed.worker - INFO -               Threads:                          2
2025-09-03 13:15:37,288 - distributed.worker - INFO -                Memory:                   9.62 GiB
2025-09-03 13:15:37,288 - distributed.worker - INFO -       Local Directory: /jobfs/148618149.gadi-pbs/dask-scratch-space/worker-aw0hw6nt
2025-09-03 13:15:37,288 - distributed.worker - INFO -       Start worker at:     tcp://10.6.83.33:43927
2025-09-03 13:15:37,288 - distributed.worker - INFO - -------------------------------------------------
2025-09-03 13:15:37,288 - distributed.worker - INFO -          Listening to:     tcp://10.6.83.33:43927
2025-09-03 13:15:37,288 - distributed.worker - INFO -          dashboard at:           10.6.83.33:40661
2025-09-03 13:15:37,288 - distributed.worker - INFO - Waiting to connect to:       tcp://10.6.81.1:8764
2025-09-03 13:15:37,288 - distributed.worker - INFO - -------------------------------------------------
2025-09-03 13:15:37,288 - distributed.worker - INFO -               Threads:                          2
2025-09-03 13:15:37,289 - distributed.worker - INFO -                Memory:                   9.62 GiB
2025-09-03 13:15:37,289 - distributed.worker - INFO -       Local Directory: /jobfs/148618149.gadi-pbs/dask-scratch-space/worker-3i0z8k9g
2025-09-03 13:15:37,289 - distributed.worker - INFO - -------------------------------------------------
2025-09-03 13:15:37,291 - distributed.worker - INFO -       Start worker at:     tcp://10.6.83.33:34791
2025-09-03 13:15:37,291 - distributed.worker - INFO -          Listening to:     tcp://10.6.83.33:34791
2025-09-03 13:15:37,291 - distributed.worker - INFO -          dashboard at:           10.6.83.33:44991
2025-09-03 13:15:37,291 - distributed.worker - INFO - Waiting to connect to:       tcp://10.6.81.1:8764
2025-09-03 13:15:37,291 - distributed.worker - INFO - -------------------------------------------------
2025-09-03 13:15:37,291 - distributed.worker - INFO -               Threads:                          2
2025-09-03 13:15:37,291 - distributed.worker - INFO -                Memory:                   9.62 GiB
2025-09-03 13:15:37,291 - distributed.worker - INFO -       Local Directory: /jobfs/148618149.gadi-pbs/dask-scratch-space/worker-8c9605bk
2025-09-03 13:15:37,291 - distributed.worker - INFO - -------------------------------------------------
2025-09-03 13:15:37,292 - distributed.worker - INFO -       Start worker at:     tcp://10.6.83.33:37507
2025-09-03 13:15:37,292 - distributed.worker - INFO -          Listening to:     tcp://10.6.83.33:37507
2025-09-03 13:15:37,292 - distributed.worker - INFO -          dashboard at:           10.6.83.33:33527
2025-09-03 13:15:37,292 - distributed.worker - INFO - Waiting to connect to:       tcp://10.6.81.1:8764
2025-09-03 13:15:37,292 - distributed.worker - INFO - -------------------------------------------------
2025-09-03 13:15:37,292 - distributed.worker - INFO -               Threads:                          2
2025-09-03 13:15:37,292 - distributed.worker - INFO -                Memory:                   9.62 GiB
2025-09-03 13:15:37,292 - distributed.worker - INFO -       Local Directory: /jobfs/148618149.gadi-pbs/dask-scratch-space/worker-v86928h8
2025-09-03 13:15:37,292 - distributed.worker - INFO - -------------------------------------------------
2025-09-03 13:15:37,292 - distributed.worker - INFO -       Start worker at:     tcp://10.6.83.33:33895
2025-09-03 13:15:37,292 - distributed.worker - INFO -          Listening to:     tcp://10.6.83.33:33895
2025-09-03 13:15:37,292 - distributed.worker - INFO -          dashboard at:           10.6.83.33:35189
2025-09-03 13:15:37,293 - distributed.worker - INFO - Waiting to connect to:       tcp://10.6.81.1:8764
2025-09-03 13:15:37,293 - distributed.worker - INFO - -------------------------------------------------
2025-09-03 13:15:37,293 - distributed.worker - INFO -               Threads:                          2
2025-09-03 13:15:37,293 - distributed.worker - INFO -                Memory:                   9.62 GiB
2025-09-03 13:15:37,293 - distributed.worker - INFO -       Local Directory: /jobfs/148618149.gadi-pbs/dask-scratch-space/worker-hbyfohc1
2025-09-03 13:15:37,293 - distributed.worker - INFO - -------------------------------------------------
2025-09-03 13:15:37,293 - distributed.worker - INFO -       Start worker at:     tcp://10.6.83.33:36833
2025-09-03 13:15:37,293 - distributed.worker - INFO -          Listening to:     tcp://10.6.83.33:36833
2025-09-03 13:15:37,293 - distributed.worker - INFO -          dashboard at:           10.6.83.33:46111
2025-09-03 13:15:37,293 - distributed.worker - INFO - Waiting to connect to:       tcp://10.6.81.1:8764
2025-09-03 13:15:37,293 - distributed.worker - INFO - -------------------------------------------------
2025-09-03 13:15:37,293 - distributed.worker - INFO -               Threads:                          2
2025-09-03 13:15:37,293 - distributed.worker - INFO -                Memory:                   9.62 GiB
2025-09-03 13:15:37,293 - distributed.worker - INFO -       Local Directory: /jobfs/148618149.gadi-pbs/dask-scratch-space/worker-pdf7qldj
2025-09-03 13:15:37,293 - distributed.worker - INFO - -------------------------------------------------
2025-09-03 13:15:37,297 - distributed.worker - INFO -       Start worker at:     tcp://10.6.83.33:43715
2025-09-03 13:15:37,297 - distributed.worker - INFO -          Listening to:     tcp://10.6.83.33:43715
2025-09-03 13:15:37,297 - distributed.worker - INFO -          dashboard at:           10.6.83.33:42057
2025-09-03 13:15:37,297 - distributed.worker - INFO - Waiting to connect to:       tcp://10.6.81.1:8764
2025-09-03 13:15:37,297 - distributed.worker - INFO - -------------------------------------------------
2025-09-03 13:15:37,297 - distributed.worker - INFO -               Threads:                          2
2025-09-03 13:15:37,297 - distributed.worker - INFO -                Memory:                   9.62 GiB
2025-09-03 13:15:37,297 - distributed.worker - INFO -       Local Directory: /jobfs/148618149.gadi-pbs/dask-scratch-space/worker-5k83a3im
2025-09-03 13:15:37,297 - distributed.worker - INFO - -------------------------------------------------
2025-09-03 13:15:37,301 - distributed.worker - INFO -       Start worker at:     tcp://10.6.83.33:42445
2025-09-03 13:15:37,301 - distributed.worker - INFO - Starting Worker plugin shuffle
2025-09-03 13:15:37,301 - distributed.worker - INFO -          Listening to:     tcp://10.6.83.33:42445
2025-09-03 13:15:37,301 - distributed.worker - INFO -          dashboard at:           10.6.83.33:36235
2025-09-03 13:15:37,301 - distributed.worker - INFO - Waiting to connect to:       tcp://10.6.81.1:8764
2025-09-03 13:15:37,301 - distributed.worker - INFO - -------------------------------------------------
2025-09-03 13:15:37,301 - distributed.worker - INFO -               Threads:                          2
2025-09-03 13:15:37,301 - distributed.worker - INFO -                Memory:                   9.62 GiB
2025-09-03 13:15:37,301 - distributed.worker - INFO -       Local Directory: /jobfs/148618149.gadi-pbs/dask-scratch-space/worker-atseh_dn
2025-09-03 13:15:37,301 - distributed.worker - INFO - -------------------------------------------------
2025-09-03 13:15:37,302 - distributed.worker - INFO -         Registered to:       tcp://10.6.81.1:8764
2025-09-03 13:15:37,302 - distributed.worker - INFO - -------------------------------------------------
2025-09-03 13:15:37,304 - distributed.core - INFO - Starting established connection to tcp://10.6.81.1:8764
2025-09-03 13:15:37,304 - distributed.worker - INFO -       Start worker at:     tcp://10.6.83.33:41757
2025-09-03 13:15:37,304 - distributed.worker - INFO -          Listening to:     tcp://10.6.83.33:41757
2025-09-03 13:15:37,304 - distributed.worker - INFO -          dashboard at:           10.6.83.33:43837
2025-09-03 13:15:37,304 - distributed.worker - INFO - Waiting to connect to:       tcp://10.6.81.1:8764
2025-09-03 13:15:37,304 - distributed.worker - INFO - -------------------------------------------------
2025-09-03 13:15:37,304 - distributed.worker - INFO -               Threads:                          2
2025-09-03 13:15:37,304 - distributed.worker - INFO -                Memory:                   9.62 GiB
2025-09-03 13:15:37,304 - distributed.worker - INFO -       Start worker at:     tcp://10.6.83.33:36607
2025-09-03 13:15:37,304 - distributed.worker - INFO -       Local Directory: /jobfs/148618149.gadi-pbs/dask-scratch-space/worker-i4jqvkey
2025-09-03 13:15:37,304 - distributed.worker - INFO -          Listening to:     tcp://10.6.83.33:36607
2025-09-03 13:15:37,304 - distributed.worker - INFO - -------------------------------------------------
2025-09-03 13:15:37,304 - distributed.worker - INFO -          dashboard at:           10.6.83.33:38455
2025-09-03 13:15:37,304 - distributed.worker - INFO - Waiting to connect to:       tcp://10.6.81.1:8764
2025-09-03 13:15:37,304 - distributed.worker - INFO - -------------------------------------------------
2025-09-03 13:15:37,304 - distributed.worker - INFO -               Threads:                          2
2025-09-03 13:15:37,304 - distributed.worker - INFO -                Memory:                   9.62 GiB
2025-09-03 13:15:37,304 - distributed.worker - INFO -       Local Directory: /jobfs/148618149.gadi-pbs/dask-scratch-space/worker-ok5kih7a
2025-09-03 13:15:37,304 - distributed.worker - INFO - -------------------------------------------------
2025-09-03 13:15:37,311 - distributed.worker - INFO - Starting Worker plugin shuffle
2025-09-03 13:15:37,312 - distributed.worker - INFO -         Registered to:       tcp://10.6.81.1:8764
2025-09-03 13:15:37,312 - distributed.worker - INFO - -------------------------------------------------
2025-09-03 13:15:37,314 - distributed.core - INFO - Starting established connection to tcp://10.6.81.1:8764
2025-09-03 13:15:37,314 - distributed.worker - INFO -       Start worker at:     tcp://10.6.83.33:41567
2025-09-03 13:15:37,314 - distributed.worker - INFO -          Listening to:     tcp://10.6.83.33:41567
2025-09-03 13:15:37,314 - distributed.worker - INFO -          dashboard at:           10.6.83.33:45279
2025-09-03 13:15:37,314 - distributed.worker - INFO - Waiting to connect to:       tcp://10.6.81.1:8764
2025-09-03 13:15:37,314 - distributed.worker - INFO - -------------------------------------------------
2025-09-03 13:15:37,314 - distributed.worker - INFO -               Threads:                          2
2025-09-03 13:15:37,314 - distributed.worker - INFO -                Memory:                   9.62 GiB
2025-09-03 13:15:37,314 - distributed.worker - INFO -       Local Directory: /jobfs/148618149.gadi-pbs/dask-scratch-space/worker-ie4206tj
2025-09-03 13:15:37,314 - distributed.worker - INFO - -------------------------------------------------
2025-09-03 13:15:37,320 - distributed.worker - INFO - Starting Worker plugin shuffle
2025-09-03 13:15:37,321 - distributed.worker - INFO -         Registered to:       tcp://10.6.81.1:8764
2025-09-03 13:15:37,321 - distributed.worker - INFO - -------------------------------------------------
2025-09-03 13:15:37,323 - distributed.core - INFO - Starting established connection to tcp://10.6.81.1:8764
2025-09-03 13:15:37,327 - distributed.worker - INFO - Starting Worker plugin shuffle
2025-09-03 13:15:37,328 - distributed.worker - INFO -         Registered to:       tcp://10.6.81.1:8764
2025-09-03 13:15:37,329 - distributed.worker - INFO - -------------------------------------------------
2025-09-03 13:15:37,330 - distributed.core - INFO - Starting established connection to tcp://10.6.81.1:8764
2025-09-03 13:15:37,346 - distributed.worker - INFO - Starting Worker plugin shuffle
2025-09-03 13:15:37,347 - distributed.worker - INFO -         Registered to:       tcp://10.6.81.1:8764
2025-09-03 13:15:37,347 - distributed.worker - INFO - -------------------------------------------------
2025-09-03 13:15:37,349 - distributed.core - INFO - Starting established connection to tcp://10.6.81.1:8764
2025-09-03 13:15:37,353 - distributed.worker - INFO - Starting Worker plugin shuffle
2025-09-03 13:15:37,354 - distributed.worker - INFO -         Registered to:       tcp://10.6.81.1:8764
2025-09-03 13:15:37,354 - distributed.worker - INFO - -------------------------------------------------
2025-09-03 13:15:37,356 - distributed.core - INFO - Starting established connection to tcp://10.6.81.1:8764
2025-09-03 13:15:37,360 - distributed.worker - INFO - Starting Worker plugin shuffle
2025-09-03 13:15:37,361 - distributed.worker - INFO -         Registered to:       tcp://10.6.81.1:8764
2025-09-03 13:15:37,361 - distributed.worker - INFO - -------------------------------------------------
2025-09-03 13:15:37,362 - distributed.core - INFO - Starting established connection to tcp://10.6.81.1:8764
2025-09-03 13:15:37,366 - distributed.worker - INFO - Starting Worker plugin shuffle
2025-09-03 13:15:37,367 - distributed.worker - INFO -         Registered to:       tcp://10.6.81.1:8764
2025-09-03 13:15:37,367 - distributed.worker - INFO - -------------------------------------------------
2025-09-03 13:15:37,369 - distributed.core - INFO - Starting established connection to tcp://10.6.81.1:8764
2025-09-03 13:15:37,372 - distributed.worker - INFO - Starting Worker plugin shuffle
2025-09-03 13:15:37,373 - distributed.worker - INFO -         Registered to:       tcp://10.6.81.1:8764
2025-09-03 13:15:37,373 - distributed.worker - INFO - -------------------------------------------------
2025-09-03 13:15:37,375 - distributed.core - INFO - Starting established connection to tcp://10.6.81.1:8764
2025-09-03 13:15:37,378 - distributed.worker - INFO - Starting Worker plugin shuffle
2025-09-03 13:15:37,379 - distributed.worker - INFO -         Registered to:       tcp://10.6.81.1:8764
2025-09-03 13:15:37,380 - distributed.worker - INFO - -------------------------------------------------
2025-09-03 13:15:37,381 - distributed.core - INFO - Starting established connection to tcp://10.6.81.1:8764
2025-09-03 13:15:37,384 - distributed.worker - INFO - Starting Worker plugin shuffle
2025-09-03 13:15:37,386 - distributed.worker - INFO -         Registered to:       tcp://10.6.81.1:8764
2025-09-03 13:15:37,386 - distributed.worker - INFO - -------------------------------------------------
2025-09-03 13:15:37,388 - distributed.core - INFO - Starting established connection to tcp://10.6.81.1:8764
2025-09-03 13:15:37,390 - distributed.worker - INFO - Starting Worker plugin shuffle
2025-09-03 13:15:37,391 - distributed.worker - INFO -         Registered to:       tcp://10.6.81.1:8764
2025-09-03 13:15:37,392 - distributed.worker - INFO - -------------------------------------------------
2025-09-03 13:15:37,393 - distributed.core - INFO - Starting established connection to tcp://10.6.81.1:8764
2025-09-03 13:15:37,396 - distributed.worker - INFO - Starting Worker plugin shuffle
2025-09-03 13:15:37,397 - distributed.worker - INFO -         Registered to:       tcp://10.6.81.1:8764
2025-09-03 13:15:37,397 - distributed.worker - INFO - -------------------------------------------------
2025-09-03 13:15:37,399 - distributed.core - INFO - Starting established connection to tcp://10.6.81.1:8764
2025-09-03 13:15:37,404 - distributed.worker - INFO - Starting Worker plugin shuffle
2025-09-03 13:15:37,405 - distributed.worker - INFO -         Registered to:       tcp://10.6.81.1:8764
2025-09-03 13:15:37,405 - distributed.worker - INFO - -------------------------------------------------
2025-09-03 13:15:37,407 - distributed.core - INFO - Starting established connection to tcp://10.6.81.1:8764
2025-09-03 13:15:37,409 - distributed.worker - INFO - Starting Worker plugin shuffle
2025-09-03 13:15:37,410 - distributed.worker - INFO -         Registered to:       tcp://10.6.81.1:8764
2025-09-03 13:15:37,411 - distributed.worker - INFO - -------------------------------------------------
2025-09-03 13:15:37,412 - distributed.core - INFO - Starting established connection to tcp://10.6.81.1:8764
2025-09-03 13:15:37,415 - distributed.worker - INFO - Starting Worker plugin shuffle
2025-09-03 13:15:37,416 - distributed.worker - INFO -         Registered to:       tcp://10.6.81.1:8764
2025-09-03 13:15:37,416 - distributed.worker - INFO - -------------------------------------------------
2025-09-03 13:15:37,418 - distributed.core - INFO - Starting established connection to tcp://10.6.81.1:8764
2025-09-03 13:15:37,420 - distributed.worker - INFO - Starting Worker plugin shuffle
2025-09-03 13:15:37,422 - distributed.worker - INFO -         Registered to:       tcp://10.6.81.1:8764
2025-09-03 13:15:37,422 - distributed.worker - INFO - -------------------------------------------------
2025-09-03 13:15:37,423 - distributed.core - INFO - Starting established connection to tcp://10.6.81.1:8764
2025-09-03 13:15:37,426 - distributed.worker - INFO - Starting Worker plugin shuffle
2025-09-03 13:15:37,427 - distributed.worker - INFO -         Registered to:       tcp://10.6.81.1:8764
2025-09-03 13:15:37,428 - distributed.worker - INFO - -------------------------------------------------
2025-09-03 13:15:37,429 - distributed.core - INFO - Starting established connection to tcp://10.6.81.1:8764
2025-09-03 13:15:37,432 - distributed.worker - INFO - Starting Worker plugin shuffle
2025-09-03 13:15:37,433 - distributed.worker - INFO -         Registered to:       tcp://10.6.81.1:8764
2025-09-03 13:15:37,433 - distributed.worker - INFO - -------------------------------------------------
2025-09-03 13:15:37,434 - distributed.core - INFO - Starting established connection to tcp://10.6.81.1:8764
2025-09-03 13:15:37,437 - distributed.worker - INFO - Starting Worker plugin shuffle
2025-09-03 13:15:37,438 - distributed.worker - INFO -         Registered to:       tcp://10.6.81.1:8764
2025-09-03 13:15:37,438 - distributed.worker - INFO - -------------------------------------------------
2025-09-03 13:15:37,440 - distributed.core - INFO - Starting established connection to tcp://10.6.81.1:8764
2025-09-03 13:15:37,442 - distributed.worker - INFO - Starting Worker plugin shuffle
2025-09-03 13:15:37,443 - distributed.worker - INFO -         Registered to:       tcp://10.6.81.1:8764
2025-09-03 13:15:37,443 - distributed.worker - INFO - -------------------------------------------------
2025-09-03 13:15:37,445 - distributed.core - INFO - Starting established connection to tcp://10.6.81.1:8764
2025-09-03 13:15:37,448 - distributed.worker - INFO - Starting Worker plugin shuffle
2025-09-03 13:15:37,449 - distributed.worker - INFO -         Registered to:       tcp://10.6.81.1:8764
2025-09-03 13:15:37,449 - distributed.worker - INFO - -------------------------------------------------
2025-09-03 13:15:37,451 - distributed.core - INFO - Starting established connection to tcp://10.6.81.1:8764
2025-09-03 13:15:37,453 - distributed.worker - INFO - Starting Worker plugin shuffle
2025-09-03 13:15:37,454 - distributed.worker - INFO -         Registered to:       tcp://10.6.81.1:8764
2025-09-03 13:15:37,454 - distributed.worker - INFO - -------------------------------------------------
2025-09-03 13:15:37,456 - distributed.core - INFO - Starting established connection to tcp://10.6.81.1:8764
2025-09-03 13:15:37,458 - distributed.worker - INFO - Starting Worker plugin shuffle
2025-09-03 13:15:37,459 - distributed.worker - INFO -         Registered to:       tcp://10.6.81.1:8764
2025-09-03 13:15:37,459 - distributed.worker - INFO - -------------------------------------------------
2025-09-03 13:15:37,461 - distributed.core - INFO - Starting established connection to tcp://10.6.81.1:8764
2025-09-03 13:15:37,463 - distributed.worker - INFO - Starting Worker plugin shuffle
2025-09-03 13:15:37,465 - distributed.worker - INFO -         Registered to:       tcp://10.6.81.1:8764
2025-09-03 13:15:37,465 - distributed.worker - INFO - -------------------------------------------------
2025-09-03 13:15:37,466 - distributed.core - INFO - Starting established connection to tcp://10.6.81.1:8764
2025-09-03 13:15:37,469 - distributed.worker - INFO - Starting Worker plugin shuffle
2025-09-03 13:15:37,470 - distributed.worker - INFO -         Registered to:       tcp://10.6.81.1:8764
2025-09-03 13:15:37,470 - distributed.worker - INFO - -------------------------------------------------
2025-09-03 13:15:37,472 - distributed.core - INFO - Starting established connection to tcp://10.6.81.1:8764
2025-09-03 13:16:21,901 - distributed.worker - INFO - Starting Worker plugin qme_utils.py04885534-db08-480f-9f19-cf8332e985ae
2025-09-03 13:16:21,901 - distributed.worker - INFO - Starting Worker plugin qme_utils.py04885534-db08-480f-9f19-cf8332e985ae
2025-09-03 13:16:21,901 - distributed.worker - INFO - Starting Worker plugin qme_utils.py04885534-db08-480f-9f19-cf8332e985ae
2025-09-03 13:16:21,901 - distributed.worker - INFO - Starting Worker plugin qme_utils.py04885534-db08-480f-9f19-cf8332e985ae
2025-09-03 13:16:21,902 - distributed.worker - INFO - Starting Worker plugin qme_utils.py04885534-db08-480f-9f19-cf8332e985ae
2025-09-03 13:16:21,902 - distributed.worker - INFO - Starting Worker plugin qme_utils.py04885534-db08-480f-9f19-cf8332e985ae
2025-09-03 13:16:21,902 - distributed.worker - INFO - Starting Worker plugin qme_utils.py04885534-db08-480f-9f19-cf8332e985ae
2025-09-03 13:16:21,902 - distributed.worker - INFO - Starting Worker plugin qme_utils.py04885534-db08-480f-9f19-cf8332e985ae
2025-09-03 13:16:21,902 - distributed.worker - INFO - Starting Worker plugin qme_utils.py04885534-db08-480f-9f19-cf8332e985ae
2025-09-03 13:16:21,902 - distributed.worker - INFO - Starting Worker plugin qme_utils.py04885534-db08-480f-9f19-cf8332e985ae
2025-09-03 13:16:21,902 - distributed.worker - INFO - Starting Worker plugin qme_utils.py04885534-db08-480f-9f19-cf8332e985ae
2025-09-03 13:16:21,902 - distributed.utils - INFO - Reload module qme_utils from .py file
2025-09-03 13:16:21,903 - distributed.worker - INFO - Starting Worker plugin qme_utils.py04885534-db08-480f-9f19-cf8332e985ae
2025-09-03 13:16:21,903 - distributed.utils - INFO - Reload module qme_utils from .py file
2025-09-03 13:16:21,903 - distributed.worker - INFO - Starting Worker plugin qme_utils.py04885534-db08-480f-9f19-cf8332e985ae
2025-09-03 13:16:21,903 - distributed.utils - INFO - Reload module qme_utils from .py file
2025-09-03 13:16:21,903 - distributed.worker - INFO - Starting Worker plugin qme_utils.py04885534-db08-480f-9f19-cf8332e985ae
2025-09-03 13:16:21,903 - distributed.utils - INFO - Reload module qme_utils from .py file
2025-09-03 13:16:21,903 - distributed.worker - INFO - Starting Worker plugin qme_utils.py04885534-db08-480f-9f19-cf8332e985ae
2025-09-03 13:16:21,904 - distributed.worker - INFO - Starting Worker plugin qme_utils.py04885534-db08-480f-9f19-cf8332e985ae
2025-09-03 13:16:21,903 - distributed.worker - INFO - Starting Worker plugin qme_utils.py04885534-db08-480f-9f19-cf8332e985ae
2025-09-03 13:16:21,904 - distributed.worker - INFO - Starting Worker plugin qme_utils.py04885534-db08-480f-9f19-cf8332e985ae
2025-09-03 13:16:21,904 - distributed.utils - INFO - Reload module qme_utils from .py file
2025-09-03 13:16:21,904 - distributed.utils - INFO - Reload module qme_utils from .py file
2025-09-03 13:16:21,904 - distributed.utils - INFO - Reload module qme_utils from .py file
2025-09-03 13:16:21,904 - distributed.worker - INFO - Starting Worker plugin qme_utils.py04885534-db08-480f-9f19-cf8332e985ae
2025-09-03 13:16:21,904 - distributed.utils - INFO - Reload module qme_utils from .py file
2025-09-03 13:16:21,904 - distributed.worker - INFO - Starting Worker plugin qme_utils.py04885534-db08-480f-9f19-cf8332e985ae
2025-09-03 13:16:21,904 - distributed.worker - INFO - Starting Worker plugin qme_utils.py04885534-db08-480f-9f19-cf8332e985ae
2025-09-03 13:16:21,905 - distributed.utils - INFO - Reload module qme_utils from .py file
2025-09-03 13:16:21,904 - distributed.worker - INFO - Starting Worker plugin qme_utils.py04885534-db08-480f-9f19-cf8332e985ae
2025-09-03 13:16:21,904 - distributed.worker - INFO - Starting Worker plugin qme_utils.py04885534-db08-480f-9f19-cf8332e985ae
2025-09-03 13:16:21,903 - distributed.worker - INFO - Starting Worker plugin qme_utils.py04885534-db08-480f-9f19-cf8332e985ae
2025-09-03 13:16:21,905 - distributed.utils - INFO - Reload module qme_utils from .py file
2025-09-03 13:16:21,905 - distributed.utils - INFO - Reload module qme_utils from .py file
2025-09-03 13:16:21,905 - distributed.worker - INFO - Starting Worker plugin qme_utils.py04885534-db08-480f-9f19-cf8332e985ae
2025-09-03 13:16:21,905 - distributed.utils - INFO - Reload module qme_utils from .py file
2025-09-03 13:16:21,905 - distributed.worker - INFO - Starting Worker plugin qme_utils.py04885534-db08-480f-9f19-cf8332e985ae
2025-09-03 13:16:21,905 - distributed.worker - INFO - Starting Worker plugin qme_utils.py04885534-db08-480f-9f19-cf8332e985ae
2025-09-03 13:16:21,905 - distributed.utils - INFO - Reload module qme_utils from .py file
2025-09-03 13:16:21,905 - distributed.worker - INFO - Starting Worker plugin qme_utils.py04885534-db08-480f-9f19-cf8332e985ae
2025-09-03 13:16:21,903 - distributed.worker - INFO - Starting Worker plugin qme_utils.py04885534-db08-480f-9f19-cf8332e985ae
2025-09-03 13:16:21,905 - distributed.worker - INFO - Starting Worker plugin qme_utils.py04885534-db08-480f-9f19-cf8332e985ae
2025-09-03 13:16:21,905 - distributed.worker - INFO - Starting Worker plugin qme_utils.py04885534-db08-480f-9f19-cf8332e985ae
2025-09-03 13:16:21,906 - distributed.utils - INFO - Reload module qme_utils from .py file
2025-09-03 13:16:21,906 - distributed.utils - INFO - Reload module qme_utils from .py file
2025-09-03 13:16:21,906 - distributed.worker - INFO - Starting Worker plugin qme_utils.py04885534-db08-480f-9f19-cf8332e985ae
2025-09-03 13:16:21,906 - distributed.worker - INFO - Starting Worker plugin qme_utils.py04885534-db08-480f-9f19-cf8332e985ae
2025-09-03 13:16:21,906 - distributed.worker - INFO - Starting Worker plugin qme_utils.py04885534-db08-480f-9f19-cf8332e985ae
2025-09-03 13:16:21,906 - distributed.worker - INFO - Starting Worker plugin qme_utils.py04885534-db08-480f-9f19-cf8332e985ae
2025-09-03 13:16:21,906 - distributed.worker - INFO - Starting Worker plugin qme_utils.py04885534-db08-480f-9f19-cf8332e985ae
2025-09-03 13:16:21,906 - distributed.utils - INFO - Reload module qme_utils from .py file
2025-09-03 13:16:21,906 - distributed.worker - INFO - Starting Worker plugin qme_utils.py04885534-db08-480f-9f19-cf8332e985ae
2025-09-03 13:16:21,906 - distributed.worker - INFO - Starting Worker plugin qme_utils.py04885534-db08-480f-9f19-cf8332e985ae
2025-09-03 13:16:21,906 - distributed.utils - INFO - Reload module qme_utils from .py file
2025-09-03 13:16:21,907 - distributed.utils - INFO - Reload module qme_utils from .py file
2025-09-03 13:16:21,907 - distributed.utils - INFO - Reload module qme_utils from .py file
2025-09-03 13:16:21,907 - distributed.utils - INFO - Reload module qme_utils from .py file
2025-09-03 13:16:21,905 - distributed.worker - INFO - Starting Worker plugin qme_utils.py04885534-db08-480f-9f19-cf8332e985ae
2025-09-03 13:16:21,907 - distributed.worker - INFO - Starting Worker plugin qme_utils.py04885534-db08-480f-9f19-cf8332e985ae
2025-09-03 13:16:21,907 - distributed.utils - INFO - Reload module qme_utils from .py file
2025-09-03 13:16:21,907 - distributed.utils - INFO - Reload module qme_utils from .py file
2025-09-03 13:16:21,907 - distributed.utils - INFO - Reload module qme_utils from .py file
2025-09-03 13:16:21,908 - distributed.utils - INFO - Reload module qme_utils from .py file
2025-09-03 13:16:21,908 - distributed.utils - INFO - Reload module qme_utils from .py file
2025-09-03 13:16:21,908 - distributed.utils - INFO - Reload module qme_utils from .py file
2025-09-03 13:16:21,906 - distributed.worker - INFO - Starting Worker plugin qme_utils.py04885534-db08-480f-9f19-cf8332e985ae
2025-09-03 13:16:21,908 - distributed.utils - INFO - Reload module qme_utils from .py file
2025-09-03 13:16:21,906 - distributed.worker - INFO - Starting Worker plugin qme_utils.py04885534-db08-480f-9f19-cf8332e985ae
2025-09-03 13:16:21,908 - distributed.utils - INFO - Reload module qme_utils from .py file
2025-09-03 13:16:21,909 - distributed.utils - INFO - Reload module qme_utils from .py file
2025-09-03 13:16:21,909 - distributed.utils - INFO - Reload module qme_utils from .py file
2025-09-03 13:16:21,909 - distributed.utils - INFO - Reload module qme_utils from .py file
2025-09-03 13:16:21,909 - distributed.utils - INFO - Reload module qme_utils from .py file
2025-09-03 13:16:21,909 - distributed.utils - INFO - Reload module qme_utils from .py file
2025-09-03 13:16:21,906 - distributed.worker - INFO - Starting Worker plugin qme_utils.py04885534-db08-480f-9f19-cf8332e985ae
2025-09-03 13:16:21,909 - distributed.utils - INFO - Reload module qme_utils from .py file
2025-09-03 13:16:21,909 - distributed.utils - INFO - Reload module qme_utils from .py file
2025-09-03 13:16:21,909 - distributed.utils - INFO - Reload module qme_utils from .py file
2025-09-03 13:16:21,907 - distributed.worker - INFO - Starting Worker plugin qme_utils.py04885534-db08-480f-9f19-cf8332e985ae
2025-09-03 13:16:21,907 - distributed.worker - INFO - Starting Worker plugin qme_utils.py04885534-db08-480f-9f19-cf8332e985ae
2025-09-03 13:16:21,909 - distributed.utils - INFO - Reload module qme_utils from .py file
2025-09-03 13:16:21,908 - distributed.worker - INFO - Starting Worker plugin qme_utils.py04885534-db08-480f-9f19-cf8332e985ae
2025-09-03 13:16:21,909 - distributed.worker - INFO - Starting Worker plugin qme_utils.py04885534-db08-480f-9f19-cf8332e985ae
2025-09-03 13:16:21,909 - distributed.worker - INFO - Starting Worker plugin qme_utils.py04885534-db08-480f-9f19-cf8332e985ae
2025-09-03 13:16:21,911 - distributed.utils - INFO - Reload module qme_utils from .py file
2025-09-03 13:16:21,911 - distributed.utils - INFO - Reload module qme_utils from .py file
2025-09-03 13:16:21,910 - distributed.worker - INFO - Starting Worker plugin qme_utils.py04885534-db08-480f-9f19-cf8332e985ae
2025-09-03 13:16:21,910 - distributed.worker - INFO - Starting Worker plugin qme_utils.py04885534-db08-480f-9f19-cf8332e985ae
2025-09-03 13:16:21,910 - distributed.worker - INFO - Starting Worker plugin qme_utils.py04885534-db08-480f-9f19-cf8332e985ae
2025-09-03 13:16:21,911 - distributed.worker - INFO - Starting Worker plugin qme_utils.py04885534-db08-480f-9f19-cf8332e985ae
2025-09-03 13:16:21,915 - distributed.utils - INFO - Reload module qme_utils from .py file
2025-09-03 13:16:21,916 - distributed.utils - INFO - Reload module qme_utils from .py file
2025-09-03 13:16:21,916 - distributed.utils - INFO - Reload module qme_utils from .py file
2025-09-03 13:16:21,916 - distributed.utils - INFO - Reload module qme_utils from .py file
2025-09-03 13:16:21,917 - distributed.utils - INFO - Reload module qme_utils from .py file
2025-09-03 13:16:21,918 - distributed.utils - INFO - Reload module qme_utils from .py file
2025-09-03 13:16:21,918 - distributed.utils - INFO - Reload module qme_utils from .py file
2025-09-03 13:16:21,926 - distributed.utils - INFO - Reload module qme_utils from .py file
2025-09-03 13:16:21,926 - distributed.utils - INFO - Reload module qme_utils from .py file
2025-09-03 13:16:21,926 - distributed.utils - INFO - Reload module qme_utils from .py file
2025-09-03 13:16:21,926 - distributed.utils - INFO - Reload module qme_utils from .py file
2025-09-03 13:16:21,926 - distributed.utils - INFO - Reload module qme_utils from .py file
2025-09-03 13:16:21,927 - distributed.utils - INFO - Reload module qme_utils from .py file
2025-09-03 13:16:25,580 - distributed.worker - INFO - Starting Worker plugin qme_vars.pyb6dc7e9b-31e5-4dec-80e5-d3053119e5b3
2025-09-03 13:16:25,580 - distributed.worker - INFO - Starting Worker plugin qme_vars.pyb6dc7e9b-31e5-4dec-80e5-d3053119e5b3
2025-09-03 13:16:25,580 - distributed.worker - INFO - Starting Worker plugin qme_vars.pyb6dc7e9b-31e5-4dec-80e5-d3053119e5b3
2025-09-03 13:16:25,581 - distributed.worker - INFO - Starting Worker plugin qme_vars.pyb6dc7e9b-31e5-4dec-80e5-d3053119e5b3
2025-09-03 13:16:25,581 - distributed.worker - INFO - Starting Worker plugin qme_vars.pyb6dc7e9b-31e5-4dec-80e5-d3053119e5b3
2025-09-03 13:16:25,581 - distributed.worker - INFO - Starting Worker plugin qme_vars.pyb6dc7e9b-31e5-4dec-80e5-d3053119e5b3
2025-09-03 13:16:25,581 - distributed.worker - INFO - Starting Worker plugin qme_vars.pyb6dc7e9b-31e5-4dec-80e5-d3053119e5b3
2025-09-03 13:16:25,581 - distributed.worker - INFO - Starting Worker plugin qme_vars.pyb6dc7e9b-31e5-4dec-80e5-d3053119e5b3
2025-09-03 13:16:25,581 - distributed.worker - INFO - Starting Worker plugin qme_vars.pyb6dc7e9b-31e5-4dec-80e5-d3053119e5b3
2025-09-03 13:16:25,581 - distributed.worker - INFO - Starting Worker plugin qme_vars.pyb6dc7e9b-31e5-4dec-80e5-d3053119e5b3
2025-09-03 13:16:25,581 - distributed.worker - INFO - Starting Worker plugin qme_vars.pyb6dc7e9b-31e5-4dec-80e5-d3053119e5b3
2025-09-03 13:16:25,581 - distributed.worker - INFO - Starting Worker plugin qme_vars.pyb6dc7e9b-31e5-4dec-80e5-d3053119e5b3
2025-09-03 13:16:25,581 - distributed.worker - INFO - Starting Worker plugin qme_vars.pyb6dc7e9b-31e5-4dec-80e5-d3053119e5b3
2025-09-03 13:16:25,582 - distributed.worker - INFO - Starting Worker plugin qme_vars.pyb6dc7e9b-31e5-4dec-80e5-d3053119e5b3
2025-09-03 13:16:25,582 - distributed.worker - INFO - Starting Worker plugin qme_vars.pyb6dc7e9b-31e5-4dec-80e5-d3053119e5b3
2025-09-03 13:16:25,582 - distributed.worker - INFO - Starting Worker plugin qme_vars.pyb6dc7e9b-31e5-4dec-80e5-d3053119e5b3
2025-09-03 13:16:25,582 - distributed.worker - INFO - Starting Worker plugin qme_vars.pyb6dc7e9b-31e5-4dec-80e5-d3053119e5b3
2025-09-03 13:16:25,582 - distributed.worker - INFO - Starting Worker plugin qme_vars.pyb6dc7e9b-31e5-4dec-80e5-d3053119e5b3
2025-09-03 13:16:25,582 - distributed.worker - INFO - Starting Worker plugin qme_vars.pyb6dc7e9b-31e5-4dec-80e5-d3053119e5b3
2025-09-03 13:16:25,583 - distributed.worker - INFO - Starting Worker plugin qme_vars.pyb6dc7e9b-31e5-4dec-80e5-d3053119e5b3
2025-09-03 13:16:25,583 - distributed.worker - INFO - Starting Worker plugin qme_vars.pyb6dc7e9b-31e5-4dec-80e5-d3053119e5b3
2025-09-03 13:16:25,583 - distributed.worker - INFO - Starting Worker plugin qme_vars.pyb6dc7e9b-31e5-4dec-80e5-d3053119e5b3
2025-09-03 13:16:25,583 - distributed.worker - INFO - Starting Worker plugin qme_vars.pyb6dc7e9b-31e5-4dec-80e5-d3053119e5b3
2025-09-03 13:16:25,583 - distributed.utils - INFO - Reload module qme_vars from .py file
2025-09-03 13:16:25,583 - distributed.worker - INFO - Starting Worker plugin qme_vars.pyb6dc7e9b-31e5-4dec-80e5-d3053119e5b3
2025-09-03 13:16:25,583 - distributed.worker - INFO - Starting Worker plugin qme_vars.pyb6dc7e9b-31e5-4dec-80e5-d3053119e5b3
2025-09-03 13:16:25,584 - distributed.utils - INFO - Reload module qme_vars from .py file
2025-09-03 13:16:25,584 - distributed.utils - INFO - Reload module qme_vars from .py file
2025-09-03 13:16:25,584 - distributed.utils - INFO - Reload module qme_vars from .py file
2025-09-03 13:16:25,584 - distributed.utils - INFO - Reload module qme_vars from .py file
2025-09-03 13:16:25,584 - distributed.utils - INFO - Reload module qme_vars from .py file
2025-09-03 13:16:25,584 - distributed.utils - INFO - Reload module qme_vars from .py file
2025-09-03 13:16:25,584 - distributed.utils - INFO - Reload module qme_vars from .py file
2025-09-03 13:16:25,584 - distributed.utils - INFO - Reload module qme_vars from .py file
2025-09-03 13:16:25,583 - distributed.worker - INFO - Starting Worker plugin qme_vars.pyb6dc7e9b-31e5-4dec-80e5-d3053119e5b3
2025-09-03 13:16:25,584 - distributed.utils - INFO - Reload module qme_vars from .py file
2025-09-03 13:16:25,583 - distributed.worker - INFO - Starting Worker plugin qme_vars.pyb6dc7e9b-31e5-4dec-80e5-d3053119e5b3
2025-09-03 13:16:25,584 - distributed.worker - INFO - Starting Worker plugin qme_vars.pyb6dc7e9b-31e5-4dec-80e5-d3053119e5b3
2025-09-03 13:16:25,584 - distributed.worker - INFO - Starting Worker plugin qme_vars.pyb6dc7e9b-31e5-4dec-80e5-d3053119e5b3
2025-09-03 13:16:25,584 - distributed.worker - INFO - Starting Worker plugin qme_vars.pyb6dc7e9b-31e5-4dec-80e5-d3053119e5b3
2025-09-03 13:16:25,584 - distributed.utils - INFO - Reload module qme_vars from .py file
2025-09-03 13:16:25,584 - distributed.worker - INFO - Starting Worker plugin qme_vars.pyb6dc7e9b-31e5-4dec-80e5-d3053119e5b3
2025-09-03 13:16:25,585 - distributed.utils - INFO - Reload module qme_vars from .py file
2025-09-03 13:16:25,585 - distributed.utils - INFO - Reload module qme_vars from .py file
2025-09-03 13:16:25,583 - distributed.worker - INFO - Starting Worker plugin qme_vars.pyb6dc7e9b-31e5-4dec-80e5-d3053119e5b3
2025-09-03 13:16:25,584 - distributed.worker - INFO - Starting Worker plugin qme_vars.pyb6dc7e9b-31e5-4dec-80e5-d3053119e5b3
2025-09-03 13:16:25,585 - distributed.utils - INFO - Reload module qme_vars from .py file
2025-09-03 13:16:25,584 - distributed.worker - INFO - Starting Worker plugin qme_vars.pyb6dc7e9b-31e5-4dec-80e5-d3053119e5b3
2025-09-03 13:16:25,584 - distributed.worker - INFO - Starting Worker plugin qme_vars.pyb6dc7e9b-31e5-4dec-80e5-d3053119e5b3
2025-09-03 13:16:25,585 - distributed.utils - INFO - Reload module qme_vars from .py file
2025-09-03 13:16:25,584 - distributed.worker - INFO - Starting Worker plugin qme_vars.pyb6dc7e9b-31e5-4dec-80e5-d3053119e5b3
2025-09-03 13:16:25,584 - distributed.worker - INFO - Starting Worker plugin qme_vars.pyb6dc7e9b-31e5-4dec-80e5-d3053119e5b3
2025-09-03 13:16:25,585 - distributed.utils - INFO - Reload module qme_vars from .py file
2025-09-03 13:16:25,585 - distributed.utils - INFO - Reload module qme_vars from .py file
2025-09-03 13:16:25,585 - distributed.worker - INFO - Starting Worker plugin qme_vars.pyb6dc7e9b-31e5-4dec-80e5-d3053119e5b3
2025-09-03 13:16:25,584 - distributed.worker - INFO - Starting Worker plugin qme_vars.pyb6dc7e9b-31e5-4dec-80e5-d3053119e5b3
2025-09-03 13:16:25,585 - distributed.worker - INFO - Starting Worker plugin qme_vars.pyb6dc7e9b-31e5-4dec-80e5-d3053119e5b3
2025-09-03 13:16:25,585 - distributed.worker - INFO - Starting Worker plugin qme_vars.pyb6dc7e9b-31e5-4dec-80e5-d3053119e5b3
2025-09-03 13:16:25,585 - distributed.utils - INFO - Reload module qme_vars from .py file
2025-09-03 13:16:25,585 - distributed.utils - INFO - Reload module qme_vars from .py file
2025-09-03 13:16:25,585 - distributed.utils - INFO - Reload module qme_vars from .py file
2025-09-03 13:16:25,586 - distributed.utils - INFO - Reload module qme_vars from .py file
2025-09-03 13:16:25,585 - distributed.utils - INFO - Reload module qme_vars from .py file
2025-09-03 13:16:25,585 - distributed.utils - INFO - Reload module qme_vars from .py file
2025-09-03 13:16:25,585 - distributed.worker - INFO - Starting Worker plugin qme_vars.pyb6dc7e9b-31e5-4dec-80e5-d3053119e5b3
2025-09-03 13:16:25,586 - distributed.utils - INFO - Reload module qme_vars from .py file
2025-09-03 13:16:25,585 - distributed.worker - INFO - Starting Worker plugin qme_vars.pyb6dc7e9b-31e5-4dec-80e5-d3053119e5b3
2025-09-03 13:16:25,585 - distributed.worker - INFO - Starting Worker plugin qme_vars.pyb6dc7e9b-31e5-4dec-80e5-d3053119e5b3
2025-09-03 13:16:25,586 - distributed.utils - INFO - Reload module qme_vars from .py file
2025-09-03 13:16:25,586 - distributed.worker - INFO - Starting Worker plugin qme_vars.pyb6dc7e9b-31e5-4dec-80e5-d3053119e5b3
2025-09-03 13:16:25,586 - distributed.worker - INFO - Starting Worker plugin qme_vars.pyb6dc7e9b-31e5-4dec-80e5-d3053119e5b3
2025-09-03 13:16:25,586 - distributed.worker - INFO - Starting Worker plugin qme_vars.pyb6dc7e9b-31e5-4dec-80e5-d3053119e5b3
2025-09-03 13:16:25,586 - distributed.utils - INFO - Reload module qme_vars from .py file
2025-09-03 13:16:25,586 - distributed.worker - INFO - Starting Worker plugin qme_vars.pyb6dc7e9b-31e5-4dec-80e5-d3053119e5b3
2025-09-03 13:16:25,587 - distributed.utils - INFO - Reload module qme_vars from .py file
2025-09-03 13:16:25,587 - distributed.utils - INFO - Reload module qme_vars from .py file
2025-09-03 13:16:25,587 - distributed.utils - INFO - Reload module qme_vars from .py file
2025-09-03 13:16:25,587 - distributed.utils - INFO - Reload module qme_vars from .py file
2025-09-03 13:16:25,586 - distributed.worker - INFO - Starting Worker plugin qme_vars.pyb6dc7e9b-31e5-4dec-80e5-d3053119e5b3
2025-09-03 13:16:25,587 - distributed.utils - INFO - Reload module qme_vars from .py file
2025-09-03 13:16:25,587 - distributed.utils - INFO - Reload module qme_vars from .py file
2025-09-03 13:16:25,585 - distributed.worker - INFO - Starting Worker plugin qme_vars.pyb6dc7e9b-31e5-4dec-80e5-d3053119e5b3
2025-09-03 13:16:25,588 - distributed.utils - INFO - Reload module qme_vars from .py file
2025-09-03 13:16:25,588 - distributed.utils - INFO - Reload module qme_vars from .py file
2025-09-03 13:16:25,588 - distributed.utils - INFO - Reload module qme_vars from .py file
2025-09-03 13:16:25,588 - distributed.utils - INFO - Reload module qme_vars from .py file
2025-09-03 13:16:25,588 - distributed.utils - INFO - Reload module qme_vars from .py file
2025-09-03 13:16:25,588 - distributed.utils - INFO - Reload module qme_vars from .py file
2025-09-03 13:16:25,588 - distributed.utils - INFO - Reload module qme_vars from .py file
2025-09-03 13:16:25,588 - distributed.utils - INFO - Reload module qme_vars from .py file
2025-09-03 13:16:25,588 - distributed.utils - INFO - Reload module qme_vars from .py file
2025-09-03 13:16:25,585 - distributed.worker - INFO - Starting Worker plugin qme_vars.pyb6dc7e9b-31e5-4dec-80e5-d3053119e5b3
2025-09-03 13:16:25,589 - distributed.utils - INFO - Reload module qme_vars from .py file
2025-09-03 13:16:25,589 - distributed.utils - INFO - Reload module qme_vars from .py file
2025-09-03 13:16:25,589 - distributed.utils - INFO - Reload module qme_vars from .py file
2025-09-03 13:16:25,589 - distributed.utils - INFO - Reload module qme_vars from .py file
2025-09-03 13:16:25,589 - distributed.utils - INFO - Reload module qme_vars from .py file
2025-09-03 13:16:25,590 - distributed.utils - INFO - Reload module qme_vars from .py file
2025-09-03 13:16:25,590 - distributed.utils - INFO - Reload module qme_vars from .py file
2025-09-03 13:16:25,590 - distributed.utils - INFO - Reload module qme_vars from .py file
2025-09-03 13:16:25,591 - distributed.utils - INFO - Reload module qme_vars from .py file
2025-09-03 13:16:25,592 - distributed.utils - INFO - Reload module qme_vars from .py file
2025-09-03 13:16:25,593 - distributed.worker - INFO - Starting Worker plugin qme_vars.pyb6dc7e9b-31e5-4dec-80e5-d3053119e5b3
2025-09-03 13:16:25,600 - distributed.utils - INFO - Reload module qme_vars from .py file
2025-09-03 13:16:27,027 - distributed.worker - INFO - Starting Worker plugin qme_train.py5a10009d-56a8-4689-a04c-aa3714b9a1e1
2025-09-03 13:16:27,027 - distributed.worker - INFO - Starting Worker plugin qme_train.py5a10009d-56a8-4689-a04c-aa3714b9a1e1
2025-09-03 13:16:27,027 - distributed.worker - INFO - Starting Worker plugin qme_train.py5a10009d-56a8-4689-a04c-aa3714b9a1e1
2025-09-03 13:16:27,027 - distributed.worker - INFO - Starting Worker plugin qme_train.py5a10009d-56a8-4689-a04c-aa3714b9a1e1
2025-09-03 13:16:27,027 - distributed.worker - INFO - Starting Worker plugin qme_train.py5a10009d-56a8-4689-a04c-aa3714b9a1e1
2025-09-03 13:16:27,027 - distributed.worker - INFO - Starting Worker plugin qme_train.py5a10009d-56a8-4689-a04c-aa3714b9a1e1
2025-09-03 13:16:27,027 - distributed.worker - INFO - Starting Worker plugin qme_train.py5a10009d-56a8-4689-a04c-aa3714b9a1e1
2025-09-03 13:16:27,028 - distributed.worker - INFO - Starting Worker plugin qme_train.py5a10009d-56a8-4689-a04c-aa3714b9a1e1
2025-09-03 13:16:27,028 - distributed.worker - INFO - Starting Worker plugin qme_train.py5a10009d-56a8-4689-a04c-aa3714b9a1e1
2025-09-03 13:16:27,028 - distributed.worker - INFO - Starting Worker plugin qme_train.py5a10009d-56a8-4689-a04c-aa3714b9a1e1
2025-09-03 13:16:27,028 - distributed.worker - INFO - Starting Worker plugin qme_train.py5a10009d-56a8-4689-a04c-aa3714b9a1e1
2025-09-03 13:16:27,028 - distributed.worker - INFO - Starting Worker plugin qme_train.py5a10009d-56a8-4689-a04c-aa3714b9a1e1
2025-09-03 13:16:27,028 - distributed.worker - INFO - Starting Worker plugin qme_train.py5a10009d-56a8-4689-a04c-aa3714b9a1e1
2025-09-03 13:16:27,028 - distributed.worker - INFO - Starting Worker plugin qme_train.py5a10009d-56a8-4689-a04c-aa3714b9a1e1
2025-09-03 13:16:27,028 - distributed.worker - INFO - Starting Worker plugin qme_train.py5a10009d-56a8-4689-a04c-aa3714b9a1e1
2025-09-03 13:16:27,028 - distributed.worker - INFO - Starting Worker plugin qme_train.py5a10009d-56a8-4689-a04c-aa3714b9a1e1
2025-09-03 13:16:27,029 - distributed.worker - INFO - Starting Worker plugin qme_train.py5a10009d-56a8-4689-a04c-aa3714b9a1e1
2025-09-03 13:16:27,029 - distributed.worker - INFO - Starting Worker plugin qme_train.py5a10009d-56a8-4689-a04c-aa3714b9a1e1
2025-09-03 13:16:27,029 - distributed.worker - INFO - Starting Worker plugin qme_train.py5a10009d-56a8-4689-a04c-aa3714b9a1e1
2025-09-03 13:16:27,029 - distributed.worker - INFO - Starting Worker plugin qme_train.py5a10009d-56a8-4689-a04c-aa3714b9a1e1
2025-09-03 13:16:27,029 - distributed.worker - INFO - Starting Worker plugin qme_train.py5a10009d-56a8-4689-a04c-aa3714b9a1e1
2025-09-03 13:16:27,029 - distributed.worker - INFO - Starting Worker plugin qme_train.py5a10009d-56a8-4689-a04c-aa3714b9a1e1
2025-09-03 13:16:27,029 - distributed.worker - INFO - Starting Worker plugin qme_train.py5a10009d-56a8-4689-a04c-aa3714b9a1e1
2025-09-03 13:16:27,029 - distributed.worker - INFO - Starting Worker plugin qme_train.py5a10009d-56a8-4689-a04c-aa3714b9a1e1
2025-09-03 13:16:27,030 - distributed.worker - INFO - Starting Worker plugin qme_train.py5a10009d-56a8-4689-a04c-aa3714b9a1e1
2025-09-03 13:16:27,030 - distributed.worker - INFO - Starting Worker plugin qme_train.py5a10009d-56a8-4689-a04c-aa3714b9a1e1
2025-09-03 13:16:27,030 - distributed.worker - INFO - Starting Worker plugin qme_train.py5a10009d-56a8-4689-a04c-aa3714b9a1e1
2025-09-03 13:16:27,030 - distributed.worker - INFO - Starting Worker plugin qme_train.py5a10009d-56a8-4689-a04c-aa3714b9a1e1
2025-09-03 13:16:27,030 - distributed.worker - INFO - Starting Worker plugin qme_train.py5a10009d-56a8-4689-a04c-aa3714b9a1e1
2025-09-03 13:16:27,030 - distributed.worker - INFO - Starting Worker plugin qme_train.py5a10009d-56a8-4689-a04c-aa3714b9a1e1
2025-09-03 13:16:27,030 - distributed.worker - INFO - Starting Worker plugin qme_train.py5a10009d-56a8-4689-a04c-aa3714b9a1e1
2025-09-03 13:16:27,030 - distributed.worker - INFO - Starting Worker plugin qme_train.py5a10009d-56a8-4689-a04c-aa3714b9a1e1
2025-09-03 13:16:27,030 - distributed.worker - INFO - Starting Worker plugin qme_train.py5a10009d-56a8-4689-a04c-aa3714b9a1e1
2025-09-03 13:16:27,030 - distributed.worker - INFO - Starting Worker plugin qme_train.py5a10009d-56a8-4689-a04c-aa3714b9a1e1
2025-09-03 13:16:27,031 - distributed.worker - INFO - Starting Worker plugin qme_train.py5a10009d-56a8-4689-a04c-aa3714b9a1e1
2025-09-03 13:16:27,031 - distributed.worker - INFO - Starting Worker plugin qme_train.py5a10009d-56a8-4689-a04c-aa3714b9a1e1
2025-09-03 13:16:27,031 - distributed.worker - INFO - Starting Worker plugin qme_train.py5a10009d-56a8-4689-a04c-aa3714b9a1e1
2025-09-03 13:16:27,031 - distributed.worker - INFO - Starting Worker plugin qme_train.py5a10009d-56a8-4689-a04c-aa3714b9a1e1
2025-09-03 13:16:27,031 - distributed.worker - INFO - Starting Worker plugin qme_train.py5a10009d-56a8-4689-a04c-aa3714b9a1e1
2025-09-03 13:16:27,031 - distributed.worker - INFO - Starting Worker plugin qme_train.py5a10009d-56a8-4689-a04c-aa3714b9a1e1
2025-09-03 13:16:27,031 - distributed.worker - INFO - Starting Worker plugin qme_train.py5a10009d-56a8-4689-a04c-aa3714b9a1e1
2025-09-03 13:16:27,032 - distributed.worker - INFO - Starting Worker plugin qme_train.py5a10009d-56a8-4689-a04c-aa3714b9a1e1
2025-09-03 13:16:27,032 - distributed.utils - INFO - Reload module qme_train from .py file
2025-09-03 13:16:27,032 - distributed.worker - INFO - Starting Worker plugin qme_train.py5a10009d-56a8-4689-a04c-aa3714b9a1e1
2025-09-03 13:16:27,032 - distributed.worker - INFO - Starting Worker plugin qme_train.py5a10009d-56a8-4689-a04c-aa3714b9a1e1
2025-09-03 13:16:27,032 - distributed.worker - INFO - Starting Worker plugin qme_train.py5a10009d-56a8-4689-a04c-aa3714b9a1e1
2025-09-03 13:16:27,032 - distributed.worker - INFO - Starting Worker plugin qme_train.py5a10009d-56a8-4689-a04c-aa3714b9a1e1
2025-09-03 13:16:27,032 - distributed.worker - INFO - Starting Worker plugin qme_train.py5a10009d-56a8-4689-a04c-aa3714b9a1e1
2025-09-03 13:16:27,032 - distributed.utils - INFO - Reload module qme_train from .py file
2025-09-03 13:16:27,032 - distributed.utils - INFO - Reload module qme_train from .py file
2025-09-03 13:16:27,032 - distributed.utils - INFO - Reload module qme_train from .py file
2025-09-03 13:16:27,032 - distributed.worker - INFO - Starting Worker plugin qme_train.py5a10009d-56a8-4689-a04c-aa3714b9a1e1
2025-09-03 13:16:27,032 - distributed.worker - INFO - Starting Worker plugin qme_train.py5a10009d-56a8-4689-a04c-aa3714b9a1e1
2025-09-03 13:16:27,032 - distributed.worker - INFO - Starting Worker plugin qme_train.py5a10009d-56a8-4689-a04c-aa3714b9a1e1
2025-09-03 13:16:27,032 - distributed.utils - INFO - Reload module qme_train from .py file
2025-09-03 13:16:27,032 - distributed.utils - INFO - Reload module qme_train from .py file
2025-09-03 13:16:27,032 - distributed.worker - INFO - Starting Worker plugin qme_train.py5a10009d-56a8-4689-a04c-aa3714b9a1e1
2025-09-03 13:16:27,033 - distributed.utils - INFO - Reload module qme_train from .py file
2025-09-03 13:16:27,033 - distributed.utils - INFO - Reload module qme_train from .py file
2025-09-03 13:16:27,033 - distributed.worker - INFO - Starting Worker plugin qme_train.py5a10009d-56a8-4689-a04c-aa3714b9a1e1
2025-09-03 13:16:27,033 - distributed.utils - INFO - Reload module qme_train from .py file
2025-09-03 13:16:27,033 - distributed.utils - INFO - Reload module qme_train from .py file
2025-09-03 13:16:27,033 - distributed.utils - INFO - Reload module qme_train from .py file
2025-09-03 13:16:27,033 - distributed.utils - INFO - Reload module qme_train from .py file
2025-09-03 13:16:27,033 - distributed.utils - INFO - Reload module qme_train from .py file
2025-09-03 13:16:27,033 - distributed.utils - INFO - Reload module qme_train from .py file
2025-09-03 13:16:27,034 - distributed.utils - INFO - Reload module qme_train from .py file
2025-09-03 13:16:27,034 - distributed.utils - INFO - Reload module qme_train from .py file
2025-09-03 13:16:27,034 - distributed.utils - INFO - Reload module qme_train from .py file
2025-09-03 13:16:27,034 - distributed.utils - INFO - Reload module qme_train from .py file
2025-09-03 13:16:27,035 - distributed.utils - INFO - Reload module qme_train from .py file
2025-09-03 13:16:27,035 - distributed.utils - INFO - Reload module qme_train from .py file
2025-09-03 13:16:27,035 - distributed.utils - INFO - Reload module qme_train from .py file
2025-09-03 13:16:27,035 - distributed.utils - INFO - Reload module qme_train from .py file
2025-09-03 13:16:27,035 - distributed.utils - INFO - Reload module qme_train from .py file
2025-09-03 13:16:27,035 - distributed.utils - INFO - Reload module qme_train from .py file
2025-09-03 13:16:27,035 - distributed.utils - INFO - Reload module qme_train from .py file
2025-09-03 13:16:27,035 - distributed.utils - INFO - Reload module qme_train from .py file
2025-09-03 13:16:27,035 - distributed.utils - INFO - Reload module qme_train from .py file
2025-09-03 13:16:27,036 - distributed.utils - INFO - Reload module qme_train from .py file
2025-09-03 13:16:27,036 - distributed.utils - INFO - Reload module qme_train from .py file
2025-09-03 13:16:27,036 - distributed.utils - INFO - Reload module qme_train from .py file
2025-09-03 13:16:27,036 - distributed.utils - INFO - Reload module qme_train from .py file
2025-09-03 13:16:27,036 - distributed.utils - INFO - Reload module qme_train from .py file
2025-09-03 13:16:27,036 - distributed.utils - INFO - Reload module qme_train from .py file
2025-09-03 13:16:27,036 - distributed.utils - INFO - Reload module qme_train from .py file
2025-09-03 13:16:27,036 - distributed.utils - INFO - Reload module qme_train from .py file
2025-09-03 13:16:27,036 - distributed.utils - INFO - Reload module qme_train from .py file
2025-09-03 13:16:27,036 - distributed.utils - INFO - Reload module qme_train from .py file
2025-09-03 13:16:27,036 - distributed.utils - INFO - Reload module qme_train from .py file
2025-09-03 13:16:27,036 - distributed.utils - INFO - Reload module qme_train from .py file
2025-09-03 13:16:27,036 - distributed.utils - INFO - Reload module qme_train from .py file
2025-09-03 13:16:27,036 - distributed.utils - INFO - Reload module qme_train from .py file
2025-09-03 13:16:27,036 - distributed.utils - INFO - Reload module qme_train from .py file
2025-09-03 13:16:27,036 - distributed.utils - INFO - Reload module qme_train from .py file
2025-09-03 13:16:27,036 - distributed.utils - INFO - Reload module qme_train from .py file
2025-09-03 13:16:27,036 - distributed.utils - INFO - Reload module qme_train from .py file
2025-09-03 13:16:27,036 - distributed.utils - INFO - Reload module qme_train from .py file
2025-09-03 13:16:27,036 - distributed.utils - INFO - Reload module qme_train from .py file
2025-09-03 13:16:27,037 - distributed.utils - INFO - Reload module qme_train from .py file
2025-09-03 13:16:27,037 - distributed.utils - INFO - Reload module qme_train from .py file
2025-09-03 13:16:27,037 - distributed.utils - INFO - Reload module qme_train from .py file
2025-09-03 13:16:27,037 - distributed.utils - INFO - Reload module qme_train from .py file
2025-09-03 13:16:27,037 - distributed.utils - INFO - Reload module qme_train from .py file
2025-09-03 13:16:28,474 - distributed.worker - INFO - Starting Worker plugin qme_apply.py3a1d306b-9a77-46f4-8620-bf79068eeac7
2025-09-03 13:16:28,474 - distributed.worker - INFO - Starting Worker plugin qme_apply.py3a1d306b-9a77-46f4-8620-bf79068eeac7
2025-09-03 13:16:28,474 - distributed.worker - INFO - Starting Worker plugin qme_apply.py3a1d306b-9a77-46f4-8620-bf79068eeac7
2025-09-03 13:16:28,474 - distributed.worker - INFO - Starting Worker plugin qme_apply.py3a1d306b-9a77-46f4-8620-bf79068eeac7
2025-09-03 13:16:28,474 - distributed.worker - INFO - Starting Worker plugin qme_apply.py3a1d306b-9a77-46f4-8620-bf79068eeac7
2025-09-03 13:16:28,474 - distributed.worker - INFO - Starting Worker plugin qme_apply.py3a1d306b-9a77-46f4-8620-bf79068eeac7
2025-09-03 13:16:28,475 - distributed.worker - INFO - Starting Worker plugin qme_apply.py3a1d306b-9a77-46f4-8620-bf79068eeac7
2025-09-03 13:16:28,475 - distributed.worker - INFO - Starting Worker plugin qme_apply.py3a1d306b-9a77-46f4-8620-bf79068eeac7
2025-09-03 13:16:28,475 - distributed.worker - INFO - Starting Worker plugin qme_apply.py3a1d306b-9a77-46f4-8620-bf79068eeac7
2025-09-03 13:16:28,475 - distributed.worker - INFO - Starting Worker plugin qme_apply.py3a1d306b-9a77-46f4-8620-bf79068eeac7
2025-09-03 13:16:28,475 - distributed.worker - INFO - Starting Worker plugin qme_apply.py3a1d306b-9a77-46f4-8620-bf79068eeac7
2025-09-03 13:16:28,475 - distributed.worker - INFO - Starting Worker plugin qme_apply.py3a1d306b-9a77-46f4-8620-bf79068eeac7
2025-09-03 13:16:28,475 - distributed.worker - INFO - Starting Worker plugin qme_apply.py3a1d306b-9a77-46f4-8620-bf79068eeac7
2025-09-03 13:16:28,475 - distributed.worker - INFO - Starting Worker plugin qme_apply.py3a1d306b-9a77-46f4-8620-bf79068eeac7
2025-09-03 13:16:28,476 - distributed.worker - INFO - Starting Worker plugin qme_apply.py3a1d306b-9a77-46f4-8620-bf79068eeac7
2025-09-03 13:16:28,476 - distributed.worker - INFO - Starting Worker plugin qme_apply.py3a1d306b-9a77-46f4-8620-bf79068eeac7
2025-09-03 13:16:28,476 - distributed.worker - INFO - Starting Worker plugin qme_apply.py3a1d306b-9a77-46f4-8620-bf79068eeac7
2025-09-03 13:16:28,476 - distributed.worker - INFO - Starting Worker plugin qme_apply.py3a1d306b-9a77-46f4-8620-bf79068eeac7
2025-09-03 13:16:28,476 - distributed.worker - INFO - Starting Worker plugin qme_apply.py3a1d306b-9a77-46f4-8620-bf79068eeac7
2025-09-03 13:16:28,476 - distributed.worker - INFO - Starting Worker plugin qme_apply.py3a1d306b-9a77-46f4-8620-bf79068eeac7
2025-09-03 13:16:28,476 - distributed.worker - INFO - Starting Worker plugin qme_apply.py3a1d306b-9a77-46f4-8620-bf79068eeac7
2025-09-03 13:16:28,476 - distributed.worker - INFO - Starting Worker plugin qme_apply.py3a1d306b-9a77-46f4-8620-bf79068eeac7
2025-09-03 13:16:28,476 - distributed.worker - INFO - Starting Worker plugin qme_apply.py3a1d306b-9a77-46f4-8620-bf79068eeac7
2025-09-03 13:16:28,476 - distributed.worker - INFO - Starting Worker plugin qme_apply.py3a1d306b-9a77-46f4-8620-bf79068eeac7
2025-09-03 13:16:28,477 - distributed.worker - INFO - Starting Worker plugin qme_apply.py3a1d306b-9a77-46f4-8620-bf79068eeac7
2025-09-03 13:16:28,477 - distributed.worker - INFO - Starting Worker plugin qme_apply.py3a1d306b-9a77-46f4-8620-bf79068eeac7
2025-09-03 13:16:28,477 - distributed.utils - INFO - Reload module qme_apply from .py file
2025-09-03 13:16:28,477 - distributed.utils - INFO - Reload module qme_apply from .py file
2025-09-03 13:16:28,477 - distributed.utils - INFO - Reload module qme_apply from .py file
2025-09-03 13:16:28,477 - distributed.worker - INFO - Starting Worker plugin qme_apply.py3a1d306b-9a77-46f4-8620-bf79068eeac7
2025-09-03 13:16:28,477 - distributed.worker - INFO - Starting Worker plugin qme_apply.py3a1d306b-9a77-46f4-8620-bf79068eeac7
2025-09-03 13:16:28,477 - distributed.worker - INFO - Starting Worker plugin qme_apply.py3a1d306b-9a77-46f4-8620-bf79068eeac7
2025-09-03 13:16:28,477 - distributed.utils - INFO - Reload module qme_apply from .py file
2025-09-03 13:16:28,477 - distributed.utils - INFO - Reload module qme_apply from .py file
2025-09-03 13:16:28,477 - distributed.worker - INFO - Starting Worker plugin qme_apply.py3a1d306b-9a77-46f4-8620-bf79068eeac7
2025-09-03 13:16:28,477 - distributed.utils - INFO - Reload module qme_apply from .py file
2025-09-03 13:16:28,477 - distributed.utils - INFO - Reload module qme_apply from .py file
2025-09-03 13:16:28,477 - distributed.worker - INFO - Starting Worker plugin qme_apply.py3a1d306b-9a77-46f4-8620-bf79068eeac7
2025-09-03 13:16:28,477 - distributed.utils - INFO - Reload module qme_apply from .py file
2025-09-03 13:16:28,477 - distributed.utils - INFO - Reload module qme_apply from .py file
2025-09-03 13:16:28,477 - distributed.worker - INFO - Starting Worker plugin qme_apply.py3a1d306b-9a77-46f4-8620-bf79068eeac7
2025-09-03 13:16:28,477 - distributed.utils - INFO - Reload module qme_apply from .py file
2025-09-03 13:16:28,477 - distributed.utils - INFO - Reload module qme_apply from .py file
2025-09-03 13:16:28,477 - distributed.worker - INFO - Starting Worker plugin qme_apply.py3a1d306b-9a77-46f4-8620-bf79068eeac7
2025-09-03 13:16:28,478 - distributed.worker - INFO - Starting Worker plugin qme_apply.py3a1d306b-9a77-46f4-8620-bf79068eeac7
2025-09-03 13:16:28,478 - distributed.utils - INFO - Reload module qme_apply from .py file
2025-09-03 13:16:28,478 - distributed.worker - INFO - Starting Worker plugin qme_apply.py3a1d306b-9a77-46f4-8620-bf79068eeac7
2025-09-03 13:16:28,478 - distributed.utils - INFO - Reload module qme_apply from .py file
2025-09-03 13:16:28,478 - distributed.worker - INFO - Starting Worker plugin qme_apply.py3a1d306b-9a77-46f4-8620-bf79068eeac7
2025-09-03 13:16:28,478 - distributed.utils - INFO - Reload module qme_apply from .py file
2025-09-03 13:16:28,478 - distributed.worker - INFO - Starting Worker plugin qme_apply.py3a1d306b-9a77-46f4-8620-bf79068eeac7
2025-09-03 13:16:28,478 - distributed.worker - INFO - Starting Worker plugin qme_apply.py3a1d306b-9a77-46f4-8620-bf79068eeac7
2025-09-03 13:16:28,478 - distributed.utils - INFO - Reload module qme_apply from .py file
2025-09-03 13:16:28,478 - distributed.utils - INFO - Reload module qme_apply from .py file
2025-09-03 13:16:28,478 - distributed.utils - INFO - Reload module qme_apply from .py file
2025-09-03 13:16:28,478 - distributed.utils - INFO - Reload module qme_apply from .py file
2025-09-03 13:16:28,478 - distributed.utils - INFO - Reload module qme_apply from .py file
2025-09-03 13:16:28,478 - distributed.worker - INFO - Starting Worker plugin qme_apply.py3a1d306b-9a77-46f4-8620-bf79068eeac7
2025-09-03 13:16:28,478 - distributed.worker - INFO - Starting Worker plugin qme_apply.py3a1d306b-9a77-46f4-8620-bf79068eeac7
2025-09-03 13:16:28,478 - distributed.utils - INFO - Reload module qme_apply from .py file
2025-09-03 13:16:28,479 - distributed.worker - INFO - Starting Worker plugin qme_apply.py3a1d306b-9a77-46f4-8620-bf79068eeac7
2025-09-03 13:16:28,479 - distributed.worker - INFO - Starting Worker plugin qme_apply.py3a1d306b-9a77-46f4-8620-bf79068eeac7
2025-09-03 13:16:28,479 - distributed.utils - INFO - Reload module qme_apply from .py file
2025-09-03 13:16:28,479 - distributed.utils - INFO - Reload module qme_apply from .py file
2025-09-03 13:16:28,479 - distributed.utils - INFO - Reload module qme_apply from .py file
2025-09-03 13:16:28,479 - distributed.utils - INFO - Reload module qme_apply from .py file
2025-09-03 13:16:28,479 - distributed.utils - INFO - Reload module qme_apply from .py file
2025-09-03 13:16:28,479 - distributed.worker - INFO - Starting Worker plugin qme_apply.py3a1d306b-9a77-46f4-8620-bf79068eeac7
2025-09-03 13:16:28,479 - distributed.utils - INFO - Reload module qme_apply from .py file
2025-09-03 13:16:28,479 - distributed.utils - INFO - Reload module qme_apply from .py file
2025-09-03 13:16:28,479 - distributed.worker - INFO - Starting Worker plugin qme_apply.py3a1d306b-9a77-46f4-8620-bf79068eeac7
2025-09-03 13:16:28,479 - distributed.worker - INFO - Starting Worker plugin qme_apply.py3a1d306b-9a77-46f4-8620-bf79068eeac7
2025-09-03 13:16:28,479 - distributed.worker - INFO - Starting Worker plugin qme_apply.py3a1d306b-9a77-46f4-8620-bf79068eeac7
2025-09-03 13:16:28,479 - distributed.worker - INFO - Starting Worker plugin qme_apply.py3a1d306b-9a77-46f4-8620-bf79068eeac7
2025-09-03 13:16:28,479 - distributed.utils - INFO - Reload module qme_apply from .py file
2025-09-03 13:16:28,479 - distributed.utils - INFO - Reload module qme_apply from .py file
2025-09-03 13:16:28,479 - distributed.utils - INFO - Reload module qme_apply from .py file
2025-09-03 13:16:28,479 - distributed.worker - INFO - Starting Worker plugin qme_apply.py3a1d306b-9a77-46f4-8620-bf79068eeac7
2025-09-03 13:16:28,479 - distributed.worker - INFO - Starting Worker plugin qme_apply.py3a1d306b-9a77-46f4-8620-bf79068eeac7
2025-09-03 13:16:28,480 - distributed.utils - INFO - Reload module qme_apply from .py file
2025-09-03 13:16:28,480 - distributed.worker - INFO - Starting Worker plugin qme_apply.py3a1d306b-9a77-46f4-8620-bf79068eeac7
2025-09-03 13:16:28,481 - distributed.utils - INFO - Reload module qme_apply from .py file
2025-09-03 13:16:28,480 - distributed.utils - INFO - Reload module qme_apply from .py file
2025-09-03 13:16:28,480 - distributed.worker - INFO - Starting Worker plugin qme_apply.py3a1d306b-9a77-46f4-8620-bf79068eeac7
2025-09-03 13:16:28,480 - distributed.utils - INFO - Reload module qme_apply from .py file
2025-09-03 13:16:28,480 - distributed.worker - INFO - Starting Worker plugin qme_apply.py3a1d306b-9a77-46f4-8620-bf79068eeac7
2025-09-03 13:16:28,480 - distributed.utils - INFO - Reload module qme_apply from .py file
2025-09-03 13:16:28,480 - distributed.utils - INFO - Reload module qme_apply from .py file
2025-09-03 13:16:28,481 - distributed.utils - INFO - Reload module qme_apply from .py file
2025-09-03 13:16:28,481 - distributed.utils - INFO - Reload module qme_apply from .py file
2025-09-03 13:16:28,481 - distributed.utils - INFO - Reload module qme_apply from .py file
2025-09-03 13:16:28,481 - distributed.utils - INFO - Reload module qme_apply from .py file
2025-09-03 13:16:28,482 - distributed.utils - INFO - Reload module qme_apply from .py file
2025-09-03 13:16:28,482 - distributed.utils - INFO - Reload module qme_apply from .py file
2025-09-03 13:16:28,482 - distributed.utils - INFO - Reload module qme_apply from .py file
2025-09-03 13:16:28,482 - distributed.utils - INFO - Reload module qme_apply from .py file
2025-09-03 13:16:28,482 - distributed.utils - INFO - Reload module qme_apply from .py file
2025-09-03 13:16:28,482 - distributed.utils - INFO - Reload module qme_apply from .py file
2025-09-03 13:16:28,483 - distributed.utils - INFO - Reload module qme_apply from .py file
2025-09-03 13:16:28,483 - distributed.utils - INFO - Reload module qme_apply from .py file
2025-09-03 13:16:28,483 - distributed.utils - INFO - Reload module qme_apply from .py file
2025-09-03 13:16:28,483 - distributed.utils - INFO - Reload module qme_apply from .py file
2025-09-03 13:16:28,483 - distributed.utils - INFO - Reload module qme_apply from .py file
2025-09-03 13:16:28,483 - distributed.utils - INFO - Reload module qme_apply from .py file
2025-09-03 13:20:04,941 - distributed.core - INFO - Event loop was unresponsive in Worker for 3.14s.  This is often caused by long-running GIL-holding functions or moving large chunks of data. This can cause timeouts and instability.
2025-09-03 13:20:05,111 - distributed.core - INFO - Event loop was unresponsive in Worker for 3.27s.  This is often caused by long-running GIL-holding functions or moving large chunks of data. This can cause timeouts and instability.
2025-09-03 13:20:05,180 - distributed.core - INFO - Event loop was unresponsive in Worker for 3.29s.  This is often caused by long-running GIL-holding functions or moving large chunks of data. This can cause timeouts and instability.
2025-09-03 13:20:05,425 - distributed.core - INFO - Event loop was unresponsive in Worker for 3.60s.  This is often caused by long-running GIL-holding functions or moving large chunks of data. This can cause timeouts and instability.
2025-09-03 13:20:05,426 - distributed.core - INFO - Event loop was unresponsive in Worker for 3.59s.  This is often caused by long-running GIL-holding functions or moving large chunks of data. This can cause timeouts and instability.
2025-09-03 13:20:05,438 - distributed.core - INFO - Event loop was unresponsive in Worker for 3.57s.  This is often caused by long-running GIL-holding functions or moving large chunks of data. This can cause timeouts and instability.
2025-09-03 13:20:05,455 - distributed.core - INFO - Event loop was unresponsive in Worker for 3.57s.  This is often caused by long-running GIL-holding functions or moving large chunks of data. This can cause timeouts and instability.
2025-09-03 13:20:05,455 - distributed.core - INFO - Event loop was unresponsive in Worker for 3.60s.  This is often caused by long-running GIL-holding functions or moving large chunks of data. This can cause timeouts and instability.
2025-09-03 13:20:05,464 - distributed.core - INFO - Event loop was unresponsive in Worker for 3.59s.  This is often caused by long-running GIL-holding functions or moving large chunks of data. This can cause timeouts and instability.
2025-09-03 13:20:05,468 - distributed.core - INFO - Event loop was unresponsive in Worker for 3.60s.  This is often caused by long-running GIL-holding functions or moving large chunks of data. This can cause timeouts and instability.
2025-09-03 13:20:05,481 - distributed.core - INFO - Event loop was unresponsive in Worker for 3.60s.  This is often caused by long-running GIL-holding functions or moving large chunks of data. This can cause timeouts and instability.
2025-09-03 13:20:05,566 - distributed.core - INFO - Event loop was unresponsive in Worker for 3.64s.  This is often caused by long-running GIL-holding functions or moving large chunks of data. This can cause timeouts and instability.
2025-09-03 13:20:05,803 - distributed.core - INFO - Event loop was unresponsive in Worker for 3.87s.  This is often caused by long-running GIL-holding functions or moving large chunks of data. This can cause timeouts and instability.
2025-09-03 13:20:05,834 - distributed.core - INFO - Event loop was unresponsive in Worker for 3.88s.  This is often caused by long-running GIL-holding functions or moving large chunks of data. This can cause timeouts and instability.
2025-09-03 13:20:06,053 - distributed.core - INFO - Event loop was unresponsive in Worker for 4.00s.  This is often caused by long-running GIL-holding functions or moving large chunks of data. This can cause timeouts and instability.
2025-09-03 13:20:06,139 - distributed.core - INFO - Event loop was unresponsive in Worker for 4.23s.  This is often caused by long-running GIL-holding functions or moving large chunks of data. This can cause timeouts and instability.
2025-09-03 13:20:06,180 - distributed.core - INFO - Event loop was unresponsive in Worker for 4.15s.  This is often caused by long-running GIL-holding functions or moving large chunks of data. This can cause timeouts and instability.
2025-09-03 13:20:06,209 - distributed.core - INFO - Event loop was unresponsive in Worker for 4.26s.  This is often caused by long-running GIL-holding functions or moving large chunks of data. This can cause timeouts and instability.
2025-09-03 13:20:06,239 - distributed.core - INFO - Event loop was unresponsive in Worker for 4.23s.  This is often caused by long-running GIL-holding functions or moving large chunks of data. This can cause timeouts and instability.
2025-09-03 13:20:06,322 - distributed.core - INFO - Event loop was unresponsive in Worker for 4.35s.  This is often caused by long-running GIL-holding functions or moving large chunks of data. This can cause timeouts and instability.
2025-09-03 13:20:06,387 - distributed.core - INFO - Event loop was unresponsive in Worker for 4.38s.  This is often caused by long-running GIL-holding functions or moving large chunks of data. This can cause timeouts and instability.
2025-09-03 13:20:06,401 - distributed.core - INFO - Event loop was unresponsive in Worker for 4.33s.  This is often caused by long-running GIL-holding functions or moving large chunks of data. This can cause timeouts and instability.
2025-09-03 13:20:06,421 - distributed.core - INFO - Event loop was unresponsive in Worker for 4.32s.  This is often caused by long-running GIL-holding functions or moving large chunks of data. This can cause timeouts and instability.
2025-09-03 13:20:06,439 - distributed.core - INFO - Event loop was unresponsive in Worker for 4.34s.  This is often caused by long-running GIL-holding functions or moving large chunks of data. This can cause timeouts and instability.
2025-09-03 13:20:06,468 - distributed.core - INFO - Event loop was unresponsive in Worker for 4.17s.  This is often caused by long-running GIL-holding functions or moving large chunks of data. This can cause timeouts and instability.
2025-09-03 13:20:06,469 - distributed.core - INFO - Event loop was unresponsive in Worker for 4.51s.  This is often caused by long-running GIL-holding functions or moving large chunks of data. This can cause timeouts and instability.
2025-09-03 13:20:06,473 - distributed.core - INFO - Event loop was unresponsive in Worker for 4.49s.  This is often caused by long-running GIL-holding functions or moving large chunks of data. This can cause timeouts and instability.
2025-09-03 13:20:06,489 - distributed.core - INFO - Event loop was unresponsive in Worker for 4.45s.  This is often caused by long-running GIL-holding functions or moving large chunks of data. This can cause timeouts and instability.
2025-09-03 13:20:06,495 - distributed.core - INFO - Event loop was unresponsive in Worker for 4.38s.  This is often caused by long-running GIL-holding functions or moving large chunks of data. This can cause timeouts and instability.
2025-09-03 13:20:06,510 - distributed.core - INFO - Event loop was unresponsive in Worker for 4.44s.  This is often caused by long-running GIL-holding functions or moving large chunks of data. This can cause timeouts and instability.
2025-09-03 13:20:06,511 - distributed.core - INFO - Event loop was unresponsive in Worker for 4.60s.  This is often caused by long-running GIL-holding functions or moving large chunks of data. This can cause timeouts and instability.
2025-09-03 13:20:06,511 - distributed.core - INFO - Event loop was unresponsive in Worker for 4.28s.  This is often caused by long-running GIL-holding functions or moving large chunks of data. This can cause timeouts and instability.
2025-09-03 13:20:06,520 - distributed.core - INFO - Event loop was unresponsive in Worker for 4.33s.  This is often caused by long-running GIL-holding functions or moving large chunks of data. This can cause timeouts and instability.
2025-09-03 13:20:06,521 - distributed.core - INFO - Event loop was unresponsive in Worker for 4.43s.  This is often caused by long-running GIL-holding functions or moving large chunks of data. This can cause timeouts and instability.
2025-09-03 13:20:06,525 - distributed.core - INFO - Event loop was unresponsive in Worker for 4.47s.  This is often caused by long-running GIL-holding functions or moving large chunks of data. This can cause timeouts and instability.
2025-09-03 13:20:06,538 - distributed.core - INFO - Event loop was unresponsive in Worker for 4.45s.  This is often caused by long-running GIL-holding functions or moving large chunks of data. This can cause timeouts and instability.
2025-09-03 13:20:06,538 - distributed.core - INFO - Event loop was unresponsive in Worker for 4.35s.  This is often caused by long-running GIL-holding functions or moving large chunks of data. This can cause timeouts and instability.
2025-09-03 13:20:06,541 - distributed.core - INFO - Event loop was unresponsive in Worker for 4.48s.  This is often caused by long-running GIL-holding functions or moving large chunks of data. This can cause timeouts and instability.
2025-09-03 13:20:06,543 - distributed.core - INFO - Event loop was unresponsive in Worker for 4.49s.  This is often caused by long-running GIL-holding functions or moving large chunks of data. This can cause timeouts and instability.
2025-09-03 13:20:06,543 - distributed.core - INFO - Event loop was unresponsive in Worker for 4.28s.  This is often caused by long-running GIL-holding functions or moving large chunks of data. This can cause timeouts and instability.
2025-09-03 13:20:06,555 - distributed.core - INFO - Event loop was unresponsive in Worker for 4.56s.  This is often caused by long-running GIL-holding functions or moving large chunks of data. This can cause timeouts and instability.
2025-09-03 13:20:06,574 - distributed.core - INFO - Event loop was unresponsive in Worker for 4.44s.  This is often caused by long-running GIL-holding functions or moving large chunks of data. This can cause timeouts and instability.
2025-09-03 13:20:06,574 - distributed.core - INFO - Event loop was unresponsive in Worker for 4.30s.  This is often caused by long-running GIL-holding functions or moving large chunks of data. This can cause timeouts and instability.
2025-09-03 13:20:06,579 - distributed.core - INFO - Event loop was unresponsive in Worker for 4.59s.  This is often caused by long-running GIL-holding functions or moving large chunks of data. This can cause timeouts and instability.
2025-09-03 13:20:06,586 - distributed.core - INFO - Event loop was unresponsive in Worker for 4.28s.  This is often caused by long-running GIL-holding functions or moving large chunks of data. This can cause timeouts and instability.
2025-09-03 13:20:06,595 - distributed.core - INFO - Event loop was unresponsive in Worker for 4.62s.  This is often caused by long-running GIL-holding functions or moving large chunks of data. This can cause timeouts and instability.
2025-09-03 13:20:06,601 - distributed.core - INFO - Event loop was unresponsive in Worker for 4.34s.  This is often caused by long-running GIL-holding functions or moving large chunks of data. This can cause timeouts and instability.
2025-09-03 13:20:06,639 - distributed.core - INFO - Event loop was unresponsive in Worker for 4.34s.  This is often caused by long-running GIL-holding functions or moving large chunks of data. This can cause timeouts and instability.
2025-09-03 13:20:06,640 - distributed.core - INFO - Event loop was unresponsive in Worker for 4.46s.  This is often caused by long-running GIL-holding functions or moving large chunks of data. This can cause timeouts and instability.
2025-09-03 13:20:29,151 - distributed.core - INFO - Event loop was unresponsive in Worker for 7.30s.  This is often caused by long-running GIL-holding functions or moving large chunks of data. This can cause timeouts and instability.
2025-09-03 13:20:32,203 - distributed.core - INFO - Event loop was unresponsive in Worker for 3.69s.  This is often caused by long-running GIL-holding functions or moving large chunks of data. This can cause timeouts and instability.
2025-09-03 13:20:33,630 - distributed.core - INFO - Event loop was unresponsive in Worker for 6.30s.  This is often caused by long-running GIL-holding functions or moving large chunks of data. This can cause timeouts and instability.
2025-09-03 13:20:37,467 - distributed.core - INFO - Event loop was unresponsive in Worker for 13.30s.  This is often caused by long-running GIL-holding functions or moving large chunks of data. This can cause timeouts and instability.
2025-09-03 13:20:37,477 - distributed.core - INFO - Event loop was unresponsive in Worker for 9.96s.  This is often caused by long-running GIL-holding functions or moving large chunks of data. This can cause timeouts and instability.
2025-09-03 13:20:43,671 - distributed.core - INFO - Event loop was unresponsive in Worker for 3.01s.  This is often caused by long-running GIL-holding functions or moving large chunks of data. This can cause timeouts and instability.
2025-09-03 13:20:48,749 - distributed.core - INFO - Event loop was unresponsive in Worker for 3.50s.  This is often caused by long-running GIL-holding functions or moving large chunks of data. This can cause timeouts and instability.
2025-09-03 13:20:49,139 - distributed.core - INFO - Event loop was unresponsive in Worker for 3.61s.  This is often caused by long-running GIL-holding functions or moving large chunks of data. This can cause timeouts and instability.
2025-09-03 13:20:49,395 - distributed.core - INFO - Event loop was unresponsive in Worker for 4.11s.  This is often caused by long-running GIL-holding functions or moving large chunks of data. This can cause timeouts and instability.
2025-09-03 13:20:50,135 - distributed.core - INFO - Event loop was unresponsive in Worker for 4.61s.  This is often caused by long-running GIL-holding functions or moving large chunks of data. This can cause timeouts and instability.
2025-09-03 13:20:50,260 - distributed.core - INFO - Event loop was unresponsive in Worker for 4.73s.  This is often caused by long-running GIL-holding functions or moving large chunks of data. This can cause timeouts and instability.
2025-09-03 13:20:51,288 - distributed.core - INFO - Event loop was unresponsive in Worker for 10.65s.  This is often caused by long-running GIL-holding functions or moving large chunks of data. This can cause timeouts and instability.
2025-09-03 13:20:51,843 - distributed.core - INFO - Event loop was unresponsive in Worker for 6.59s.  This is often caused by long-running GIL-holding functions or moving large chunks of data. This can cause timeouts and instability.
2025-09-03 13:20:52,014 - distributed.core - INFO - Event loop was unresponsive in Worker for 6.77s.  This is often caused by long-running GIL-holding functions or moving large chunks of data. This can cause timeouts and instability.
2025-09-03 13:20:53,615 - distributed.core - INFO - Event loop was unresponsive in Worker for 3.16s.  This is often caused by long-running GIL-holding functions or moving large chunks of data. This can cause timeouts and instability.
2025-09-03 13:20:54,472 - distributed.core - INFO - Event loop was unresponsive in Worker for 4.75s.  This is often caused by long-running GIL-holding functions or moving large chunks of data. This can cause timeouts and instability.
2025-09-03 13:20:54,681 - distributed.core - INFO - Event loop was unresponsive in Worker for 9.24s.  This is often caused by long-running GIL-holding functions or moving large chunks of data. This can cause timeouts and instability.
2025-09-03 13:20:55,348 - distributed.core - INFO - Event loop was unresponsive in Worker for 6.01s.  This is often caused by long-running GIL-holding functions or moving large chunks of data. This can cause timeouts and instability.
2025-09-03 13:20:56,789 - distributed.core - INFO - Event loop was unresponsive in Worker for 7.45s.  This is often caused by long-running GIL-holding functions or moving large chunks of data. This can cause timeouts and instability.
2025-09-03 13:20:58,683 - distributed.core - INFO - Event loop was unresponsive in Worker for 5.03s.  This is often caused by long-running GIL-holding functions or moving large chunks of data. This can cause timeouts and instability.
2025-09-03 13:20:58,964 - distributed.core - INFO - Event loop was unresponsive in Worker for 5.12s.  This is often caused by long-running GIL-holding functions or moving large chunks of data. This can cause timeouts and instability.
2025-09-03 13:21:00,036 - distributed.core - INFO - Event loop was unresponsive in Worker for 8.75s.  This is often caused by long-running GIL-holding functions or moving large chunks of data. This can cause timeouts and instability.
2025-09-03 13:21:00,222 - distributed.core - INFO - Event loop was unresponsive in Worker for 5.38s.  This is often caused by long-running GIL-holding functions or moving large chunks of data. This can cause timeouts and instability.
2025-09-03 13:21:00,394 - distributed.core - INFO - Event loop was unresponsive in Worker for 4.79s.  This is often caused by long-running GIL-holding functions or moving large chunks of data. This can cause timeouts and instability.
2025-09-03 13:21:00,397 - distributed.core - INFO - Event loop was unresponsive in Worker for 5.57s.  This is often caused by long-running GIL-holding functions or moving large chunks of data. This can cause timeouts and instability.
2025-09-03 13:21:02,320 - distributed.core - INFO - Event loop was unresponsive in Worker for 6.54s.  This is often caused by long-running GIL-holding functions or moving large chunks of data. This can cause timeouts and instability.
2025-09-03 13:21:02,940 - distributed.core - INFO - Event loop was unresponsive in Worker for 4.63s.  This is often caused by long-running GIL-holding functions or moving large chunks of data. This can cause timeouts and instability.
2025-09-03 13:21:03,380 - distributed.core - INFO - Event loop was unresponsive in Worker for 9.72s.  This is often caused by long-running GIL-holding functions or moving large chunks of data. This can cause timeouts and instability.
2025-09-03 13:21:06,312 - distributed.core - INFO - Event loop was unresponsive in Worker for 3.90s.  This is often caused by long-running GIL-holding functions or moving large chunks of data. This can cause timeouts and instability.
2025-09-03 13:21:06,314 - distributed.core - INFO - Event loop was unresponsive in Worker for 3.90s.  This is often caused by long-running GIL-holding functions or moving large chunks of data. This can cause timeouts and instability.
2025-09-03 13:21:07,973 - distributed.core - INFO - Event loop was unresponsive in Worker for 3.56s.  This is often caused by long-running GIL-holding functions or moving large chunks of data. This can cause timeouts and instability.
2025-09-03 13:21:08,058 - distributed.core - INFO - Event loop was unresponsive in Worker for 3.69s.  This is often caused by long-running GIL-holding functions or moving large chunks of data. This can cause timeouts and instability.
2025-09-03 13:21:08,067 - distributed.core - INFO - Event loop was unresponsive in Worker for 3.48s.  This is often caused by long-running GIL-holding functions or moving large chunks of data. This can cause timeouts and instability.
2025-09-03 13:21:09,862 - distributed.core - INFO - Event loop was unresponsive in Worker for 14.25s.  This is often caused by long-running GIL-holding functions or moving large chunks of data. This can cause timeouts and instability.
2025-09-03 13:21:11,064 - distributed.core - INFO - Event loop was unresponsive in Worker for 6.45s.  This is often caused by long-running GIL-holding functions or moving large chunks of data. This can cause timeouts and instability.
2025-09-03 13:21:11,427 - distributed.core - INFO - Event loop was unresponsive in Worker for 15.91s.  This is often caused by long-running GIL-holding functions or moving large chunks of data. This can cause timeouts and instability.
2025-09-03 13:21:11,430 - distributed.core - INFO - Event loop was unresponsive in Worker for 6.78s.  This is often caused by long-running GIL-holding functions or moving large chunks of data. This can cause timeouts and instability.
2025-09-03 13:21:15,211 - distributed.core - INFO - Event loop was unresponsive in Worker for 7.03s.  This is often caused by long-running GIL-holding functions or moving large chunks of data. This can cause timeouts and instability.
2025-09-03 13:21:15,978 - distributed.core - INFO - Event loop was unresponsive in Worker for 3.35s.  This is often caused by long-running GIL-holding functions or moving large chunks of data. This can cause timeouts and instability.
2025-09-03 13:21:21,446 - distributed.core - INFO - Event loop was unresponsive in Worker for 5.90s.  This is often caused by long-running GIL-holding functions or moving large chunks of data. This can cause timeouts and instability.
2025-09-03 13:21:22,160 - distributed.core - INFO - Event loop was unresponsive in Worker for 9.05s.  This is often caused by long-running GIL-holding functions or moving large chunks of data. This can cause timeouts and instability.
2025-09-03 13:21:23,342 - distributed.core - INFO - Event loop was unresponsive in Worker for 10.75s.  This is often caused by long-running GIL-holding functions or moving large chunks of data. This can cause timeouts and instability.
2025-09-03 13:21:23,344 - distributed.core - INFO - Event loop was unresponsive in Worker for 13.01s.  This is often caused by long-running GIL-holding functions or moving large chunks of data. This can cause timeouts and instability.
2025-09-03 13:21:25,799 - distributed.worker - ERROR - Worker stream died during communication: tcp://10.6.81.21:38481
Traceback (most recent call last):
  File "/g/data/xp65/public/apps/med_conda/envs/analysis3-25.06/lib/python3.11/site-packages/distributed/utils.py", line 1923, in wait_for
    return await fut
           ^^^^^^^^^
  File "/g/data/xp65/public/apps/med_conda/envs/analysis3-25.06/lib/python3.11/site-packages/distributed/comm/tcp.py", line 547, in connect
    stream = await self.client.connect(
             ^^^^^^^^^^^^^^^^^^^^^^^^^^
  File "/g/data/xp65/public/apps/med_conda/envs/analysis3-25.06/lib/python3.11/site-packages/tornado/tcpclient.py", line 279, in connect
    af, addr, stream = await connector.start(connect_timeout=timeout)
                       ^^^^^^^^^^^^^^^^^^^^^^^^^^^^^^^^^^^^^^^^^^^^^^
asyncio.exceptions.CancelledError

The above exception was the direct cause of the following exception:

Traceback (most recent call last):
  File "/g/data/xp65/public/apps/med_conda/envs/analysis3-25.06/lib/python3.11/site-packages/distributed/comm/core.py", line 342, in connect
    comm = await wait_for(
           ^^^^^^^^^^^^^^^
  File "/g/data/xp65/public/apps/med_conda/envs/analysis3-25.06/lib/python3.11/site-packages/distributed/utils.py", line 1922, in wait_for
    async with asyncio.timeout(timeout):
  File "/g/data/xp65/public/apps/med_conda/envs/analysis3-25.06/lib/python3.11/asyncio/timeouts.py", line 115, in __aexit__
    raise TimeoutError from exc_val
TimeoutError

The above exception was the direct cause of the following exception:

Traceback (most recent call last):
  File "/g/data/xp65/public/apps/med_conda/envs/analysis3-25.06/lib/python3.11/site-packages/distributed/worker.py", line 2073, in gather_dep
    response = await get_data_from_worker(
               ^^^^^^^^^^^^^^^^^^^^^^^^^^^
  File "/g/data/xp65/public/apps/med_conda/envs/analysis3-25.06/lib/python3.11/site-packages/distributed/worker.py", line 2876, in get_data_from_worker
    comm = await rpc.connect(worker)
           ^^^^^^^^^^^^^^^^^^^^^^^^^
  File "/g/data/xp65/public/apps/med_conda/envs/analysis3-25.06/lib/python3.11/site-packages/distributed/core.py", line 1485, in connect
    return await self._connect(addr=addr, timeout=timeout)
           ^^^^^^^^^^^^^^^^^^^^^^^^^^^^^^^^^^^^^^^^^^^^^^^
  File "/g/data/xp65/public/apps/med_conda/envs/analysis3-25.06/lib/python3.11/site-packages/distributed/core.py", line 1429, in _connect
    comm = await connect(
           ^^^^^^^^^^^^^^
  File "/g/data/xp65/public/apps/med_conda/envs/analysis3-25.06/lib/python3.11/site-packages/distributed/comm/core.py", line 368, in connect
    raise OSError(
OSError: Timed out trying to connect to tcp://10.6.81.21:38481 after 30 s
2025-09-03 13:21:25,811 - distributed.worker - ERROR - Worker stream died during communication: tcp://10.6.81.21:38481
Traceback (most recent call last):
  File "/g/data/xp65/public/apps/med_conda/envs/analysis3-25.06/lib/python3.11/site-packages/distributed/utils.py", line 1923, in wait_for
    return await fut
           ^^^^^^^^^
  File "/g/data/xp65/public/apps/med_conda/envs/analysis3-25.06/lib/python3.11/site-packages/distributed/comm/tcp.py", line 547, in connect
    stream = await self.client.connect(
             ^^^^^^^^^^^^^^^^^^^^^^^^^^
  File "/g/data/xp65/public/apps/med_conda/envs/analysis3-25.06/lib/python3.11/site-packages/tornado/tcpclient.py", line 279, in connect
    af, addr, stream = await connector.start(connect_timeout=timeout)
                       ^^^^^^^^^^^^^^^^^^^^^^^^^^^^^^^^^^^^^^^^^^^^^^
asyncio.exceptions.CancelledError

The above exception was the direct cause of the following exception:

Traceback (most recent call last):
  File "/g/data/xp65/public/apps/med_conda/envs/analysis3-25.06/lib/python3.11/site-packages/distributed/comm/core.py", line 342, in connect
    comm = await wait_for(
           ^^^^^^^^^^^^^^^
  File "/g/data/xp65/public/apps/med_conda/envs/analysis3-25.06/lib/python3.11/site-packages/distributed/utils.py", line 1922, in wait_for
    async with asyncio.timeout(timeout):
  File "/g/data/xp65/public/apps/med_conda/envs/analysis3-25.06/lib/python3.11/asyncio/timeouts.py", line 115, in __aexit__
    raise TimeoutError from exc_val
TimeoutError

The above exception was the direct cause of the following exception:

Traceback (most recent call last):
  File "/g/data/xp65/public/apps/med_conda/envs/analysis3-25.06/lib/python3.11/site-packages/distributed/worker.py", line 2073, in gather_dep
    response = await get_data_from_worker(
               ^^^^^^^^^^^^^^^^^^^^^^^^^^^
  File "/g/data/xp65/public/apps/med_conda/envs/analysis3-25.06/lib/python3.11/site-packages/distributed/worker.py", line 2876, in get_data_from_worker
    comm = await rpc.connect(worker)
           ^^^^^^^^^^^^^^^^^^^^^^^^^
  File "/g/data/xp65/public/apps/med_conda/envs/analysis3-25.06/lib/python3.11/site-packages/distributed/core.py", line 1485, in connect
    return await self._connect(addr=addr, timeout=timeout)
           ^^^^^^^^^^^^^^^^^^^^^^^^^^^^^^^^^^^^^^^^^^^^^^^
  File "/g/data/xp65/public/apps/med_conda/envs/analysis3-25.06/lib/python3.11/site-packages/distributed/core.py", line 1429, in _connect
    comm = await connect(
           ^^^^^^^^^^^^^^
  File "/g/data/xp65/public/apps/med_conda/envs/analysis3-25.06/lib/python3.11/site-packages/distributed/comm/core.py", line 368, in connect
    raise OSError(
OSError: Timed out trying to connect to tcp://10.6.81.21:38481 after 30 s
2025-09-03 13:21:25,813 - distributed.worker - ERROR - Worker stream died during communication: tcp://10.6.81.21:38481
Traceback (most recent call last):
  File "/g/data/xp65/public/apps/med_conda/envs/analysis3-25.06/lib/python3.11/site-packages/distributed/utils.py", line 1923, in wait_for
    return await fut
           ^^^^^^^^^
  File "/g/data/xp65/public/apps/med_conda/envs/analysis3-25.06/lib/python3.11/site-packages/distributed/comm/tcp.py", line 547, in connect
    stream = await self.client.connect(
             ^^^^^^^^^^^^^^^^^^^^^^^^^^
  File "/g/data/xp65/public/apps/med_conda/envs/analysis3-25.06/lib/python3.11/site-packages/tornado/tcpclient.py", line 279, in connect
    af, addr, stream = await connector.start(connect_timeout=timeout)
                       ^^^^^^^^^^^^^^^^^^^^^^^^^^^^^^^^^^^^^^^^^^^^^^
asyncio.exceptions.CancelledError

The above exception was the direct cause of the following exception:

Traceback (most recent call last):
  File "/g/data/xp65/public/apps/med_conda/envs/analysis3-25.06/lib/python3.11/site-packages/distributed/comm/core.py", line 342, in connect
    comm = await wait_for(
           ^^^^^^^^^^^^^^^
  File "/g/data/xp65/public/apps/med_conda/envs/analysis3-25.06/lib/python3.11/site-packages/distributed/utils.py", line 1922, in wait_for
    async with asyncio.timeout(timeout):
  File "/g/data/xp65/public/apps/med_conda/envs/analysis3-25.06/lib/python3.11/asyncio/timeouts.py", line 115, in __aexit__
    raise TimeoutError from exc_val
TimeoutError

The above exception was the direct cause of the following exception:

Traceback (most recent call last):
  File "/g/data/xp65/public/apps/med_conda/envs/analysis3-25.06/lib/python3.11/site-packages/distributed/worker.py", line 2073, in gather_dep
    response = await get_data_from_worker(
               ^^^^^^^^^^^^^^^^^^^^^^^^^^^
  File "/g/data/xp65/public/apps/med_conda/envs/analysis3-25.06/lib/python3.11/site-packages/distributed/worker.py", line 2876, in get_data_from_worker
    comm = await rpc.connect(worker)
           ^^^^^^^^^^^^^^^^^^^^^^^^^
  File "/g/data/xp65/public/apps/med_conda/envs/analysis3-25.06/lib/python3.11/site-packages/distributed/core.py", line 1485, in connect
    return await self._connect(addr=addr, timeout=timeout)
           ^^^^^^^^^^^^^^^^^^^^^^^^^^^^^^^^^^^^^^^^^^^^^^^
  File "/g/data/xp65/public/apps/med_conda/envs/analysis3-25.06/lib/python3.11/site-packages/distributed/core.py", line 1429, in _connect
    comm = await connect(
           ^^^^^^^^^^^^^^
  File "/g/data/xp65/public/apps/med_conda/envs/analysis3-25.06/lib/python3.11/site-packages/distributed/comm/core.py", line 368, in connect
    raise OSError(
OSError: Timed out trying to connect to tcp://10.6.81.21:38481 after 30 s
2025-09-03 13:21:25,817 - distributed.worker - ERROR - Worker stream died during communication: tcp://10.6.81.21:38481
Traceback (most recent call last):
  File "/g/data/xp65/public/apps/med_conda/envs/analysis3-25.06/lib/python3.11/site-packages/distributed/utils.py", line 1923, in wait_for
    return await fut
           ^^^^^^^^^
  File "/g/data/xp65/public/apps/med_conda/envs/analysis3-25.06/lib/python3.11/site-packages/distributed/comm/tcp.py", line 547, in connect
    stream = await self.client.connect(
             ^^^^^^^^^^^^^^^^^^^^^^^^^^
  File "/g/data/xp65/public/apps/med_conda/envs/analysis3-25.06/lib/python3.11/site-packages/tornado/tcpclient.py", line 279, in connect
    af, addr, stream = await connector.start(connect_timeout=timeout)
                       ^^^^^^^^^^^^^^^^^^^^^^^^^^^^^^^^^^^^^^^^^^^^^^
asyncio.exceptions.CancelledError

The above exception was the direct cause of the following exception:

Traceback (most recent call last):
  File "/g/data/xp65/public/apps/med_conda/envs/analysis3-25.06/lib/python3.11/site-packages/distributed/comm/core.py", line 342, in connect
    comm = await wait_for(
           ^^^^^^^^^^^^^^^
  File "/g/data/xp65/public/apps/med_conda/envs/analysis3-25.06/lib/python3.11/site-packages/distributed/utils.py", line 1922, in wait_for
    async with asyncio.timeout(timeout):
  File "/g/data/xp65/public/apps/med_conda/envs/analysis3-25.06/lib/python3.11/asyncio/timeouts.py", line 115, in __aexit__
    raise TimeoutError from exc_val
TimeoutError

The above exception was the direct cause of the following exception:

Traceback (most recent call last):
  File "/g/data/xp65/public/apps/med_conda/envs/analysis3-25.06/lib/python3.11/site-packages/distributed/worker.py", line 2073, in gather_dep
    response = await get_data_from_worker(
               ^^^^^^^^^^^^^^^^^^^^^^^^^^^
  File "/g/data/xp65/public/apps/med_conda/envs/analysis3-25.06/lib/python3.11/site-packages/distributed/worker.py", line 2876, in get_data_from_worker
    comm = await rpc.connect(worker)
           ^^^^^^^^^^^^^^^^^^^^^^^^^
  File "/g/data/xp65/public/apps/med_conda/envs/analysis3-25.06/lib/python3.11/site-packages/distributed/core.py", line 1485, in connect
    return await self._connect(addr=addr, timeout=timeout)
           ^^^^^^^^^^^^^^^^^^^^^^^^^^^^^^^^^^^^^^^^^^^^^^^
  File "/g/data/xp65/public/apps/med_conda/envs/analysis3-25.06/lib/python3.11/site-packages/distributed/core.py", line 1429, in _connect
    comm = await connect(
           ^^^^^^^^^^^^^^
  File "/g/data/xp65/public/apps/med_conda/envs/analysis3-25.06/lib/python3.11/site-packages/distributed/comm/core.py", line 368, in connect
    raise OSError(
OSError: Timed out trying to connect to tcp://10.6.81.21:38481 after 30 s
2025-09-03 13:21:25,830 - distributed.worker - ERROR - Worker stream died during communication: tcp://10.6.81.21:38481
Traceback (most recent call last):
  File "/g/data/xp65/public/apps/med_conda/envs/analysis3-25.06/lib/python3.11/site-packages/distributed/utils.py", line 1923, in wait_for
    return await fut
           ^^^^^^^^^
  File "/g/data/xp65/public/apps/med_conda/envs/analysis3-25.06/lib/python3.11/site-packages/distributed/comm/tcp.py", line 547, in connect
    stream = await self.client.connect(
             ^^^^^^^^^^^^^^^^^^^^^^^^^^
  File "/g/data/xp65/public/apps/med_conda/envs/analysis3-25.06/lib/python3.11/site-packages/tornado/tcpclient.py", line 279, in connect
    af, addr, stream = await connector.start(connect_timeout=timeout)
                       ^^^^^^^^^^^^^^^^^^^^^^^^^^^^^^^^^^^^^^^^^^^^^^
asyncio.exceptions.CancelledError

The above exception was the direct cause of the following exception:

Traceback (most recent call last):
  File "/g/data/xp65/public/apps/med_conda/envs/analysis3-25.06/lib/python3.11/site-packages/distributed/comm/core.py", line 342, in connect
    comm = await wait_for(
           ^^^^^^^^^^^^^^^
  File "/g/data/xp65/public/apps/med_conda/envs/analysis3-25.06/lib/python3.11/site-packages/distributed/utils.py", line 1922, in wait_for
    async with asyncio.timeout(timeout):
  File "/g/data/xp65/public/apps/med_conda/envs/analysis3-25.06/lib/python3.11/asyncio/timeouts.py", line 115, in __aexit__
    raise TimeoutError from exc_val
TimeoutError

The above exception was the direct cause of the following exception:

Traceback (most recent call last):
  File "/g/data/xp65/public/apps/med_conda/envs/analysis3-25.06/lib/python3.11/site-packages/distributed/worker.py", line 2073, in gather_dep
    response = await get_data_from_worker(
               ^^^^^^^^^^^^^^^^^^^^^^^^^^^
  File "/g/data/xp65/public/apps/med_conda/envs/analysis3-25.06/lib/python3.11/site-packages/distributed/worker.py", line 2876, in get_data_from_worker
    comm = await rpc.connect(worker)
           ^^^^^^^^^^^^^^^^^^^^^^^^^
  File "/g/data/xp65/public/apps/med_conda/envs/analysis3-25.06/lib/python3.11/site-packages/distributed/core.py", line 1485, in connect
    return await self._connect(addr=addr, timeout=timeout)
           ^^^^^^^^^^^^^^^^^^^^^^^^^^^^^^^^^^^^^^^^^^^^^^^
  File "/g/data/xp65/public/apps/med_conda/envs/analysis3-25.06/lib/python3.11/site-packages/distributed/core.py", line 1429, in _connect
    comm = await connect(
           ^^^^^^^^^^^^^^
  File "/g/data/xp65/public/apps/med_conda/envs/analysis3-25.06/lib/python3.11/site-packages/distributed/comm/core.py", line 368, in connect
    raise OSError(
OSError: Timed out trying to connect to tcp://10.6.81.21:38481 after 30 s
2025-09-03 13:21:46,325 - distributed.core - INFO - Event loop was unresponsive in Worker for 4.26s.  This is often caused by long-running GIL-holding functions or moving large chunks of data. This can cause timeouts and instability.
2025-09-03 13:21:46,865 - distributed.core - INFO - Event loop was unresponsive in Worker for 5.94s.  This is often caused by long-running GIL-holding functions or moving large chunks of data. This can cause timeouts and instability.
2025-09-03 13:21:50,735 - distributed.core - INFO - Event loop was unresponsive in Worker for 5.16s.  This is often caused by long-running GIL-holding functions or moving large chunks of data. This can cause timeouts and instability.
2025-09-03 13:21:51,324 - distributed.core - INFO - Event loop was unresponsive in Worker for 5.78s.  This is often caused by long-running GIL-holding functions or moving large chunks of data. This can cause timeouts and instability.
2025-09-03 13:21:52,514 - distributed.core - INFO - Event loop was unresponsive in Worker for 4.18s.  This is often caused by long-running GIL-holding functions or moving large chunks of data. This can cause timeouts and instability.
2025-09-03 13:21:55,872 - distributed.core - INFO - Event loop was unresponsive in Worker for 9.15s.  This is often caused by long-running GIL-holding functions or moving large chunks of data. This can cause timeouts and instability.
2025-09-03 13:21:56,296 - distributed.core - INFO - Event loop was unresponsive in Worker for 6.66s.  This is often caused by long-running GIL-holding functions or moving large chunks of data. This can cause timeouts and instability.
2025-09-03 13:21:56,506 - distributed.core - INFO - Event loop was unresponsive in Worker for 15.58s.  This is often caused by long-running GIL-holding functions or moving large chunks of data. This can cause timeouts and instability.
2025-09-03 13:21:57,614 - distributed.core - INFO - Event loop was unresponsive in Worker for 16.24s.  This is often caused by long-running GIL-holding functions or moving large chunks of data. This can cause timeouts and instability.
2025-09-03 13:21:58,152 - distributed.core - INFO - Event loop was unresponsive in Worker for 16.58s.  This is often caused by long-running GIL-holding functions or moving large chunks of data. This can cause timeouts and instability.
2025-09-03 13:21:58,188 - distributed.core - INFO - Event loop was unresponsive in Worker for 13.06s.  This is often caused by long-running GIL-holding functions or moving large chunks of data. This can cause timeouts and instability.
2025-09-03 13:21:58,188 - distributed.core - INFO - Event loop was unresponsive in Worker for 14.63s.  This is often caused by long-running GIL-holding functions or moving large chunks of data. This can cause timeouts and instability.
2025-09-03 13:21:58,944 - distributed.core - INFO - Event loop was unresponsive in Worker for 9.31s.  This is often caused by long-running GIL-holding functions or moving large chunks of data. This can cause timeouts and instability.
2025-09-03 13:21:59,082 - distributed.core - INFO - Event loop was unresponsive in Worker for 15.64s.  This is often caused by long-running GIL-holding functions or moving large chunks of data. This can cause timeouts and instability.
2025-09-03 13:22:00,745 - distributed.core - INFO - Event loop was unresponsive in Worker for 18.67s.  This is often caused by long-running GIL-holding functions or moving large chunks of data. This can cause timeouts and instability.
2025-09-03 13:22:00,965 - distributed.core - INFO - Event loop was unresponsive in Worker for 15.47s.  This is often caused by long-running GIL-holding functions or moving large chunks of data. This can cause timeouts and instability.
2025-09-03 13:22:01,553 - distributed.core - INFO - Event loop was unresponsive in Worker for 6.07s.  This is often caused by long-running GIL-holding functions or moving large chunks of data. This can cause timeouts and instability.
2025-09-03 13:22:01,950 - distributed.core - INFO - Event loop was unresponsive in Worker for 3.51s.  This is often caused by long-running GIL-holding functions or moving large chunks of data. This can cause timeouts and instability.
2025-09-03 13:22:03,046 - distributed.core - INFO - Event loop was unresponsive in Worker for 4.55s.  This is often caused by long-running GIL-holding functions or moving large chunks of data. This can cause timeouts and instability.
2025-09-03 13:22:03,412 - distributed.core - INFO - Event loop was unresponsive in Worker for 20.40s.  This is often caused by long-running GIL-holding functions or moving large chunks of data. This can cause timeouts and instability.
2025-09-03 13:22:04,618 - distributed.core - INFO - Event loop was unresponsive in Worker for 3.96s.  This is often caused by long-running GIL-holding functions or moving large chunks of data. This can cause timeouts and instability.
2025-09-03 13:22:06,967 - distributed.core - INFO - Event loop was unresponsive in Worker for 3.72s.  This is often caused by long-running GIL-holding functions or moving large chunks of data. This can cause timeouts and instability.
2025-09-03 13:22:07,000 - distributed.core - INFO - Event loop was unresponsive in Worker for 3.37s.  This is often caused by long-running GIL-holding functions or moving large chunks of data. This can cause timeouts and instability.
2025-09-03 13:22:07,296 - distributed.core - INFO - Event loop was unresponsive in Worker for 6.04s.  This is often caused by long-running GIL-holding functions or moving large chunks of data. This can cause timeouts and instability.
2025-09-03 13:22:07,975 - distributed.core - INFO - Event loop was unresponsive in Worker for 5.14s.  This is often caused by long-running GIL-holding functions or moving large chunks of data. This can cause timeouts and instability.
2025-09-03 13:22:09,852 - distributed.core - INFO - Event loop was unresponsive in Worker for 9.12s.  This is often caused by long-running GIL-holding functions or moving large chunks of data. This can cause timeouts and instability.
2025-09-03 13:22:09,993 - distributed.core - INFO - Event loop was unresponsive in Worker for 11.53s.  This is often caused by long-running GIL-holding functions or moving large chunks of data. This can cause timeouts and instability.
2025-09-03 13:22:11,074 - distributed.core - INFO - Event loop was unresponsive in Worker for 5.89s.  This is often caused by long-running GIL-holding functions or moving large chunks of data. This can cause timeouts and instability.
2025-09-03 13:22:11,425 - distributed.core - INFO - Event loop was unresponsive in Worker for 3.87s.  This is often caused by long-running GIL-holding functions or moving large chunks of data. This can cause timeouts and instability.
2025-09-03 13:22:12,809 - distributed.core - INFO - Event loop was unresponsive in Worker for 8.08s.  This is often caused by long-running GIL-holding functions or moving large chunks of data. This can cause timeouts and instability.
2025-09-03 13:22:12,975 - distributed.core - INFO - Event loop was unresponsive in Worker for 14.56s.  This is often caused by long-running GIL-holding functions or moving large chunks of data. This can cause timeouts and instability.
2025-09-03 13:22:12,987 - distributed.core - INFO - Event loop was unresponsive in Worker for 5.42s.  This is often caused by long-running GIL-holding functions or moving large chunks of data. This can cause timeouts and instability.
2025-09-03 13:22:14,580 - distributed.core - INFO - Event loop was unresponsive in Worker for 5.07s.  This is often caused by long-running GIL-holding functions or moving large chunks of data. This can cause timeouts and instability.
2025-09-03 13:22:14,581 - distributed.core - INFO - Event loop was unresponsive in Worker for 11.68s.  This is often caused by long-running GIL-holding functions or moving large chunks of data. This can cause timeouts and instability.
2025-09-03 13:22:14,926 - distributed.core - INFO - Event loop was unresponsive in Worker for 9.46s.  This is often caused by long-running GIL-holding functions or moving large chunks of data. This can cause timeouts and instability.
2025-09-03 13:22:14,944 - distributed.core - INFO - Event loop was unresponsive in Worker for 10.16s.  This is often caused by long-running GIL-holding functions or moving large chunks of data. This can cause timeouts and instability.
2025-09-03 13:22:15,035 - distributed.core - INFO - Event loop was unresponsive in Worker for 4.79s.  This is often caused by long-running GIL-holding functions or moving large chunks of data. This can cause timeouts and instability.
2025-09-03 13:22:15,720 - distributed.core - INFO - Event loop was unresponsive in Worker for 6.65s.  This is often caused by long-running GIL-holding functions or moving large chunks of data. This can cause timeouts and instability.
2025-09-03 13:22:15,928 - distributed.core - INFO - Event loop was unresponsive in Worker for 6.42s.  This is often caused by long-running GIL-holding functions or moving large chunks of data. This can cause timeouts and instability.
2025-09-03 13:22:15,934 - distributed.core - INFO - Event loop was unresponsive in Worker for 17.48s.  This is often caused by long-running GIL-holding functions or moving large chunks of data. This can cause timeouts and instability.
2025-09-03 13:22:16,129 - distributed.core - INFO - Event loop was unresponsive in Worker for 15.41s.  This is often caused by long-running GIL-holding functions or moving large chunks of data. This can cause timeouts and instability.
2025-09-03 13:22:16,200 - distributed.core - INFO - Event loop was unresponsive in Worker for 13.30s.  This is often caused by long-running GIL-holding functions or moving large chunks of data. This can cause timeouts and instability.
2025-09-03 13:22:16,892 - distributed.core - INFO - Event loop was unresponsive in Worker for 7.27s.  This is often caused by long-running GIL-holding functions or moving large chunks of data. This can cause timeouts and instability.
2025-09-03 13:22:18,051 - distributed.core - INFO - Event loop was unresponsive in Worker for 11.13s.  This is often caused by long-running GIL-holding functions or moving large chunks of data. This can cause timeouts and instability.
2025-09-03 13:22:20,890 - distributed.core - INFO - Event loop was unresponsive in Worker for 9.29s.  This is often caused by long-running GIL-holding functions or moving large chunks of data. This can cause timeouts and instability.
2025-09-03 13:22:24,338 - distributed.core - INFO - Event loop was unresponsive in Worker for 11.56s.  This is often caused by long-running GIL-holding functions or moving large chunks of data. This can cause timeouts and instability.
2025-09-03 13:22:24,673 - distributed.core - INFO - Event loop was unresponsive in Worker for 12.62s.  This is often caused by long-running GIL-holding functions or moving large chunks of data. This can cause timeouts and instability.
2025-09-03 13:22:25,637 - distributed.core - INFO - Event loop was unresponsive in Worker for 11.99s.  This is often caused by long-running GIL-holding functions or moving large chunks of data. This can cause timeouts and instability.
2025-09-03 13:22:27,078 - distributed.core - INFO - Event loop was unresponsive in Worker for 14.32s.  This is often caused by long-running GIL-holding functions or moving large chunks of data. This can cause timeouts and instability.
2025-09-03 13:22:27,485 - distributed.core - INFO - Event loop was unresponsive in Worker for 14.26s.  This is often caused by long-running GIL-holding functions or moving large chunks of data. This can cause timeouts and instability.
2025-09-03 13:22:27,656 - distributed.core - INFO - Event loop was unresponsive in Worker for 14.91s.  This is often caused by long-running GIL-holding functions or moving large chunks of data. This can cause timeouts and instability.
2025-09-03 13:22:29,583 - distributed.core - INFO - Event loop was unresponsive in Worker for 16.78s.  This is often caused by long-running GIL-holding functions or moving large chunks of data. This can cause timeouts and instability.
2025-09-03 13:22:42,563 - distributed.core - INFO - Event loop was unresponsive in Worker for 3.47s.  This is often caused by long-running GIL-holding functions or moving large chunks of data. This can cause timeouts and instability.
2025-09-03 13:22:45,426 - distributed.core - INFO - Event loop was unresponsive in Worker for 7.03s.  This is often caused by long-running GIL-holding functions or moving large chunks of data. This can cause timeouts and instability.
2025-09-03 13:22:47,591 - distributed.core - INFO - Event loop was unresponsive in Worker for 9.89s.  This is often caused by long-running GIL-holding functions or moving large chunks of data. This can cause timeouts and instability.
2025-09-03 13:22:48,114 - distributed.core - INFO - Event loop was unresponsive in Worker for 10.40s.  This is often caused by long-running GIL-holding functions or moving large chunks of data. This can cause timeouts and instability.
2025-09-03 13:22:49,074 - distributed.core - INFO - Event loop was unresponsive in Worker for 3.04s.  This is often caused by long-running GIL-holding functions or moving large chunks of data. This can cause timeouts and instability.
2025-09-03 13:22:49,601 - distributed.core - INFO - Event loop was unresponsive in Worker for 4.68s.  This is often caused by long-running GIL-holding functions or moving large chunks of data. This can cause timeouts and instability.
2025-09-03 13:22:50,221 - distributed.core - INFO - Event loop was unresponsive in Worker for 4.28s.  This is often caused by long-running GIL-holding functions or moving large chunks of data. This can cause timeouts and instability.
2025-09-03 13:22:50,231 - distributed.core - INFO - Event loop was unresponsive in Worker for 5.83s.  This is often caused by long-running GIL-holding functions or moving large chunks of data. This can cause timeouts and instability.
2025-09-03 13:22:50,233 - distributed.core - INFO - Event loop was unresponsive in Worker for 5.35s.  This is often caused by long-running GIL-holding functions or moving large chunks of data. This can cause timeouts and instability.
2025-09-03 13:22:52,011 - distributed.core - INFO - Event loop was unresponsive in Worker for 6.03s.  This is often caused by long-running GIL-holding functions or moving large chunks of data. This can cause timeouts and instability.
2025-09-03 13:22:52,067 - distributed.core - INFO - Event loop was unresponsive in Worker for 3.29s.  This is often caused by long-running GIL-holding functions or moving large chunks of data. This can cause timeouts and instability.
2025-09-03 13:22:54,803 - distributed.core - INFO - Event loop was unresponsive in Worker for 5.37s.  This is often caused by long-running GIL-holding functions or moving large chunks of data. This can cause timeouts and instability.
2025-09-03 13:22:55,092 - distributed.core - INFO - Event loop was unresponsive in Worker for 5.70s.  This is often caused by long-running GIL-holding functions or moving large chunks of data. This can cause timeouts and instability.
2025-09-03 13:22:55,898 - distributed.core - INFO - Event loop was unresponsive in Worker for 3.83s.  This is often caused by long-running GIL-holding functions or moving large chunks of data. This can cause timeouts and instability.
2025-09-03 13:22:55,903 - distributed.core - INFO - Event loop was unresponsive in Worker for 3.89s.  This is often caused by long-running GIL-holding functions or moving large chunks of data. This can cause timeouts and instability.
2025-09-03 13:22:57,608 - distributed.core - INFO - Event loop was unresponsive in Worker for 3.99s.  This is often caused by long-running GIL-holding functions or moving large chunks of data. This can cause timeouts and instability.
2025-09-03 13:22:57,861 - distributed.core - INFO - Event loop was unresponsive in Worker for 13.00s.  This is often caused by long-running GIL-holding functions or moving large chunks of data. This can cause timeouts and instability.
2025-09-03 13:22:58,271 - distributed.core - INFO - Event loop was unresponsive in Worker for 12.32s.  This is often caused by long-running GIL-holding functions or moving large chunks of data. This can cause timeouts and instability.
2025-09-03 13:22:58,757 - distributed.core - INFO - Event loop was unresponsive in Worker for 6.77s.  This is often caused by long-running GIL-holding functions or moving large chunks of data. This can cause timeouts and instability.
2025-09-03 13:22:58,766 - distributed.core - INFO - Event loop was unresponsive in Worker for 13.30s.  This is often caused by long-running GIL-holding functions or moving large chunks of data. This can cause timeouts and instability.
2025-09-03 13:23:00,056 - distributed.core - INFO - Event loop was unresponsive in Worker for 14.51s.  This is often caused by long-running GIL-holding functions or moving large chunks of data. This can cause timeouts and instability.
2025-09-03 13:23:01,223 - distributed.core - INFO - Event loop was unresponsive in Worker for 3.61s.  This is often caused by long-running GIL-holding functions or moving large chunks of data. This can cause timeouts and instability.
2025-09-03 13:23:01,225 - distributed.core - INFO - Event loop was unresponsive in Worker for 3.36s.  This is often caused by long-running GIL-holding functions or moving large chunks of data. This can cause timeouts and instability.
2025-09-03 13:23:02,323 - distributed.core - INFO - Event loop was unresponsive in Worker for 3.67s.  This is often caused by long-running GIL-holding functions or moving large chunks of data. This can cause timeouts and instability.
2025-09-03 13:23:03,177 - distributed.core - INFO - Event loop was unresponsive in Worker for 13.79s.  This is often caused by long-running GIL-holding functions or moving large chunks of data. This can cause timeouts and instability.
2025-09-03 13:23:03,185 - distributed.core - INFO - Event loop was unresponsive in Worker for 13.21s.  This is often caused by long-running GIL-holding functions or moving large chunks of data. This can cause timeouts and instability.
2025-09-03 13:23:03,500 - distributed.core - INFO - Event loop was unresponsive in Worker for 11.39s.  This is often caused by long-running GIL-holding functions or moving large chunks of data. This can cause timeouts and instability.
2025-09-03 13:23:03,563 - distributed.core - INFO - Event loop was unresponsive in Worker for 18.09s.  This is often caused by long-running GIL-holding functions or moving large chunks of data. This can cause timeouts and instability.
2025-09-03 13:23:03,681 - distributed.core - INFO - Event loop was unresponsive in Worker for 14.96s.  This is often caused by long-running GIL-holding functions or moving large chunks of data. This can cause timeouts and instability.
2025-09-03 13:23:04,246 - distributed.core - INFO - Event loop was unresponsive in Worker for 12.19s.  This is often caused by long-running GIL-holding functions or moving large chunks of data. This can cause timeouts and instability.
2025-09-03 13:23:04,270 - distributed.core - INFO - Event loop was unresponsive in Worker for 19.89s.  This is often caused by long-running GIL-holding functions or moving large chunks of data. This can cause timeouts and instability.
2025-09-03 13:23:04,288 - distributed.core - INFO - Event loop was unresponsive in Worker for 14.85s.  This is often caused by long-running GIL-holding functions or moving large chunks of data. This can cause timeouts and instability.
2025-09-03 13:23:04,351 - distributed.core - INFO - Event loop was unresponsive in Worker for 14.35s.  This is often caused by long-running GIL-holding functions or moving large chunks of data. This can cause timeouts and instability.
2025-09-03 13:23:04,505 - distributed.core - INFO - Event loop was unresponsive in Worker for 15.73s.  This is often caused by long-running GIL-holding functions or moving large chunks of data. This can cause timeouts and instability.
2025-09-03 13:23:04,660 - distributed.core - INFO - Event loop was unresponsive in Worker for 3.38s.  This is often caused by long-running GIL-holding functions or moving large chunks of data. This can cause timeouts and instability.
2025-09-03 13:23:04,854 - distributed.core - INFO - Event loop was unresponsive in Worker for 3.62s.  This is often caused by long-running GIL-holding functions or moving large chunks of data. This can cause timeouts and instability.
2025-09-03 13:23:04,896 - distributed.core - INFO - Event loop was unresponsive in Worker for 16.42s.  This is often caused by long-running GIL-holding functions or moving large chunks of data. This can cause timeouts and instability.
2025-09-03 13:23:04,965 - distributed.core - INFO - Event loop was unresponsive in Worker for 20.53s.  This is often caused by long-running GIL-holding functions or moving large chunks of data. This can cause timeouts and instability.
2025-09-03 13:23:05,060 - distributed.core - INFO - Event loop was unresponsive in Worker for 11.88s.  This is often caused by long-running GIL-holding functions or moving large chunks of data. This can cause timeouts and instability.
2025-09-03 13:23:05,957 - distributed.core - INFO - Event loop was unresponsive in Worker for 17.30s.  This is often caused by long-running GIL-holding functions or moving large chunks of data. This can cause timeouts and instability.
2025-09-03 13:23:06,014 - distributed.core - INFO - Event loop was unresponsive in Worker for 13.94s.  This is often caused by long-running GIL-holding functions or moving large chunks of data. This can cause timeouts and instability.
2025-09-03 13:23:06,516 - distributed.core - INFO - Event loop was unresponsive in Worker for 7.83s.  This is often caused by long-running GIL-holding functions or moving large chunks of data. This can cause timeouts and instability.
2025-09-03 13:23:07,297 - distributed.core - INFO - Event loop was unresponsive in Worker for 6.08s.  This is often caused by long-running GIL-holding functions or moving large chunks of data. This can cause timeouts and instability.
2025-09-03 13:23:07,625 - distributed.core - INFO - Event loop was unresponsive in Worker for 4.03s.  This is often caused by long-running GIL-holding functions or moving large chunks of data. This can cause timeouts and instability.
2025-09-03 13:23:07,869 - distributed.core - INFO - Event loop was unresponsive in Worker for 4.26s.  This is often caused by long-running GIL-holding functions or moving large chunks of data. This can cause timeouts and instability.
2025-09-03 13:23:08,397 - distributed.core - INFO - Event loop was unresponsive in Worker for 7.16s.  This is often caused by long-running GIL-holding functions or moving large chunks of data. This can cause timeouts and instability.
2025-09-03 13:23:08,982 - distributed.core - INFO - Event loop was unresponsive in Worker for 5.63s.  This is often caused by long-running GIL-holding functions or moving large chunks of data. This can cause timeouts and instability.
2025-09-03 13:23:11,467 - distributed.core - INFO - Event loop was unresponsive in Worker for 5.83s.  This is often caused by long-running GIL-holding functions or moving large chunks of data. This can cause timeouts and instability.
2025-09-03 13:23:35,505 - distributed.core - INFO - Event loop was unresponsive in Worker for 3.68s.  This is often caused by long-running GIL-holding functions or moving large chunks of data. This can cause timeouts and instability.
2025-09-03 13:23:35,686 - distributed.core - INFO - Event loop was unresponsive in Worker for 3.36s.  This is often caused by long-running GIL-holding functions or moving large chunks of data. This can cause timeouts and instability.
2025-09-03 13:23:36,621 - distributed.core - INFO - Event loop was unresponsive in Worker for 4.77s.  This is often caused by long-running GIL-holding functions or moving large chunks of data. This can cause timeouts and instability.
2025-09-03 13:23:36,624 - distributed.core - INFO - Event loop was unresponsive in Worker for 4.31s.  This is often caused by long-running GIL-holding functions or moving large chunks of data. This can cause timeouts and instability.
2025-09-03 13:23:37,377 - distributed.core - INFO - Event loop was unresponsive in Worker for 5.51s.  This is often caused by long-running GIL-holding functions or moving large chunks of data. This can cause timeouts and instability.
2025-09-03 13:23:38,457 - distributed.core - INFO - Event loop was unresponsive in Worker for 6.59s.  This is often caused by long-running GIL-holding functions or moving large chunks of data. This can cause timeouts and instability.
2025-09-03 13:23:38,923 - distributed.core - INFO - Event loop was unresponsive in Worker for 6.61s.  This is often caused by long-running GIL-holding functions or moving large chunks of data. This can cause timeouts and instability.
2025-09-03 13:23:39,338 - distributed.core - INFO - Event loop was unresponsive in Worker for 7.02s.  This is often caused by long-running GIL-holding functions or moving large chunks of data. This can cause timeouts and instability.
2025-09-03 13:23:40,772 - distributed.core - INFO - Event loop was unresponsive in Worker for 8.93s.  This is often caused by long-running GIL-holding functions or moving large chunks of data. This can cause timeouts and instability.
2025-09-03 13:23:42,214 - distributed.core - INFO - Event loop was unresponsive in Worker for 9.84s.  This is often caused by long-running GIL-holding functions or moving large chunks of data. This can cause timeouts and instability.
2025-09-03 13:23:42,899 - distributed.core - INFO - Event loop was unresponsive in Worker for 9.49s.  This is often caused by long-running GIL-holding functions or moving large chunks of data. This can cause timeouts and instability.
2025-09-03 13:23:43,035 - distributed.core - INFO - Event loop was unresponsive in Worker for 9.67s.  This is often caused by long-running GIL-holding functions or moving large chunks of data. This can cause timeouts and instability.
2025-09-03 13:23:47,448 - distributed.core - INFO - Event loop was unresponsive in Worker for 5.66s.  This is often caused by long-running GIL-holding functions or moving large chunks of data. This can cause timeouts and instability.
2025-09-03 13:23:48,410 - distributed.core - INFO - Event loop was unresponsive in Worker for 6.62s.  This is often caused by long-running GIL-holding functions or moving large chunks of data. This can cause timeouts and instability.
2025-09-03 13:23:49,636 - distributed.core - INFO - Event loop was unresponsive in Worker for 3.26s.  This is often caused by long-running GIL-holding functions or moving large chunks of data. This can cause timeouts and instability.
2025-09-03 13:23:50,354 - distributed.core - INFO - Event loop was unresponsive in Worker for 7.44s.  This is often caused by long-running GIL-holding functions or moving large chunks of data. This can cause timeouts and instability.
2025-09-03 13:23:50,821 - distributed.core - INFO - Event loop was unresponsive in Worker for 10.06s.  This is often caused by long-running GIL-holding functions or moving large chunks of data. This can cause timeouts and instability.
2025-09-03 13:23:51,265 - distributed.core - INFO - Event loop was unresponsive in Worker for 10.06s.  This is often caused by long-running GIL-holding functions or moving large chunks of data. This can cause timeouts and instability.
2025-09-03 13:23:52,345 - distributed.core - INFO - Event loop was unresponsive in Worker for 4.08s.  This is often caused by long-running GIL-holding functions or moving large chunks of data. This can cause timeouts and instability.
2025-09-03 13:23:53,479 - distributed.core - INFO - Event loop was unresponsive in Worker for 3.19s.  This is often caused by long-running GIL-holding functions or moving large chunks of data. This can cause timeouts and instability.
2025-09-03 13:23:53,654 - distributed.core - INFO - Event loop was unresponsive in Worker for 6.55s.  This is often caused by long-running GIL-holding functions or moving large chunks of data. This can cause timeouts and instability.
2025-09-03 13:23:53,655 - distributed.core - INFO - Event loop was unresponsive in Worker for 7.01s.  This is often caused by long-running GIL-holding functions or moving large chunks of data. This can cause timeouts and instability.
2025-09-03 13:23:54,050 - distributed.core - INFO - Event loop was unresponsive in Worker for 8.61s.  This is often caused by long-running GIL-holding functions or moving large chunks of data. This can cause timeouts and instability.
2025-09-03 13:23:54,052 - distributed.core - INFO - Event loop was unresponsive in Worker for 5.80s.  This is often caused by long-running GIL-holding functions or moving large chunks of data. This can cause timeouts and instability.
2025-09-03 13:23:54,109 - distributed.core - INFO - Event loop was unresponsive in Worker for 8.78s.  This is often caused by long-running GIL-holding functions or moving large chunks of data. This can cause timeouts and instability.
2025-09-03 13:23:54,289 - distributed.core - INFO - Event loop was unresponsive in Worker for 5.72s.  This is often caused by long-running GIL-holding functions or moving large chunks of data. This can cause timeouts and instability.
2025-09-03 13:23:54,600 - distributed.core - INFO - Event loop was unresponsive in Worker for 8.23s.  This is often caused by long-running GIL-holding functions or moving large chunks of data. This can cause timeouts and instability.
2025-09-03 13:23:54,615 - distributed.core - INFO - Event loop was unresponsive in Worker for 7.70s.  This is often caused by long-running GIL-holding functions or moving large chunks of data. This can cause timeouts and instability.
2025-09-03 13:23:55,222 - distributed.core - INFO - Event loop was unresponsive in Worker for 6.66s.  This is often caused by long-running GIL-holding functions or moving large chunks of data. This can cause timeouts and instability.
2025-09-03 13:23:55,249 - distributed.core - INFO - Event loop was unresponsive in Worker for 4.92s.  This is often caused by long-running GIL-holding functions or moving large chunks of data. This can cause timeouts and instability.
2025-09-03 13:23:55,250 - distributed.core - INFO - Event loop was unresponsive in Worker for 10.19s.  This is often caused by long-running GIL-holding functions or moving large chunks of data. This can cause timeouts and instability.
2025-09-03 13:23:55,624 - distributed.core - INFO - Event loop was unresponsive in Worker for 9.83s.  This is often caused by long-running GIL-holding functions or moving large chunks of data. This can cause timeouts and instability.
2025-09-03 13:23:55,965 - distributed.core - INFO - Event loop was unresponsive in Worker for 9.41s.  This is often caused by long-running GIL-holding functions or moving large chunks of data. This can cause timeouts and instability.
2025-09-03 13:23:55,970 - distributed.core - INFO - Event loop was unresponsive in Worker for 12.17s.  This is often caused by long-running GIL-holding functions or moving large chunks of data. This can cause timeouts and instability.
2025-09-03 13:23:56,017 - distributed.core - INFO - Event loop was unresponsive in Worker for 7.77s.  This is often caused by long-running GIL-holding functions or moving large chunks of data. This can cause timeouts and instability.
2025-09-03 13:23:57,265 - distributed.core - INFO - Event loop was unresponsive in Worker for 13.79s.  This is often caused by long-running GIL-holding functions or moving large chunks of data. This can cause timeouts and instability.
2025-09-03 13:23:57,390 - distributed.core - INFO - Event loop was unresponsive in Worker for 12.33s.  This is often caused by long-running GIL-holding functions or moving large chunks of data. This can cause timeouts and instability.
2025-09-03 13:23:59,940 - distributed.core - INFO - Event loop was unresponsive in Worker for 9.29s.  This is often caused by long-running GIL-holding functions or moving large chunks of data. This can cause timeouts and instability.
2025-09-03 13:24:00,407 - distributed.core - INFO - Event loop was unresponsive in Worker for 9.71s.  This is often caused by long-running GIL-holding functions or moving large chunks of data. This can cause timeouts and instability.
2025-09-03 13:24:01,027 - distributed.core - INFO - Event loop was unresponsive in Worker for 3.42s.  This is often caused by long-running GIL-holding functions or moving large chunks of data. This can cause timeouts and instability.
2025-09-03 13:24:01,813 - distributed.core - INFO - Event loop was unresponsive in Worker for 5.38s.  This is often caused by long-running GIL-holding functions or moving large chunks of data. This can cause timeouts and instability.
2025-09-03 13:24:04,371 - distributed.core - INFO - Event loop was unresponsive in Worker for 7.91s.  This is often caused by long-running GIL-holding functions or moving large chunks of data. This can cause timeouts and instability.
2025-09-03 13:24:05,009 - distributed.core - INFO - Event loop was unresponsive in Worker for 18.37s.  This is often caused by long-running GIL-holding functions or moving large chunks of data. This can cause timeouts and instability.
2025-09-03 13:24:05,020 - distributed.core - INFO - Event loop was unresponsive in Worker for 3.76s.  This is often caused by long-running GIL-holding functions or moving large chunks of data. This can cause timeouts and instability.
2025-09-03 13:24:05,227 - distributed.core - INFO - Event loop was unresponsive in Worker for 8.76s.  This is often caused by long-running GIL-holding functions or moving large chunks of data. This can cause timeouts and instability.
2025-09-03 13:24:05,473 - distributed.core - INFO - Event loop was unresponsive in Worker for 20.36s.  This is often caused by long-running GIL-holding functions or moving large chunks of data. This can cause timeouts and instability.
2025-09-03 13:24:05,473 - distributed.core - INFO - Event loop was unresponsive in Worker for 18.36s.  This is often caused by long-running GIL-holding functions or moving large chunks of data. This can cause timeouts and instability.
2025-09-03 13:24:06,243 - distributed.core - INFO - Event loop was unresponsive in Worker for 3.52s.  This is often caused by long-running GIL-holding functions or moving large chunks of data. This can cause timeouts and instability.
2025-09-03 13:24:06,571 - distributed.core - INFO - Event loop was unresponsive in Worker for 14.33s.  This is often caused by long-running GIL-holding functions or moving large chunks of data. This can cause timeouts and instability.
2025-09-03 13:24:06,713 - distributed.core - INFO - Event loop was unresponsive in Worker for 5.31s.  This is often caused by long-running GIL-holding functions or moving large chunks of data. This can cause timeouts and instability.
2025-09-03 13:24:06,777 - distributed.core - INFO - Event loop was unresponsive in Worker for 14.53s.  This is often caused by long-running GIL-holding functions or moving large chunks of data. This can cause timeouts and instability.
2025-09-03 13:24:07,090 - distributed.core - INFO - Event loop was unresponsive in Worker for 14.85s.  This is often caused by long-running GIL-holding functions or moving large chunks of data. This can cause timeouts and instability.
