Loading singularity
Loading conda/analysis3-25.06
Loading gadi_jupyterlab/23.02
2025-09-03 13:15:37,718 - distributed.nanny - INFO -         Start Nanny at: 'tcp://10.6.83.37:36919'
2025-09-03 13:15:37,727 - distributed.nanny - INFO -         Start Nanny at: 'tcp://10.6.83.37:35261'
2025-09-03 13:15:37,730 - distributed.nanny - INFO -         Start Nanny at: 'tcp://10.6.83.37:37663'
2025-09-03 13:15:37,734 - distributed.nanny - INFO -         Start Nanny at: 'tcp://10.6.83.37:36847'
2025-09-03 13:15:37,738 - distributed.nanny - INFO -         Start Nanny at: 'tcp://10.6.83.37:34361'
2025-09-03 13:15:37,742 - distributed.nanny - INFO -         Start Nanny at: 'tcp://10.6.83.37:45777'
2025-09-03 13:15:37,747 - distributed.nanny - INFO -         Start Nanny at: 'tcp://10.6.83.37:33675'
2025-09-03 13:15:37,751 - distributed.nanny - INFO -         Start Nanny at: 'tcp://10.6.83.37:39993'
2025-09-03 13:15:37,756 - distributed.nanny - INFO -         Start Nanny at: 'tcp://10.6.83.37:37587'
2025-09-03 13:15:37,762 - distributed.nanny - INFO -         Start Nanny at: 'tcp://10.6.83.37:40025'
2025-09-03 13:15:37,766 - distributed.nanny - INFO -         Start Nanny at: 'tcp://10.6.83.37:42005'
2025-09-03 13:15:37,769 - distributed.nanny - INFO -         Start Nanny at: 'tcp://10.6.83.37:33443'
2025-09-03 13:15:37,774 - distributed.nanny - INFO -         Start Nanny at: 'tcp://10.6.83.37:39157'
2025-09-03 13:15:37,777 - distributed.nanny - INFO -         Start Nanny at: 'tcp://10.6.83.37:45401'
2025-09-03 13:15:37,781 - distributed.nanny - INFO -         Start Nanny at: 'tcp://10.6.83.37:39369'
2025-09-03 13:15:37,786 - distributed.nanny - INFO -         Start Nanny at: 'tcp://10.6.83.37:45357'
2025-09-03 13:15:37,790 - distributed.nanny - INFO -         Start Nanny at: 'tcp://10.6.83.37:34671'
2025-09-03 13:15:37,795 - distributed.nanny - INFO -         Start Nanny at: 'tcp://10.6.83.37:38295'
2025-09-03 13:15:37,799 - distributed.nanny - INFO -         Start Nanny at: 'tcp://10.6.83.37:42925'
2025-09-03 13:15:37,804 - distributed.nanny - INFO -         Start Nanny at: 'tcp://10.6.83.37:34221'
2025-09-03 13:15:37,918 - distributed.nanny - INFO -         Start Nanny at: 'tcp://10.6.83.37:44613'
2025-09-03 13:15:37,922 - distributed.nanny - INFO -         Start Nanny at: 'tcp://10.6.83.37:33173'
2025-09-03 13:15:37,927 - distributed.nanny - INFO -         Start Nanny at: 'tcp://10.6.83.37:43031'
2025-09-03 13:15:37,932 - distributed.nanny - INFO -         Start Nanny at: 'tcp://10.6.83.37:35721'
2025-09-03 13:15:37,936 - distributed.nanny - INFO -         Start Nanny at: 'tcp://10.6.83.37:36887'
2025-09-03 13:15:37,941 - distributed.nanny - INFO -         Start Nanny at: 'tcp://10.6.83.37:42577'
2025-09-03 13:15:37,946 - distributed.nanny - INFO -         Start Nanny at: 'tcp://10.6.83.37:34299'
2025-09-03 13:15:37,951 - distributed.nanny - INFO -         Start Nanny at: 'tcp://10.6.83.37:39827'
2025-09-03 13:15:37,955 - distributed.nanny - INFO -         Start Nanny at: 'tcp://10.6.83.37:40191'
2025-09-03 13:15:37,960 - distributed.nanny - INFO -         Start Nanny at: 'tcp://10.6.83.37:33857'
2025-09-03 13:15:37,964 - distributed.nanny - INFO -         Start Nanny at: 'tcp://10.6.83.37:45293'
2025-09-03 13:15:37,968 - distributed.nanny - INFO -         Start Nanny at: 'tcp://10.6.83.37:35281'
2025-09-03 13:15:37,973 - distributed.nanny - INFO -         Start Nanny at: 'tcp://10.6.83.37:39213'
2025-09-03 13:15:37,977 - distributed.nanny - INFO -         Start Nanny at: 'tcp://10.6.83.37:32859'
2025-09-03 13:15:37,982 - distributed.nanny - INFO -         Start Nanny at: 'tcp://10.6.83.37:37693'
2025-09-03 13:15:37,987 - distributed.nanny - INFO -         Start Nanny at: 'tcp://10.6.83.37:35479'
2025-09-03 13:15:37,990 - distributed.nanny - INFO -         Start Nanny at: 'tcp://10.6.83.37:39559'
2025-09-03 13:15:37,996 - distributed.nanny - INFO -         Start Nanny at: 'tcp://10.6.83.37:41493'
2025-09-03 13:15:37,999 - distributed.nanny - INFO -         Start Nanny at: 'tcp://10.6.83.37:34225'
2025-09-03 13:15:38,003 - distributed.nanny - INFO -         Start Nanny at: 'tcp://10.6.83.37:38991'
2025-09-03 13:15:38,009 - distributed.nanny - INFO -         Start Nanny at: 'tcp://10.6.83.37:37569'
2025-09-03 13:15:38,013 - distributed.nanny - INFO -         Start Nanny at: 'tcp://10.6.83.37:38515'
2025-09-03 13:15:38,019 - distributed.nanny - INFO -         Start Nanny at: 'tcp://10.6.83.37:35833'
2025-09-03 13:15:38,024 - distributed.nanny - INFO -         Start Nanny at: 'tcp://10.6.83.37:44375'
2025-09-03 13:15:38,028 - distributed.nanny - INFO -         Start Nanny at: 'tcp://10.6.83.37:32811'
2025-09-03 13:15:38,032 - distributed.nanny - INFO -         Start Nanny at: 'tcp://10.6.83.37:45847'
2025-09-03 13:15:38,035 - distributed.nanny - INFO -         Start Nanny at: 'tcp://10.6.83.37:39437'
2025-09-03 13:15:38,039 - distributed.nanny - INFO -         Start Nanny at: 'tcp://10.6.83.37:41035'
2025-09-03 13:15:38,045 - distributed.nanny - INFO -         Start Nanny at: 'tcp://10.6.83.37:40935'
2025-09-03 13:15:38,049 - distributed.nanny - INFO -         Start Nanny at: 'tcp://10.6.83.37:45885'
2025-09-03 13:15:38,056 - distributed.nanny - INFO -         Start Nanny at: 'tcp://10.6.83.37:34149'
2025-09-03 13:15:38,060 - distributed.nanny - INFO -         Start Nanny at: 'tcp://10.6.83.37:34351'
2025-09-03 13:15:39,113 - distributed.worker - INFO -       Start worker at:     tcp://10.6.83.37:33469
2025-09-03 13:15:39,113 - distributed.worker - INFO -       Start worker at:     tcp://10.6.83.37:43947
2025-09-03 13:15:39,113 - distributed.worker - INFO -       Start worker at:     tcp://10.6.83.37:37111
2025-09-03 13:15:39,113 - distributed.worker - INFO -       Start worker at:     tcp://10.6.83.37:36399
2025-09-03 13:15:39,113 - distributed.worker - INFO -       Start worker at:     tcp://10.6.83.37:46405
2025-09-03 13:15:39,113 - distributed.worker - INFO -       Start worker at:     tcp://10.6.83.37:36541
2025-09-03 13:15:39,113 - distributed.worker - INFO -       Start worker at:     tcp://10.6.83.37:41501
2025-09-03 13:15:39,113 - distributed.worker - INFO -       Start worker at:     tcp://10.6.83.37:38469
2025-09-03 13:15:39,113 - distributed.worker - INFO -       Start worker at:     tcp://10.6.83.37:42211
2025-09-03 13:15:39,113 - distributed.worker - INFO -       Start worker at:     tcp://10.6.83.37:42099
2025-09-03 13:15:39,113 - distributed.worker - INFO -       Start worker at:     tcp://10.6.83.37:44123
2025-09-03 13:15:39,113 - distributed.worker - INFO -          Listening to:     tcp://10.6.83.37:33469
2025-09-03 13:15:39,113 - distributed.worker - INFO -       Start worker at:     tcp://10.6.83.37:42983
2025-09-03 13:15:39,113 - distributed.worker - INFO -       Start worker at:     tcp://10.6.83.37:42367
2025-09-03 13:15:39,113 - distributed.worker - INFO -          Listening to:     tcp://10.6.83.37:43947
2025-09-03 13:15:39,113 - distributed.worker - INFO -       Start worker at:     tcp://10.6.83.37:37611
2025-09-03 13:15:39,113 - distributed.worker - INFO -       Start worker at:     tcp://10.6.83.37:37807
2025-09-03 13:15:39,113 - distributed.worker - INFO -          Listening to:     tcp://10.6.83.37:37111
2025-09-03 13:15:39,113 - distributed.worker - INFO -          Listening to:     tcp://10.6.83.37:36399
2025-09-03 13:15:39,113 - distributed.worker - INFO -          Listening to:     tcp://10.6.83.37:46405
2025-09-03 13:15:39,113 - distributed.worker - INFO -          Listening to:     tcp://10.6.83.37:36541
2025-09-03 13:15:39,113 - distributed.worker - INFO -          Listening to:     tcp://10.6.83.37:41501
2025-09-03 13:15:39,113 - distributed.worker - INFO -          Listening to:     tcp://10.6.83.37:38469
2025-09-03 13:15:39,113 - distributed.worker - INFO -          Listening to:     tcp://10.6.83.37:42211
2025-09-03 13:15:39,113 - distributed.worker - INFO -          Listening to:     tcp://10.6.83.37:42099
2025-09-03 13:15:39,113 - distributed.worker - INFO -          Listening to:     tcp://10.6.83.37:44123
2025-09-03 13:15:39,113 - distributed.worker - INFO -          dashboard at:           10.6.83.37:38851
2025-09-03 13:15:39,113 - distributed.worker - INFO -          Listening to:     tcp://10.6.83.37:42983
2025-09-03 13:15:39,113 - distributed.worker - INFO -          Listening to:     tcp://10.6.83.37:42367
2025-09-03 13:15:39,113 - distributed.worker - INFO -          dashboard at:           10.6.83.37:38133
2025-09-03 13:15:39,113 - distributed.worker - INFO -          Listening to:     tcp://10.6.83.37:37611
2025-09-03 13:15:39,113 - distributed.worker - INFO -          Listening to:     tcp://10.6.83.37:37807
2025-09-03 13:15:39,113 - distributed.worker - INFO -          dashboard at:           10.6.83.37:43727
2025-09-03 13:15:39,113 - distributed.worker - INFO -          dashboard at:           10.6.83.37:34177
2025-09-03 13:15:39,113 - distributed.worker - INFO -          dashboard at:           10.6.83.37:41023
2025-09-03 13:15:39,113 - distributed.worker - INFO -          dashboard at:           10.6.83.37:33393
2025-09-03 13:15:39,113 - distributed.worker - INFO -          dashboard at:           10.6.83.37:43519
2025-09-03 13:15:39,113 - distributed.worker - INFO -          dashboard at:           10.6.83.37:45571
2025-09-03 13:15:39,113 - distributed.worker - INFO -          dashboard at:           10.6.83.37:38507
2025-09-03 13:15:39,113 - distributed.worker - INFO -          dashboard at:           10.6.83.37:43661
2025-09-03 13:15:39,113 - distributed.worker - INFO -          dashboard at:           10.6.83.37:45351
2025-09-03 13:15:39,113 - distributed.worker - INFO - Waiting to connect to:       tcp://10.6.81.1:8764
2025-09-03 13:15:39,113 - distributed.worker - INFO -          dashboard at:           10.6.83.37:45353
2025-09-03 13:15:39,113 - distributed.worker - INFO -          dashboard at:           10.6.83.37:33785
2025-09-03 13:15:39,113 - distributed.worker - INFO - Waiting to connect to:       tcp://10.6.81.1:8764
2025-09-03 13:15:39,113 - distributed.worker - INFO -          dashboard at:           10.6.83.37:45589
2025-09-03 13:15:39,113 - distributed.worker - INFO -          dashboard at:           10.6.83.37:45213
2025-09-03 13:15:39,113 - distributed.worker - INFO - Waiting to connect to:       tcp://10.6.81.1:8764
2025-09-03 13:15:39,113 - distributed.worker - INFO - Waiting to connect to:       tcp://10.6.81.1:8764
2025-09-03 13:15:39,113 - distributed.worker - INFO - Waiting to connect to:       tcp://10.6.81.1:8764
2025-09-03 13:15:39,113 - distributed.worker - INFO - Waiting to connect to:       tcp://10.6.81.1:8764
2025-09-03 13:15:39,113 - distributed.worker - INFO - Waiting to connect to:       tcp://10.6.81.1:8764
2025-09-03 13:15:39,113 - distributed.worker - INFO - Waiting to connect to:       tcp://10.6.81.1:8764
2025-09-03 13:15:39,113 - distributed.worker - INFO - Waiting to connect to:       tcp://10.6.81.1:8764
2025-09-03 13:15:39,113 - distributed.worker - INFO - Waiting to connect to:       tcp://10.6.81.1:8764
2025-09-03 13:15:39,113 - distributed.worker - INFO - Waiting to connect to:       tcp://10.6.81.1:8764
2025-09-03 13:15:39,113 - distributed.worker - INFO - -------------------------------------------------
2025-09-03 13:15:39,113 - distributed.worker - INFO - Waiting to connect to:       tcp://10.6.81.1:8764
2025-09-03 13:15:39,113 - distributed.worker - INFO - -------------------------------------------------
2025-09-03 13:15:39,113 - distributed.worker - INFO - Waiting to connect to:       tcp://10.6.81.1:8764
2025-09-03 13:15:39,113 - distributed.worker - INFO - Waiting to connect to:       tcp://10.6.81.1:8764
2025-09-03 13:15:39,113 - distributed.worker - INFO - -------------------------------------------------
2025-09-03 13:15:39,113 - distributed.worker - INFO - Waiting to connect to:       tcp://10.6.81.1:8764
2025-09-03 13:15:39,113 - distributed.worker - INFO - -------------------------------------------------
2025-09-03 13:15:39,113 - distributed.worker - INFO - -------------------------------------------------
2025-09-03 13:15:39,113 - distributed.worker - INFO - -------------------------------------------------
2025-09-03 13:15:39,113 - distributed.worker - INFO - -------------------------------------------------
2025-09-03 13:15:39,113 - distributed.worker - INFO - -------------------------------------------------
2025-09-03 13:15:39,113 - distributed.worker - INFO - -------------------------------------------------
2025-09-03 13:15:39,113 - distributed.worker - INFO - -------------------------------------------------
2025-09-03 13:15:39,113 - distributed.worker - INFO - -------------------------------------------------
2025-09-03 13:15:39,113 - distributed.worker - INFO -               Threads:                          2
2025-09-03 13:15:39,114 - distributed.worker - INFO - -------------------------------------------------
2025-09-03 13:15:39,114 - distributed.worker - INFO -               Threads:                          2
2025-09-03 13:15:39,114 - distributed.worker - INFO - -------------------------------------------------
2025-09-03 13:15:39,114 - distributed.worker - INFO - -------------------------------------------------
2025-09-03 13:15:39,114 - distributed.worker - INFO -               Threads:                          2
2025-09-03 13:15:39,114 - distributed.worker - INFO - -------------------------------------------------
2025-09-03 13:15:39,114 - distributed.worker - INFO -               Threads:                          2
2025-09-03 13:15:39,114 - distributed.worker - INFO -               Threads:                          2
2025-09-03 13:15:39,114 - distributed.worker - INFO -               Threads:                          2
2025-09-03 13:15:39,114 - distributed.worker - INFO -               Threads:                          2
2025-09-03 13:15:39,114 - distributed.worker - INFO -               Threads:                          2
2025-09-03 13:15:39,114 - distributed.worker - INFO -               Threads:                          2
2025-09-03 13:15:39,114 - distributed.worker - INFO -               Threads:                          2
2025-09-03 13:15:39,114 - distributed.worker - INFO -               Threads:                          2
2025-09-03 13:15:39,114 - distributed.worker - INFO -               Threads:                          2
2025-09-03 13:15:39,114 - distributed.worker - INFO -               Threads:                          2
2025-09-03 13:15:39,114 - distributed.worker - INFO -                Memory:                   9.62 GiB
2025-09-03 13:15:39,114 - distributed.worker - INFO -               Threads:                          2
2025-09-03 13:15:39,114 - distributed.worker - INFO -                Memory:                   9.62 GiB
2025-09-03 13:15:39,114 - distributed.worker - INFO -                Memory:                   9.62 GiB
2025-09-03 13:15:39,114 - distributed.worker - INFO -               Threads:                          2
2025-09-03 13:15:39,114 - distributed.worker - INFO -                Memory:                   9.62 GiB
2025-09-03 13:15:39,114 - distributed.worker - INFO -                Memory:                   9.62 GiB
2025-09-03 13:15:39,114 - distributed.worker - INFO -                Memory:                   9.62 GiB
2025-09-03 13:15:39,114 - distributed.worker - INFO -                Memory:                   9.62 GiB
2025-09-03 13:15:39,114 - distributed.worker - INFO -                Memory:                   9.62 GiB
2025-09-03 13:15:39,114 - distributed.worker - INFO -                Memory:                   9.62 GiB
2025-09-03 13:15:39,114 - distributed.worker - INFO -                Memory:                   9.62 GiB
2025-09-03 13:15:39,114 - distributed.worker - INFO -                Memory:                   9.62 GiB
2025-09-03 13:15:39,114 - distributed.worker - INFO -                Memory:                   9.62 GiB
2025-09-03 13:15:39,114 - distributed.worker - INFO -                Memory:                   9.62 GiB
2025-09-03 13:15:39,114 - distributed.worker - INFO -       Local Directory: /jobfs/148618149.gadi-pbs/dask-scratch-space/worker-noo04o04
2025-09-03 13:15:39,114 - distributed.worker - INFO -                Memory:                   9.62 GiB
2025-09-03 13:15:39,114 - distributed.worker - INFO -       Local Directory: /jobfs/148618149.gadi-pbs/dask-scratch-space/worker-m466xpt0
2025-09-03 13:15:39,114 - distributed.worker - INFO -                Memory:                   9.62 GiB
2025-09-03 13:15:39,114 - distributed.worker - INFO -       Local Directory: /jobfs/148618149.gadi-pbs/dask-scratch-space/worker-00fu9muy
2025-09-03 13:15:39,114 - distributed.worker - INFO -       Local Directory: /jobfs/148618149.gadi-pbs/dask-scratch-space/worker-04q2axxd
2025-09-03 13:15:39,114 - distributed.worker - INFO -       Start worker at:     tcp://10.6.83.37:40957
2025-09-03 13:15:39,114 - distributed.worker - INFO -       Local Directory: /jobfs/148618149.gadi-pbs/dask-scratch-space/worker-kmf9d7sl
2025-09-03 13:15:39,114 - distributed.worker - INFO -       Local Directory: /jobfs/148618149.gadi-pbs/dask-scratch-space/worker-04lapt5w
2025-09-03 13:15:39,114 - distributed.worker - INFO -       Local Directory: /jobfs/148618149.gadi-pbs/dask-scratch-space/worker-6pqzpzqb
2025-09-03 13:15:39,114 - distributed.worker - INFO -       Local Directory: /jobfs/148618149.gadi-pbs/dask-scratch-space/worker-yoiabmij
2025-09-03 13:15:39,114 - distributed.worker - INFO -       Local Directory: /jobfs/148618149.gadi-pbs/dask-scratch-space/worker-43oojz8y
2025-09-03 13:15:39,114 - distributed.worker - INFO -       Local Directory: /jobfs/148618149.gadi-pbs/dask-scratch-space/worker-88hd8pz0
2025-09-03 13:15:39,114 - distributed.worker - INFO -       Local Directory: /jobfs/148618149.gadi-pbs/dask-scratch-space/worker-onjzbzpp
2025-09-03 13:15:39,114 - distributed.worker - INFO -       Local Directory: /jobfs/148618149.gadi-pbs/dask-scratch-space/worker-896an07o
2025-09-03 13:15:39,114 - distributed.worker - INFO -       Local Directory: /jobfs/148618149.gadi-pbs/dask-scratch-space/worker-mzwj6a1c
2025-09-03 13:15:39,114 - distributed.worker - INFO - -------------------------------------------------
2025-09-03 13:15:39,114 - distributed.worker - INFO -       Local Directory: /jobfs/148618149.gadi-pbs/dask-scratch-space/worker-n5m0iu9t
2025-09-03 13:15:39,114 - distributed.worker - INFO -       Local Directory: /jobfs/148618149.gadi-pbs/dask-scratch-space/worker-crtdfsf0
2025-09-03 13:15:39,114 - distributed.worker - INFO - -------------------------------------------------
2025-09-03 13:15:39,114 - distributed.worker - INFO - -------------------------------------------------
2025-09-03 13:15:39,114 - distributed.worker - INFO - -------------------------------------------------
2025-09-03 13:15:39,114 - distributed.worker - INFO - -------------------------------------------------
2025-09-03 13:15:39,114 - distributed.worker - INFO -          Listening to:     tcp://10.6.83.37:40957
2025-09-03 13:15:39,114 - distributed.worker - INFO - -------------------------------------------------
2025-09-03 13:15:39,114 - distributed.worker - INFO - -------------------------------------------------
2025-09-03 13:15:39,114 - distributed.worker - INFO - -------------------------------------------------
2025-09-03 13:15:39,114 - distributed.worker - INFO - -------------------------------------------------
2025-09-03 13:15:39,114 - distributed.worker - INFO - -------------------------------------------------
2025-09-03 13:15:39,114 - distributed.worker - INFO - -------------------------------------------------
2025-09-03 13:15:39,114 - distributed.worker - INFO - -------------------------------------------------
2025-09-03 13:15:39,114 - distributed.worker - INFO - -------------------------------------------------
2025-09-03 13:15:39,114 - distributed.worker - INFO - -------------------------------------------------
2025-09-03 13:15:39,114 - distributed.worker - INFO - -------------------------------------------------
2025-09-03 13:15:39,114 - distributed.worker - INFO -          dashboard at:           10.6.83.37:34105
2025-09-03 13:15:39,114 - distributed.worker - INFO - Waiting to connect to:       tcp://10.6.81.1:8764
2025-09-03 13:15:39,114 - distributed.worker - INFO - -------------------------------------------------
2025-09-03 13:15:39,114 - distributed.worker - INFO -               Threads:                          2
2025-09-03 13:15:39,114 - distributed.worker - INFO -                Memory:                   9.62 GiB
2025-09-03 13:15:39,114 - distributed.worker - INFO -       Local Directory: /jobfs/148618149.gadi-pbs/dask-scratch-space/worker-t6q5l__3
2025-09-03 13:15:39,114 - distributed.worker - INFO - -------------------------------------------------
2025-09-03 13:15:39,120 - distributed.worker - INFO -       Start worker at:     tcp://10.6.83.37:34311
2025-09-03 13:15:39,121 - distributed.worker - INFO -          Listening to:     tcp://10.6.83.37:34311
2025-09-03 13:15:39,121 - distributed.worker - INFO -          dashboard at:           10.6.83.37:32937
2025-09-03 13:15:39,121 - distributed.worker - INFO - Waiting to connect to:       tcp://10.6.81.1:8764
2025-09-03 13:15:39,121 - distributed.worker - INFO - -------------------------------------------------
2025-09-03 13:15:39,121 - distributed.worker - INFO -               Threads:                          2
2025-09-03 13:15:39,121 - distributed.worker - INFO -                Memory:                   9.62 GiB
2025-09-03 13:15:39,121 - distributed.worker - INFO -       Local Directory: /jobfs/148618149.gadi-pbs/dask-scratch-space/worker-82wrv9ze
2025-09-03 13:15:39,121 - distributed.worker - INFO - -------------------------------------------------
2025-09-03 13:15:39,121 - distributed.worker - INFO -       Start worker at:     tcp://10.6.83.37:34329
2025-09-03 13:15:39,121 - distributed.worker - INFO -          Listening to:     tcp://10.6.83.37:34329
2025-09-03 13:15:39,121 - distributed.worker - INFO -          dashboard at:           10.6.83.37:41697
2025-09-03 13:15:39,121 - distributed.worker - INFO - Waiting to connect to:       tcp://10.6.81.1:8764
2025-09-03 13:15:39,122 - distributed.worker - INFO - -------------------------------------------------
2025-09-03 13:15:39,122 - distributed.worker - INFO -               Threads:                          2
2025-09-03 13:15:39,122 - distributed.worker - INFO -                Memory:                   9.62 GiB
2025-09-03 13:15:39,122 - distributed.worker - INFO -       Local Directory: /jobfs/148618149.gadi-pbs/dask-scratch-space/worker-cftq619v
2025-09-03 13:15:39,122 - distributed.worker - INFO - -------------------------------------------------
2025-09-03 13:15:39,122 - distributed.worker - INFO -       Start worker at:     tcp://10.6.83.37:33693
2025-09-03 13:15:39,123 - distributed.worker - INFO -          Listening to:     tcp://10.6.83.37:33693
2025-09-03 13:15:39,123 - distributed.worker - INFO -          dashboard at:           10.6.83.37:35593
2025-09-03 13:15:39,123 - distributed.worker - INFO - Waiting to connect to:       tcp://10.6.81.1:8764
2025-09-03 13:15:39,123 - distributed.worker - INFO -       Start worker at:     tcp://10.6.83.37:37561
2025-09-03 13:15:39,123 - distributed.worker - INFO - -------------------------------------------------
2025-09-03 13:15:39,123 - distributed.worker - INFO -       Start worker at:     tcp://10.6.83.37:45941
2025-09-03 13:15:39,123 - distributed.worker - INFO -               Threads:                          2
2025-09-03 13:15:39,123 - distributed.worker - INFO -          Listening to:     tcp://10.6.83.37:37561
2025-09-03 13:15:39,123 - distributed.worker - INFO -                Memory:                   9.62 GiB
2025-09-03 13:15:39,123 - distributed.worker - INFO -          Listening to:     tcp://10.6.83.37:45941
2025-09-03 13:15:39,123 - distributed.worker - INFO -          dashboard at:           10.6.83.37:35647
2025-09-03 13:15:39,123 - distributed.worker - INFO -       Local Directory: /jobfs/148618149.gadi-pbs/dask-scratch-space/worker-r49yuolr
2025-09-03 13:15:39,123 - distributed.worker - INFO -          dashboard at:           10.6.83.37:34751
2025-09-03 13:15:39,123 - distributed.worker - INFO - Waiting to connect to:       tcp://10.6.81.1:8764
2025-09-03 13:15:39,123 - distributed.worker - INFO - -------------------------------------------------
2025-09-03 13:15:39,123 - distributed.worker - INFO - Waiting to connect to:       tcp://10.6.81.1:8764
2025-09-03 13:15:39,123 - distributed.worker - INFO - -------------------------------------------------
2025-09-03 13:15:39,123 - distributed.worker - INFO -               Threads:                          2
2025-09-03 13:15:39,123 - distributed.worker - INFO - -------------------------------------------------
2025-09-03 13:15:39,123 - distributed.worker - INFO -                Memory:                   9.62 GiB
2025-09-03 13:15:39,123 - distributed.worker - INFO -               Threads:                          2
2025-09-03 13:15:39,123 - distributed.worker - INFO -                Memory:                   9.62 GiB
2025-09-03 13:15:39,123 - distributed.worker - INFO -       Local Directory: /jobfs/148618149.gadi-pbs/dask-scratch-space/worker-n2lhuva0
2025-09-03 13:15:39,123 - distributed.worker - INFO -       Local Directory: /jobfs/148618149.gadi-pbs/dask-scratch-space/worker-ozn27qx_
2025-09-03 13:15:39,123 - distributed.worker - INFO - -------------------------------------------------
2025-09-03 13:15:39,123 - distributed.worker - INFO - -------------------------------------------------
2025-09-03 13:15:39,123 - distributed.worker - INFO -       Start worker at:     tcp://10.6.83.37:41503
2025-09-03 13:15:39,123 - distributed.worker - INFO -          Listening to:     tcp://10.6.83.37:41503
2025-09-03 13:15:39,123 - distributed.worker - INFO -          dashboard at:           10.6.83.37:40779
2025-09-03 13:15:39,124 - distributed.worker - INFO - Waiting to connect to:       tcp://10.6.81.1:8764
2025-09-03 13:15:39,124 - distributed.worker - INFO - -------------------------------------------------
2025-09-03 13:15:39,124 - distributed.worker - INFO -               Threads:                          2
2025-09-03 13:15:39,124 - distributed.worker - INFO -                Memory:                   9.62 GiB
2025-09-03 13:15:39,124 - distributed.worker - INFO -       Local Directory: /jobfs/148618149.gadi-pbs/dask-scratch-space/worker-qbwb3wb_
2025-09-03 13:15:39,124 - distributed.worker - INFO - -------------------------------------------------
2025-09-03 13:15:39,128 - distributed.worker - INFO - Starting Worker plugin shuffle
2025-09-03 13:15:39,129 - distributed.worker - INFO -         Registered to:       tcp://10.6.81.1:8764
2025-09-03 13:15:39,129 - distributed.worker - INFO - -------------------------------------------------
2025-09-03 13:15:39,130 - distributed.core - INFO - Starting established connection to tcp://10.6.81.1:8764
2025-09-03 13:15:39,136 - distributed.worker - INFO - Starting Worker plugin shuffle
2025-09-03 13:15:39,136 - distributed.worker - INFO -         Registered to:       tcp://10.6.81.1:8764
2025-09-03 13:15:39,136 - distributed.worker - INFO - -------------------------------------------------
2025-09-03 13:15:39,137 - distributed.core - INFO - Starting established connection to tcp://10.6.81.1:8764
2025-09-03 13:15:39,139 - distributed.worker - INFO -       Start worker at:     tcp://10.6.83.37:43833
2025-09-03 13:15:39,139 - distributed.worker - INFO -          Listening to:     tcp://10.6.83.37:43833
2025-09-03 13:15:39,139 - distributed.worker - INFO -          dashboard at:           10.6.83.37:44707
2025-09-03 13:15:39,139 - distributed.worker - INFO - Waiting to connect to:       tcp://10.6.81.1:8764
2025-09-03 13:15:39,139 - distributed.worker - INFO - -------------------------------------------------
2025-09-03 13:15:39,139 - distributed.worker - INFO -               Threads:                          2
2025-09-03 13:15:39,139 - distributed.worker - INFO -                Memory:                   9.62 GiB
2025-09-03 13:15:39,139 - distributed.worker - INFO -       Local Directory: /jobfs/148618149.gadi-pbs/dask-scratch-space/worker-_0qy1tx7
2025-09-03 13:15:39,139 - distributed.worker - INFO - -------------------------------------------------
2025-09-03 13:15:39,143 - distributed.worker - INFO - Starting Worker plugin shuffle
2025-09-03 13:15:39,144 - distributed.worker - INFO -         Registered to:       tcp://10.6.81.1:8764
2025-09-03 13:15:39,144 - distributed.worker - INFO - -------------------------------------------------
2025-09-03 13:15:39,146 - distributed.core - INFO - Starting established connection to tcp://10.6.81.1:8764
2025-09-03 13:15:39,148 - distributed.worker - INFO - Starting Worker plugin shuffle
2025-09-03 13:15:39,149 - distributed.worker - INFO -         Registered to:       tcp://10.6.81.1:8764
2025-09-03 13:15:39,149 - distributed.worker - INFO - -------------------------------------------------
2025-09-03 13:15:39,151 - distributed.core - INFO - Starting established connection to tcp://10.6.81.1:8764
2025-09-03 13:15:39,153 - distributed.worker - INFO - Starting Worker plugin shuffle
2025-09-03 13:15:39,154 - distributed.worker - INFO -         Registered to:       tcp://10.6.81.1:8764
2025-09-03 13:15:39,155 - distributed.worker - INFO - -------------------------------------------------
2025-09-03 13:15:39,156 - distributed.core - INFO - Starting established connection to tcp://10.6.81.1:8764
2025-09-03 13:15:39,157 - distributed.worker - INFO - Starting Worker plugin shuffle
2025-09-03 13:15:39,158 - distributed.worker - INFO -         Registered to:       tcp://10.6.81.1:8764
2025-09-03 13:15:39,158 - distributed.worker - INFO - -------------------------------------------------
2025-09-03 13:15:39,159 - distributed.core - INFO - Starting established connection to tcp://10.6.81.1:8764
2025-09-03 13:15:39,162 - distributed.worker - INFO - Starting Worker plugin shuffle
2025-09-03 13:15:39,163 - distributed.worker - INFO -         Registered to:       tcp://10.6.81.1:8764
2025-09-03 13:15:39,163 - distributed.worker - INFO - -------------------------------------------------
2025-09-03 13:15:39,165 - distributed.core - INFO - Starting established connection to tcp://10.6.81.1:8764
2025-09-03 13:15:39,167 - distributed.worker - INFO - Starting Worker plugin shuffle
2025-09-03 13:15:39,168 - distributed.worker - INFO -         Registered to:       tcp://10.6.81.1:8764
2025-09-03 13:15:39,168 - distributed.worker - INFO - -------------------------------------------------
2025-09-03 13:15:39,170 - distributed.core - INFO - Starting established connection to tcp://10.6.81.1:8764
2025-09-03 13:15:39,173 - distributed.worker - INFO - Starting Worker plugin shuffle
2025-09-03 13:15:39,174 - distributed.worker - INFO -         Registered to:       tcp://10.6.81.1:8764
2025-09-03 13:15:39,174 - distributed.worker - INFO - -------------------------------------------------
2025-09-03 13:15:39,176 - distributed.core - INFO - Starting established connection to tcp://10.6.81.1:8764
2025-09-03 13:15:39,178 - distributed.worker - INFO - Starting Worker plugin shuffle
2025-09-03 13:15:39,179 - distributed.worker - INFO -         Registered to:       tcp://10.6.81.1:8764
2025-09-03 13:15:39,180 - distributed.worker - INFO - -------------------------------------------------
2025-09-03 13:15:39,181 - distributed.core - INFO - Starting established connection to tcp://10.6.81.1:8764
2025-09-03 13:15:39,183 - distributed.worker - INFO - Starting Worker plugin shuffle
2025-09-03 13:15:39,184 - distributed.worker - INFO -         Registered to:       tcp://10.6.81.1:8764
2025-09-03 13:15:39,184 - distributed.worker - INFO - -------------------------------------------------
2025-09-03 13:15:39,186 - distributed.core - INFO - Starting established connection to tcp://10.6.81.1:8764
2025-09-03 13:15:39,188 - distributed.worker - INFO - Starting Worker plugin shuffle
2025-09-03 13:15:39,190 - distributed.worker - INFO -         Registered to:       tcp://10.6.81.1:8764
2025-09-03 13:15:39,190 - distributed.worker - INFO - -------------------------------------------------
2025-09-03 13:15:39,191 - distributed.core - INFO - Starting established connection to tcp://10.6.81.1:8764
2025-09-03 13:15:39,193 - distributed.worker - INFO - Starting Worker plugin shuffle
2025-09-03 13:15:39,194 - distributed.worker - INFO -         Registered to:       tcp://10.6.81.1:8764
2025-09-03 13:15:39,194 - distributed.worker - INFO - -------------------------------------------------
2025-09-03 13:15:39,196 - distributed.core - INFO - Starting established connection to tcp://10.6.81.1:8764
2025-09-03 13:15:39,198 - distributed.worker - INFO - Starting Worker plugin shuffle
2025-09-03 13:15:39,199 - distributed.worker - INFO -         Registered to:       tcp://10.6.81.1:8764
2025-09-03 13:15:39,199 - distributed.worker - INFO - -------------------------------------------------
2025-09-03 13:15:39,201 - distributed.core - INFO - Starting established connection to tcp://10.6.81.1:8764
2025-09-03 13:15:39,203 - distributed.worker - INFO - Starting Worker plugin shuffle
2025-09-03 13:15:39,204 - distributed.worker - INFO -         Registered to:       tcp://10.6.81.1:8764
2025-09-03 13:15:39,204 - distributed.worker - INFO - -------------------------------------------------
2025-09-03 13:15:39,206 - distributed.core - INFO - Starting established connection to tcp://10.6.81.1:8764
2025-09-03 13:15:39,208 - distributed.worker - INFO - Starting Worker plugin shuffle
2025-09-03 13:15:39,209 - distributed.worker - INFO -         Registered to:       tcp://10.6.81.1:8764
2025-09-03 13:15:39,209 - distributed.worker - INFO - -------------------------------------------------
2025-09-03 13:15:39,211 - distributed.core - INFO - Starting established connection to tcp://10.6.81.1:8764
2025-09-03 13:15:39,213 - distributed.worker - INFO - Starting Worker plugin shuffle
2025-09-03 13:15:39,214 - distributed.worker - INFO -         Registered to:       tcp://10.6.81.1:8764
2025-09-03 13:15:39,214 - distributed.worker - INFO - -------------------------------------------------
2025-09-03 13:15:39,216 - distributed.core - INFO - Starting established connection to tcp://10.6.81.1:8764
2025-09-03 13:15:39,218 - distributed.worker - INFO - Starting Worker plugin shuffle
2025-09-03 13:15:39,219 - distributed.worker - INFO -         Registered to:       tcp://10.6.81.1:8764
2025-09-03 13:15:39,219 - distributed.worker - INFO - -------------------------------------------------
2025-09-03 13:15:39,221 - distributed.core - INFO - Starting established connection to tcp://10.6.81.1:8764
2025-09-03 13:15:39,223 - distributed.worker - INFO - Starting Worker plugin shuffle
2025-09-03 13:15:39,224 - distributed.worker - INFO -         Registered to:       tcp://10.6.81.1:8764
2025-09-03 13:15:39,224 - distributed.worker - INFO - -------------------------------------------------
2025-09-03 13:15:39,226 - distributed.core - INFO - Starting established connection to tcp://10.6.81.1:8764
2025-09-03 13:15:39,228 - distributed.worker - INFO - Starting Worker plugin shuffle
2025-09-03 13:15:39,229 - distributed.worker - INFO -         Registered to:       tcp://10.6.81.1:8764
2025-09-03 13:15:39,229 - distributed.worker - INFO - -------------------------------------------------
2025-09-03 13:15:39,230 - distributed.core - INFO - Starting established connection to tcp://10.6.81.1:8764
2025-09-03 13:15:39,247 - distributed.worker - INFO - Starting Worker plugin shuffle
2025-09-03 13:15:39,248 - distributed.worker - INFO -         Registered to:       tcp://10.6.81.1:8764
2025-09-03 13:15:39,248 - distributed.worker - INFO - -------------------------------------------------
2025-09-03 13:15:39,250 - distributed.core - INFO - Starting established connection to tcp://10.6.81.1:8764
2025-09-03 13:15:39,257 - distributed.worker - INFO -       Start worker at:     tcp://10.6.83.37:33231
2025-09-03 13:15:39,257 - distributed.worker - INFO -          Listening to:     tcp://10.6.83.37:33231
2025-09-03 13:15:39,257 - distributed.worker - INFO -          dashboard at:           10.6.83.37:45909
2025-09-03 13:15:39,257 - distributed.worker - INFO - Waiting to connect to:       tcp://10.6.81.1:8764
2025-09-03 13:15:39,257 - distributed.worker - INFO - -------------------------------------------------
2025-09-03 13:15:39,257 - distributed.worker - INFO -               Threads:                          2
2025-09-03 13:15:39,257 - distributed.worker - INFO -                Memory:                   9.62 GiB
2025-09-03 13:15:39,257 - distributed.worker - INFO -       Local Directory: /jobfs/148618149.gadi-pbs/dask-scratch-space/worker-5iyuk6n2
2025-09-03 13:15:39,257 - distributed.worker - INFO - -------------------------------------------------
2025-09-03 13:15:39,263 - distributed.worker - INFO -       Start worker at:     tcp://10.6.83.37:44455
2025-09-03 13:15:39,263 - distributed.worker - INFO -          Listening to:     tcp://10.6.83.37:44455
2025-09-03 13:15:39,263 - distributed.worker - INFO -          dashboard at:           10.6.83.37:46119
2025-09-03 13:15:39,263 - distributed.worker - INFO - Waiting to connect to:       tcp://10.6.81.1:8764
2025-09-03 13:15:39,263 - distributed.worker - INFO - -------------------------------------------------
2025-09-03 13:15:39,263 - distributed.worker - INFO -               Threads:                          2
2025-09-03 13:15:39,263 - distributed.worker - INFO -                Memory:                   9.62 GiB
2025-09-03 13:15:39,264 - distributed.worker - INFO -       Local Directory: /jobfs/148618149.gadi-pbs/dask-scratch-space/worker-kw2tm_ai
2025-09-03 13:15:39,264 - distributed.worker - INFO - -------------------------------------------------
2025-09-03 13:15:39,273 - distributed.worker - INFO - Starting Worker plugin shuffle
2025-09-03 13:15:39,274 - distributed.worker - INFO -         Registered to:       tcp://10.6.81.1:8764
2025-09-03 13:15:39,274 - distributed.worker - INFO - -------------------------------------------------
2025-09-03 13:15:39,274 - distributed.worker - INFO -       Start worker at:     tcp://10.6.83.37:33619
2025-09-03 13:15:39,274 - distributed.worker - INFO -          Listening to:     tcp://10.6.83.37:33619
2025-09-03 13:15:39,275 - distributed.worker - INFO -          dashboard at:           10.6.83.37:45037
2025-09-03 13:15:39,275 - distributed.worker - INFO - Waiting to connect to:       tcp://10.6.81.1:8764
2025-09-03 13:15:39,275 - distributed.worker - INFO - -------------------------------------------------
2025-09-03 13:15:39,275 - distributed.worker - INFO -               Threads:                          2
2025-09-03 13:15:39,275 - distributed.worker - INFO -                Memory:                   9.62 GiB
2025-09-03 13:15:39,275 - distributed.worker - INFO -       Start worker at:     tcp://10.6.83.37:46319
2025-09-03 13:15:39,275 - distributed.worker - INFO -       Local Directory: /jobfs/148618149.gadi-pbs/dask-scratch-space/worker-8hjwalew
2025-09-03 13:15:39,275 - distributed.worker - INFO -          Listening to:     tcp://10.6.83.37:46319
2025-09-03 13:15:39,275 - distributed.worker - INFO - -------------------------------------------------
2025-09-03 13:15:39,275 - distributed.worker - INFO -          dashboard at:           10.6.83.37:44457
2025-09-03 13:15:39,275 - distributed.worker - INFO - Waiting to connect to:       tcp://10.6.81.1:8764
2025-09-03 13:15:39,275 - distributed.worker - INFO - -------------------------------------------------
2025-09-03 13:15:39,275 - distributed.worker - INFO -               Threads:                          2
2025-09-03 13:15:39,275 - distributed.worker - INFO -                Memory:                   9.62 GiB
2025-09-03 13:15:39,275 - distributed.worker - INFO -       Local Directory: /jobfs/148618149.gadi-pbs/dask-scratch-space/worker-e0sdgi6t
2025-09-03 13:15:39,275 - distributed.worker - INFO - -------------------------------------------------
2025-09-03 13:15:39,276 - distributed.core - INFO - Starting established connection to tcp://10.6.81.1:8764
2025-09-03 13:15:39,278 - distributed.worker - INFO - Starting Worker plugin shuffle
2025-09-03 13:15:39,279 - distributed.worker - INFO -         Registered to:       tcp://10.6.81.1:8764
2025-09-03 13:15:39,279 - distributed.worker - INFO - -------------------------------------------------
2025-09-03 13:15:39,281 - distributed.core - INFO - Starting established connection to tcp://10.6.81.1:8764
2025-09-03 13:15:39,285 - distributed.worker - INFO -       Start worker at:     tcp://10.6.83.37:45985
2025-09-03 13:15:39,285 - distributed.worker - INFO -          Listening to:     tcp://10.6.83.37:45985
2025-09-03 13:15:39,285 - distributed.worker - INFO -          dashboard at:           10.6.83.37:46421
2025-09-03 13:15:39,285 - distributed.worker - INFO - Waiting to connect to:       tcp://10.6.81.1:8764
2025-09-03 13:15:39,285 - distributed.worker - INFO - -------------------------------------------------
2025-09-03 13:15:39,285 - distributed.worker - INFO -               Threads:                          2
2025-09-03 13:15:39,285 - distributed.worker - INFO -                Memory:                   9.62 GiB
2025-09-03 13:15:39,285 - distributed.worker - INFO -       Local Directory: /jobfs/148618149.gadi-pbs/dask-scratch-space/worker-c3n_ipl9
2025-09-03 13:15:39,285 - distributed.worker - INFO - -------------------------------------------------
2025-09-03 13:15:39,293 - distributed.worker - INFO -       Start worker at:     tcp://10.6.83.37:34503
2025-09-03 13:15:39,293 - distributed.worker - INFO -          Listening to:     tcp://10.6.83.37:34503
2025-09-03 13:15:39,293 - distributed.worker - INFO -          dashboard at:           10.6.83.37:43839
2025-09-03 13:15:39,293 - distributed.worker - INFO - Waiting to connect to:       tcp://10.6.81.1:8764
2025-09-03 13:15:39,293 - distributed.worker - INFO - -------------------------------------------------
2025-09-03 13:15:39,293 - distributed.worker - INFO -               Threads:                          2
2025-09-03 13:15:39,293 - distributed.worker - INFO -                Memory:                   9.62 GiB
2025-09-03 13:15:39,293 - distributed.worker - INFO -       Local Directory: /jobfs/148618149.gadi-pbs/dask-scratch-space/worker-658rxewk
2025-09-03 13:15:39,293 - distributed.worker - INFO - -------------------------------------------------
2025-09-03 13:15:39,306 - distributed.worker - INFO -       Start worker at:     tcp://10.6.83.37:35645
2025-09-03 13:15:39,306 - distributed.worker - INFO -          Listening to:     tcp://10.6.83.37:35645
2025-09-03 13:15:39,306 - distributed.worker - INFO -          dashboard at:           10.6.83.37:43287
2025-09-03 13:15:39,306 - distributed.worker - INFO - Waiting to connect to:       tcp://10.6.81.1:8764
2025-09-03 13:15:39,306 - distributed.worker - INFO - -------------------------------------------------
2025-09-03 13:15:39,306 - distributed.worker - INFO -               Threads:                          2
2025-09-03 13:15:39,306 - distributed.worker - INFO -                Memory:                   9.62 GiB
2025-09-03 13:15:39,306 - distributed.worker - INFO -       Local Directory: /jobfs/148618149.gadi-pbs/dask-scratch-space/worker-k5wmbdf4
2025-09-03 13:15:39,306 - distributed.worker - INFO - -------------------------------------------------
2025-09-03 13:15:39,313 - distributed.worker - INFO - Starting Worker plugin shuffle
2025-09-03 13:15:39,314 - distributed.worker - INFO -         Registered to:       tcp://10.6.81.1:8764
2025-09-03 13:15:39,314 - distributed.worker - INFO - -------------------------------------------------
2025-09-03 13:15:39,316 - distributed.core - INFO - Starting established connection to tcp://10.6.81.1:8764
2025-09-03 13:15:39,323 - distributed.worker - INFO - Starting Worker plugin shuffle
2025-09-03 13:15:39,324 - distributed.worker - INFO -         Registered to:       tcp://10.6.81.1:8764
2025-09-03 13:15:39,324 - distributed.worker - INFO - -------------------------------------------------
2025-09-03 13:15:39,326 - distributed.core - INFO - Starting established connection to tcp://10.6.81.1:8764
2025-09-03 13:15:39,332 - distributed.worker - INFO - Starting Worker plugin shuffle
2025-09-03 13:15:39,334 - distributed.worker - INFO -         Registered to:       tcp://10.6.81.1:8764
2025-09-03 13:15:39,334 - distributed.worker - INFO - -------------------------------------------------
2025-09-03 13:15:39,335 - distributed.core - INFO - Starting established connection to tcp://10.6.81.1:8764
2025-09-03 13:15:39,337 - distributed.worker - INFO - Starting Worker plugin shuffle
2025-09-03 13:15:39,339 - distributed.worker - INFO -         Registered to:       tcp://10.6.81.1:8764
2025-09-03 13:15:39,339 - distributed.worker - INFO - -------------------------------------------------
2025-09-03 13:15:39,339 - distributed.worker - INFO -       Start worker at:     tcp://10.6.83.37:42143
2025-09-03 13:15:39,339 - distributed.worker - INFO -       Start worker at:     tcp://10.6.83.37:45063
2025-09-03 13:15:39,339 - distributed.worker - INFO -          Listening to:     tcp://10.6.83.37:42143
2025-09-03 13:15:39,339 - distributed.worker - INFO -          Listening to:     tcp://10.6.83.37:45063
2025-09-03 13:15:39,339 - distributed.worker - INFO -          dashboard at:           10.6.83.37:40415
2025-09-03 13:15:39,339 - distributed.worker - INFO - Waiting to connect to:       tcp://10.6.81.1:8764
2025-09-03 13:15:39,339 - distributed.worker - INFO -          dashboard at:           10.6.83.37:34993
2025-09-03 13:15:39,339 - distributed.worker - INFO - -------------------------------------------------
2025-09-03 13:15:39,339 - distributed.worker - INFO - Waiting to connect to:       tcp://10.6.81.1:8764
2025-09-03 13:15:39,339 - distributed.worker - INFO -               Threads:                          2
2025-09-03 13:15:39,339 - distributed.worker - INFO - -------------------------------------------------
2025-09-03 13:15:39,339 - distributed.worker - INFO -                Memory:                   9.62 GiB
2025-09-03 13:15:39,339 - distributed.worker - INFO -               Threads:                          2
2025-09-03 13:15:39,340 - distributed.worker - INFO -                Memory:                   9.62 GiB
2025-09-03 13:15:39,340 - distributed.worker - INFO -       Local Directory: /jobfs/148618149.gadi-pbs/dask-scratch-space/worker-fl5oc_ct
2025-09-03 13:15:39,340 - distributed.worker - INFO -       Local Directory: /jobfs/148618149.gadi-pbs/dask-scratch-space/worker-jkc4cobu
2025-09-03 13:15:39,340 - distributed.worker - INFO - -------------------------------------------------
2025-09-03 13:15:39,340 - distributed.worker - INFO - -------------------------------------------------
2025-09-03 13:15:39,340 - distributed.core - INFO - Starting established connection to tcp://10.6.81.1:8764
2025-09-03 13:15:39,343 - distributed.worker - INFO -       Start worker at:     tcp://10.6.83.37:41409
2025-09-03 13:15:39,343 - distributed.worker - INFO -          Listening to:     tcp://10.6.83.37:41409
2025-09-03 13:15:39,343 - distributed.worker - INFO -          dashboard at:           10.6.83.37:35783
2025-09-03 13:15:39,343 - distributed.worker - INFO - Waiting to connect to:       tcp://10.6.81.1:8764
2025-09-03 13:15:39,343 - distributed.worker - INFO - -------------------------------------------------
2025-09-03 13:15:39,343 - distributed.worker - INFO -               Threads:                          2
2025-09-03 13:15:39,343 - distributed.worker - INFO -                Memory:                   9.62 GiB
2025-09-03 13:15:39,343 - distributed.worker - INFO -       Local Directory: /jobfs/148618149.gadi-pbs/dask-scratch-space/worker-bkhzmypo
2025-09-03 13:15:39,343 - distributed.worker - INFO - -------------------------------------------------
2025-09-03 13:15:39,344 - distributed.worker - INFO - Starting Worker plugin shuffle
2025-09-03 13:15:39,345 - distributed.worker - INFO -         Registered to:       tcp://10.6.81.1:8764
2025-09-03 13:15:39,345 - distributed.worker - INFO - -------------------------------------------------
2025-09-03 13:15:39,346 - distributed.worker - INFO -       Start worker at:     tcp://10.6.83.37:35321
2025-09-03 13:15:39,347 - distributed.worker - INFO -          Listening to:     tcp://10.6.83.37:35321
2025-09-03 13:15:39,347 - distributed.worker - INFO -          dashboard at:           10.6.83.37:39907
2025-09-03 13:15:39,347 - distributed.worker - INFO - Waiting to connect to:       tcp://10.6.81.1:8764
2025-09-03 13:15:39,347 - distributed.worker - INFO - -------------------------------------------------
2025-09-03 13:15:39,347 - distributed.worker - INFO -               Threads:                          2
2025-09-03 13:15:39,347 - distributed.worker - INFO -                Memory:                   9.62 GiB
2025-09-03 13:15:39,347 - distributed.worker - INFO -       Local Directory: /jobfs/148618149.gadi-pbs/dask-scratch-space/worker-ambp9tfr
2025-09-03 13:15:39,347 - distributed.worker - INFO - -------------------------------------------------
2025-09-03 13:15:39,347 - distributed.core - INFO - Starting established connection to tcp://10.6.81.1:8764
2025-09-03 13:15:39,353 - distributed.worker - INFO - Starting Worker plugin shuffle
2025-09-03 13:15:39,354 - distributed.worker - INFO -         Registered to:       tcp://10.6.81.1:8764
2025-09-03 13:15:39,355 - distributed.worker - INFO - -------------------------------------------------
2025-09-03 13:15:39,356 - distributed.core - INFO - Starting established connection to tcp://10.6.81.1:8764
2025-09-03 13:15:39,357 - distributed.worker - INFO -       Start worker at:     tcp://10.6.83.37:36095
2025-09-03 13:15:39,357 - distributed.worker - INFO -          Listening to:     tcp://10.6.83.37:36095
2025-09-03 13:15:39,357 - distributed.worker - INFO -          dashboard at:           10.6.83.37:35579
2025-09-03 13:15:39,357 - distributed.worker - INFO - Waiting to connect to:       tcp://10.6.81.1:8764
2025-09-03 13:15:39,357 - distributed.worker - INFO - -------------------------------------------------
2025-09-03 13:15:39,357 - distributed.worker - INFO -               Threads:                          2
2025-09-03 13:15:39,357 - distributed.worker - INFO -                Memory:                   9.62 GiB
2025-09-03 13:15:39,357 - distributed.worker - INFO -       Local Directory: /jobfs/148618149.gadi-pbs/dask-scratch-space/worker-gkixp_w2
2025-09-03 13:15:39,357 - distributed.worker - INFO - -------------------------------------------------
2025-09-03 13:15:39,363 - distributed.worker - INFO -       Start worker at:     tcp://10.6.83.37:34089
2025-09-03 13:15:39,363 - distributed.worker - INFO -          Listening to:     tcp://10.6.83.37:34089
2025-09-03 13:15:39,363 - distributed.worker - INFO -          dashboard at:           10.6.83.37:42503
2025-09-03 13:15:39,363 - distributed.worker - INFO - Waiting to connect to:       tcp://10.6.81.1:8764
2025-09-03 13:15:39,363 - distributed.worker - INFO - -------------------------------------------------
2025-09-03 13:15:39,363 - distributed.worker - INFO -               Threads:                          2
2025-09-03 13:15:39,363 - distributed.worker - INFO -                Memory:                   9.62 GiB
2025-09-03 13:15:39,363 - distributed.worker - INFO -       Local Directory: /jobfs/148618149.gadi-pbs/dask-scratch-space/worker-wbvugnao
2025-09-03 13:15:39,363 - distributed.worker - INFO - -------------------------------------------------
2025-09-03 13:15:39,379 - distributed.worker - INFO - Starting Worker plugin shuffle
2025-09-03 13:15:39,380 - distributed.worker - INFO -         Registered to:       tcp://10.6.81.1:8764
2025-09-03 13:15:39,380 - distributed.worker - INFO - -------------------------------------------------
2025-09-03 13:15:39,382 - distributed.core - INFO - Starting established connection to tcp://10.6.81.1:8764
2025-09-03 13:15:39,389 - distributed.worker - INFO - Starting Worker plugin shuffle
2025-09-03 13:15:39,389 - distributed.worker - INFO -         Registered to:       tcp://10.6.81.1:8764
2025-09-03 13:15:39,389 - distributed.worker - INFO - -------------------------------------------------
2025-09-03 13:15:39,391 - distributed.core - INFO - Starting established connection to tcp://10.6.81.1:8764
2025-09-03 13:15:39,394 - distributed.worker - INFO - Starting Worker plugin shuffle
2025-09-03 13:15:39,395 - distributed.worker - INFO -         Registered to:       tcp://10.6.81.1:8764
2025-09-03 13:15:39,395 - distributed.worker - INFO - -------------------------------------------------
2025-09-03 13:15:39,396 - distributed.core - INFO - Starting established connection to tcp://10.6.81.1:8764
2025-09-03 13:15:39,399 - distributed.worker - INFO - Starting Worker plugin shuffle
2025-09-03 13:15:39,400 - distributed.worker - INFO -         Registered to:       tcp://10.6.81.1:8764
2025-09-03 13:15:39,401 - distributed.worker - INFO - -------------------------------------------------
2025-09-03 13:15:39,402 - distributed.core - INFO - Starting established connection to tcp://10.6.81.1:8764
2025-09-03 13:15:39,404 - distributed.worker - INFO - Starting Worker plugin shuffle
2025-09-03 13:15:39,405 - distributed.worker - INFO -         Registered to:       tcp://10.6.81.1:8764
2025-09-03 13:15:39,405 - distributed.worker - INFO - -------------------------------------------------
2025-09-03 13:15:39,407 - distributed.core - INFO - Starting established connection to tcp://10.6.81.1:8764
2025-09-03 13:15:39,409 - distributed.worker - INFO - Starting Worker plugin shuffle
2025-09-03 13:15:39,410 - distributed.worker - INFO -         Registered to:       tcp://10.6.81.1:8764
2025-09-03 13:15:39,410 - distributed.worker - INFO - -------------------------------------------------
2025-09-03 13:15:39,411 - distributed.core - INFO - Starting established connection to tcp://10.6.81.1:8764
2025-09-03 13:15:39,414 - distributed.worker - INFO - Starting Worker plugin shuffle
2025-09-03 13:15:39,415 - distributed.worker - INFO -         Registered to:       tcp://10.6.81.1:8764
2025-09-03 13:15:39,415 - distributed.worker - INFO - -------------------------------------------------
2025-09-03 13:15:39,417 - distributed.core - INFO - Starting established connection to tcp://10.6.81.1:8764
2025-09-03 13:15:39,458 - distributed.worker - INFO -       Start worker at:     tcp://10.6.83.37:40813
2025-09-03 13:15:39,458 - distributed.worker - INFO -          Listening to:     tcp://10.6.83.37:40813
2025-09-03 13:15:39,458 - distributed.worker - INFO -          dashboard at:           10.6.83.37:46499
2025-09-03 13:15:39,458 - distributed.worker - INFO - Waiting to connect to:       tcp://10.6.81.1:8764
2025-09-03 13:15:39,458 - distributed.worker - INFO - -------------------------------------------------
2025-09-03 13:15:39,458 - distributed.worker - INFO -               Threads:                          2
2025-09-03 13:15:39,458 - distributed.worker - INFO -                Memory:                   9.62 GiB
2025-09-03 13:15:39,458 - distributed.worker - INFO -       Local Directory: /jobfs/148618149.gadi-pbs/dask-scratch-space/worker-dp517944
2025-09-03 13:15:39,458 - distributed.worker - INFO - -------------------------------------------------
2025-09-03 13:15:39,499 - distributed.worker - INFO -       Start worker at:     tcp://10.6.83.37:36097
2025-09-03 13:15:39,499 - distributed.worker - INFO -          Listening to:     tcp://10.6.83.37:36097
2025-09-03 13:15:39,499 - distributed.worker - INFO -          dashboard at:           10.6.83.37:43315
2025-09-03 13:15:39,499 - distributed.worker - INFO - Waiting to connect to:       tcp://10.6.81.1:8764
2025-09-03 13:15:39,499 - distributed.worker - INFO - -------------------------------------------------
2025-09-03 13:15:39,499 - distributed.worker - INFO -               Threads:                          2
2025-09-03 13:15:39,500 - distributed.worker - INFO -                Memory:                   9.62 GiB
2025-09-03 13:15:39,500 - distributed.worker - INFO -       Local Directory: /jobfs/148618149.gadi-pbs/dask-scratch-space/worker-dtl_i06v
2025-09-03 13:15:39,500 - distributed.worker - INFO - -------------------------------------------------
2025-09-03 13:15:39,512 - distributed.worker - INFO - Starting Worker plugin shuffle
2025-09-03 13:15:39,513 - distributed.worker - INFO -         Registered to:       tcp://10.6.81.1:8764
2025-09-03 13:15:39,514 - distributed.worker - INFO - -------------------------------------------------
2025-09-03 13:15:39,515 - distributed.core - INFO - Starting established connection to tcp://10.6.81.1:8764
2025-09-03 13:15:39,527 - distributed.worker - INFO - Starting Worker plugin shuffle
2025-09-03 13:15:39,528 - distributed.worker - INFO -         Registered to:       tcp://10.6.81.1:8764
2025-09-03 13:15:39,528 - distributed.worker - INFO - -------------------------------------------------
2025-09-03 13:15:39,529 - distributed.core - INFO - Starting established connection to tcp://10.6.81.1:8764
2025-09-03 13:15:39,548 - distributed.worker - INFO -       Start worker at:     tcp://10.6.83.37:33003
2025-09-03 13:15:39,548 - distributed.worker - INFO -          Listening to:     tcp://10.6.83.37:33003
2025-09-03 13:15:39,548 - distributed.worker - INFO -          dashboard at:           10.6.83.37:39537
2025-09-03 13:15:39,548 - distributed.worker - INFO - Waiting to connect to:       tcp://10.6.81.1:8764
2025-09-03 13:15:39,548 - distributed.worker - INFO - -------------------------------------------------
2025-09-03 13:15:39,548 - distributed.worker - INFO -               Threads:                          2
2025-09-03 13:15:39,548 - distributed.worker - INFO -                Memory:                   9.62 GiB
2025-09-03 13:15:39,548 - distributed.worker - INFO -       Local Directory: /jobfs/148618149.gadi-pbs/dask-scratch-space/worker-anonu6lh
2025-09-03 13:15:39,548 - distributed.worker - INFO - -------------------------------------------------
2025-09-03 13:15:39,551 - distributed.worker - INFO -       Start worker at:     tcp://10.6.83.37:45445
2025-09-03 13:15:39,552 - distributed.worker - INFO -          Listening to:     tcp://10.6.83.37:45445
2025-09-03 13:15:39,552 - distributed.worker - INFO -          dashboard at:           10.6.83.37:36889
2025-09-03 13:15:39,552 - distributed.worker - INFO - Waiting to connect to:       tcp://10.6.81.1:8764
2025-09-03 13:15:39,552 - distributed.worker - INFO - -------------------------------------------------
2025-09-03 13:15:39,552 - distributed.worker - INFO -               Threads:                          2
2025-09-03 13:15:39,552 - distributed.worker - INFO -                Memory:                   9.62 GiB
2025-09-03 13:15:39,552 - distributed.worker - INFO -       Local Directory: /jobfs/148618149.gadi-pbs/dask-scratch-space/worker-cksn_nmb
2025-09-03 13:15:39,552 - distributed.worker - INFO - -------------------------------------------------
2025-09-03 13:15:39,555 - distributed.worker - INFO -       Start worker at:     tcp://10.6.83.37:40725
2025-09-03 13:15:39,555 - distributed.worker - INFO -          Listening to:     tcp://10.6.83.37:40725
2025-09-03 13:15:39,555 - distributed.worker - INFO -          dashboard at:           10.6.83.37:35237
2025-09-03 13:15:39,555 - distributed.worker - INFO - Waiting to connect to:       tcp://10.6.81.1:8764
2025-09-03 13:15:39,555 - distributed.worker - INFO - -------------------------------------------------
2025-09-03 13:15:39,555 - distributed.worker - INFO -               Threads:                          2
2025-09-03 13:15:39,555 - distributed.worker - INFO -                Memory:                   9.62 GiB
2025-09-03 13:15:39,555 - distributed.worker - INFO -       Local Directory: /jobfs/148618149.gadi-pbs/dask-scratch-space/worker-67qzgs_c
2025-09-03 13:15:39,555 - distributed.worker - INFO - -------------------------------------------------
2025-09-03 13:15:39,559 - distributed.worker - INFO -       Start worker at:     tcp://10.6.83.37:37265
2025-09-03 13:15:39,559 - distributed.worker - INFO -          Listening to:     tcp://10.6.83.37:37265
2025-09-03 13:15:39,559 - distributed.worker - INFO -          dashboard at:           10.6.83.37:40851
2025-09-03 13:15:39,559 - distributed.worker - INFO - Waiting to connect to:       tcp://10.6.81.1:8764
2025-09-03 13:15:39,560 - distributed.worker - INFO - -------------------------------------------------
2025-09-03 13:15:39,560 - distributed.worker - INFO -               Threads:                          2
2025-09-03 13:15:39,560 - distributed.worker - INFO -                Memory:                   9.62 GiB
2025-09-03 13:15:39,560 - distributed.worker - INFO -       Local Directory: /jobfs/148618149.gadi-pbs/dask-scratch-space/worker-zlksoee5
2025-09-03 13:15:39,560 - distributed.worker - INFO - -------------------------------------------------
2025-09-03 13:15:39,561 - distributed.worker - INFO -       Start worker at:     tcp://10.6.83.37:43811
2025-09-03 13:15:39,561 - distributed.worker - INFO -          Listening to:     tcp://10.6.83.37:43811
2025-09-03 13:15:39,561 - distributed.worker - INFO -          dashboard at:           10.6.83.37:39211
2025-09-03 13:15:39,562 - distributed.worker - INFO - Waiting to connect to:       tcp://10.6.81.1:8764
2025-09-03 13:15:39,562 - distributed.worker - INFO - -------------------------------------------------
2025-09-03 13:15:39,562 - distributed.worker - INFO -               Threads:                          2
2025-09-03 13:15:39,562 - distributed.worker - INFO -                Memory:                   9.62 GiB
2025-09-03 13:15:39,562 - distributed.worker - INFO -       Local Directory: /jobfs/148618149.gadi-pbs/dask-scratch-space/worker-8wl9ngti
2025-09-03 13:15:39,562 - distributed.worker - INFO - -------------------------------------------------
2025-09-03 13:15:39,563 - distributed.worker - INFO -       Start worker at:     tcp://10.6.83.37:33767
2025-09-03 13:15:39,563 - distributed.worker - INFO -          Listening to:     tcp://10.6.83.37:33767
2025-09-03 13:15:39,563 - distributed.worker - INFO -          dashboard at:           10.6.83.37:33333
2025-09-03 13:15:39,563 - distributed.worker - INFO - Waiting to connect to:       tcp://10.6.81.1:8764
2025-09-03 13:15:39,563 - distributed.worker - INFO - -------------------------------------------------
2025-09-03 13:15:39,563 - distributed.worker - INFO -               Threads:                          2
2025-09-03 13:15:39,563 - distributed.worker - INFO -                Memory:                   9.62 GiB
2025-09-03 13:15:39,563 - distributed.worker - INFO -       Local Directory: /jobfs/148618149.gadi-pbs/dask-scratch-space/worker-17uewy0b
2025-09-03 13:15:39,563 - distributed.worker - INFO - -------------------------------------------------
2025-09-03 13:15:39,569 - distributed.worker - INFO - Starting Worker plugin shuffle
2025-09-03 13:15:39,570 - distributed.worker - INFO -         Registered to:       tcp://10.6.81.1:8764
2025-09-03 13:15:39,570 - distributed.worker - INFO - -------------------------------------------------
2025-09-03 13:15:39,570 - distributed.core - INFO - Starting established connection to tcp://10.6.81.1:8764
2025-09-03 13:15:39,573 - distributed.worker - INFO -       Start worker at:     tcp://10.6.83.37:43493
2025-09-03 13:15:39,573 - distributed.worker - INFO -          Listening to:     tcp://10.6.83.37:43493
2025-09-03 13:15:39,573 - distributed.worker - INFO -          dashboard at:           10.6.83.37:46833
2025-09-03 13:15:39,573 - distributed.worker - INFO - Waiting to connect to:       tcp://10.6.81.1:8764
2025-09-03 13:15:39,573 - distributed.worker - INFO - -------------------------------------------------
2025-09-03 13:15:39,573 - distributed.worker - INFO -               Threads:                          2
2025-09-03 13:15:39,573 - distributed.worker - INFO -                Memory:                   9.62 GiB
2025-09-03 13:15:39,573 - distributed.worker - INFO -       Local Directory: /jobfs/148618149.gadi-pbs/dask-scratch-space/worker-jsri0ytc
2025-09-03 13:15:39,573 - distributed.worker - INFO - -------------------------------------------------
2025-09-03 13:15:39,577 - distributed.worker - INFO -       Start worker at:     tcp://10.6.83.37:36189
2025-09-03 13:15:39,577 - distributed.worker - INFO -          Listening to:     tcp://10.6.83.37:36189
2025-09-03 13:15:39,577 - distributed.worker - INFO -          dashboard at:           10.6.83.37:44013
2025-09-03 13:15:39,577 - distributed.worker - INFO - Waiting to connect to:       tcp://10.6.81.1:8764
2025-09-03 13:15:39,577 - distributed.worker - INFO - -------------------------------------------------
2025-09-03 13:15:39,577 - distributed.worker - INFO -               Threads:                          2
2025-09-03 13:15:39,577 - distributed.worker - INFO -                Memory:                   9.62 GiB
2025-09-03 13:15:39,577 - distributed.worker - INFO -       Local Directory: /jobfs/148618149.gadi-pbs/dask-scratch-space/worker-frc8mccl
2025-09-03 13:15:39,577 - distributed.worker - INFO - -------------------------------------------------
2025-09-03 13:15:39,582 - distributed.worker - INFO - Starting Worker plugin shuffle
2025-09-03 13:15:39,584 - distributed.worker - INFO -         Registered to:       tcp://10.6.81.1:8764
2025-09-03 13:15:39,584 - distributed.worker - INFO - -------------------------------------------------
2025-09-03 13:15:39,585 - distributed.core - INFO - Starting established connection to tcp://10.6.81.1:8764
2025-09-03 13:15:39,589 - distributed.worker - INFO -       Start worker at:     tcp://10.6.83.37:38691
2025-09-03 13:15:39,589 - distributed.worker - INFO -          Listening to:     tcp://10.6.83.37:38691
2025-09-03 13:15:39,589 - distributed.worker - INFO -          dashboard at:           10.6.83.37:39275
2025-09-03 13:15:39,589 - distributed.worker - INFO - Waiting to connect to:       tcp://10.6.81.1:8764
2025-09-03 13:15:39,589 - distributed.worker - INFO - -------------------------------------------------
2025-09-03 13:15:39,589 - distributed.worker - INFO -               Threads:                          2
2025-09-03 13:15:39,589 - distributed.worker - INFO -                Memory:                   9.62 GiB
2025-09-03 13:15:39,589 - distributed.worker - INFO -       Local Directory: /jobfs/148618149.gadi-pbs/dask-scratch-space/worker-zi9pi5az
2025-09-03 13:15:39,589 - distributed.worker - INFO - -------------------------------------------------
2025-09-03 13:15:39,590 - distributed.worker - INFO - Starting Worker plugin shuffle
2025-09-03 13:15:39,591 - distributed.worker - INFO -         Registered to:       tcp://10.6.81.1:8764
2025-09-03 13:15:39,591 - distributed.worker - INFO - -------------------------------------------------
2025-09-03 13:15:39,592 - distributed.core - INFO - Starting established connection to tcp://10.6.81.1:8764
2025-09-03 13:15:39,596 - distributed.worker - INFO -       Start worker at:     tcp://10.6.83.37:45267
2025-09-03 13:15:39,596 - distributed.worker - INFO -          Listening to:     tcp://10.6.83.37:45267
2025-09-03 13:15:39,596 - distributed.worker - INFO -          dashboard at:           10.6.83.37:38045
2025-09-03 13:15:39,596 - distributed.worker - INFO - Waiting to connect to:       tcp://10.6.81.1:8764
2025-09-03 13:15:39,596 - distributed.worker - INFO - -------------------------------------------------
2025-09-03 13:15:39,596 - distributed.worker - INFO -               Threads:                          2
2025-09-03 13:15:39,596 - distributed.worker - INFO -                Memory:                   9.62 GiB
2025-09-03 13:15:39,596 - distributed.worker - INFO -       Local Directory: /jobfs/148618149.gadi-pbs/dask-scratch-space/worker-x7istdcg
2025-09-03 13:15:39,596 - distributed.worker - INFO - -------------------------------------------------
2025-09-03 13:15:39,597 - distributed.worker - INFO - Starting Worker plugin shuffle
2025-09-03 13:15:39,597 - distributed.worker - INFO -       Start worker at:     tcp://10.6.83.37:46813
2025-09-03 13:15:39,597 - distributed.worker - INFO -          Listening to:     tcp://10.6.83.37:46813
2025-09-03 13:15:39,597 - distributed.worker - INFO -          dashboard at:           10.6.83.37:33681
2025-09-03 13:15:39,597 - distributed.worker - INFO - Waiting to connect to:       tcp://10.6.81.1:8764
2025-09-03 13:15:39,597 - distributed.worker - INFO - -------------------------------------------------
2025-09-03 13:15:39,597 - distributed.worker - INFO -               Threads:                          2
2025-09-03 13:15:39,597 - distributed.worker - INFO -                Memory:                   9.62 GiB
2025-09-03 13:15:39,597 - distributed.worker - INFO -       Local Directory: /jobfs/148618149.gadi-pbs/dask-scratch-space/worker-h1he97ib
2025-09-03 13:15:39,597 - distributed.worker - INFO - -------------------------------------------------
2025-09-03 13:15:39,598 - distributed.worker - INFO -         Registered to:       tcp://10.6.81.1:8764
2025-09-03 13:15:39,598 - distributed.worker - INFO - -------------------------------------------------
2025-09-03 13:15:39,600 - distributed.core - INFO - Starting established connection to tcp://10.6.81.1:8764
2025-09-03 13:15:39,603 - distributed.worker - INFO - Starting Worker plugin shuffle
2025-09-03 13:15:39,604 - distributed.worker - INFO -         Registered to:       tcp://10.6.81.1:8764
2025-09-03 13:15:39,604 - distributed.worker - INFO - -------------------------------------------------
2025-09-03 13:15:39,604 - distributed.worker - INFO -       Start worker at:     tcp://10.6.83.37:40145
2025-09-03 13:15:39,605 - distributed.worker - INFO -          Listening to:     tcp://10.6.83.37:40145
2025-09-03 13:15:39,605 - distributed.worker - INFO -          dashboard at:           10.6.83.37:41175
2025-09-03 13:15:39,605 - distributed.worker - INFO - Waiting to connect to:       tcp://10.6.81.1:8764
2025-09-03 13:15:39,605 - distributed.worker - INFO - -------------------------------------------------
2025-09-03 13:15:39,605 - distributed.worker - INFO -               Threads:                          2
2025-09-03 13:15:39,605 - distributed.worker - INFO -                Memory:                   9.62 GiB
2025-09-03 13:15:39,605 - distributed.worker - INFO -       Local Directory: /jobfs/148618149.gadi-pbs/dask-scratch-space/worker-mfr6gl14
2025-09-03 13:15:39,605 - distributed.worker - INFO - -------------------------------------------------
2025-09-03 13:15:39,605 - distributed.core - INFO - Starting established connection to tcp://10.6.81.1:8764
2025-09-03 13:15:39,609 - distributed.worker - INFO - Starting Worker plugin shuffle
2025-09-03 13:15:39,610 - distributed.worker - INFO -       Start worker at:     tcp://10.6.83.37:39877
2025-09-03 13:15:39,610 - distributed.worker - INFO -          Listening to:     tcp://10.6.83.37:39877
2025-09-03 13:15:39,610 - distributed.worker - INFO -          dashboard at:           10.6.83.37:40685
2025-09-03 13:15:39,610 - distributed.worker - INFO - Waiting to connect to:       tcp://10.6.81.1:8764
2025-09-03 13:15:39,610 - distributed.worker - INFO - -------------------------------------------------
2025-09-03 13:15:39,610 - distributed.worker - INFO -               Threads:                          2
2025-09-03 13:15:39,610 - distributed.worker - INFO -                Memory:                   9.62 GiB
2025-09-03 13:15:39,610 - distributed.worker - INFO -       Local Directory: /jobfs/148618149.gadi-pbs/dask-scratch-space/worker-a928k8h1
2025-09-03 13:15:39,610 - distributed.worker - INFO -         Registered to:       tcp://10.6.81.1:8764
2025-09-03 13:15:39,610 - distributed.worker - INFO - -------------------------------------------------
2025-09-03 13:15:39,610 - distributed.worker - INFO - -------------------------------------------------
2025-09-03 13:15:39,612 - distributed.core - INFO - Starting established connection to tcp://10.6.81.1:8764
2025-09-03 13:15:39,616 - distributed.worker - INFO -       Start worker at:     tcp://10.6.83.37:33599
2025-09-03 13:15:39,617 - distributed.worker - INFO -          Listening to:     tcp://10.6.83.37:33599
2025-09-03 13:15:39,617 - distributed.worker - INFO -          dashboard at:           10.6.83.37:43083
2025-09-03 13:15:39,617 - distributed.worker - INFO - Waiting to connect to:       tcp://10.6.81.1:8764
2025-09-03 13:15:39,617 - distributed.worker - INFO - -------------------------------------------------
2025-09-03 13:15:39,617 - distributed.worker - INFO -               Threads:                          2
2025-09-03 13:15:39,617 - distributed.worker - INFO -                Memory:                   9.62 GiB
2025-09-03 13:15:39,617 - distributed.worker - INFO -       Local Directory: /jobfs/148618149.gadi-pbs/dask-scratch-space/worker-fu2gyvjk
2025-09-03 13:15:39,617 - distributed.worker - INFO - -------------------------------------------------
2025-09-03 13:15:39,621 - distributed.worker - INFO - Starting Worker plugin shuffle
2025-09-03 13:15:39,621 - distributed.worker - INFO -         Registered to:       tcp://10.6.81.1:8764
2025-09-03 13:15:39,621 - distributed.worker - INFO - -------------------------------------------------
2025-09-03 13:15:39,622 - distributed.core - INFO - Starting established connection to tcp://10.6.81.1:8764
2025-09-03 13:15:39,627 - distributed.worker - INFO - Starting Worker plugin shuffle
2025-09-03 13:15:39,627 - distributed.worker - INFO -         Registered to:       tcp://10.6.81.1:8764
2025-09-03 13:15:39,627 - distributed.worker - INFO - -------------------------------------------------
2025-09-03 13:15:39,628 - distributed.core - INFO - Starting established connection to tcp://10.6.81.1:8764
2025-09-03 13:15:39,633 - distributed.worker - INFO - Starting Worker plugin shuffle
2025-09-03 13:15:39,634 - distributed.worker - INFO -         Registered to:       tcp://10.6.81.1:8764
2025-09-03 13:15:39,634 - distributed.worker - INFO - -------------------------------------------------
2025-09-03 13:15:39,636 - distributed.core - INFO - Starting established connection to tcp://10.6.81.1:8764
2025-09-03 13:15:39,638 - distributed.worker - INFO - Starting Worker plugin shuffle
2025-09-03 13:15:39,639 - distributed.worker - INFO -         Registered to:       tcp://10.6.81.1:8764
2025-09-03 13:15:39,639 - distributed.worker - INFO - -------------------------------------------------
2025-09-03 13:15:39,641 - distributed.core - INFO - Starting established connection to tcp://10.6.81.1:8764
2025-09-03 13:15:39,643 - distributed.worker - INFO - Starting Worker plugin shuffle
2025-09-03 13:15:39,644 - distributed.worker - INFO -         Registered to:       tcp://10.6.81.1:8764
2025-09-03 13:15:39,644 - distributed.worker - INFO - -------------------------------------------------
2025-09-03 13:15:39,646 - distributed.core - INFO - Starting established connection to tcp://10.6.81.1:8764
2025-09-03 13:15:39,648 - distributed.worker - INFO - Starting Worker plugin shuffle
2025-09-03 13:15:39,649 - distributed.worker - INFO -         Registered to:       tcp://10.6.81.1:8764
2025-09-03 13:15:39,649 - distributed.worker - INFO - -------------------------------------------------
2025-09-03 13:15:39,651 - distributed.core - INFO - Starting established connection to tcp://10.6.81.1:8764
2025-09-03 13:15:39,653 - distributed.worker - INFO - Starting Worker plugin shuffle
2025-09-03 13:15:39,654 - distributed.worker - INFO -         Registered to:       tcp://10.6.81.1:8764
2025-09-03 13:15:39,655 - distributed.worker - INFO - -------------------------------------------------
2025-09-03 13:15:39,656 - distributed.core - INFO - Starting established connection to tcp://10.6.81.1:8764
2025-09-03 13:15:39,660 - distributed.worker - INFO - Starting Worker plugin shuffle
2025-09-03 13:15:39,661 - distributed.worker - INFO -         Registered to:       tcp://10.6.81.1:8764
2025-09-03 13:15:39,661 - distributed.worker - INFO - -------------------------------------------------
2025-09-03 13:15:39,663 - distributed.core - INFO - Starting established connection to tcp://10.6.81.1:8764
2025-09-03 13:16:21,919 - distributed.worker - INFO - Starting Worker plugin qme_utils.py04885534-db08-480f-9f19-cf8332e985ae
2025-09-03 13:16:21,919 - distributed.worker - INFO - Starting Worker plugin qme_utils.py04885534-db08-480f-9f19-cf8332e985ae
2025-09-03 13:16:21,919 - distributed.worker - INFO - Starting Worker plugin qme_utils.py04885534-db08-480f-9f19-cf8332e985ae
2025-09-03 13:16:21,919 - distributed.worker - INFO - Starting Worker plugin qme_utils.py04885534-db08-480f-9f19-cf8332e985ae
2025-09-03 13:16:21,919 - distributed.worker - INFO - Starting Worker plugin qme_utils.py04885534-db08-480f-9f19-cf8332e985ae
2025-09-03 13:16:21,920 - distributed.worker - INFO - Starting Worker plugin qme_utils.py04885534-db08-480f-9f19-cf8332e985ae
2025-09-03 13:16:21,920 - distributed.worker - INFO - Starting Worker plugin qme_utils.py04885534-db08-480f-9f19-cf8332e985ae
2025-09-03 13:16:21,920 - distributed.worker - INFO - Starting Worker plugin qme_utils.py04885534-db08-480f-9f19-cf8332e985ae
2025-09-03 13:16:21,920 - distributed.worker - INFO - Starting Worker plugin qme_utils.py04885534-db08-480f-9f19-cf8332e985ae
2025-09-03 13:16:21,920 - distributed.worker - INFO - Starting Worker plugin qme_utils.py04885534-db08-480f-9f19-cf8332e985ae
2025-09-03 13:16:21,920 - distributed.worker - INFO - Starting Worker plugin qme_utils.py04885534-db08-480f-9f19-cf8332e985ae
2025-09-03 13:16:21,921 - distributed.worker - INFO - Starting Worker plugin qme_utils.py04885534-db08-480f-9f19-cf8332e985ae
2025-09-03 13:16:21,921 - distributed.utils - INFO - Reload module qme_utils from .py file
2025-09-03 13:16:21,921 - distributed.worker - INFO - Starting Worker plugin qme_utils.py04885534-db08-480f-9f19-cf8332e985ae
2025-09-03 13:16:21,921 - distributed.worker - INFO - Starting Worker plugin qme_utils.py04885534-db08-480f-9f19-cf8332e985ae
2025-09-03 13:16:21,921 - distributed.worker - INFO - Starting Worker plugin qme_utils.py04885534-db08-480f-9f19-cf8332e985ae
2025-09-03 13:16:21,921 - distributed.worker - INFO - Starting Worker plugin qme_utils.py04885534-db08-480f-9f19-cf8332e985ae
2025-09-03 13:16:21,921 - distributed.worker - INFO - Starting Worker plugin qme_utils.py04885534-db08-480f-9f19-cf8332e985ae
2025-09-03 13:16:21,921 - distributed.worker - INFO - Starting Worker plugin qme_utils.py04885534-db08-480f-9f19-cf8332e985ae
2025-09-03 13:16:21,921 - distributed.utils - INFO - Reload module qme_utils from .py file
2025-09-03 13:16:21,921 - distributed.worker - INFO - Starting Worker plugin qme_utils.py04885534-db08-480f-9f19-cf8332e985ae
2025-09-03 13:16:21,921 - distributed.worker - INFO - Starting Worker plugin qme_utils.py04885534-db08-480f-9f19-cf8332e985ae
2025-09-03 13:16:21,922 - distributed.utils - INFO - Reload module qme_utils from .py file
2025-09-03 13:16:21,922 - distributed.utils - INFO - Reload module qme_utils from .py file
2025-09-03 13:16:21,922 - distributed.utils - INFO - Reload module qme_utils from .py file
2025-09-03 13:16:21,922 - distributed.utils - INFO - Reload module qme_utils from .py file
2025-09-03 13:16:21,922 - distributed.worker - INFO - Starting Worker plugin qme_utils.py04885534-db08-480f-9f19-cf8332e985ae
2025-09-03 13:16:21,922 - distributed.worker - INFO - Starting Worker plugin qme_utils.py04885534-db08-480f-9f19-cf8332e985ae
2025-09-03 13:16:21,922 - distributed.worker - INFO - Starting Worker plugin qme_utils.py04885534-db08-480f-9f19-cf8332e985ae
2025-09-03 13:16:21,922 - distributed.worker - INFO - Starting Worker plugin qme_utils.py04885534-db08-480f-9f19-cf8332e985ae
2025-09-03 13:16:21,923 - distributed.utils - INFO - Reload module qme_utils from .py file
2025-09-03 13:16:21,923 - distributed.utils - INFO - Reload module qme_utils from .py file
2025-09-03 13:16:21,923 - distributed.utils - INFO - Reload module qme_utils from .py file
2025-09-03 13:16:21,923 - distributed.worker - INFO - Starting Worker plugin qme_utils.py04885534-db08-480f-9f19-cf8332e985ae
2025-09-03 13:16:21,923 - distributed.worker - INFO - Starting Worker plugin qme_utils.py04885534-db08-480f-9f19-cf8332e985ae
2025-09-03 13:16:21,922 - distributed.worker - INFO - Starting Worker plugin qme_utils.py04885534-db08-480f-9f19-cf8332e985ae
2025-09-03 13:16:21,923 - distributed.worker - INFO - Starting Worker plugin qme_utils.py04885534-db08-480f-9f19-cf8332e985ae
2025-09-03 13:16:21,923 - distributed.worker - INFO - Starting Worker plugin qme_utils.py04885534-db08-480f-9f19-cf8332e985ae
2025-09-03 13:16:21,923 - distributed.utils - INFO - Reload module qme_utils from .py file
2025-09-03 13:16:21,923 - distributed.worker - INFO - Starting Worker plugin qme_utils.py04885534-db08-480f-9f19-cf8332e985ae
2025-09-03 13:16:21,923 - distributed.worker - INFO - Starting Worker plugin qme_utils.py04885534-db08-480f-9f19-cf8332e985ae
2025-09-03 13:16:21,923 - distributed.utils - INFO - Reload module qme_utils from .py file
2025-09-03 13:16:21,923 - distributed.utils - INFO - Reload module qme_utils from .py file
2025-09-03 13:16:21,923 - distributed.worker - INFO - Starting Worker plugin qme_utils.py04885534-db08-480f-9f19-cf8332e985ae
2025-09-03 13:16:21,923 - distributed.worker - INFO - Starting Worker plugin qme_utils.py04885534-db08-480f-9f19-cf8332e985ae
2025-09-03 13:16:21,924 - distributed.utils - INFO - Reload module qme_utils from .py file
2025-09-03 13:16:21,924 - distributed.utils - INFO - Reload module qme_utils from .py file
2025-09-03 13:16:21,923 - distributed.worker - INFO - Starting Worker plugin qme_utils.py04885534-db08-480f-9f19-cf8332e985ae
2025-09-03 13:16:21,924 - distributed.worker - INFO - Starting Worker plugin qme_utils.py04885534-db08-480f-9f19-cf8332e985ae
2025-09-03 13:16:21,924 - distributed.utils - INFO - Reload module qme_utils from .py file
2025-09-03 13:16:21,922 - distributed.worker - INFO - Starting Worker plugin qme_utils.py04885534-db08-480f-9f19-cf8332e985ae
2025-09-03 13:16:21,924 - distributed.worker - INFO - Starting Worker plugin qme_utils.py04885534-db08-480f-9f19-cf8332e985ae
2025-09-03 13:16:21,924 - distributed.utils - INFO - Reload module qme_utils from .py file
2025-09-03 13:16:21,924 - distributed.worker - INFO - Starting Worker plugin qme_utils.py04885534-db08-480f-9f19-cf8332e985ae
2025-09-03 13:16:21,924 - distributed.utils - INFO - Reload module qme_utils from .py file
2025-09-03 13:16:21,924 - distributed.utils - INFO - Reload module qme_utils from .py file
2025-09-03 13:16:21,924 - distributed.worker - INFO - Starting Worker plugin qme_utils.py04885534-db08-480f-9f19-cf8332e985ae
2025-09-03 13:16:21,924 - distributed.worker - INFO - Starting Worker plugin qme_utils.py04885534-db08-480f-9f19-cf8332e985ae
2025-09-03 13:16:21,924 - distributed.worker - INFO - Starting Worker plugin qme_utils.py04885534-db08-480f-9f19-cf8332e985ae
2025-09-03 13:16:21,924 - distributed.utils - INFO - Reload module qme_utils from .py file
2025-09-03 13:16:21,924 - distributed.utils - INFO - Reload module qme_utils from .py file
2025-09-03 13:16:21,923 - distributed.worker - INFO - Starting Worker plugin qme_utils.py04885534-db08-480f-9f19-cf8332e985ae
2025-09-03 13:16:21,925 - distributed.worker - INFO - Starting Worker plugin qme_utils.py04885534-db08-480f-9f19-cf8332e985ae
2025-09-03 13:16:21,925 - distributed.worker - INFO - Starting Worker plugin qme_utils.py04885534-db08-480f-9f19-cf8332e985ae
2025-09-03 13:16:21,925 - distributed.utils - INFO - Reload module qme_utils from .py file
2025-09-03 13:16:21,925 - distributed.utils - INFO - Reload module qme_utils from .py file
2025-09-03 13:16:21,925 - distributed.utils - INFO - Reload module qme_utils from .py file
2025-09-03 13:16:21,925 - distributed.utils - INFO - Reload module qme_utils from .py file
2025-09-03 13:16:21,925 - distributed.worker - INFO - Starting Worker plugin qme_utils.py04885534-db08-480f-9f19-cf8332e985ae
2025-09-03 13:16:21,926 - distributed.utils - INFO - Reload module qme_utils from .py file
2025-09-03 13:16:21,926 - distributed.utils - INFO - Reload module qme_utils from .py file
2025-09-03 13:16:21,926 - distributed.utils - INFO - Reload module qme_utils from .py file
2025-09-03 13:16:21,924 - distributed.worker - INFO - Starting Worker plugin qme_utils.py04885534-db08-480f-9f19-cf8332e985ae
2025-09-03 13:16:21,926 - distributed.utils - INFO - Reload module qme_utils from .py file
2025-09-03 13:16:21,926 - distributed.utils - INFO - Reload module qme_utils from .py file
2025-09-03 13:16:21,927 - distributed.utils - INFO - Reload module qme_utils from .py file
2025-09-03 13:16:21,927 - distributed.utils - INFO - Reload module qme_utils from .py file
2025-09-03 13:16:21,927 - distributed.utils - INFO - Reload module qme_utils from .py file
2025-09-03 13:16:21,927 - distributed.utils - INFO - Reload module qme_utils from .py file
2025-09-03 13:16:21,928 - distributed.utils - INFO - Reload module qme_utils from .py file
2025-09-03 13:16:21,928 - distributed.utils - INFO - Reload module qme_utils from .py file
2025-09-03 13:16:21,926 - distributed.worker - INFO - Starting Worker plugin qme_utils.py04885534-db08-480f-9f19-cf8332e985ae
2025-09-03 13:16:21,928 - distributed.utils - INFO - Reload module qme_utils from .py file
2025-09-03 13:16:21,928 - distributed.utils - INFO - Reload module qme_utils from .py file
2025-09-03 13:16:21,928 - distributed.utils - INFO - Reload module qme_utils from .py file
2025-09-03 13:16:21,928 - distributed.utils - INFO - Reload module qme_utils from .py file
2025-09-03 13:16:21,926 - distributed.worker - INFO - Starting Worker plugin qme_utils.py04885534-db08-480f-9f19-cf8332e985ae
2025-09-03 13:16:21,928 - distributed.utils - INFO - Reload module qme_utils from .py file
2025-09-03 13:16:21,927 - distributed.worker - INFO - Starting Worker plugin qme_utils.py04885534-db08-480f-9f19-cf8332e985ae
2025-09-03 13:16:21,927 - distributed.worker - INFO - Starting Worker plugin qme_utils.py04885534-db08-480f-9f19-cf8332e985ae
2025-09-03 13:16:21,927 - distributed.worker - INFO - Starting Worker plugin qme_utils.py04885534-db08-480f-9f19-cf8332e985ae
2025-09-03 13:16:21,928 - distributed.worker - INFO - Starting Worker plugin qme_utils.py04885534-db08-480f-9f19-cf8332e985ae
2025-09-03 13:16:21,930 - distributed.utils - INFO - Reload module qme_utils from .py file
2025-09-03 13:16:21,931 - distributed.utils - INFO - Reload module qme_utils from .py file
2025-09-03 13:16:21,933 - distributed.utils - INFO - Reload module qme_utils from .py file
2025-09-03 13:16:21,934 - distributed.utils - INFO - Reload module qme_utils from .py file
2025-09-03 13:16:21,934 - distributed.utils - INFO - Reload module qme_utils from .py file
2025-09-03 13:16:21,935 - distributed.utils - INFO - Reload module qme_utils from .py file
2025-09-03 13:16:21,935 - distributed.utils - INFO - Reload module qme_utils from .py file
2025-09-03 13:16:21,934 - distributed.utils - INFO - Reload module qme_utils from .py file
2025-09-03 13:16:21,936 - distributed.utils - INFO - Reload module qme_utils from .py file
2025-09-03 13:16:21,938 - distributed.utils - INFO - Reload module qme_utils from .py file
2025-09-03 13:16:21,938 - distributed.utils - INFO - Reload module qme_utils from .py file
2025-09-03 13:16:21,939 - distributed.utils - INFO - Reload module qme_utils from .py file
2025-09-03 13:16:25,598 - distributed.worker - INFO - Starting Worker plugin qme_vars.pyb6dc7e9b-31e5-4dec-80e5-d3053119e5b3
2025-09-03 13:16:25,598 - distributed.worker - INFO - Starting Worker plugin qme_vars.pyb6dc7e9b-31e5-4dec-80e5-d3053119e5b3
2025-09-03 13:16:25,598 - distributed.worker - INFO - Starting Worker plugin qme_vars.pyb6dc7e9b-31e5-4dec-80e5-d3053119e5b3
2025-09-03 13:16:25,599 - distributed.worker - INFO - Starting Worker plugin qme_vars.pyb6dc7e9b-31e5-4dec-80e5-d3053119e5b3
2025-09-03 13:16:25,599 - distributed.worker - INFO - Starting Worker plugin qme_vars.pyb6dc7e9b-31e5-4dec-80e5-d3053119e5b3
2025-09-03 13:16:25,599 - distributed.worker - INFO - Starting Worker plugin qme_vars.pyb6dc7e9b-31e5-4dec-80e5-d3053119e5b3
2025-09-03 13:16:25,599 - distributed.worker - INFO - Starting Worker plugin qme_vars.pyb6dc7e9b-31e5-4dec-80e5-d3053119e5b3
2025-09-03 13:16:25,599 - distributed.worker - INFO - Starting Worker plugin qme_vars.pyb6dc7e9b-31e5-4dec-80e5-d3053119e5b3
2025-09-03 13:16:25,599 - distributed.worker - INFO - Starting Worker plugin qme_vars.pyb6dc7e9b-31e5-4dec-80e5-d3053119e5b3
2025-09-03 13:16:25,599 - distributed.worker - INFO - Starting Worker plugin qme_vars.pyb6dc7e9b-31e5-4dec-80e5-d3053119e5b3
2025-09-03 13:16:25,599 - distributed.worker - INFO - Starting Worker plugin qme_vars.pyb6dc7e9b-31e5-4dec-80e5-d3053119e5b3
2025-09-03 13:16:25,599 - distributed.worker - INFO - Starting Worker plugin qme_vars.pyb6dc7e9b-31e5-4dec-80e5-d3053119e5b3
2025-09-03 13:16:25,600 - distributed.worker - INFO - Starting Worker plugin qme_vars.pyb6dc7e9b-31e5-4dec-80e5-d3053119e5b3
2025-09-03 13:16:25,600 - distributed.worker - INFO - Starting Worker plugin qme_vars.pyb6dc7e9b-31e5-4dec-80e5-d3053119e5b3
2025-09-03 13:16:25,600 - distributed.worker - INFO - Starting Worker plugin qme_vars.pyb6dc7e9b-31e5-4dec-80e5-d3053119e5b3
2025-09-03 13:16:25,600 - distributed.worker - INFO - Starting Worker plugin qme_vars.pyb6dc7e9b-31e5-4dec-80e5-d3053119e5b3
2025-09-03 13:16:25,600 - distributed.worker - INFO - Starting Worker plugin qme_vars.pyb6dc7e9b-31e5-4dec-80e5-d3053119e5b3
2025-09-03 13:16:25,600 - distributed.worker - INFO - Starting Worker plugin qme_vars.pyb6dc7e9b-31e5-4dec-80e5-d3053119e5b3
2025-09-03 13:16:25,600 - distributed.worker - INFO - Starting Worker plugin qme_vars.pyb6dc7e9b-31e5-4dec-80e5-d3053119e5b3
2025-09-03 13:16:25,601 - distributed.utils - INFO - Reload module qme_vars from .py file
2025-09-03 13:16:25,601 - distributed.worker - INFO - Starting Worker plugin qme_vars.pyb6dc7e9b-31e5-4dec-80e5-d3053119e5b3
2025-09-03 13:16:25,601 - distributed.worker - INFO - Starting Worker plugin qme_vars.pyb6dc7e9b-31e5-4dec-80e5-d3053119e5b3
2025-09-03 13:16:25,601 - distributed.utils - INFO - Reload module qme_vars from .py file
2025-09-03 13:16:25,601 - distributed.utils - INFO - Reload module qme_vars from .py file
2025-09-03 13:16:25,601 - distributed.worker - INFO - Starting Worker plugin qme_vars.pyb6dc7e9b-31e5-4dec-80e5-d3053119e5b3
2025-09-03 13:16:25,601 - distributed.worker - INFO - Starting Worker plugin qme_vars.pyb6dc7e9b-31e5-4dec-80e5-d3053119e5b3
2025-09-03 13:16:25,601 - distributed.worker - INFO - Starting Worker plugin qme_vars.pyb6dc7e9b-31e5-4dec-80e5-d3053119e5b3
2025-09-03 13:16:25,602 - distributed.utils - INFO - Reload module qme_vars from .py file
2025-09-03 13:16:25,601 - distributed.worker - INFO - Starting Worker plugin qme_vars.pyb6dc7e9b-31e5-4dec-80e5-d3053119e5b3
2025-09-03 13:16:25,602 - distributed.utils - INFO - Reload module qme_vars from .py file
2025-09-03 13:16:25,601 - distributed.worker - INFO - Starting Worker plugin qme_vars.pyb6dc7e9b-31e5-4dec-80e5-d3053119e5b3
2025-09-03 13:16:25,602 - distributed.utils - INFO - Reload module qme_vars from .py file
2025-09-03 13:16:25,601 - distributed.worker - INFO - Starting Worker plugin qme_vars.pyb6dc7e9b-31e5-4dec-80e5-d3053119e5b3
2025-09-03 13:16:25,601 - distributed.worker - INFO - Starting Worker plugin qme_vars.pyb6dc7e9b-31e5-4dec-80e5-d3053119e5b3
2025-09-03 13:16:25,602 - distributed.utils - INFO - Reload module qme_vars from .py file
2025-09-03 13:16:25,601 - distributed.worker - INFO - Starting Worker plugin qme_vars.pyb6dc7e9b-31e5-4dec-80e5-d3053119e5b3
2025-09-03 13:16:25,602 - distributed.utils - INFO - Reload module qme_vars from .py file
2025-09-03 13:16:25,602 - distributed.utils - INFO - Reload module qme_vars from .py file
2025-09-03 13:16:25,602 - distributed.worker - INFO - Starting Worker plugin qme_vars.pyb6dc7e9b-31e5-4dec-80e5-d3053119e5b3
2025-09-03 13:16:25,602 - distributed.utils - INFO - Reload module qme_vars from .py file
2025-09-03 13:16:25,602 - distributed.worker - INFO - Starting Worker plugin qme_vars.pyb6dc7e9b-31e5-4dec-80e5-d3053119e5b3
2025-09-03 13:16:25,602 - distributed.worker - INFO - Starting Worker plugin qme_vars.pyb6dc7e9b-31e5-4dec-80e5-d3053119e5b3
2025-09-03 13:16:25,602 - distributed.utils - INFO - Reload module qme_vars from .py file
2025-09-03 13:16:25,601 - distributed.worker - INFO - Starting Worker plugin qme_vars.pyb6dc7e9b-31e5-4dec-80e5-d3053119e5b3
2025-09-03 13:16:25,603 - distributed.utils - INFO - Reload module qme_vars from .py file
2025-09-03 13:16:25,603 - distributed.utils - INFO - Reload module qme_vars from .py file
2025-09-03 13:16:25,603 - distributed.utils - INFO - Reload module qme_vars from .py file
2025-09-03 13:16:25,603 - distributed.utils - INFO - Reload module qme_vars from .py file
2025-09-03 13:16:25,600 - distributed.worker - INFO - Starting Worker plugin qme_vars.pyb6dc7e9b-31e5-4dec-80e5-d3053119e5b3
2025-09-03 13:16:25,602 - distributed.worker - INFO - Starting Worker plugin qme_vars.pyb6dc7e9b-31e5-4dec-80e5-d3053119e5b3
2025-09-03 13:16:25,602 - distributed.worker - INFO - Starting Worker plugin qme_vars.pyb6dc7e9b-31e5-4dec-80e5-d3053119e5b3
2025-09-03 13:16:25,603 - distributed.utils - INFO - Reload module qme_vars from .py file
2025-09-03 13:16:25,602 - distributed.worker - INFO - Starting Worker plugin qme_vars.pyb6dc7e9b-31e5-4dec-80e5-d3053119e5b3
2025-09-03 13:16:25,603 - distributed.utils - INFO - Reload module qme_vars from .py file
2025-09-03 13:16:25,602 - distributed.worker - INFO - Starting Worker plugin qme_vars.pyb6dc7e9b-31e5-4dec-80e5-d3053119e5b3
2025-09-03 13:16:25,601 - distributed.worker - INFO - Starting Worker plugin qme_vars.pyb6dc7e9b-31e5-4dec-80e5-d3053119e5b3
2025-09-03 13:16:25,603 - distributed.worker - INFO - Starting Worker plugin qme_vars.pyb6dc7e9b-31e5-4dec-80e5-d3053119e5b3
2025-09-03 13:16:25,602 - distributed.worker - INFO - Starting Worker plugin qme_vars.pyb6dc7e9b-31e5-4dec-80e5-d3053119e5b3
2025-09-03 13:16:25,603 - distributed.worker - INFO - Starting Worker plugin qme_vars.pyb6dc7e9b-31e5-4dec-80e5-d3053119e5b3
2025-09-03 13:16:25,603 - distributed.utils - INFO - Reload module qme_vars from .py file
2025-09-03 13:16:25,603 - distributed.utils - INFO - Reload module qme_vars from .py file
2025-09-03 13:16:25,603 - distributed.worker - INFO - Starting Worker plugin qme_vars.pyb6dc7e9b-31e5-4dec-80e5-d3053119e5b3
2025-09-03 13:16:25,603 - distributed.worker - INFO - Starting Worker plugin qme_vars.pyb6dc7e9b-31e5-4dec-80e5-d3053119e5b3
2025-09-03 13:16:25,604 - distributed.utils - INFO - Reload module qme_vars from .py file
2025-09-03 13:16:25,603 - distributed.worker - INFO - Starting Worker plugin qme_vars.pyb6dc7e9b-31e5-4dec-80e5-d3053119e5b3
2025-09-03 13:16:25,603 - distributed.utils - INFO - Reload module qme_vars from .py file
2025-09-03 13:16:25,603 - distributed.worker - INFO - Starting Worker plugin qme_vars.pyb6dc7e9b-31e5-4dec-80e5-d3053119e5b3
2025-09-03 13:16:25,604 - distributed.utils - INFO - Reload module qme_vars from .py file
2025-09-03 13:16:25,603 - distributed.worker - INFO - Starting Worker plugin qme_vars.pyb6dc7e9b-31e5-4dec-80e5-d3053119e5b3
2025-09-03 13:16:25,604 - distributed.utils - INFO - Reload module qme_vars from .py file
2025-09-03 13:16:25,604 - distributed.worker - INFO - Starting Worker plugin qme_vars.pyb6dc7e9b-31e5-4dec-80e5-d3053119e5b3
2025-09-03 13:16:25,604 - distributed.utils - INFO - Reload module qme_vars from .py file
2025-09-03 13:16:25,604 - distributed.worker - INFO - Starting Worker plugin qme_vars.pyb6dc7e9b-31e5-4dec-80e5-d3053119e5b3
2025-09-03 13:16:25,604 - distributed.worker - INFO - Starting Worker plugin qme_vars.pyb6dc7e9b-31e5-4dec-80e5-d3053119e5b3
2025-09-03 13:16:25,604 - distributed.utils - INFO - Reload module qme_vars from .py file
2025-09-03 13:16:25,604 - distributed.utils - INFO - Reload module qme_vars from .py file
2025-09-03 13:16:25,604 - distributed.utils - INFO - Reload module qme_vars from .py file
2025-09-03 13:16:25,604 - distributed.utils - INFO - Reload module qme_vars from .py file
2025-09-03 13:16:25,605 - distributed.utils - INFO - Reload module qme_vars from .py file
2025-09-03 13:16:25,605 - distributed.utils - INFO - Reload module qme_vars from .py file
2025-09-03 13:16:25,605 - distributed.utils - INFO - Reload module qme_vars from .py file
2025-09-03 13:16:25,604 - distributed.worker - INFO - Starting Worker plugin qme_vars.pyb6dc7e9b-31e5-4dec-80e5-d3053119e5b3
2025-09-03 13:16:25,605 - distributed.utils - INFO - Reload module qme_vars from .py file
2025-09-03 13:16:25,604 - distributed.worker - INFO - Starting Worker plugin qme_vars.pyb6dc7e9b-31e5-4dec-80e5-d3053119e5b3
2025-09-03 13:16:25,605 - distributed.utils - INFO - Reload module qme_vars from .py file
2025-09-03 13:16:25,606 - distributed.utils - INFO - Reload module qme_vars from .py file
2025-09-03 13:16:25,606 - distributed.utils - INFO - Reload module qme_vars from .py file
2025-09-03 13:16:25,606 - distributed.utils - INFO - Reload module qme_vars from .py file
2025-09-03 13:16:25,606 - distributed.utils - INFO - Reload module qme_vars from .py file
2025-09-03 13:16:25,606 - distributed.utils - INFO - Reload module qme_vars from .py file
2025-09-03 13:16:25,606 - distributed.utils - INFO - Reload module qme_vars from .py file
2025-09-03 13:16:25,606 - distributed.utils - INFO - Reload module qme_vars from .py file
2025-09-03 13:16:25,607 - distributed.utils - INFO - Reload module qme_vars from .py file
2025-09-03 13:16:25,607 - distributed.utils - INFO - Reload module qme_vars from .py file
2025-09-03 13:16:25,607 - distributed.utils - INFO - Reload module qme_vars from .py file
2025-09-03 13:16:25,607 - distributed.utils - INFO - Reload module qme_vars from .py file
2025-09-03 13:16:25,607 - distributed.utils - INFO - Reload module qme_vars from .py file
2025-09-03 13:16:25,607 - distributed.utils - INFO - Reload module qme_vars from .py file
2025-09-03 13:16:25,607 - distributed.utils - INFO - Reload module qme_vars from .py file
2025-09-03 13:16:25,607 - distributed.utils - INFO - Reload module qme_vars from .py file
2025-09-03 13:16:25,607 - distributed.utils - INFO - Reload module qme_vars from .py file
2025-09-03 13:16:25,607 - distributed.utils - INFO - Reload module qme_vars from .py file
2025-09-03 13:16:25,608 - distributed.utils - INFO - Reload module qme_vars from .py file
2025-09-03 13:16:25,608 - distributed.utils - INFO - Reload module qme_vars from .py file
2025-09-03 13:16:27,045 - distributed.worker - INFO - Starting Worker plugin qme_train.py5a10009d-56a8-4689-a04c-aa3714b9a1e1
2025-09-03 13:16:27,045 - distributed.worker - INFO - Starting Worker plugin qme_train.py5a10009d-56a8-4689-a04c-aa3714b9a1e1
2025-09-03 13:16:27,045 - distributed.worker - INFO - Starting Worker plugin qme_train.py5a10009d-56a8-4689-a04c-aa3714b9a1e1
2025-09-03 13:16:27,046 - distributed.worker - INFO - Starting Worker plugin qme_train.py5a10009d-56a8-4689-a04c-aa3714b9a1e1
2025-09-03 13:16:27,046 - distributed.worker - INFO - Starting Worker plugin qme_train.py5a10009d-56a8-4689-a04c-aa3714b9a1e1
2025-09-03 13:16:27,046 - distributed.worker - INFO - Starting Worker plugin qme_train.py5a10009d-56a8-4689-a04c-aa3714b9a1e1
2025-09-03 13:16:27,046 - distributed.worker - INFO - Starting Worker plugin qme_train.py5a10009d-56a8-4689-a04c-aa3714b9a1e1
2025-09-03 13:16:27,046 - distributed.worker - INFO - Starting Worker plugin qme_train.py5a10009d-56a8-4689-a04c-aa3714b9a1e1
2025-09-03 13:16:27,046 - distributed.worker - INFO - Starting Worker plugin qme_train.py5a10009d-56a8-4689-a04c-aa3714b9a1e1
2025-09-03 13:16:27,046 - distributed.worker - INFO - Starting Worker plugin qme_train.py5a10009d-56a8-4689-a04c-aa3714b9a1e1
2025-09-03 13:16:27,046 - distributed.worker - INFO - Starting Worker plugin qme_train.py5a10009d-56a8-4689-a04c-aa3714b9a1e1
2025-09-03 13:16:27,046 - distributed.worker - INFO - Starting Worker plugin qme_train.py5a10009d-56a8-4689-a04c-aa3714b9a1e1
2025-09-03 13:16:27,047 - distributed.worker - INFO - Starting Worker plugin qme_train.py5a10009d-56a8-4689-a04c-aa3714b9a1e1
2025-09-03 13:16:27,047 - distributed.worker - INFO - Starting Worker plugin qme_train.py5a10009d-56a8-4689-a04c-aa3714b9a1e1
2025-09-03 13:16:27,047 - distributed.worker - INFO - Starting Worker plugin qme_train.py5a10009d-56a8-4689-a04c-aa3714b9a1e1
2025-09-03 13:16:27,047 - distributed.worker - INFO - Starting Worker plugin qme_train.py5a10009d-56a8-4689-a04c-aa3714b9a1e1
2025-09-03 13:16:27,047 - distributed.worker - INFO - Starting Worker plugin qme_train.py5a10009d-56a8-4689-a04c-aa3714b9a1e1
2025-09-03 13:16:27,047 - distributed.worker - INFO - Starting Worker plugin qme_train.py5a10009d-56a8-4689-a04c-aa3714b9a1e1
2025-09-03 13:16:27,047 - distributed.worker - INFO - Starting Worker plugin qme_train.py5a10009d-56a8-4689-a04c-aa3714b9a1e1
2025-09-03 13:16:27,047 - distributed.worker - INFO - Starting Worker plugin qme_train.py5a10009d-56a8-4689-a04c-aa3714b9a1e1
2025-09-03 13:16:27,047 - distributed.worker - INFO - Starting Worker plugin qme_train.py5a10009d-56a8-4689-a04c-aa3714b9a1e1
2025-09-03 13:16:27,048 - distributed.worker - INFO - Starting Worker plugin qme_train.py5a10009d-56a8-4689-a04c-aa3714b9a1e1
2025-09-03 13:16:27,048 - distributed.worker - INFO - Starting Worker plugin qme_train.py5a10009d-56a8-4689-a04c-aa3714b9a1e1
2025-09-03 13:16:27,048 - distributed.worker - INFO - Starting Worker plugin qme_train.py5a10009d-56a8-4689-a04c-aa3714b9a1e1
2025-09-03 13:16:27,048 - distributed.worker - INFO - Starting Worker plugin qme_train.py5a10009d-56a8-4689-a04c-aa3714b9a1e1
2025-09-03 13:16:27,048 - distributed.worker - INFO - Starting Worker plugin qme_train.py5a10009d-56a8-4689-a04c-aa3714b9a1e1
2025-09-03 13:16:27,048 - distributed.worker - INFO - Starting Worker plugin qme_train.py5a10009d-56a8-4689-a04c-aa3714b9a1e1
2025-09-03 13:16:27,048 - distributed.worker - INFO - Starting Worker plugin qme_train.py5a10009d-56a8-4689-a04c-aa3714b9a1e1
2025-09-03 13:16:27,048 - distributed.worker - INFO - Starting Worker plugin qme_train.py5a10009d-56a8-4689-a04c-aa3714b9a1e1
2025-09-03 13:16:27,048 - distributed.worker - INFO - Starting Worker plugin qme_train.py5a10009d-56a8-4689-a04c-aa3714b9a1e1
2025-09-03 13:16:27,049 - distributed.worker - INFO - Starting Worker plugin qme_train.py5a10009d-56a8-4689-a04c-aa3714b9a1e1
2025-09-03 13:16:27,049 - distributed.worker - INFO - Starting Worker plugin qme_train.py5a10009d-56a8-4689-a04c-aa3714b9a1e1
2025-09-03 13:16:27,049 - distributed.worker - INFO - Starting Worker plugin qme_train.py5a10009d-56a8-4689-a04c-aa3714b9a1e1
2025-09-03 13:16:27,049 - distributed.worker - INFO - Starting Worker plugin qme_train.py5a10009d-56a8-4689-a04c-aa3714b9a1e1
2025-09-03 13:16:27,049 - distributed.worker - INFO - Starting Worker plugin qme_train.py5a10009d-56a8-4689-a04c-aa3714b9a1e1
2025-09-03 13:16:27,049 - distributed.worker - INFO - Starting Worker plugin qme_train.py5a10009d-56a8-4689-a04c-aa3714b9a1e1
2025-09-03 13:16:27,049 - distributed.worker - INFO - Starting Worker plugin qme_train.py5a10009d-56a8-4689-a04c-aa3714b9a1e1
2025-09-03 13:16:27,049 - distributed.utils - INFO - Reload module qme_train from .py file
2025-09-03 13:16:27,050 - distributed.worker - INFO - Starting Worker plugin qme_train.py5a10009d-56a8-4689-a04c-aa3714b9a1e1
2025-09-03 13:16:27,050 - distributed.worker - INFO - Starting Worker plugin qme_train.py5a10009d-56a8-4689-a04c-aa3714b9a1e1
2025-09-03 13:16:27,050 - distributed.utils - INFO - Reload module qme_train from .py file
2025-09-03 13:16:27,050 - distributed.worker - INFO - Starting Worker plugin qme_train.py5a10009d-56a8-4689-a04c-aa3714b9a1e1
2025-09-03 13:16:27,050 - distributed.utils - INFO - Reload module qme_train from .py file
2025-09-03 13:16:27,050 - distributed.utils - INFO - Reload module qme_train from .py file
2025-09-03 13:16:27,050 - distributed.utils - INFO - Reload module qme_train from .py file
2025-09-03 13:16:27,050 - distributed.worker - INFO - Starting Worker plugin qme_train.py5a10009d-56a8-4689-a04c-aa3714b9a1e1
2025-09-03 13:16:27,050 - distributed.worker - INFO - Starting Worker plugin qme_train.py5a10009d-56a8-4689-a04c-aa3714b9a1e1
2025-09-03 13:16:27,050 - distributed.worker - INFO - Starting Worker plugin qme_train.py5a10009d-56a8-4689-a04c-aa3714b9a1e1
2025-09-03 13:16:27,050 - distributed.worker - INFO - Starting Worker plugin qme_train.py5a10009d-56a8-4689-a04c-aa3714b9a1e1
2025-09-03 13:16:27,050 - distributed.utils - INFO - Reload module qme_train from .py file
2025-09-03 13:16:27,050 - distributed.worker - INFO - Starting Worker plugin qme_train.py5a10009d-56a8-4689-a04c-aa3714b9a1e1
2025-09-03 13:16:27,050 - distributed.worker - INFO - Starting Worker plugin qme_train.py5a10009d-56a8-4689-a04c-aa3714b9a1e1
2025-09-03 13:16:27,050 - distributed.worker - INFO - Starting Worker plugin qme_train.py5a10009d-56a8-4689-a04c-aa3714b9a1e1
2025-09-03 13:16:27,051 - distributed.worker - INFO - Starting Worker plugin qme_train.py5a10009d-56a8-4689-a04c-aa3714b9a1e1
2025-09-03 13:16:27,051 - distributed.worker - INFO - Starting Worker plugin qme_train.py5a10009d-56a8-4689-a04c-aa3714b9a1e1
2025-09-03 13:16:27,051 - distributed.worker - INFO - Starting Worker plugin qme_train.py5a10009d-56a8-4689-a04c-aa3714b9a1e1
2025-09-03 13:16:27,051 - distributed.utils - INFO - Reload module qme_train from .py file
2025-09-03 13:16:27,051 - distributed.worker - INFO - Starting Worker plugin qme_train.py5a10009d-56a8-4689-a04c-aa3714b9a1e1
2025-09-03 13:16:27,051 - distributed.worker - INFO - Starting Worker plugin qme_train.py5a10009d-56a8-4689-a04c-aa3714b9a1e1
2025-09-03 13:16:27,051 - distributed.utils - INFO - Reload module qme_train from .py file
2025-09-03 13:16:27,051 - distributed.utils - INFO - Reload module qme_train from .py file
2025-09-03 13:16:27,051 - distributed.utils - INFO - Reload module qme_train from .py file
2025-09-03 13:16:27,051 - distributed.utils - INFO - Reload module qme_train from .py file
2025-09-03 13:16:27,052 - distributed.utils - INFO - Reload module qme_train from .py file
2025-09-03 13:16:27,052 - distributed.utils - INFO - Reload module qme_train from .py file
2025-09-03 13:16:27,052 - distributed.utils - INFO - Reload module qme_train from .py file
2025-09-03 13:16:27,052 - distributed.utils - INFO - Reload module qme_train from .py file
2025-09-03 13:16:27,052 - distributed.utils - INFO - Reload module qme_train from .py file
2025-09-03 13:16:27,052 - distributed.utils - INFO - Reload module qme_train from .py file
2025-09-03 13:16:27,052 - distributed.utils - INFO - Reload module qme_train from .py file
2025-09-03 13:16:27,053 - distributed.utils - INFO - Reload module qme_train from .py file
2025-09-03 13:16:27,053 - distributed.utils - INFO - Reload module qme_train from .py file
2025-09-03 13:16:27,053 - distributed.utils - INFO - Reload module qme_train from .py file
2025-09-03 13:16:27,053 - distributed.utils - INFO - Reload module qme_train from .py file
2025-09-03 13:16:27,053 - distributed.utils - INFO - Reload module qme_train from .py file
2025-09-03 13:16:27,053 - distributed.utils - INFO - Reload module qme_train from .py file
2025-09-03 13:16:27,053 - distributed.utils - INFO - Reload module qme_train from .py file
2025-09-03 13:16:27,053 - distributed.utils - INFO - Reload module qme_train from .py file
2025-09-03 13:16:27,053 - distributed.utils - INFO - Reload module qme_train from .py file
2025-09-03 13:16:27,054 - distributed.utils - INFO - Reload module qme_train from .py file
2025-09-03 13:16:27,054 - distributed.utils - INFO - Reload module qme_train from .py file
2025-09-03 13:16:27,054 - distributed.utils - INFO - Reload module qme_train from .py file
2025-09-03 13:16:27,054 - distributed.utils - INFO - Reload module qme_train from .py file
2025-09-03 13:16:27,054 - distributed.utils - INFO - Reload module qme_train from .py file
2025-09-03 13:16:27,054 - distributed.utils - INFO - Reload module qme_train from .py file
2025-09-03 13:16:27,054 - distributed.utils - INFO - Reload module qme_train from .py file
2025-09-03 13:16:27,054 - distributed.utils - INFO - Reload module qme_train from .py file
2025-09-03 13:16:27,054 - distributed.utils - INFO - Reload module qme_train from .py file
2025-09-03 13:16:27,054 - distributed.utils - INFO - Reload module qme_train from .py file
2025-09-03 13:16:27,054 - distributed.utils - INFO - Reload module qme_train from .py file
2025-09-03 13:16:27,054 - distributed.utils - INFO - Reload module qme_train from .py file
2025-09-03 13:16:27,054 - distributed.utils - INFO - Reload module qme_train from .py file
2025-09-03 13:16:27,054 - distributed.utils - INFO - Reload module qme_train from .py file
2025-09-03 13:16:27,054 - distributed.utils - INFO - Reload module qme_train from .py file
2025-09-03 13:16:27,054 - distributed.utils - INFO - Reload module qme_train from .py file
2025-09-03 13:16:27,054 - distributed.utils - INFO - Reload module qme_train from .py file
2025-09-03 13:16:27,054 - distributed.utils - INFO - Reload module qme_train from .py file
2025-09-03 13:16:27,055 - distributed.utils - INFO - Reload module qme_train from .py file
2025-09-03 13:16:27,055 - distributed.utils - INFO - Reload module qme_train from .py file
2025-09-03 13:16:27,055 - distributed.utils - INFO - Reload module qme_train from .py file
2025-09-03 13:16:27,055 - distributed.utils - INFO - Reload module qme_train from .py file
2025-09-03 13:16:27,055 - distributed.utils - INFO - Reload module qme_train from .py file
2025-09-03 13:16:27,055 - distributed.utils - INFO - Reload module qme_train from .py file
2025-09-03 13:16:27,055 - distributed.utils - INFO - Reload module qme_train from .py file
2025-09-03 13:16:28,492 - distributed.worker - INFO - Starting Worker plugin qme_apply.py3a1d306b-9a77-46f4-8620-bf79068eeac7
2025-09-03 13:16:28,493 - distributed.worker - INFO - Starting Worker plugin qme_apply.py3a1d306b-9a77-46f4-8620-bf79068eeac7
2025-09-03 13:16:28,493 - distributed.worker - INFO - Starting Worker plugin qme_apply.py3a1d306b-9a77-46f4-8620-bf79068eeac7
2025-09-03 13:16:28,493 - distributed.worker - INFO - Starting Worker plugin qme_apply.py3a1d306b-9a77-46f4-8620-bf79068eeac7
2025-09-03 13:16:28,493 - distributed.worker - INFO - Starting Worker plugin qme_apply.py3a1d306b-9a77-46f4-8620-bf79068eeac7
2025-09-03 13:16:28,493 - distributed.worker - INFO - Starting Worker plugin qme_apply.py3a1d306b-9a77-46f4-8620-bf79068eeac7
2025-09-03 13:16:28,493 - distributed.worker - INFO - Starting Worker plugin qme_apply.py3a1d306b-9a77-46f4-8620-bf79068eeac7
2025-09-03 13:16:28,494 - distributed.worker - INFO - Starting Worker plugin qme_apply.py3a1d306b-9a77-46f4-8620-bf79068eeac7
2025-09-03 13:16:28,494 - distributed.worker - INFO - Starting Worker plugin qme_apply.py3a1d306b-9a77-46f4-8620-bf79068eeac7
2025-09-03 13:16:28,494 - distributed.worker - INFO - Starting Worker plugin qme_apply.py3a1d306b-9a77-46f4-8620-bf79068eeac7
2025-09-03 13:16:28,494 - distributed.worker - INFO - Starting Worker plugin qme_apply.py3a1d306b-9a77-46f4-8620-bf79068eeac7
2025-09-03 13:16:28,494 - distributed.worker - INFO - Starting Worker plugin qme_apply.py3a1d306b-9a77-46f4-8620-bf79068eeac7
2025-09-03 13:16:28,494 - distributed.worker - INFO - Starting Worker plugin qme_apply.py3a1d306b-9a77-46f4-8620-bf79068eeac7
2025-09-03 13:16:28,494 - distributed.worker - INFO - Starting Worker plugin qme_apply.py3a1d306b-9a77-46f4-8620-bf79068eeac7
2025-09-03 13:16:28,494 - distributed.worker - INFO - Starting Worker plugin qme_apply.py3a1d306b-9a77-46f4-8620-bf79068eeac7
2025-09-03 13:16:28,494 - distributed.worker - INFO - Starting Worker plugin qme_apply.py3a1d306b-9a77-46f4-8620-bf79068eeac7
2025-09-03 13:16:28,494 - distributed.worker - INFO - Starting Worker plugin qme_apply.py3a1d306b-9a77-46f4-8620-bf79068eeac7
2025-09-03 13:16:28,494 - distributed.worker - INFO - Starting Worker plugin qme_apply.py3a1d306b-9a77-46f4-8620-bf79068eeac7
2025-09-03 13:16:28,495 - distributed.worker - INFO - Starting Worker plugin qme_apply.py3a1d306b-9a77-46f4-8620-bf79068eeac7
2025-09-03 13:16:28,495 - distributed.worker - INFO - Starting Worker plugin qme_apply.py3a1d306b-9a77-46f4-8620-bf79068eeac7
2025-09-03 13:16:28,495 - distributed.utils - INFO - Reload module qme_apply from .py file
2025-09-03 13:16:28,495 - distributed.worker - INFO - Starting Worker plugin qme_apply.py3a1d306b-9a77-46f4-8620-bf79068eeac7
2025-09-03 13:16:28,495 - distributed.worker - INFO - Starting Worker plugin qme_apply.py3a1d306b-9a77-46f4-8620-bf79068eeac7
2025-09-03 13:16:28,495 - distributed.worker - INFO - Starting Worker plugin qme_apply.py3a1d306b-9a77-46f4-8620-bf79068eeac7
2025-09-03 13:16:28,495 - distributed.utils - INFO - Reload module qme_apply from .py file
2025-09-03 13:16:28,495 - distributed.worker - INFO - Starting Worker plugin qme_apply.py3a1d306b-9a77-46f4-8620-bf79068eeac7
2025-09-03 13:16:28,495 - distributed.utils - INFO - Reload module qme_apply from .py file
2025-09-03 13:16:28,495 - distributed.worker - INFO - Starting Worker plugin qme_apply.py3a1d306b-9a77-46f4-8620-bf79068eeac7
2025-09-03 13:16:28,495 - distributed.worker - INFO - Starting Worker plugin qme_apply.py3a1d306b-9a77-46f4-8620-bf79068eeac7
2025-09-03 13:16:28,495 - distributed.worker - INFO - Starting Worker plugin qme_apply.py3a1d306b-9a77-46f4-8620-bf79068eeac7
2025-09-03 13:16:28,496 - distributed.utils - INFO - Reload module qme_apply from .py file
2025-09-03 13:16:28,496 - distributed.utils - INFO - Reload module qme_apply from .py file
2025-09-03 13:16:28,496 - distributed.worker - INFO - Starting Worker plugin qme_apply.py3a1d306b-9a77-46f4-8620-bf79068eeac7
2025-09-03 13:16:28,496 - distributed.utils - INFO - Reload module qme_apply from .py file
2025-09-03 13:16:28,496 - distributed.worker - INFO - Starting Worker plugin qme_apply.py3a1d306b-9a77-46f4-8620-bf79068eeac7
2025-09-03 13:16:28,496 - distributed.utils - INFO - Reload module qme_apply from .py file
2025-09-03 13:16:28,496 - distributed.utils - INFO - Reload module qme_apply from .py file
2025-09-03 13:16:28,496 - distributed.worker - INFO - Starting Worker plugin qme_apply.py3a1d306b-9a77-46f4-8620-bf79068eeac7
2025-09-03 13:16:28,496 - distributed.worker - INFO - Starting Worker plugin qme_apply.py3a1d306b-9a77-46f4-8620-bf79068eeac7
2025-09-03 13:16:28,496 - distributed.utils - INFO - Reload module qme_apply from .py file
2025-09-03 13:16:28,496 - distributed.utils - INFO - Reload module qme_apply from .py file
2025-09-03 13:16:28,496 - distributed.worker - INFO - Starting Worker plugin qme_apply.py3a1d306b-9a77-46f4-8620-bf79068eeac7
2025-09-03 13:16:28,496 - distributed.utils - INFO - Reload module qme_apply from .py file
2025-09-03 13:16:28,496 - distributed.utils - INFO - Reload module qme_apply from .py file
2025-09-03 13:16:28,496 - distributed.worker - INFO - Starting Worker plugin qme_apply.py3a1d306b-9a77-46f4-8620-bf79068eeac7
2025-09-03 13:16:28,496 - distributed.worker - INFO - Starting Worker plugin qme_apply.py3a1d306b-9a77-46f4-8620-bf79068eeac7
2025-09-03 13:16:28,496 - distributed.utils - INFO - Reload module qme_apply from .py file
2025-09-03 13:16:28,497 - distributed.utils - INFO - Reload module qme_apply from .py file
2025-09-03 13:16:28,497 - distributed.worker - INFO - Starting Worker plugin qme_apply.py3a1d306b-9a77-46f4-8620-bf79068eeac7
2025-09-03 13:16:28,497 - distributed.utils - INFO - Reload module qme_apply from .py file
2025-09-03 13:16:28,497 - distributed.utils - INFO - Reload module qme_apply from .py file
2025-09-03 13:16:28,497 - distributed.worker - INFO - Starting Worker plugin qme_apply.py3a1d306b-9a77-46f4-8620-bf79068eeac7
2025-09-03 13:16:28,497 - distributed.worker - INFO - Starting Worker plugin qme_apply.py3a1d306b-9a77-46f4-8620-bf79068eeac7
2025-09-03 13:16:28,497 - distributed.worker - INFO - Starting Worker plugin qme_apply.py3a1d306b-9a77-46f4-8620-bf79068eeac7
2025-09-03 13:16:28,497 - distributed.utils - INFO - Reload module qme_apply from .py file
2025-09-03 13:16:28,497 - distributed.utils - INFO - Reload module qme_apply from .py file
2025-09-03 13:16:28,497 - distributed.worker - INFO - Starting Worker plugin qme_apply.py3a1d306b-9a77-46f4-8620-bf79068eeac7
2025-09-03 13:16:28,497 - distributed.worker - INFO - Starting Worker plugin qme_apply.py3a1d306b-9a77-46f4-8620-bf79068eeac7
2025-09-03 13:16:28,497 - distributed.utils - INFO - Reload module qme_apply from .py file
2025-09-03 13:16:28,497 - distributed.worker - INFO - Starting Worker plugin qme_apply.py3a1d306b-9a77-46f4-8620-bf79068eeac7
2025-09-03 13:16:28,497 - distributed.worker - INFO - Starting Worker plugin qme_apply.py3a1d306b-9a77-46f4-8620-bf79068eeac7
2025-09-03 13:16:28,498 - distributed.worker - INFO - Starting Worker plugin qme_apply.py3a1d306b-9a77-46f4-8620-bf79068eeac7
2025-09-03 13:16:28,498 - distributed.worker - INFO - Starting Worker plugin qme_apply.py3a1d306b-9a77-46f4-8620-bf79068eeac7
2025-09-03 13:16:28,498 - distributed.utils - INFO - Reload module qme_apply from .py file
2025-09-03 13:16:28,498 - distributed.utils - INFO - Reload module qme_apply from .py file
2025-09-03 13:16:28,498 - distributed.utils - INFO - Reload module qme_apply from .py file
2025-09-03 13:16:28,498 - distributed.utils - INFO - Reload module qme_apply from .py file
2025-09-03 13:16:28,498 - distributed.worker - INFO - Starting Worker plugin qme_apply.py3a1d306b-9a77-46f4-8620-bf79068eeac7
2025-09-03 13:16:28,498 - distributed.utils - INFO - Reload module qme_apply from .py file
2025-09-03 13:16:28,498 - distributed.worker - INFO - Starting Worker plugin qme_apply.py3a1d306b-9a77-46f4-8620-bf79068eeac7
2025-09-03 13:16:28,498 - distributed.utils - INFO - Reload module qme_apply from .py file
2025-09-03 13:16:28,498 - distributed.worker - INFO - Starting Worker plugin qme_apply.py3a1d306b-9a77-46f4-8620-bf79068eeac7
2025-09-03 13:16:28,498 - distributed.worker - INFO - Starting Worker plugin qme_apply.py3a1d306b-9a77-46f4-8620-bf79068eeac7
2025-09-03 13:16:28,498 - distributed.utils - INFO - Reload module qme_apply from .py file
2025-09-03 13:16:28,498 - distributed.utils - INFO - Reload module qme_apply from .py file
2025-09-03 13:16:28,498 - distributed.worker - INFO - Starting Worker plugin qme_apply.py3a1d306b-9a77-46f4-8620-bf79068eeac7
2025-09-03 13:16:28,498 - distributed.worker - INFO - Starting Worker plugin qme_apply.py3a1d306b-9a77-46f4-8620-bf79068eeac7
2025-09-03 13:16:28,498 - distributed.utils - INFO - Reload module qme_apply from .py file
2025-09-03 13:16:28,498 - distributed.worker - INFO - Starting Worker plugin qme_apply.py3a1d306b-9a77-46f4-8620-bf79068eeac7
2025-09-03 13:16:28,498 - distributed.worker - INFO - Starting Worker plugin qme_apply.py3a1d306b-9a77-46f4-8620-bf79068eeac7
2025-09-03 13:16:28,499 - distributed.utils - INFO - Reload module qme_apply from .py file
2025-09-03 13:16:28,499 - distributed.utils - INFO - Reload module qme_apply from .py file
2025-09-03 13:16:28,499 - distributed.utils - INFO - Reload module qme_apply from .py file
2025-09-03 13:16:28,499 - distributed.utils - INFO - Reload module qme_apply from .py file
2025-09-03 13:16:28,499 - distributed.utils - INFO - Reload module qme_apply from .py file
2025-09-03 13:16:28,499 - distributed.utils - INFO - Reload module qme_apply from .py file
2025-09-03 13:16:28,499 - distributed.utils - INFO - Reload module qme_apply from .py file
2025-09-03 13:16:28,500 - distributed.utils - INFO - Reload module qme_apply from .py file
2025-09-03 13:16:28,500 - distributed.utils - INFO - Reload module qme_apply from .py file
2025-09-03 13:16:28,500 - distributed.utils - INFO - Reload module qme_apply from .py file
2025-09-03 13:16:28,500 - distributed.utils - INFO - Reload module qme_apply from .py file
2025-09-03 13:16:28,500 - distributed.utils - INFO - Reload module qme_apply from .py file
2025-09-03 13:16:28,500 - distributed.utils - INFO - Reload module qme_apply from .py file
2025-09-03 13:16:28,500 - distributed.utils - INFO - Reload module qme_apply from .py file
2025-09-03 13:16:28,500 - distributed.utils - INFO - Reload module qme_apply from .py file
2025-09-03 13:16:28,500 - distributed.utils - INFO - Reload module qme_apply from .py file
2025-09-03 13:16:28,500 - distributed.utils - INFO - Reload module qme_apply from .py file
2025-09-03 13:16:28,501 - distributed.utils - INFO - Reload module qme_apply from .py file
2025-09-03 13:16:28,501 - distributed.utils - INFO - Reload module qme_apply from .py file
2025-09-03 13:16:28,501 - distributed.utils - INFO - Reload module qme_apply from .py file
2025-09-03 13:16:28,501 - distributed.utils - INFO - Reload module qme_apply from .py file
2025-09-03 13:16:28,502 - distributed.utils - INFO - Reload module qme_apply from .py file
2025-09-03 13:16:28,502 - distributed.utils - INFO - Reload module qme_apply from .py file
2025-09-03 13:16:28,502 - distributed.utils - INFO - Reload module qme_apply from .py file
2025-09-03 13:20:05,324 - distributed.core - INFO - Event loop was unresponsive in Worker for 3.49s.  This is often caused by long-running GIL-holding functions or moving large chunks of data. This can cause timeouts and instability.
2025-09-03 13:20:05,727 - distributed.core - INFO - Event loop was unresponsive in Worker for 3.64s.  This is often caused by long-running GIL-holding functions or moving large chunks of data. This can cause timeouts and instability.
2025-09-03 13:20:06,034 - distributed.core - INFO - Event loop was unresponsive in Worker for 4.20s.  This is often caused by long-running GIL-holding functions or moving large chunks of data. This can cause timeouts and instability.
2025-09-03 13:20:06,272 - distributed.core - INFO - Event loop was unresponsive in Worker for 4.10s.  This is often caused by long-running GIL-holding functions or moving large chunks of data. This can cause timeouts and instability.
2025-09-03 13:20:06,835 - distributed.core - INFO - Event loop was unresponsive in Worker for 4.73s.  This is often caused by long-running GIL-holding functions or moving large chunks of data. This can cause timeouts and instability.
2025-09-03 13:20:06,840 - distributed.core - INFO - Event loop was unresponsive in Worker for 4.96s.  This is often caused by long-running GIL-holding functions or moving large chunks of data. This can cause timeouts and instability.
2025-09-03 13:20:06,849 - distributed.core - INFO - Event loop was unresponsive in Worker for 5.06s.  This is often caused by long-running GIL-holding functions or moving large chunks of data. This can cause timeouts and instability.
2025-09-03 13:20:06,853 - distributed.core - INFO - Event loop was unresponsive in Worker for 4.94s.  This is often caused by long-running GIL-holding functions or moving large chunks of data. This can cause timeouts and instability.
2025-09-03 13:20:06,857 - distributed.core - INFO - Event loop was unresponsive in Worker for 4.99s.  This is often caused by long-running GIL-holding functions or moving large chunks of data. This can cause timeouts and instability.
2025-09-03 13:20:06,857 - distributed.core - INFO - Event loop was unresponsive in Worker for 4.88s.  This is often caused by long-running GIL-holding functions or moving large chunks of data. This can cause timeouts and instability.
2025-09-03 13:20:06,862 - distributed.core - INFO - Event loop was unresponsive in Worker for 4.82s.  This is often caused by long-running GIL-holding functions or moving large chunks of data. This can cause timeouts and instability.
2025-09-03 13:20:06,885 - distributed.core - INFO - Event loop was unresponsive in Worker for 4.73s.  This is often caused by long-running GIL-holding functions or moving large chunks of data. This can cause timeouts and instability.
2025-09-03 13:20:06,893 - distributed.core - INFO - Event loop was unresponsive in Worker for 4.78s.  This is often caused by long-running GIL-holding functions or moving large chunks of data. This can cause timeouts and instability.
2025-09-03 13:20:06,895 - distributed.core - INFO - Event loop was unresponsive in Worker for 5.01s.  This is often caused by long-running GIL-holding functions or moving large chunks of data. This can cause timeouts and instability.
2025-09-03 13:20:06,895 - distributed.core - INFO - Event loop was unresponsive in Worker for 5.01s.  This is often caused by long-running GIL-holding functions or moving large chunks of data. This can cause timeouts and instability.
2025-09-03 13:20:06,905 - distributed.core - INFO - Event loop was unresponsive in Worker for 5.02s.  This is often caused by long-running GIL-holding functions or moving large chunks of data. This can cause timeouts and instability.
2025-09-03 13:20:06,941 - distributed.core - INFO - Event loop was unresponsive in Worker for 4.75s.  This is often caused by long-running GIL-holding functions or moving large chunks of data. This can cause timeouts and instability.
2025-09-03 13:20:06,952 - distributed.core - INFO - Event loop was unresponsive in Worker for 4.65s.  This is often caused by long-running GIL-holding functions or moving large chunks of data. This can cause timeouts and instability.
2025-09-03 13:20:06,953 - distributed.core - INFO - Event loop was unresponsive in Worker for 4.78s.  This is often caused by long-running GIL-holding functions or moving large chunks of data. This can cause timeouts and instability.
2025-09-03 13:20:06,969 - distributed.core - INFO - Event loop was unresponsive in Worker for 5.15s.  This is often caused by long-running GIL-holding functions or moving large chunks of data. This can cause timeouts and instability.
2025-09-03 13:20:06,995 - distributed.core - INFO - Event loop was unresponsive in Worker for 4.83s.  This is often caused by long-running GIL-holding functions or moving large chunks of data. This can cause timeouts and instability.
2025-09-03 13:20:07,000 - distributed.core - INFO - Event loop was unresponsive in Worker for 5.02s.  This is often caused by long-running GIL-holding functions or moving large chunks of data. This can cause timeouts and instability.
2025-09-03 13:20:07,004 - distributed.core - INFO - Event loop was unresponsive in Worker for 4.70s.  This is often caused by long-running GIL-holding functions or moving large chunks of data. This can cause timeouts and instability.
2025-09-03 13:20:07,029 - distributed.core - INFO - Event loop was unresponsive in Worker for 4.93s.  This is often caused by long-running GIL-holding functions or moving large chunks of data. This can cause timeouts and instability.
2025-09-03 13:20:07,041 - distributed.core - INFO - Event loop was unresponsive in Worker for 4.76s.  This is often caused by long-running GIL-holding functions or moving large chunks of data. This can cause timeouts and instability.
2025-09-03 13:20:07,043 - distributed.core - INFO - Event loop was unresponsive in Worker for 4.97s.  This is often caused by long-running GIL-holding functions or moving large chunks of data. This can cause timeouts and instability.
2025-09-03 13:20:07,044 - distributed.core - INFO - Event loop was unresponsive in Worker for 4.76s.  This is often caused by long-running GIL-holding functions or moving large chunks of data. This can cause timeouts and instability.
2025-09-03 13:20:07,049 - distributed.core - INFO - Event loop was unresponsive in Worker for 4.93s.  This is often caused by long-running GIL-holding functions or moving large chunks of data. This can cause timeouts and instability.
2025-09-03 13:20:07,062 - distributed.core - INFO - Event loop was unresponsive in Worker for 4.77s.  This is often caused by long-running GIL-holding functions or moving large chunks of data. This can cause timeouts and instability.
2025-09-03 13:20:07,086 - distributed.core - INFO - Event loop was unresponsive in Worker for 5.15s.  This is often caused by long-running GIL-holding functions or moving large chunks of data. This can cause timeouts and instability.
2025-09-03 13:20:07,093 - distributed.core - INFO - Event loop was unresponsive in Worker for 4.95s.  This is often caused by long-running GIL-holding functions or moving large chunks of data. This can cause timeouts and instability.
2025-09-03 13:20:07,093 - distributed.core - INFO - Event loop was unresponsive in Worker for 5.26s.  This is often caused by long-running GIL-holding functions or moving large chunks of data. This can cause timeouts and instability.
2025-09-03 13:20:07,095 - distributed.core - INFO - Event loop was unresponsive in Worker for 4.89s.  This is often caused by long-running GIL-holding functions or moving large chunks of data. This can cause timeouts and instability.
2025-09-03 13:20:07,099 - distributed.core - INFO - Event loop was unresponsive in Worker for 5.26s.  This is often caused by long-running GIL-holding functions or moving large chunks of data. This can cause timeouts and instability.
2025-09-03 13:20:07,102 - distributed.core - INFO - Event loop was unresponsive in Worker for 4.97s.  This is often caused by long-running GIL-holding functions or moving large chunks of data. This can cause timeouts and instability.
2025-09-03 13:20:07,102 - distributed.core - INFO - Event loop was unresponsive in Worker for 5.20s.  This is often caused by long-running GIL-holding functions or moving large chunks of data. This can cause timeouts and instability.
2025-09-03 13:20:07,103 - distributed.core - INFO - Event loop was unresponsive in Worker for 5.02s.  This is often caused by long-running GIL-holding functions or moving large chunks of data. This can cause timeouts and instability.
2025-09-03 13:20:07,109 - distributed.core - INFO - Event loop was unresponsive in Worker for 4.87s.  This is often caused by long-running GIL-holding functions or moving large chunks of data. This can cause timeouts and instability.
2025-09-03 13:20:07,112 - distributed.core - INFO - Event loop was unresponsive in Worker for 4.88s.  This is often caused by long-running GIL-holding functions or moving large chunks of data. This can cause timeouts and instability.
2025-09-03 13:20:07,112 - distributed.core - INFO - Event loop was unresponsive in Worker for 4.86s.  This is often caused by long-running GIL-holding functions or moving large chunks of data. This can cause timeouts and instability.
2025-09-03 13:20:07,112 - distributed.core - INFO - Event loop was unresponsive in Worker for 5.11s.  This is often caused by long-running GIL-holding functions or moving large chunks of data. This can cause timeouts and instability.
2025-09-03 13:20:07,114 - distributed.core - INFO - Event loop was unresponsive in Worker for 4.91s.  This is often caused by long-running GIL-holding functions or moving large chunks of data. This can cause timeouts and instability.
2025-09-03 13:20:07,125 - distributed.core - INFO - Event loop was unresponsive in Worker for 4.91s.  This is often caused by long-running GIL-holding functions or moving large chunks of data. This can cause timeouts and instability.
2025-09-03 13:20:07,127 - distributed.core - INFO - Event loop was unresponsive in Worker for 4.85s.  This is often caused by long-running GIL-holding functions or moving large chunks of data. This can cause timeouts and instability.
2025-09-03 13:20:07,131 - distributed.core - INFO - Event loop was unresponsive in Worker for 5.26s.  This is often caused by long-running GIL-holding functions or moving large chunks of data. This can cause timeouts and instability.
2025-09-03 13:20:07,132 - distributed.core - INFO - Event loop was unresponsive in Worker for 4.95s.  This is often caused by long-running GIL-holding functions or moving large chunks of data. This can cause timeouts and instability.
2025-09-03 13:20:07,197 - distributed.core - INFO - Event loop was unresponsive in Worker for 4.92s.  This is often caused by long-running GIL-holding functions or moving large chunks of data. This can cause timeouts and instability.
2025-09-03 13:20:26,136 - distributed.core - INFO - Event loop was unresponsive in Worker for 6.75s.  This is often caused by long-running GIL-holding functions or moving large chunks of data. This can cause timeouts and instability.
2025-09-03 13:20:27,560 - distributed.core - INFO - Event loop was unresponsive in Worker for 4.08s.  This is often caused by long-running GIL-holding functions or moving large chunks of data. This can cause timeouts and instability.
2025-09-03 13:20:29,053 - distributed.core - INFO - Event loop was unresponsive in Worker for 4.87s.  This is often caused by long-running GIL-holding functions or moving large chunks of data. This can cause timeouts and instability.
2025-09-03 13:20:34,401 - distributed.core - INFO - Event loop was unresponsive in Worker for 9.88s.  This is often caused by long-running GIL-holding functions or moving large chunks of data. This can cause timeouts and instability.
2025-09-03 13:20:34,756 - distributed.core - INFO - Event loop was unresponsive in Worker for 8.35s.  This is often caused by long-running GIL-holding functions or moving large chunks of data. This can cause timeouts and instability.
2025-09-03 13:20:35,099 - distributed.core - INFO - Event loop was unresponsive in Worker for 6.42s.  This is often caused by long-running GIL-holding functions or moving large chunks of data. This can cause timeouts and instability.
2025-09-03 13:20:35,488 - distributed.core - INFO - Event loop was unresponsive in Worker for 7.09s.  This is often caused by long-running GIL-holding functions or moving large chunks of data. This can cause timeouts and instability.
2025-09-03 13:20:35,489 - distributed.core - INFO - Event loop was unresponsive in Worker for 7.11s.  This is often caused by long-running GIL-holding functions or moving large chunks of data. This can cause timeouts and instability.
2025-09-03 13:20:36,109 - distributed.core - INFO - Event loop was unresponsive in Worker for 10.90s.  This is often caused by long-running GIL-holding functions or moving large chunks of data. This can cause timeouts and instability.
2025-09-03 13:20:36,393 - distributed.core - INFO - Event loop was unresponsive in Worker for 11.15s.  This is often caused by long-running GIL-holding functions or moving large chunks of data. This can cause timeouts and instability.
2025-09-03 13:20:36,651 - distributed.core - INFO - Event loop was unresponsive in Worker for 6.47s.  This is often caused by long-running GIL-holding functions or moving large chunks of data. This can cause timeouts and instability.
2025-09-03 13:20:38,822 - distributed.core - INFO - Event loop was unresponsive in Worker for 11.33s.  This is often caused by long-running GIL-holding functions or moving large chunks of data. This can cause timeouts and instability.
2025-09-03 13:20:40,464 - distributed.core - INFO - Event loop was unresponsive in Worker for 14.06s.  This is often caused by long-running GIL-holding functions or moving large chunks of data. This can cause timeouts and instability.
2025-09-03 13:20:40,541 - distributed.core - INFO - Event loop was unresponsive in Worker for 16.30s.  This is often caused by long-running GIL-holding functions or moving large chunks of data. This can cause timeouts and instability.
2025-09-03 13:20:40,545 - distributed.core - INFO - Event loop was unresponsive in Worker for 13.53s.  This is often caused by long-running GIL-holding functions or moving large chunks of data. This can cause timeouts and instability.
2025-09-03 13:20:41,161 - distributed.core - INFO - Event loop was unresponsive in Worker for 18.68s.  This is often caused by long-running GIL-holding functions or moving large chunks of data. This can cause timeouts and instability.
2025-09-03 13:20:43,823 - distributed.core - INFO - Event loop was unresponsive in Worker for 3.19s.  This is often caused by long-running GIL-holding functions or moving large chunks of data. This can cause timeouts and instability.
2025-09-03 13:20:45,136 - distributed.core - INFO - Event loop was unresponsive in Worker for 4.67s.  This is often caused by long-running GIL-holding functions or moving large chunks of data. This can cause timeouts and instability.
2025-09-03 13:20:45,256 - distributed.core - INFO - Event loop was unresponsive in Worker for 4.63s.  This is often caused by long-running GIL-holding functions or moving large chunks of data. This can cause timeouts and instability.
2025-09-03 13:20:46,681 - distributed.core - INFO - Event loop was unresponsive in Worker for 19.30s.  This is often caused by long-running GIL-holding functions or moving large chunks of data. This can cause timeouts and instability.
2025-09-03 13:20:47,082 - distributed.core - INFO - Event loop was unresponsive in Worker for 20.31s.  This is often caused by long-running GIL-holding functions or moving large chunks of data. This can cause timeouts and instability.
2025-09-03 13:20:48,666 - distributed.core - INFO - Event loop was unresponsive in Worker for 8.04s.  This is often caused by long-running GIL-holding functions or moving large chunks of data. This can cause timeouts and instability.
2025-09-03 13:20:48,928 - distributed.core - INFO - Event loop was unresponsive in Worker for 5.99s.  This is often caused by long-running GIL-holding functions or moving large chunks of data. This can cause timeouts and instability.
2025-09-03 13:20:52,900 - distributed.core - INFO - Event loop was unresponsive in Worker for 3.47s.  This is often caused by long-running GIL-holding functions or moving large chunks of data. This can cause timeouts and instability.
2025-09-03 13:20:53,980 - distributed.core - INFO - Event loop was unresponsive in Worker for 3.52s.  This is often caused by long-running GIL-holding functions or moving large chunks of data. This can cause timeouts and instability.
2025-09-03 13:20:54,091 - distributed.core - INFO - Event loop was unresponsive in Worker for 3.62s.  This is often caused by long-running GIL-holding functions or moving large chunks of data. This can cause timeouts and instability.
2025-09-03 13:20:55,918 - distributed.core - INFO - Event loop was unresponsive in Worker for 5.44s.  This is often caused by long-running GIL-holding functions or moving large chunks of data. This can cause timeouts and instability.
2025-09-03 13:20:55,981 - distributed.core - INFO - Event loop was unresponsive in Worker for 5.49s.  This is often caused by long-running GIL-holding functions or moving large chunks of data. This can cause timeouts and instability.
2025-09-03 13:20:58,493 - distributed.core - INFO - Event loop was unresponsive in Worker for 6.55s.  This is often caused by long-running GIL-holding functions or moving large chunks of data. This can cause timeouts and instability.
2025-09-03 13:20:58,980 - distributed.core - INFO - Event loop was unresponsive in Worker for 8.51s.  This is often caused by long-running GIL-holding functions or moving large chunks of data. This can cause timeouts and instability.
2025-09-03 13:20:58,990 - distributed.core - INFO - Event loop was unresponsive in Worker for 5.33s.  This is often caused by long-running GIL-holding functions or moving large chunks of data. This can cause timeouts and instability.
2025-09-03 13:20:59,637 - distributed.core - INFO - Event loop was unresponsive in Worker for 5.99s.  This is often caused by long-running GIL-holding functions or moving large chunks of data. This can cause timeouts and instability.
2025-09-03 13:21:00,648 - distributed.core - INFO - Event loop was unresponsive in Worker for 6.35s.  This is often caused by long-running GIL-holding functions or moving large chunks of data. This can cause timeouts and instability.
2025-09-03 13:21:00,864 - distributed.core - INFO - Event loop was unresponsive in Worker for 6.68s.  This is often caused by long-running GIL-holding functions or moving large chunks of data. This can cause timeouts and instability.
2025-09-03 13:21:01,252 - distributed.core - INFO - Event loop was unresponsive in Worker for 5.51s.  This is often caused by long-running GIL-holding functions or moving large chunks of data. This can cause timeouts and instability.
2025-09-03 13:21:01,971 - distributed.core - INFO - Event loop was unresponsive in Worker for 7.14s.  This is often caused by long-running GIL-holding functions or moving large chunks of data. This can cause timeouts and instability.
2025-09-03 13:21:02,085 - distributed.core - INFO - Event loop was unresponsive in Worker for 3.93s.  This is often caused by long-running GIL-holding functions or moving large chunks of data. This can cause timeouts and instability.
2025-09-03 13:21:02,097 - distributed.core - INFO - Event loop was unresponsive in Worker for 7.80s.  This is often caused by long-running GIL-holding functions or moving large chunks of data. This can cause timeouts and instability.
2025-09-03 13:21:03,170 - distributed.core - INFO - Event loop was unresponsive in Worker for 3.56s.  This is often caused by long-running GIL-holding functions or moving large chunks of data. This can cause timeouts and instability.
2025-09-03 13:21:09,998 - distributed.core - INFO - Event loop was unresponsive in Worker for 5.25s.  This is often caused by long-running GIL-holding functions or moving large chunks of data. This can cause timeouts and instability.
2025-09-03 13:21:12,609 - distributed.core - INFO - Event loop was unresponsive in Worker for 3.23s.  This is often caused by long-running GIL-holding functions or moving large chunks of data. This can cause timeouts and instability.
2025-09-03 13:21:14,242 - distributed.core - INFO - Event loop was unresponsive in Worker for 5.39s.  This is often caused by long-running GIL-holding functions or moving large chunks of data. This can cause timeouts and instability.
2025-09-03 13:21:14,561 - distributed.core - INFO - Event loop was unresponsive in Worker for 5.17s.  This is often caused by long-running GIL-holding functions or moving large chunks of data. This can cause timeouts and instability.
2025-09-03 13:21:15,283 - distributed.core - INFO - Event loop was unresponsive in Worker for 5.50s.  This is often caused by long-running GIL-holding functions or moving large chunks of data. This can cause timeouts and instability.
2025-09-03 13:21:15,581 - distributed.core - INFO - Event loop was unresponsive in Worker for 6.18s.  This is often caused by long-running GIL-holding functions or moving large chunks of data. This can cause timeouts and instability.
2025-09-03 13:21:16,689 - distributed.core - INFO - Event loop was unresponsive in Worker for 8.49s.  This is often caused by long-running GIL-holding functions or moving large chunks of data. This can cause timeouts and instability.
2025-09-03 13:21:17,000 - distributed.core - INFO - Event loop was unresponsive in Worker for 7.61s.  This is often caused by long-running GIL-holding functions or moving large chunks of data. This can cause timeouts and instability.
2025-09-03 13:21:17,553 - distributed.core - INFO - Event loop was unresponsive in Worker for 8.69s.  This is often caused by long-running GIL-holding functions or moving large chunks of data. This can cause timeouts and instability.
2025-09-03 13:21:18,061 - distributed.core - INFO - Event loop was unresponsive in Worker for 8.30s.  This is often caused by long-running GIL-holding functions or moving large chunks of data. This can cause timeouts and instability.
2025-09-03 13:21:18,215 - distributed.core - INFO - Event loop was unresponsive in Worker for 8.83s.  This is often caused by long-running GIL-holding functions or moving large chunks of data. This can cause timeouts and instability.
2025-09-03 13:21:22,168 - distributed.core - INFO - Event loop was unresponsive in Worker for 12.39s.  This is often caused by long-running GIL-holding functions or moving large chunks of data. This can cause timeouts and instability.
2025-09-03 13:21:22,696 - distributed.core - INFO - Event loop was unresponsive in Worker for 12.11s.  This is often caused by long-running GIL-holding functions or moving large chunks of data. This can cause timeouts and instability.
2025-09-03 13:21:24,745 - distributed.core - INFO - Event loop was unresponsive in Worker for 12.47s.  This is often caused by long-running GIL-holding functions or moving large chunks of data. This can cause timeouts and instability.
2025-09-03 13:21:25,800 - distributed.worker - ERROR - Worker stream died during communication: tcp://10.6.81.21:38481
Traceback (most recent call last):
  File "/g/data/xp65/public/apps/med_conda/envs/analysis3-25.06/lib/python3.11/site-packages/distributed/utils.py", line 1923, in wait_for
    return await fut
           ^^^^^^^^^
  File "/g/data/xp65/public/apps/med_conda/envs/analysis3-25.06/lib/python3.11/site-packages/distributed/comm/tcp.py", line 547, in connect
    stream = await self.client.connect(
             ^^^^^^^^^^^^^^^^^^^^^^^^^^
  File "/g/data/xp65/public/apps/med_conda/envs/analysis3-25.06/lib/python3.11/site-packages/tornado/tcpclient.py", line 279, in connect
    af, addr, stream = await connector.start(connect_timeout=timeout)
                       ^^^^^^^^^^^^^^^^^^^^^^^^^^^^^^^^^^^^^^^^^^^^^^
asyncio.exceptions.CancelledError

The above exception was the direct cause of the following exception:

Traceback (most recent call last):
  File "/g/data/xp65/public/apps/med_conda/envs/analysis3-25.06/lib/python3.11/site-packages/distributed/comm/core.py", line 342, in connect
    comm = await wait_for(
           ^^^^^^^^^^^^^^^
  File "/g/data/xp65/public/apps/med_conda/envs/analysis3-25.06/lib/python3.11/site-packages/distributed/utils.py", line 1922, in wait_for
    async with asyncio.timeout(timeout):
  File "/g/data/xp65/public/apps/med_conda/envs/analysis3-25.06/lib/python3.11/asyncio/timeouts.py", line 115, in __aexit__
    raise TimeoutError from exc_val
TimeoutError

The above exception was the direct cause of the following exception:

Traceback (most recent call last):
  File "/g/data/xp65/public/apps/med_conda/envs/analysis3-25.06/lib/python3.11/site-packages/distributed/worker.py", line 2073, in gather_dep
    response = await get_data_from_worker(
               ^^^^^^^^^^^^^^^^^^^^^^^^^^^
  File "/g/data/xp65/public/apps/med_conda/envs/analysis3-25.06/lib/python3.11/site-packages/distributed/worker.py", line 2876, in get_data_from_worker
    comm = await rpc.connect(worker)
           ^^^^^^^^^^^^^^^^^^^^^^^^^
  File "/g/data/xp65/public/apps/med_conda/envs/analysis3-25.06/lib/python3.11/site-packages/distributed/core.py", line 1485, in connect
    return await self._connect(addr=addr, timeout=timeout)
           ^^^^^^^^^^^^^^^^^^^^^^^^^^^^^^^^^^^^^^^^^^^^^^^
  File "/g/data/xp65/public/apps/med_conda/envs/analysis3-25.06/lib/python3.11/site-packages/distributed/core.py", line 1429, in _connect
    comm = await connect(
           ^^^^^^^^^^^^^^
  File "/g/data/xp65/public/apps/med_conda/envs/analysis3-25.06/lib/python3.11/site-packages/distributed/comm/core.py", line 368, in connect
    raise OSError(
OSError: Timed out trying to connect to tcp://10.6.81.21:38481 after 30 s
2025-09-03 13:21:26,762 - distributed.worker - ERROR - Worker stream died during communication: tcp://10.6.81.21:38481
Traceback (most recent call last):
  File "/g/data/xp65/public/apps/med_conda/envs/analysis3-25.06/lib/python3.11/site-packages/distributed/utils.py", line 1923, in wait_for
    return await fut
           ^^^^^^^^^
  File "/g/data/xp65/public/apps/med_conda/envs/analysis3-25.06/lib/python3.11/site-packages/distributed/comm/tcp.py", line 547, in connect
    stream = await self.client.connect(
             ^^^^^^^^^^^^^^^^^^^^^^^^^^
  File "/g/data/xp65/public/apps/med_conda/envs/analysis3-25.06/lib/python3.11/site-packages/tornado/tcpclient.py", line 279, in connect
    af, addr, stream = await connector.start(connect_timeout=timeout)
                       ^^^^^^^^^^^^^^^^^^^^^^^^^^^^^^^^^^^^^^^^^^^^^^
asyncio.exceptions.CancelledError

The above exception was the direct cause of the following exception:

Traceback (most recent call last):
  File "/g/data/xp65/public/apps/med_conda/envs/analysis3-25.06/lib/python3.11/site-packages/distributed/comm/core.py", line 342, in connect
    comm = await wait_for(
           ^^^^^^^^^^^^^^^
  File "/g/data/xp65/public/apps/med_conda/envs/analysis3-25.06/lib/python3.11/site-packages/distributed/utils.py", line 1922, in wait_for
    async with asyncio.timeout(timeout):
  File "/g/data/xp65/public/apps/med_conda/envs/analysis3-25.06/lib/python3.11/asyncio/timeouts.py", line 115, in __aexit__
    raise TimeoutError from exc_val
TimeoutError

The above exception was the direct cause of the following exception:

Traceback (most recent call last):
  File "/g/data/xp65/public/apps/med_conda/envs/analysis3-25.06/lib/python3.11/site-packages/distributed/worker.py", line 2073, in gather_dep
    response = await get_data_from_worker(
               ^^^^^^^^^^^^^^^^^^^^^^^^^^^
  File "/g/data/xp65/public/apps/med_conda/envs/analysis3-25.06/lib/python3.11/site-packages/distributed/worker.py", line 2876, in get_data_from_worker
    comm = await rpc.connect(worker)
           ^^^^^^^^^^^^^^^^^^^^^^^^^
  File "/g/data/xp65/public/apps/med_conda/envs/analysis3-25.06/lib/python3.11/site-packages/distributed/core.py", line 1485, in connect
    return await self._connect(addr=addr, timeout=timeout)
           ^^^^^^^^^^^^^^^^^^^^^^^^^^^^^^^^^^^^^^^^^^^^^^^
  File "/g/data/xp65/public/apps/med_conda/envs/analysis3-25.06/lib/python3.11/site-packages/distributed/core.py", line 1429, in _connect
    comm = await connect(
           ^^^^^^^^^^^^^^
  File "/g/data/xp65/public/apps/med_conda/envs/analysis3-25.06/lib/python3.11/site-packages/distributed/comm/core.py", line 368, in connect
    raise OSError(
OSError: Timed out trying to connect to tcp://10.6.81.21:38481 after 30 s
2025-09-03 13:21:26,761 - distributed.worker - ERROR - Worker stream died during communication: tcp://10.6.81.21:38481
Traceback (most recent call last):
  File "/g/data/xp65/public/apps/med_conda/envs/analysis3-25.06/lib/python3.11/site-packages/distributed/utils.py", line 1923, in wait_for
    return await fut
           ^^^^^^^^^
  File "/g/data/xp65/public/apps/med_conda/envs/analysis3-25.06/lib/python3.11/site-packages/distributed/comm/tcp.py", line 547, in connect
    stream = await self.client.connect(
             ^^^^^^^^^^^^^^^^^^^^^^^^^^
  File "/g/data/xp65/public/apps/med_conda/envs/analysis3-25.06/lib/python3.11/site-packages/tornado/tcpclient.py", line 279, in connect
    af, addr, stream = await connector.start(connect_timeout=timeout)
                       ^^^^^^^^^^^^^^^^^^^^^^^^^^^^^^^^^^^^^^^^^^^^^^
asyncio.exceptions.CancelledError

The above exception was the direct cause of the following exception:

Traceback (most recent call last):
  File "/g/data/xp65/public/apps/med_conda/envs/analysis3-25.06/lib/python3.11/site-packages/distributed/comm/core.py", line 342, in connect
    comm = await wait_for(
           ^^^^^^^^^^^^^^^
  File "/g/data/xp65/public/apps/med_conda/envs/analysis3-25.06/lib/python3.11/site-packages/distributed/utils.py", line 1922, in wait_for
    async with asyncio.timeout(timeout):
  File "/g/data/xp65/public/apps/med_conda/envs/analysis3-25.06/lib/python3.11/asyncio/timeouts.py", line 115, in __aexit__
    raise TimeoutError from exc_val
TimeoutError

The above exception was the direct cause of the following exception:

Traceback (most recent call last):
  File "/g/data/xp65/public/apps/med_conda/envs/analysis3-25.06/lib/python3.11/site-packages/distributed/worker.py", line 2073, in gather_dep
    response = await get_data_from_worker(
               ^^^^^^^^^^^^^^^^^^^^^^^^^^^
  File "/g/data/xp65/public/apps/med_conda/envs/analysis3-25.06/lib/python3.11/site-packages/distributed/worker.py", line 2876, in get_data_from_worker
    comm = await rpc.connect(worker)
           ^^^^^^^^^^^^^^^^^^^^^^^^^
  File "/g/data/xp65/public/apps/med_conda/envs/analysis3-25.06/lib/python3.11/site-packages/distributed/core.py", line 1485, in connect
    return await self._connect(addr=addr, timeout=timeout)
           ^^^^^^^^^^^^^^^^^^^^^^^^^^^^^^^^^^^^^^^^^^^^^^^
  File "/g/data/xp65/public/apps/med_conda/envs/analysis3-25.06/lib/python3.11/site-packages/distributed/core.py", line 1429, in _connect
    comm = await connect(
           ^^^^^^^^^^^^^^
  File "/g/data/xp65/public/apps/med_conda/envs/analysis3-25.06/lib/python3.11/site-packages/distributed/comm/core.py", line 368, in connect
    raise OSError(
OSError: Timed out trying to connect to tcp://10.6.81.21:38481 after 30 s
2025-09-03 13:21:26,762 - distributed.worker - ERROR - Worker stream died during communication: tcp://10.6.81.21:38481
Traceback (most recent call last):
  File "/g/data/xp65/public/apps/med_conda/envs/analysis3-25.06/lib/python3.11/site-packages/distributed/utils.py", line 1923, in wait_for
    return await fut
           ^^^^^^^^^
  File "/g/data/xp65/public/apps/med_conda/envs/analysis3-25.06/lib/python3.11/site-packages/distributed/comm/tcp.py", line 547, in connect
    stream = await self.client.connect(
             ^^^^^^^^^^^^^^^^^^^^^^^^^^
  File "/g/data/xp65/public/apps/med_conda/envs/analysis3-25.06/lib/python3.11/site-packages/tornado/tcpclient.py", line 279, in connect
    af, addr, stream = await connector.start(connect_timeout=timeout)
                       ^^^^^^^^^^^^^^^^^^^^^^^^^^^^^^^^^^^^^^^^^^^^^^
asyncio.exceptions.CancelledError

The above exception was the direct cause of the following exception:

Traceback (most recent call last):
  File "/g/data/xp65/public/apps/med_conda/envs/analysis3-25.06/lib/python3.11/site-packages/distributed/comm/core.py", line 342, in connect
    comm = await wait_for(
           ^^^^^^^^^^^^^^^
  File "/g/data/xp65/public/apps/med_conda/envs/analysis3-25.06/lib/python3.11/site-packages/distributed/utils.py", line 1922, in wait_for
    async with asyncio.timeout(timeout):
  File "/g/data/xp65/public/apps/med_conda/envs/analysis3-25.06/lib/python3.11/asyncio/timeouts.py", line 115, in __aexit__
    raise TimeoutError from exc_val
TimeoutError

The above exception was the direct cause of the following exception:

Traceback (most recent call last):
  File "/g/data/xp65/public/apps/med_conda/envs/analysis3-25.06/lib/python3.11/site-packages/distributed/worker.py", line 2073, in gather_dep
    response = await get_data_from_worker(
               ^^^^^^^^^^^^^^^^^^^^^^^^^^^
  File "/g/data/xp65/public/apps/med_conda/envs/analysis3-25.06/lib/python3.11/site-packages/distributed/worker.py", line 2876, in get_data_from_worker
    comm = await rpc.connect(worker)
           ^^^^^^^^^^^^^^^^^^^^^^^^^
  File "/g/data/xp65/public/apps/med_conda/envs/analysis3-25.06/lib/python3.11/site-packages/distributed/core.py", line 1485, in connect
    return await self._connect(addr=addr, timeout=timeout)
           ^^^^^^^^^^^^^^^^^^^^^^^^^^^^^^^^^^^^^^^^^^^^^^^
  File "/g/data/xp65/public/apps/med_conda/envs/analysis3-25.06/lib/python3.11/site-packages/distributed/core.py", line 1429, in _connect
    comm = await connect(
           ^^^^^^^^^^^^^^
  File "/g/data/xp65/public/apps/med_conda/envs/analysis3-25.06/lib/python3.11/site-packages/distributed/comm/core.py", line 368, in connect
    raise OSError(
OSError: Timed out trying to connect to tcp://10.6.81.21:38481 after 30 s
2025-09-03 13:21:27,961 - distributed.core - INFO - Event loop was unresponsive in Worker for 15.25s.  This is often caused by long-running GIL-holding functions or moving large chunks of data. This can cause timeouts and instability.
2025-09-03 13:21:30,258 - distributed.comm.tcp - INFO - Connection from tcp://10.6.81.1:38510 closed before handshake completed
2025-09-03 13:21:31,779 - distributed.core - INFO - Event loop was unresponsive in Worker for 18.72s.  This is often caused by long-running GIL-holding functions or moving large chunks of data. This can cause timeouts and instability.
2025-09-03 13:21:32,379 - distributed.core - INFO - Event loop was unresponsive in Worker for 22.04s.  This is often caused by long-running GIL-holding functions or moving large chunks of data. This can cause timeouts and instability.
2025-09-03 13:21:48,823 - distributed.core - INFO - Event loop was unresponsive in Worker for 9.85s.  This is often caused by long-running GIL-holding functions or moving large chunks of data. This can cause timeouts and instability.
2025-09-03 13:21:48,841 - distributed.core - INFO - Event loop was unresponsive in Worker for 7.89s.  This is often caused by long-running GIL-holding functions or moving large chunks of data. This can cause timeouts and instability.
2025-09-03 13:21:48,849 - distributed.core - INFO - Event loop was unresponsive in Worker for 7.95s.  This is often caused by long-running GIL-holding functions or moving large chunks of data. This can cause timeouts and instability.
2025-09-03 13:21:52,821 - distributed.core - INFO - Event loop was unresponsive in Worker for 4.53s.  This is often caused by long-running GIL-holding functions or moving large chunks of data. This can cause timeouts and instability.
2025-09-03 13:21:53,259 - distributed.core - INFO - Event loop was unresponsive in Worker for 6.44s.  This is often caused by long-running GIL-holding functions or moving large chunks of data. This can cause timeouts and instability.
2025-09-03 13:21:53,640 - distributed.core - INFO - Event loop was unresponsive in Worker for 15.42s.  This is often caused by long-running GIL-holding functions or moving large chunks of data. This can cause timeouts and instability.
2025-09-03 13:21:57,724 - distributed.core - INFO - Event loop was unresponsive in Worker for 12.58s.  This is often caused by long-running GIL-holding functions or moving large chunks of data. This can cause timeouts and instability.
2025-09-03 13:21:57,958 - distributed.core - INFO - Event loop was unresponsive in Worker for 16.86s.  This is often caused by long-running GIL-holding functions or moving large chunks of data. This can cause timeouts and instability.
2025-09-03 13:21:59,747 - distributed.core - INFO - Event loop was unresponsive in Worker for 18.82s.  This is often caused by long-running GIL-holding functions or moving large chunks of data. This can cause timeouts and instability.
2025-09-03 13:22:00,961 - distributed.core - INFO - Event loop was unresponsive in Worker for 10.32s.  This is often caused by long-running GIL-holding functions or moving large chunks of data. This can cause timeouts and instability.
2025-09-03 13:22:01,502 - distributed.core - INFO - Event loop was unresponsive in Worker for 3.05s.  This is often caused by long-running GIL-holding functions or moving large chunks of data. This can cause timeouts and instability.
2025-09-03 13:22:03,581 - distributed.core - INFO - Event loop was unresponsive in Worker for 18.04s.  This is often caused by long-running GIL-holding functions or moving large chunks of data. This can cause timeouts and instability.
2025-09-03 13:22:03,827 - distributed.core - INFO - Event loop was unresponsive in Worker for 21.77s.  This is often caused by long-running GIL-holding functions or moving large chunks of data. This can cause timeouts and instability.
2025-09-03 13:22:04,578 - distributed.core - INFO - Event loop was unresponsive in Worker for 6.12s.  This is often caused by long-running GIL-holding functions or moving large chunks of data. This can cause timeouts and instability.
2025-09-03 13:22:04,904 - distributed.core - INFO - Event loop was unresponsive in Worker for 22.83s.  This is often caused by long-running GIL-holding functions or moving large chunks of data. This can cause timeouts and instability.
2025-09-03 13:22:05,449 - distributed.core - INFO - Event loop was unresponsive in Worker for 9.96s.  This is often caused by long-running GIL-holding functions or moving large chunks of data. This can cause timeouts and instability.
2025-09-03 13:22:05,912 - distributed.core - INFO - Event loop was unresponsive in Worker for 10.43s.  This is often caused by long-running GIL-holding functions or moving large chunks of data. This can cause timeouts and instability.
2025-09-03 13:22:07,363 - distributed.core - INFO - Event loop was unresponsive in Worker for 24.34s.  This is often caused by long-running GIL-holding functions or moving large chunks of data. This can cause timeouts and instability.
2025-09-03 13:22:07,382 - distributed.core - INFO - Event loop was unresponsive in Worker for 6.33s.  This is often caused by long-running GIL-holding functions or moving large chunks of data. This can cause timeouts and instability.
2025-09-03 13:22:07,396 - distributed.core - INFO - Event loop was unresponsive in Worker for 24.41s.  This is often caused by long-running GIL-holding functions or moving large chunks of data. This can cause timeouts and instability.
2025-09-03 13:22:08,273 - distributed.core - INFO - Event loop was unresponsive in Worker for 7.55s.  This is often caused by long-running GIL-holding functions or moving large chunks of data. This can cause timeouts and instability.
2025-09-03 13:22:08,889 - distributed.core - INFO - Event loop was unresponsive in Worker for 4.17s.  This is often caused by long-running GIL-holding functions or moving large chunks of data. This can cause timeouts and instability.
2025-09-03 13:22:09,134 - distributed.core - INFO - Event loop was unresponsive in Worker for 5.49s.  This is often caused by long-running GIL-holding functions or moving large chunks of data. This can cause timeouts and instability.
2025-09-03 13:22:09,179 - distributed.core - INFO - Event loop was unresponsive in Worker for 8.44s.  This is often caused by long-running GIL-holding functions or moving large chunks of data. This can cause timeouts and instability.
2025-09-03 13:22:09,189 - distributed.core - INFO - Event loop was unresponsive in Worker for 10.74s.  This is often caused by long-running GIL-holding functions or moving large chunks of data. This can cause timeouts and instability.
2025-09-03 13:22:09,458 - distributed.core - INFO - Event loop was unresponsive in Worker for 10.42s.  This is often caused by long-running GIL-holding functions or moving large chunks of data. This can cause timeouts and instability.
2025-09-03 13:22:10,819 - distributed.core - INFO - Event loop was unresponsive in Worker for 6.08s.  This is often caused by long-running GIL-holding functions or moving large chunks of data. This can cause timeouts and instability.
2025-09-03 13:22:11,355 - distributed.core - INFO - Event loop was unresponsive in Worker for 12.86s.  This is often caused by long-running GIL-holding functions or moving large chunks of data. This can cause timeouts and instability.
2025-09-03 13:22:11,401 - distributed.core - INFO - Event loop was unresponsive in Worker for 10.72s.  This is often caused by long-running GIL-holding functions or moving large chunks of data. This can cause timeouts and instability.
2025-09-03 13:22:11,730 - distributed.core - INFO - Event loop was unresponsive in Worker for 8.90s.  This is often caused by long-running GIL-holding functions or moving large chunks of data. This can cause timeouts and instability.
2025-09-03 13:22:12,466 - distributed.core - INFO - Event loop was unresponsive in Worker for 3.01s.  This is often caused by long-running GIL-holding functions or moving large chunks of data. This can cause timeouts and instability.
2025-09-03 13:22:14,100 - distributed.core - INFO - Event loop was unresponsive in Worker for 11.25s.  This is often caused by long-running GIL-holding functions or moving large chunks of data. This can cause timeouts and instability.
2025-09-03 13:22:17,880 - distributed.core - INFO - Event loop was unresponsive in Worker for 5.73s.  This is often caused by long-running GIL-holding functions or moving large chunks of data. This can cause timeouts and instability.
2025-09-03 13:22:18,328 - distributed.core - INFO - Event loop was unresponsive in Worker for 6.28s.  This is often caused by long-running GIL-holding functions or moving large chunks of data. This can cause timeouts and instability.
2025-09-03 13:22:19,050 - distributed.core - INFO - Event loop was unresponsive in Worker for 6.90s.  This is often caused by long-running GIL-holding functions or moving large chunks of data. This can cause timeouts and instability.
2025-09-03 13:22:20,489 - distributed.core - INFO - Event loop was unresponsive in Worker for 6.39s.  This is often caused by long-running GIL-holding functions or moving large chunks of data. This can cause timeouts and instability.
2025-09-03 13:22:24,163 - distributed.core - INFO - Event loop was unresponsive in Worker for 11.37s.  This is often caused by long-running GIL-holding functions or moving large chunks of data. This can cause timeouts and instability.
2025-09-03 13:22:25,262 - distributed.core - INFO - Event loop was unresponsive in Worker for 12.49s.  This is often caused by long-running GIL-holding functions or moving large chunks of data. This can cause timeouts and instability.
2025-09-03 13:22:25,274 - distributed.core - INFO - Event loop was unresponsive in Worker for 13.36s.  This is often caused by long-running GIL-holding functions or moving large chunks of data. This can cause timeouts and instability.
2025-09-03 13:22:28,681 - distributed.core - INFO - Event loop was unresponsive in Worker for 16.50s.  This is often caused by long-running GIL-holding functions or moving large chunks of data. This can cause timeouts and instability.
2025-09-03 13:22:41,408 - distributed.core - INFO - Event loop was unresponsive in Worker for 3.06s.  This is often caused by long-running GIL-holding functions or moving large chunks of data. This can cause timeouts and instability.
2025-09-03 13:22:41,720 - distributed.core - INFO - Event loop was unresponsive in Worker for 4.05s.  This is often caused by long-running GIL-holding functions or moving large chunks of data. This can cause timeouts and instability.
2025-09-03 13:22:42,640 - distributed.core - INFO - Event loop was unresponsive in Worker for 4.89s.  This is often caused by long-running GIL-holding functions or moving large chunks of data. This can cause timeouts and instability.
2025-09-03 13:22:44,435 - distributed.core - INFO - Event loop was unresponsive in Worker for 6.69s.  This is often caused by long-running GIL-holding functions or moving large chunks of data. This can cause timeouts and instability.
2025-09-03 13:22:45,731 - distributed.core - INFO - Event loop was unresponsive in Worker for 5.70s.  This is often caused by long-running GIL-holding functions or moving large chunks of data. This can cause timeouts and instability.
2025-09-03 13:22:50,086 - distributed.core - INFO - Event loop was unresponsive in Worker for 5.68s.  This is often caused by long-running GIL-holding functions or moving large chunks of data. This can cause timeouts and instability.
2025-09-03 13:22:50,277 - distributed.core - INFO - Event loop was unresponsive in Worker for 5.86s.  This is often caused by long-running GIL-holding functions or moving large chunks of data. This can cause timeouts and instability.
2025-09-03 13:22:53,509 - distributed.core - INFO - Event loop was unresponsive in Worker for 5.29s.  This is often caused by long-running GIL-holding functions or moving large chunks of data. This can cause timeouts and instability.
2025-09-03 13:22:54,437 - distributed.core - INFO - Event loop was unresponsive in Worker for 4.42s.  This is often caused by long-running GIL-holding functions or moving large chunks of data. This can cause timeouts and instability.
2025-09-03 13:22:55,641 - distributed.core - INFO - Event loop was unresponsive in Worker for 6.26s.  This is often caused by long-running GIL-holding functions or moving large chunks of data. This can cause timeouts and instability.
2025-09-03 13:22:56,466 - distributed.core - INFO - Event loop was unresponsive in Worker for 6.46s.  This is often caused by long-running GIL-holding functions or moving large chunks of data. This can cause timeouts and instability.
2025-09-03 13:22:56,796 - distributed.core - INFO - Event loop was unresponsive in Worker for 5.24s.  This is often caused by long-running GIL-holding functions or moving large chunks of data. This can cause timeouts and instability.
2025-09-03 13:22:56,801 - distributed.core - INFO - Event loop was unresponsive in Worker for 12.45s.  This is often caused by long-running GIL-holding functions or moving large chunks of data. This can cause timeouts and instability.
2025-09-03 13:22:56,818 - distributed.core - INFO - Event loop was unresponsive in Worker for 10.76s.  This is often caused by long-running GIL-holding functions or moving large chunks of data. This can cause timeouts and instability.
2025-09-03 13:22:57,439 - distributed.core - INFO - Event loop was unresponsive in Worker for 12.55s.  This is often caused by long-running GIL-holding functions or moving large chunks of data. This can cause timeouts and instability.
2025-09-03 13:22:57,458 - distributed.core - INFO - Event loop was unresponsive in Worker for 7.45s.  This is often caused by long-running GIL-holding functions or moving large chunks of data. This can cause timeouts and instability.
2025-09-03 13:22:57,592 - distributed.core - INFO - Event loop was unresponsive in Worker for 8.94s.  This is often caused by long-running GIL-holding functions or moving large chunks of data. This can cause timeouts and instability.
2025-09-03 13:22:57,935 - distributed.core - INFO - Event loop was unresponsive in Worker for 9.20s.  This is often caused by long-running GIL-holding functions or moving large chunks of data. This can cause timeouts and instability.
2025-09-03 13:22:58,845 - distributed.core - INFO - Event loop was unresponsive in Worker for 13.23s.  This is often caused by long-running GIL-holding functions or moving large chunks of data. This can cause timeouts and instability.
2025-09-03 13:22:59,121 - distributed.core - INFO - Event loop was unresponsive in Worker for 13.05s.  This is often caused by long-running GIL-holding functions or moving large chunks of data. This can cause timeouts and instability.
2025-09-03 13:23:02,022 - distributed.core - INFO - Event loop was unresponsive in Worker for 3.38s.  This is often caused by long-running GIL-holding functions or moving large chunks of data. This can cause timeouts and instability.
2025-09-03 13:23:02,922 - distributed.core - INFO - Event loop was unresponsive in Worker for 4.28s.  This is often caused by long-running GIL-holding functions or moving large chunks of data. This can cause timeouts and instability.
2025-09-03 13:23:03,289 - distributed.core - INFO - Event loop was unresponsive in Worker for 4.01s.  This is often caused by long-running GIL-holding functions or moving large chunks of data. This can cause timeouts and instability.
2025-09-03 13:23:03,747 - distributed.core - INFO - Event loop was unresponsive in Worker for 5.10s.  This is often caused by long-running GIL-holding functions or moving large chunks of data. This can cause timeouts and instability.
2025-09-03 13:23:03,921 - distributed.core - INFO - Event loop was unresponsive in Worker for 5.26s.  This is often caused by long-running GIL-holding functions or moving large chunks of data. This can cause timeouts and instability.
2025-09-03 13:23:03,927 - distributed.core - INFO - Event loop was unresponsive in Worker for 5.28s.  This is often caused by long-running GIL-holding functions or moving large chunks of data. This can cause timeouts and instability.
2025-09-03 13:23:05,143 - distributed.core - INFO - Event loop was unresponsive in Worker for 16.91s.  This is often caused by long-running GIL-holding functions or moving large chunks of data. This can cause timeouts and instability.
2025-09-03 13:23:05,496 - distributed.core - INFO - Event loop was unresponsive in Worker for 4.27s.  This is often caused by long-running GIL-holding functions or moving large chunks of data. This can cause timeouts and instability.
2025-09-03 13:23:05,876 - distributed.core - INFO - Event loop was unresponsive in Worker for 4.60s.  This is often caused by long-running GIL-holding functions or moving large chunks of data. This can cause timeouts and instability.
2025-09-03 13:23:06,157 - distributed.core - INFO - Event loop was unresponsive in Worker for 4.92s.  This is often caused by long-running GIL-holding functions or moving large chunks of data. This can cause timeouts and instability.
2025-09-03 13:23:06,524 - distributed.core - INFO - Event loop was unresponsive in Worker for 5.38s.  This is often caused by long-running GIL-holding functions or moving large chunks of data. This can cause timeouts and instability.
2025-09-03 13:23:07,077 - distributed.core - INFO - Event loop was unresponsive in Worker for 8.42s.  This is often caused by long-running GIL-holding functions or moving large chunks of data. This can cause timeouts and instability.
2025-09-03 13:23:07,209 - distributed.core - INFO - Event loop was unresponsive in Worker for 7.92s.  This is often caused by long-running GIL-holding functions or moving large chunks of data. This can cause timeouts and instability.
2025-09-03 13:23:07,696 - distributed.core - INFO - Event loop was unresponsive in Worker for 3.27s.  This is often caused by long-running GIL-holding functions or moving large chunks of data. This can cause timeouts and instability.
2025-09-03 13:23:08,833 - distributed.core - INFO - Event loop was unresponsive in Worker for 6.98s.  This is often caused by long-running GIL-holding functions or moving large chunks of data. This can cause timeouts and instability.
2025-09-03 13:23:08,852 - distributed.core - INFO - Event loop was unresponsive in Worker for 3.65s.  This is often caused by long-running GIL-holding functions or moving large chunks of data. This can cause timeouts and instability.
2025-09-03 13:23:09,168 - distributed.core - INFO - Event loop was unresponsive in Worker for 5.35s.  This is often caused by long-running GIL-holding functions or moving large chunks of data. This can cause timeouts and instability.
2025-09-03 13:23:14,988 - distributed.core - INFO - Event loop was unresponsive in Worker for 13.11s.  This is often caused by long-running GIL-holding functions or moving large chunks of data. This can cause timeouts and instability.
2025-09-03 13:23:23,514 - distributed.core - INFO - Event loop was unresponsive in Worker for 16.33s.  This is often caused by long-running GIL-holding functions or moving large chunks of data. This can cause timeouts and instability.
2025-09-03 13:23:24,301 - distributed.core - INFO - Event loop was unresponsive in Worker for 3.82s.  This is often caused by long-running GIL-holding functions or moving large chunks of data. This can cause timeouts and instability.
2025-09-03 13:23:35,627 - distributed.core - INFO - Event loop was unresponsive in Worker for 5.14s.  This is often caused by long-running GIL-holding functions or moving large chunks of data. This can cause timeouts and instability.
2025-09-03 13:23:36,786 - distributed.core - INFO - Event loop was unresponsive in Worker for 4.95s.  This is often caused by long-running GIL-holding functions or moving large chunks of data. This can cause timeouts and instability.
2025-09-03 13:23:36,801 - distributed.core - INFO - Event loop was unresponsive in Worker for 4.90s.  This is often caused by long-running GIL-holding functions or moving large chunks of data. This can cause timeouts and instability.
2025-09-03 13:23:37,155 - distributed.core - INFO - Event loop was unresponsive in Worker for 6.00s.  This is often caused by long-running GIL-holding functions or moving large chunks of data. This can cause timeouts and instability.
2025-09-03 13:23:37,371 - distributed.core - INFO - Event loop was unresponsive in Worker for 6.12s.  This is often caused by long-running GIL-holding functions or moving large chunks of data. This can cause timeouts and instability.
2025-09-03 13:23:38,382 - distributed.core - INFO - Event loop was unresponsive in Worker for 5.42s.  This is often caused by long-running GIL-holding functions or moving large chunks of data. This can cause timeouts and instability.
2025-09-03 13:23:40,110 - distributed.core - INFO - Event loop was unresponsive in Worker for 8.25s.  This is often caused by long-running GIL-holding functions or moving large chunks of data. This can cause timeouts and instability.
2025-09-03 13:23:40,111 - distributed.core - INFO - Event loop was unresponsive in Worker for 8.26s.  This is often caused by long-running GIL-holding functions or moving large chunks of data. This can cause timeouts and instability.
2025-09-03 13:23:41,486 - distributed.core - INFO - Event loop was unresponsive in Worker for 9.16s.  This is often caused by long-running GIL-holding functions or moving large chunks of data. This can cause timeouts and instability.
2025-09-03 13:23:43,162 - distributed.core - INFO - Event loop was unresponsive in Worker for 11.93s.  This is often caused by long-running GIL-holding functions or moving large chunks of data. This can cause timeouts and instability.
2025-09-03 13:23:45,761 - distributed.core - INFO - Event loop was unresponsive in Worker for 13.42s.  This is often caused by long-running GIL-holding functions or moving large chunks of data. This can cause timeouts and instability.
2025-09-03 13:23:45,766 - distributed.core - INFO - Event loop was unresponsive in Worker for 13.42s.  This is often caused by long-running GIL-holding functions or moving large chunks of data. This can cause timeouts and instability.
2025-09-03 13:23:45,769 - distributed.core - INFO - Event loop was unresponsive in Worker for 13.47s.  This is often caused by long-running GIL-holding functions or moving large chunks of data. This can cause timeouts and instability.
2025-09-03 13:23:46,406 - distributed.core - INFO - Event loop was unresponsive in Worker for 14.57s.  This is often caused by long-running GIL-holding functions or moving large chunks of data. This can cause timeouts and instability.
2025-09-03 13:23:46,561 - distributed.core - INFO - Event loop was unresponsive in Worker for 5.75s.  This is often caused by long-running GIL-holding functions or moving large chunks of data. This can cause timeouts and instability.
2025-09-03 13:23:46,696 - distributed.core - INFO - Event loop was unresponsive in Worker for 16.19s.  This is often caused by long-running GIL-holding functions or moving large chunks of data. This can cause timeouts and instability.
2025-09-03 13:23:47,325 - distributed.core - INFO - Event loop was unresponsive in Worker for 5.53s.  This is often caused by long-running GIL-holding functions or moving large chunks of data. This can cause timeouts and instability.
2025-09-03 13:23:47,334 - distributed.core - INFO - Event loop was unresponsive in Worker for 8.85s.  This is often caused by long-running GIL-holding functions or moving large chunks of data. This can cause timeouts and instability.
2025-09-03 13:23:48,427 - distributed.core - INFO - Event loop was unresponsive in Worker for 16.59s.  This is often caused by long-running GIL-holding functions or moving large chunks of data. This can cause timeouts and instability.
2025-09-03 13:23:48,542 - distributed.core - INFO - Event loop was unresponsive in Worker for 13.85s.  This is often caused by long-running GIL-holding functions or moving large chunks of data. This can cause timeouts and instability.
2025-09-03 13:23:49,110 - distributed.core - INFO - Event loop was unresponsive in Worker for 16.14s.  This is often caused by long-running GIL-holding functions or moving large chunks of data. This can cause timeouts and instability.
2025-09-03 13:23:49,160 - distributed.core - INFO - Event loop was unresponsive in Worker for 4.07s.  This is often caused by long-running GIL-holding functions or moving large chunks of data. This can cause timeouts and instability.
2025-09-03 13:23:50,231 - distributed.core - INFO - Event loop was unresponsive in Worker for 8.69s.  This is often caused by long-running GIL-holding functions or moving large chunks of data. This can cause timeouts and instability.
2025-09-03 13:23:51,534 - distributed.core - INFO - Event loop was unresponsive in Worker for 3.30s.  This is often caused by long-running GIL-holding functions or moving large chunks of data. This can cause timeouts and instability.
2025-09-03 13:23:52,262 - distributed.core - INFO - Event loop was unresponsive in Worker for 6.84s.  This is often caused by long-running GIL-holding functions or moving large chunks of data. This can cause timeouts and instability.
2025-09-03 13:23:52,772 - distributed.core - INFO - Event loop was unresponsive in Worker for 7.34s.  This is often caused by long-running GIL-holding functions or moving large chunks of data. This can cause timeouts and instability.
2025-09-03 13:23:52,993 - distributed.core - INFO - Event loop was unresponsive in Worker for 4.72s.  This is often caused by long-running GIL-holding functions or moving large chunks of data. This can cause timeouts and instability.
2025-09-03 13:23:53,596 - distributed.core - INFO - Event loop was unresponsive in Worker for 3.28s.  This is often caused by long-running GIL-holding functions or moving large chunks of data. This can cause timeouts and instability.
2025-09-03 13:23:53,814 - distributed.core - INFO - Event loop was unresponsive in Worker for 3.46s.  This is often caused by long-running GIL-holding functions or moving large chunks of data. This can cause timeouts and instability.
2025-09-03 13:23:53,985 - distributed.core - INFO - Event loop was unresponsive in Worker for 3.69s.  This is often caused by long-running GIL-holding functions or moving large chunks of data. This can cause timeouts and instability.
2025-09-03 13:23:53,995 - distributed.core - INFO - Event loop was unresponsive in Worker for 10.51s.  This is often caused by long-running GIL-holding functions or moving large chunks of data. This can cause timeouts and instability.
2025-09-03 13:23:54,062 - distributed.core - INFO - Event loop was unresponsive in Worker for 3.83s.  This is often caused by long-running GIL-holding functions or moving large chunks of data. This can cause timeouts and instability.
2025-09-03 13:23:54,347 - distributed.core - INFO - Event loop was unresponsive in Worker for 5.79s.  This is often caused by long-running GIL-holding functions or moving large chunks of data. This can cause timeouts and instability.
2025-09-03 13:23:54,353 - distributed.core - INFO - Event loop was unresponsive in Worker for 4.04s.  This is often caused by long-running GIL-holding functions or moving large chunks of data. This can cause timeouts and instability.
2025-09-03 13:23:54,356 - distributed.core - INFO - Event loop was unresponsive in Worker for 5.63s.  This is often caused by long-running GIL-holding functions or moving large chunks of data. This can cause timeouts and instability.
2025-09-03 13:23:54,415 - distributed.core - INFO - Event loop was unresponsive in Worker for 5.85s.  This is often caused by long-running GIL-holding functions or moving large chunks of data. This can cause timeouts and instability.
2025-09-03 13:23:54,429 - distributed.core - INFO - Event loop was unresponsive in Worker for 3.57s.  This is often caused by long-running GIL-holding functions or moving large chunks of data. This can cause timeouts and instability.
2025-09-03 13:23:54,538 - distributed.core - INFO - Event loop was unresponsive in Worker for 7.43s.  This is often caused by long-running GIL-holding functions or moving large chunks of data. This can cause timeouts and instability.
2025-09-03 13:23:56,100 - distributed.core - INFO - Event loop was unresponsive in Worker for 5.26s.  This is often caused by long-running GIL-holding functions or moving large chunks of data. This can cause timeouts and instability.
2025-09-03 13:23:56,101 - distributed.core - INFO - Event loop was unresponsive in Worker for 5.26s.  This is often caused by long-running GIL-holding functions or moving large chunks of data. This can cause timeouts and instability.
2025-09-03 13:23:56,112 - distributed.core - INFO - Event loop was unresponsive in Worker for 5.77s.  This is often caused by long-running GIL-holding functions or moving large chunks of data. This can cause timeouts and instability.
2025-09-03 13:23:58,274 - distributed.core - INFO - Event loop was unresponsive in Worker for 7.98s.  This is often caused by long-running GIL-holding functions or moving large chunks of data. This can cause timeouts and instability.
2025-09-03 13:23:58,750 - distributed.core - INFO - Event loop was unresponsive in Worker for 8.08s.  This is often caused by long-running GIL-holding functions or moving large chunks of data. This can cause timeouts and instability.
2025-09-03 13:23:58,838 - distributed.core - INFO - Event loop was unresponsive in Worker for 8.19s.  This is often caused by long-running GIL-holding functions or moving large chunks of data. This can cause timeouts and instability.
2025-09-03 13:23:59,567 - distributed.core - INFO - Event loop was unresponsive in Worker for 7.32s.  This is often caused by long-running GIL-holding functions or moving large chunks of data. This can cause timeouts and instability.
2025-09-03 13:23:59,720 - distributed.core - INFO - Event loop was unresponsive in Worker for 9.41s.  This is often caused by long-running GIL-holding functions or moving large chunks of data. This can cause timeouts and instability.
2025-09-03 13:23:59,880 - distributed.core - INFO - Event loop was unresponsive in Worker for 9.57s.  This is often caused by long-running GIL-holding functions or moving large chunks of data. This can cause timeouts and instability.
2025-09-03 13:24:00,267 - distributed.core - INFO - Event loop was unresponsive in Worker for 16.46s.  This is often caused by long-running GIL-holding functions or moving large chunks of data. This can cause timeouts and instability.
2025-09-03 13:24:00,369 - distributed.core - INFO - Event loop was unresponsive in Worker for 10.05s.  This is often caused by long-running GIL-holding functions or moving large chunks of data. This can cause timeouts and instability.
2025-09-03 13:24:01,685 - distributed.core - INFO - Event loop was unresponsive in Worker for 11.32s.  This is often caused by long-running GIL-holding functions or moving large chunks of data. This can cause timeouts and instability.
2025-09-03 13:24:03,396 - distributed.core - INFO - Event loop was unresponsive in Worker for 3.13s.  This is often caused by long-running GIL-holding functions or moving large chunks of data. This can cause timeouts and instability.
2025-09-03 13:24:03,397 - distributed.core - INFO - Event loop was unresponsive in Worker for 3.03s.  This is often caused by long-running GIL-holding functions or moving large chunks of data. This can cause timeouts and instability.
2025-09-03 13:24:07,253 - distributed.core - INFO - Event loop was unresponsive in Worker for 4.49s.  This is often caused by long-running GIL-holding functions or moving large chunks of data. This can cause timeouts and instability.
2025-09-03 13:24:07,268 - distributed.core - INFO - Event loop was unresponsive in Worker for 5.09s.  This is often caused by long-running GIL-holding functions or moving large chunks of data. This can cause timeouts and instability.
2025-09-03 13:24:08,826 - distributed.core - INFO - Event loop was unresponsive in Worker for 7.53s.  This is often caused by long-running GIL-holding functions or moving large chunks of data. This can cause timeouts and instability.
2025-09-03 13:24:12,170 - distributed.core - INFO - Event loop was unresponsive in Worker for 9.44s.  This is often caused by long-running GIL-holding functions or moving large chunks of data. This can cause timeouts and instability.
2025-09-03 13:24:14,072 - distributed.core - INFO - Event loop was unresponsive in Worker for 11.31s.  This is often caused by long-running GIL-holding functions or moving large chunks of data. This can cause timeouts and instability.
2025-09-03 13:24:15,556 - distributed.core - INFO - Event loop was unresponsive in Worker for 13.33s.  This is often caused by long-running GIL-holding functions or moving large chunks of data. This can cause timeouts and instability.
