Loading singularity
Loading conda/analysis3-25.06
Loading gadi_jupyterlab/23.02
2025-09-03 13:15:12,910 - distributed.nanny - INFO -         Start Nanny at: 'tcp://10.6.83.11:43539'
2025-09-03 13:15:12,916 - distributed.nanny - INFO -         Start Nanny at: 'tcp://10.6.83.11:32785'
2025-09-03 13:15:12,920 - distributed.nanny - INFO -         Start Nanny at: 'tcp://10.6.83.11:39003'
2025-09-03 13:15:12,925 - distributed.nanny - INFO -         Start Nanny at: 'tcp://10.6.83.11:39953'
2025-09-03 13:15:12,929 - distributed.nanny - INFO -         Start Nanny at: 'tcp://10.6.83.11:34383'
2025-09-03 13:15:12,933 - distributed.nanny - INFO -         Start Nanny at: 'tcp://10.6.83.11:46589'
2025-09-03 13:15:12,937 - distributed.nanny - INFO -         Start Nanny at: 'tcp://10.6.83.11:36925'
2025-09-03 13:15:12,941 - distributed.nanny - INFO -         Start Nanny at: 'tcp://10.6.83.11:43675'
2025-09-03 13:15:12,947 - distributed.nanny - INFO -         Start Nanny at: 'tcp://10.6.83.11:43119'
2025-09-03 13:15:12,950 - distributed.nanny - INFO -         Start Nanny at: 'tcp://10.6.83.11:40985'
2025-09-03 13:15:12,955 - distributed.nanny - INFO -         Start Nanny at: 'tcp://10.6.83.11:36937'
2025-09-03 13:15:12,958 - distributed.nanny - INFO -         Start Nanny at: 'tcp://10.6.83.11:36837'
2025-09-03 13:15:12,961 - distributed.nanny - INFO -         Start Nanny at: 'tcp://10.6.83.11:45089'
2025-09-03 13:15:12,967 - distributed.nanny - INFO -         Start Nanny at: 'tcp://10.6.83.11:45419'
2025-09-03 13:15:12,971 - distributed.nanny - INFO -         Start Nanny at: 'tcp://10.6.83.11:42955'
2025-09-03 13:15:12,976 - distributed.nanny - INFO -         Start Nanny at: 'tcp://10.6.83.11:44339'
2025-09-03 13:15:12,980 - distributed.nanny - INFO -         Start Nanny at: 'tcp://10.6.83.11:34447'
2025-09-03 13:15:12,985 - distributed.nanny - INFO -         Start Nanny at: 'tcp://10.6.83.11:35695'
2025-09-03 13:15:12,992 - distributed.nanny - INFO -         Start Nanny at: 'tcp://10.6.83.11:45833'
2025-09-03 13:15:12,996 - distributed.nanny - INFO -         Start Nanny at: 'tcp://10.6.83.11:45955'
2025-09-03 13:15:13,080 - distributed.nanny - INFO -         Start Nanny at: 'tcp://10.6.83.11:34091'
2025-09-03 13:15:13,084 - distributed.nanny - INFO -         Start Nanny at: 'tcp://10.6.83.11:39725'
2025-09-03 13:15:13,088 - distributed.nanny - INFO -         Start Nanny at: 'tcp://10.6.83.11:34121'
2025-09-03 13:15:13,092 - distributed.nanny - INFO -         Start Nanny at: 'tcp://10.6.83.11:41809'
2025-09-03 13:15:13,096 - distributed.nanny - INFO -         Start Nanny at: 'tcp://10.6.83.11:34953'
2025-09-03 13:15:13,101 - distributed.nanny - INFO -         Start Nanny at: 'tcp://10.6.83.11:37515'
2025-09-03 13:15:13,105 - distributed.nanny - INFO -         Start Nanny at: 'tcp://10.6.83.11:40241'
2025-09-03 13:15:13,110 - distributed.nanny - INFO -         Start Nanny at: 'tcp://10.6.83.11:41327'
2025-09-03 13:15:13,116 - distributed.nanny - INFO -         Start Nanny at: 'tcp://10.6.83.11:42565'
2025-09-03 13:15:13,119 - distributed.nanny - INFO -         Start Nanny at: 'tcp://10.6.83.11:43041'
2025-09-03 13:15:13,123 - distributed.nanny - INFO -         Start Nanny at: 'tcp://10.6.83.11:42237'
2025-09-03 13:15:13,128 - distributed.nanny - INFO -         Start Nanny at: 'tcp://10.6.83.11:40881'
2025-09-03 13:15:13,132 - distributed.nanny - INFO -         Start Nanny at: 'tcp://10.6.83.11:35601'
2025-09-03 13:15:13,137 - distributed.nanny - INFO -         Start Nanny at: 'tcp://10.6.83.11:33283'
2025-09-03 13:15:13,142 - distributed.nanny - INFO -         Start Nanny at: 'tcp://10.6.83.11:46447'
2025-09-03 13:15:13,146 - distributed.nanny - INFO -         Start Nanny at: 'tcp://10.6.83.11:43461'
2025-09-03 13:15:13,151 - distributed.nanny - INFO -         Start Nanny at: 'tcp://10.6.83.11:42783'
2025-09-03 13:15:13,155 - distributed.nanny - INFO -         Start Nanny at: 'tcp://10.6.83.11:40743'
2025-09-03 13:15:13,160 - distributed.nanny - INFO -         Start Nanny at: 'tcp://10.6.83.11:37725'
2025-09-03 13:15:13,165 - distributed.nanny - INFO -         Start Nanny at: 'tcp://10.6.83.11:40575'
2025-09-03 13:15:13,169 - distributed.nanny - INFO -         Start Nanny at: 'tcp://10.6.83.11:38281'
2025-09-03 13:15:13,173 - distributed.nanny - INFO -         Start Nanny at: 'tcp://10.6.83.11:36457'
2025-09-03 13:15:13,178 - distributed.nanny - INFO -         Start Nanny at: 'tcp://10.6.83.11:33605'
2025-09-03 13:15:13,183 - distributed.nanny - INFO -         Start Nanny at: 'tcp://10.6.83.11:41539'
2025-09-03 13:15:13,187 - distributed.nanny - INFO -         Start Nanny at: 'tcp://10.6.83.11:33333'
2025-09-03 13:15:13,192 - distributed.nanny - INFO -         Start Nanny at: 'tcp://10.6.83.11:40555'
2025-09-03 13:15:13,196 - distributed.nanny - INFO -         Start Nanny at: 'tcp://10.6.83.11:38287'
2025-09-03 13:15:13,200 - distributed.nanny - INFO -         Start Nanny at: 'tcp://10.6.83.11:46543'
2025-09-03 13:15:13,203 - distributed.nanny - INFO -         Start Nanny at: 'tcp://10.6.83.11:44503'
2025-09-03 13:15:13,208 - distributed.nanny - INFO -         Start Nanny at: 'tcp://10.6.83.11:40357'
2025-09-03 13:15:13,213 - distributed.nanny - INFO -         Start Nanny at: 'tcp://10.6.83.11:36167'
2025-09-03 13:15:13,218 - distributed.nanny - INFO -         Start Nanny at: 'tcp://10.6.83.11:46817'
2025-09-03 13:15:14,132 - distributed.worker - INFO -       Start worker at:     tcp://10.6.83.11:40381
2025-09-03 13:15:14,132 - distributed.worker - INFO -       Start worker at:     tcp://10.6.83.11:37371
2025-09-03 13:15:14,132 - distributed.worker - INFO -       Start worker at:     tcp://10.6.83.11:39533
2025-09-03 13:15:14,132 - distributed.worker - INFO -          Listening to:     tcp://10.6.83.11:40381
2025-09-03 13:15:14,132 - distributed.worker - INFO -          Listening to:     tcp://10.6.83.11:37371
2025-09-03 13:15:14,132 - distributed.worker - INFO -       Start worker at:     tcp://10.6.83.11:45483
2025-09-03 13:15:14,132 - distributed.worker - INFO -       Start worker at:     tcp://10.6.83.11:35479
2025-09-03 13:15:14,132 - distributed.worker - INFO -          Listening to:     tcp://10.6.83.11:39533
2025-09-03 13:15:14,132 - distributed.worker - INFO -          dashboard at:           10.6.83.11:43533
2025-09-03 13:15:14,132 - distributed.worker - INFO -          dashboard at:           10.6.83.11:44619
2025-09-03 13:15:14,132 - distributed.worker - INFO -          Listening to:     tcp://10.6.83.11:45483
2025-09-03 13:15:14,132 - distributed.worker - INFO -          Listening to:     tcp://10.6.83.11:35479
2025-09-03 13:15:14,132 - distributed.worker - INFO -          dashboard at:           10.6.83.11:39435
2025-09-03 13:15:14,132 - distributed.worker - INFO - Waiting to connect to:       tcp://10.6.81.1:8764
2025-09-03 13:15:14,132 - distributed.worker - INFO - Waiting to connect to:       tcp://10.6.81.1:8764
2025-09-03 13:15:14,132 - distributed.worker - INFO -          dashboard at:           10.6.83.11:32809
2025-09-03 13:15:14,132 - distributed.worker - INFO -          dashboard at:           10.6.83.11:35661
2025-09-03 13:15:14,132 - distributed.worker - INFO - -------------------------------------------------
2025-09-03 13:15:14,132 - distributed.worker - INFO - -------------------------------------------------
2025-09-03 13:15:14,132 - distributed.worker - INFO - Waiting to connect to:       tcp://10.6.81.1:8764
2025-09-03 13:15:14,132 - distributed.worker - INFO - Waiting to connect to:       tcp://10.6.81.1:8764
2025-09-03 13:15:14,132 - distributed.worker - INFO -               Threads:                          2
2025-09-03 13:15:14,132 - distributed.worker - INFO - Waiting to connect to:       tcp://10.6.81.1:8764
2025-09-03 13:15:14,132 - distributed.worker - INFO -               Threads:                          2
2025-09-03 13:15:14,132 - distributed.worker - INFO - -------------------------------------------------
2025-09-03 13:15:14,132 - distributed.worker - INFO - -------------------------------------------------
2025-09-03 13:15:14,132 - distributed.worker - INFO -                Memory:                   9.62 GiB
2025-09-03 13:15:14,132 - distributed.worker - INFO - -------------------------------------------------
2025-09-03 13:15:14,132 - distributed.worker - INFO -                Memory:                   9.62 GiB
2025-09-03 13:15:14,132 - distributed.worker - INFO -               Threads:                          2
2025-09-03 13:15:14,133 - distributed.worker - INFO -               Threads:                          2
2025-09-03 13:15:14,133 - distributed.worker - INFO -       Local Directory: /jobfs/148618149.gadi-pbs/dask-scratch-space/worker-9_ehi_b2
2025-09-03 13:15:14,133 - distributed.worker - INFO -               Threads:                          2
2025-09-03 13:15:14,133 - distributed.worker - INFO -                Memory:                   9.62 GiB
2025-09-03 13:15:14,133 - distributed.worker - INFO -       Local Directory: /jobfs/148618149.gadi-pbs/dask-scratch-space/worker-ujn5v354
2025-09-03 13:15:14,133 - distributed.worker - INFO -                Memory:                   9.62 GiB
2025-09-03 13:15:14,133 - distributed.worker - INFO -                Memory:                   9.62 GiB
2025-09-03 13:15:14,133 - distributed.worker - INFO - -------------------------------------------------
2025-09-03 13:15:14,133 - distributed.worker - INFO -       Local Directory: /jobfs/148618149.gadi-pbs/dask-scratch-space/worker-1xyb4r41
2025-09-03 13:15:14,133 - distributed.worker - INFO - -------------------------------------------------
2025-09-03 13:15:14,133 - distributed.worker - INFO -       Local Directory: /jobfs/148618149.gadi-pbs/dask-scratch-space/worker-1g3z8w7c
2025-09-03 13:15:14,133 - distributed.worker - INFO -       Local Directory: /jobfs/148618149.gadi-pbs/dask-scratch-space/worker-ukuamc1_
2025-09-03 13:15:14,133 - distributed.worker - INFO - -------------------------------------------------
2025-09-03 13:15:14,133 - distributed.worker - INFO - -------------------------------------------------
2025-09-03 13:15:14,133 - distributed.worker - INFO - -------------------------------------------------
2025-09-03 13:15:14,139 - distributed.worker - INFO -       Start worker at:     tcp://10.6.83.11:46807
2025-09-03 13:15:14,140 - distributed.worker - INFO -       Start worker at:     tcp://10.6.83.11:46233
2025-09-03 13:15:14,140 - distributed.worker - INFO -          Listening to:     tcp://10.6.83.11:46807
2025-09-03 13:15:14,140 - distributed.worker - INFO -          Listening to:     tcp://10.6.83.11:46233
2025-09-03 13:15:14,140 - distributed.worker - INFO -          dashboard at:           10.6.83.11:44577
2025-09-03 13:15:14,140 - distributed.worker - INFO -          dashboard at:           10.6.83.11:38893
2025-09-03 13:15:14,140 - distributed.worker - INFO - Waiting to connect to:       tcp://10.6.81.1:8764
2025-09-03 13:15:14,140 - distributed.worker - INFO - Waiting to connect to:       tcp://10.6.81.1:8764
2025-09-03 13:15:14,140 - distributed.worker - INFO - -------------------------------------------------
2025-09-03 13:15:14,140 - distributed.worker - INFO - -------------------------------------------------
2025-09-03 13:15:14,140 - distributed.worker - INFO -               Threads:                          2
2025-09-03 13:15:14,140 - distributed.worker - INFO -               Threads:                          2
2025-09-03 13:15:14,140 - distributed.worker - INFO -                Memory:                   9.62 GiB
2025-09-03 13:15:14,140 - distributed.worker - INFO -                Memory:                   9.62 GiB
2025-09-03 13:15:14,140 - distributed.worker - INFO -       Local Directory: /jobfs/148618149.gadi-pbs/dask-scratch-space/worker-j1ahzt3w
2025-09-03 13:15:14,140 - distributed.worker - INFO -       Local Directory: /jobfs/148618149.gadi-pbs/dask-scratch-space/worker-y5uetngs
2025-09-03 13:15:14,140 - distributed.worker - INFO - -------------------------------------------------
2025-09-03 13:15:14,140 - distributed.worker - INFO - -------------------------------------------------
2025-09-03 13:15:14,140 - distributed.worker - INFO -       Start worker at:     tcp://10.6.83.11:42879
2025-09-03 13:15:14,140 - distributed.worker - INFO -          Listening to:     tcp://10.6.83.11:42879
2025-09-03 13:15:14,140 - distributed.worker - INFO -          dashboard at:           10.6.83.11:38105
2025-09-03 13:15:14,140 - distributed.worker - INFO - Waiting to connect to:       tcp://10.6.81.1:8764
2025-09-03 13:15:14,140 - distributed.worker - INFO - -------------------------------------------------
2025-09-03 13:15:14,140 - distributed.worker - INFO -               Threads:                          2
2025-09-03 13:15:14,140 - distributed.worker - INFO -                Memory:                   9.62 GiB
2025-09-03 13:15:14,140 - distributed.worker - INFO -       Local Directory: /jobfs/148618149.gadi-pbs/dask-scratch-space/worker-db72tnu8
2025-09-03 13:15:14,140 - distributed.worker - INFO - -------------------------------------------------
2025-09-03 13:15:14,142 - distributed.worker - INFO -       Start worker at:     tcp://10.6.83.11:32907
2025-09-03 13:15:14,143 - distributed.worker - INFO -          Listening to:     tcp://10.6.83.11:32907
2025-09-03 13:15:14,143 - distributed.worker - INFO -          dashboard at:           10.6.83.11:33603
2025-09-03 13:15:14,143 - distributed.worker - INFO - Waiting to connect to:       tcp://10.6.81.1:8764
2025-09-03 13:15:14,143 - distributed.worker - INFO - -------------------------------------------------
2025-09-03 13:15:14,143 - distributed.worker - INFO -               Threads:                          2
2025-09-03 13:15:14,143 - distributed.worker - INFO -                Memory:                   9.62 GiB
2025-09-03 13:15:14,143 - distributed.worker - INFO -       Local Directory: /jobfs/148618149.gadi-pbs/dask-scratch-space/worker-pbxyszuz
2025-09-03 13:15:14,143 - distributed.worker - INFO - -------------------------------------------------
2025-09-03 13:15:14,150 - distributed.worker - INFO - Starting Worker plugin shuffle
2025-09-03 13:15:14,150 - distributed.worker - INFO -         Registered to:       tcp://10.6.81.1:8764
2025-09-03 13:15:14,150 - distributed.worker - INFO - -------------------------------------------------
2025-09-03 13:15:14,151 - distributed.core - INFO - Starting established connection to tcp://10.6.81.1:8764
2025-09-03 13:15:14,155 - distributed.worker - INFO -       Start worker at:     tcp://10.6.83.11:40183
2025-09-03 13:15:14,155 - distributed.worker - INFO -          Listening to:     tcp://10.6.83.11:40183
2025-09-03 13:15:14,155 - distributed.worker - INFO -          dashboard at:           10.6.83.11:39785
2025-09-03 13:15:14,155 - distributed.worker - INFO - Waiting to connect to:       tcp://10.6.81.1:8764
2025-09-03 13:15:14,155 - distributed.worker - INFO - -------------------------------------------------
2025-09-03 13:15:14,155 - distributed.worker - INFO -               Threads:                          2
2025-09-03 13:15:14,155 - distributed.worker - INFO -                Memory:                   9.62 GiB
2025-09-03 13:15:14,155 - distributed.worker - INFO -       Local Directory: /jobfs/148618149.gadi-pbs/dask-scratch-space/worker-v3t11y1n
2025-09-03 13:15:14,155 - distributed.worker - INFO - -------------------------------------------------
2025-09-03 13:15:14,160 - distributed.worker - INFO -       Start worker at:     tcp://10.6.83.11:40457
2025-09-03 13:15:14,160 - distributed.worker - INFO -          Listening to:     tcp://10.6.83.11:40457
2025-09-03 13:15:14,160 - distributed.worker - INFO -          dashboard at:           10.6.83.11:43661
2025-09-03 13:15:14,160 - distributed.worker - INFO - Waiting to connect to:       tcp://10.6.81.1:8764
2025-09-03 13:15:14,160 - distributed.worker - INFO - -------------------------------------------------
2025-09-03 13:15:14,160 - distributed.worker - INFO -               Threads:                          2
2025-09-03 13:15:14,160 - distributed.worker - INFO -                Memory:                   9.62 GiB
2025-09-03 13:15:14,160 - distributed.worker - INFO -       Local Directory: /jobfs/148618149.gadi-pbs/dask-scratch-space/worker-kv9dv14k
2025-09-03 13:15:14,160 - distributed.worker - INFO - -------------------------------------------------
2025-09-03 13:15:14,161 - distributed.worker - INFO -       Start worker at:     tcp://10.6.83.11:39895
2025-09-03 13:15:14,161 - distributed.worker - INFO -          Listening to:     tcp://10.6.83.11:39895
2025-09-03 13:15:14,161 - distributed.worker - INFO -          dashboard at:           10.6.83.11:46103
2025-09-03 13:15:14,161 - distributed.worker - INFO - Waiting to connect to:       tcp://10.6.81.1:8764
2025-09-03 13:15:14,161 - distributed.worker - INFO - -------------------------------------------------
2025-09-03 13:15:14,161 - distributed.worker - INFO -               Threads:                          2
2025-09-03 13:15:14,161 - distributed.worker - INFO -                Memory:                   9.62 GiB
2025-09-03 13:15:14,161 - distributed.worker - INFO -       Local Directory: /jobfs/148618149.gadi-pbs/dask-scratch-space/worker-rhbe_96b
2025-09-03 13:15:14,161 - distributed.worker - INFO - -------------------------------------------------
2025-09-03 13:15:14,163 - distributed.worker - INFO -       Start worker at:     tcp://10.6.83.11:39119
2025-09-03 13:15:14,163 - distributed.worker - INFO -          Listening to:     tcp://10.6.83.11:39119
2025-09-03 13:15:14,163 - distributed.worker - INFO -          dashboard at:           10.6.83.11:40665
2025-09-03 13:15:14,164 - distributed.worker - INFO - Waiting to connect to:       tcp://10.6.81.1:8764
2025-09-03 13:15:14,164 - distributed.worker - INFO - -------------------------------------------------
2025-09-03 13:15:14,164 - distributed.worker - INFO -               Threads:                          2
2025-09-03 13:15:14,164 - distributed.worker - INFO -                Memory:                   9.62 GiB
2025-09-03 13:15:14,164 - distributed.worker - INFO -       Local Directory: /jobfs/148618149.gadi-pbs/dask-scratch-space/worker-k728urmk
2025-09-03 13:15:14,164 - distributed.worker - INFO - -------------------------------------------------
2025-09-03 13:15:14,165 - distributed.worker - INFO -       Start worker at:     tcp://10.6.83.11:38659
2025-09-03 13:15:14,165 - distributed.worker - INFO -          Listening to:     tcp://10.6.83.11:38659
2025-09-03 13:15:14,165 - distributed.worker - INFO -          dashboard at:           10.6.83.11:33995
2025-09-03 13:15:14,165 - distributed.worker - INFO - Waiting to connect to:       tcp://10.6.81.1:8764
2025-09-03 13:15:14,165 - distributed.worker - INFO - -------------------------------------------------
2025-09-03 13:15:14,165 - distributed.worker - INFO -               Threads:                          2
2025-09-03 13:15:14,165 - distributed.worker - INFO -                Memory:                   9.62 GiB
2025-09-03 13:15:14,165 - distributed.worker - INFO -       Local Directory: /jobfs/148618149.gadi-pbs/dask-scratch-space/worker-sl99tjjo
2025-09-03 13:15:14,165 - distributed.worker - INFO - -------------------------------------------------
2025-09-03 13:15:14,166 - distributed.worker - INFO - Starting Worker plugin shuffle
2025-09-03 13:15:14,167 - distributed.worker - INFO -         Registered to:       tcp://10.6.81.1:8764
2025-09-03 13:15:14,167 - distributed.worker - INFO - -------------------------------------------------
2025-09-03 13:15:14,168 - distributed.worker - INFO - Starting Worker plugin shuffle
2025-09-03 13:15:14,168 - distributed.worker - INFO -         Registered to:       tcp://10.6.81.1:8764
2025-09-03 13:15:14,168 - distributed.worker - INFO - -------------------------------------------------
2025-09-03 13:15:14,169 - distributed.worker - INFO -       Start worker at:     tcp://10.6.83.11:35749
2025-09-03 13:15:14,169 - distributed.worker - INFO -          Listening to:     tcp://10.6.83.11:35749
2025-09-03 13:15:14,169 - distributed.worker - INFO -          dashboard at:           10.6.83.11:37285
2025-09-03 13:15:14,169 - distributed.core - INFO - Starting established connection to tcp://10.6.81.1:8764
2025-09-03 13:15:14,169 - distributed.worker - INFO - Waiting to connect to:       tcp://10.6.81.1:8764
2025-09-03 13:15:14,169 - distributed.core - INFO - Starting established connection to tcp://10.6.81.1:8764
2025-09-03 13:15:14,169 - distributed.worker - INFO - -------------------------------------------------
2025-09-03 13:15:14,169 - distributed.worker - INFO -               Threads:                          2
2025-09-03 13:15:14,169 - distributed.worker - INFO -                Memory:                   9.62 GiB
2025-09-03 13:15:14,169 - distributed.worker - INFO -       Local Directory: /jobfs/148618149.gadi-pbs/dask-scratch-space/worker-2fqyiwlp
2025-09-03 13:15:14,169 - distributed.worker - INFO - -------------------------------------------------
2025-09-03 13:15:14,172 - distributed.worker - INFO -       Start worker at:     tcp://10.6.83.11:45329
2025-09-03 13:15:14,172 - distributed.worker - INFO -          Listening to:     tcp://10.6.83.11:45329
2025-09-03 13:15:14,172 - distributed.worker - INFO -          dashboard at:           10.6.83.11:40029
2025-09-03 13:15:14,172 - distributed.worker - INFO - Waiting to connect to:       tcp://10.6.81.1:8764
2025-09-03 13:15:14,172 - distributed.worker - INFO - -------------------------------------------------
2025-09-03 13:15:14,172 - distributed.worker - INFO -               Threads:                          2
2025-09-03 13:15:14,172 - distributed.worker - INFO -                Memory:                   9.62 GiB
2025-09-03 13:15:14,172 - distributed.worker - INFO -       Local Directory: /jobfs/148618149.gadi-pbs/dask-scratch-space/worker-5bm40msn
2025-09-03 13:15:14,172 - distributed.worker - INFO - -------------------------------------------------
2025-09-03 13:15:14,175 - distributed.worker - INFO -       Start worker at:     tcp://10.6.83.11:39645
2025-09-03 13:15:14,175 - distributed.worker - INFO -          Listening to:     tcp://10.6.83.11:39645
2025-09-03 13:15:14,175 - distributed.worker - INFO -          dashboard at:           10.6.83.11:40023
2025-09-03 13:15:14,175 - distributed.worker - INFO - Waiting to connect to:       tcp://10.6.81.1:8764
2025-09-03 13:15:14,175 - distributed.worker - INFO - -------------------------------------------------
2025-09-03 13:15:14,175 - distributed.worker - INFO -               Threads:                          2
2025-09-03 13:15:14,175 - distributed.worker - INFO -                Memory:                   9.62 GiB
2025-09-03 13:15:14,175 - distributed.worker - INFO -       Local Directory: /jobfs/148618149.gadi-pbs/dask-scratch-space/worker-___ot32a
2025-09-03 13:15:14,175 - distributed.worker - INFO - -------------------------------------------------
2025-09-03 13:15:14,180 - distributed.worker - INFO - Starting Worker plugin shuffle
2025-09-03 13:15:14,181 - distributed.worker - INFO -         Registered to:       tcp://10.6.81.1:8764
2025-09-03 13:15:14,181 - distributed.worker - INFO - -------------------------------------------------
2025-09-03 13:15:14,183 - distributed.core - INFO - Starting established connection to tcp://10.6.81.1:8764
2025-09-03 13:15:14,183 - distributed.worker - INFO - Starting Worker plugin shuffle
2025-09-03 13:15:14,184 - distributed.worker - INFO -         Registered to:       tcp://10.6.81.1:8764
2025-09-03 13:15:14,184 - distributed.worker - INFO - -------------------------------------------------
2025-09-03 13:15:14,186 - distributed.core - INFO - Starting established connection to tcp://10.6.81.1:8764
2025-09-03 13:15:14,189 - distributed.worker - INFO -       Start worker at:     tcp://10.6.83.11:38161
2025-09-03 13:15:14,189 - distributed.worker - INFO -          Listening to:     tcp://10.6.83.11:38161
2025-09-03 13:15:14,189 - distributed.worker - INFO -          dashboard at:           10.6.83.11:33139
2025-09-03 13:15:14,189 - distributed.worker - INFO - Waiting to connect to:       tcp://10.6.81.1:8764
2025-09-03 13:15:14,189 - distributed.worker - INFO - -------------------------------------------------
2025-09-03 13:15:14,189 - distributed.worker - INFO -               Threads:                          2
2025-09-03 13:15:14,189 - distributed.worker - INFO -                Memory:                   9.62 GiB
2025-09-03 13:15:14,189 - distributed.worker - INFO -       Local Directory: /jobfs/148618149.gadi-pbs/dask-scratch-space/worker-tg51rqz8
2025-09-03 13:15:14,189 - distributed.worker - INFO - -------------------------------------------------
2025-09-03 13:15:14,191 - distributed.worker - INFO - Starting Worker plugin shuffle
2025-09-03 13:15:14,192 - distributed.worker - INFO -         Registered to:       tcp://10.6.81.1:8764
2025-09-03 13:15:14,192 - distributed.worker - INFO - -------------------------------------------------
2025-09-03 13:15:14,194 - distributed.core - INFO - Starting established connection to tcp://10.6.81.1:8764
2025-09-03 13:15:14,195 - distributed.worker - INFO -       Start worker at:     tcp://10.6.83.11:44717
2025-09-03 13:15:14,195 - distributed.worker - INFO -          Listening to:     tcp://10.6.83.11:44717
2025-09-03 13:15:14,195 - distributed.worker - INFO -          dashboard at:           10.6.83.11:40347
2025-09-03 13:15:14,195 - distributed.worker - INFO - Waiting to connect to:       tcp://10.6.81.1:8764
2025-09-03 13:15:14,195 - distributed.worker - INFO - -------------------------------------------------
2025-09-03 13:15:14,195 - distributed.worker - INFO -               Threads:                          2
2025-09-03 13:15:14,196 - distributed.worker - INFO -                Memory:                   9.62 GiB
2025-09-03 13:15:14,196 - distributed.worker - INFO -       Local Directory: /jobfs/148618149.gadi-pbs/dask-scratch-space/worker-cx0cmcqv
2025-09-03 13:15:14,196 - distributed.worker - INFO - -------------------------------------------------
2025-09-03 13:15:14,204 - distributed.worker - INFO - Starting Worker plugin shuffle
2025-09-03 13:15:14,205 - distributed.worker - INFO -         Registered to:       tcp://10.6.81.1:8764
2025-09-03 13:15:14,205 - distributed.worker - INFO - -------------------------------------------------
2025-09-03 13:15:14,207 - distributed.core - INFO - Starting established connection to tcp://10.6.81.1:8764
2025-09-03 13:15:14,235 - distributed.worker - INFO -       Start worker at:     tcp://10.6.83.11:35727
2025-09-03 13:15:14,235 - distributed.worker - INFO -          Listening to:     tcp://10.6.83.11:35727
2025-09-03 13:15:14,236 - distributed.worker - INFO -          dashboard at:           10.6.83.11:38703
2025-09-03 13:15:14,236 - distributed.worker - INFO - Waiting to connect to:       tcp://10.6.81.1:8764
2025-09-03 13:15:14,236 - distributed.worker - INFO - -------------------------------------------------
2025-09-03 13:15:14,236 - distributed.worker - INFO -               Threads:                          2
2025-09-03 13:15:14,236 - distributed.worker - INFO -                Memory:                   9.62 GiB
2025-09-03 13:15:14,236 - distributed.worker - INFO -       Local Directory: /jobfs/148618149.gadi-pbs/dask-scratch-space/worker-gk9vdj6u
2025-09-03 13:15:14,236 - distributed.worker - INFO - -------------------------------------------------
2025-09-03 13:15:14,242 - distributed.worker - INFO - Starting Worker plugin shuffle
2025-09-03 13:15:14,243 - distributed.worker - INFO -         Registered to:       tcp://10.6.81.1:8764
2025-09-03 13:15:14,243 - distributed.worker - INFO - -------------------------------------------------
2025-09-03 13:15:14,245 - distributed.core - INFO - Starting established connection to tcp://10.6.81.1:8764
2025-09-03 13:15:14,247 - distributed.worker - INFO -       Start worker at:     tcp://10.6.83.11:36949
2025-09-03 13:15:14,247 - distributed.worker - INFO -          Listening to:     tcp://10.6.83.11:36949
2025-09-03 13:15:14,247 - distributed.worker - INFO -          dashboard at:           10.6.83.11:41971
2025-09-03 13:15:14,247 - distributed.worker - INFO - Waiting to connect to:       tcp://10.6.81.1:8764
2025-09-03 13:15:14,247 - distributed.worker - INFO - -------------------------------------------------
2025-09-03 13:15:14,247 - distributed.worker - INFO -               Threads:                          2
2025-09-03 13:15:14,248 - distributed.worker - INFO -                Memory:                   9.62 GiB
2025-09-03 13:15:14,248 - distributed.worker - INFO -       Local Directory: /jobfs/148618149.gadi-pbs/dask-scratch-space/worker-b84i3d0_
2025-09-03 13:15:14,248 - distributed.worker - INFO - -------------------------------------------------
2025-09-03 13:15:14,250 - distributed.worker - INFO - Starting Worker plugin shuffle
2025-09-03 13:15:14,251 - distributed.worker - INFO -         Registered to:       tcp://10.6.81.1:8764
2025-09-03 13:15:14,251 - distributed.worker - INFO - -------------------------------------------------
2025-09-03 13:15:14,251 - distributed.worker - INFO -       Start worker at:     tcp://10.6.83.11:33579
2025-09-03 13:15:14,252 - distributed.worker - INFO -          Listening to:     tcp://10.6.83.11:33579
2025-09-03 13:15:14,252 - distributed.worker - INFO -          dashboard at:           10.6.83.11:45159
2025-09-03 13:15:14,252 - distributed.worker - INFO - Waiting to connect to:       tcp://10.6.81.1:8764
2025-09-03 13:15:14,252 - distributed.worker - INFO - -------------------------------------------------
2025-09-03 13:15:14,252 - distributed.worker - INFO -               Threads:                          2
2025-09-03 13:15:14,252 - distributed.worker - INFO -                Memory:                   9.62 GiB
2025-09-03 13:15:14,252 - distributed.worker - INFO -       Local Directory: /jobfs/148618149.gadi-pbs/dask-scratch-space/worker-7bdauuh9
2025-09-03 13:15:14,252 - distributed.worker - INFO - -------------------------------------------------
2025-09-03 13:15:14,253 - distributed.core - INFO - Starting established connection to tcp://10.6.81.1:8764
2025-09-03 13:15:14,254 - distributed.worker - INFO -       Start worker at:     tcp://10.6.83.11:41643
2025-09-03 13:15:14,254 - distributed.worker - INFO -          Listening to:     tcp://10.6.83.11:41643
2025-09-03 13:15:14,254 - distributed.worker - INFO -          dashboard at:           10.6.83.11:33355
2025-09-03 13:15:14,254 - distributed.worker - INFO - Waiting to connect to:       tcp://10.6.81.1:8764
2025-09-03 13:15:14,254 - distributed.worker - INFO - -------------------------------------------------
2025-09-03 13:15:14,254 - distributed.worker - INFO -               Threads:                          2
2025-09-03 13:15:14,254 - distributed.worker - INFO -                Memory:                   9.62 GiB
2025-09-03 13:15:14,254 - distributed.worker - INFO -       Local Directory: /jobfs/148618149.gadi-pbs/dask-scratch-space/worker-jgp7hwrl
2025-09-03 13:15:14,254 - distributed.worker - INFO - -------------------------------------------------
2025-09-03 13:15:14,263 - distributed.worker - INFO - Starting Worker plugin shuffle
2025-09-03 13:15:14,264 - distributed.worker - INFO -         Registered to:       tcp://10.6.81.1:8764
2025-09-03 13:15:14,264 - distributed.worker - INFO - -------------------------------------------------
2025-09-03 13:15:14,266 - distributed.core - INFO - Starting established connection to tcp://10.6.81.1:8764
2025-09-03 13:15:14,270 - distributed.worker - INFO -       Start worker at:     tcp://10.6.83.11:45423
2025-09-03 13:15:14,270 - distributed.worker - INFO -          Listening to:     tcp://10.6.83.11:45423
2025-09-03 13:15:14,270 - distributed.worker - INFO -          dashboard at:           10.6.83.11:41605
2025-09-03 13:15:14,270 - distributed.worker - INFO - Waiting to connect to:       tcp://10.6.81.1:8764
2025-09-03 13:15:14,270 - distributed.worker - INFO - -------------------------------------------------
2025-09-03 13:15:14,270 - distributed.worker - INFO -               Threads:                          2
2025-09-03 13:15:14,271 - distributed.worker - INFO -                Memory:                   9.62 GiB
2025-09-03 13:15:14,271 - distributed.worker - INFO -       Local Directory: /jobfs/148618149.gadi-pbs/dask-scratch-space/worker-b2mt8c5d
2025-09-03 13:15:14,271 - distributed.worker - INFO - -------------------------------------------------
2025-09-03 13:15:14,288 - distributed.worker - INFO - Starting Worker plugin shuffle
2025-09-03 13:15:14,289 - distributed.worker - INFO -         Registered to:       tcp://10.6.81.1:8764
2025-09-03 13:15:14,289 - distributed.worker - INFO - -------------------------------------------------
2025-09-03 13:15:14,291 - distributed.worker - INFO - Starting Worker plugin shuffle
2025-09-03 13:15:14,291 - distributed.core - INFO - Starting established connection to tcp://10.6.81.1:8764
2025-09-03 13:15:14,292 - distributed.worker - INFO -         Registered to:       tcp://10.6.81.1:8764
2025-09-03 13:15:14,292 - distributed.worker - INFO - -------------------------------------------------
2025-09-03 13:15:14,294 - distributed.core - INFO - Starting established connection to tcp://10.6.81.1:8764
2025-09-03 13:15:14,294 - distributed.worker - INFO - Starting Worker plugin shuffle
2025-09-03 13:15:14,295 - distributed.worker - INFO -         Registered to:       tcp://10.6.81.1:8764
2025-09-03 13:15:14,295 - distributed.worker - INFO - -------------------------------------------------
2025-09-03 13:15:14,296 - distributed.worker - INFO -       Start worker at:     tcp://10.6.83.11:36169
2025-09-03 13:15:14,296 - distributed.worker - INFO -          Listening to:     tcp://10.6.83.11:36169
2025-09-03 13:15:14,296 - distributed.worker - INFO -          dashboard at:           10.6.83.11:37727
2025-09-03 13:15:14,296 - distributed.worker - INFO - Waiting to connect to:       tcp://10.6.81.1:8764
2025-09-03 13:15:14,296 - distributed.worker - INFO - -------------------------------------------------
2025-09-03 13:15:14,296 - distributed.worker - INFO -               Threads:                          2
2025-09-03 13:15:14,296 - distributed.worker - INFO -                Memory:                   9.62 GiB
2025-09-03 13:15:14,296 - distributed.worker - INFO -       Local Directory: /jobfs/148618149.gadi-pbs/dask-scratch-space/worker-pzw779mz
2025-09-03 13:15:14,296 - distributed.worker - INFO - -------------------------------------------------
2025-09-03 13:15:14,296 - distributed.worker - INFO - Starting Worker plugin shuffle
2025-09-03 13:15:14,296 - distributed.core - INFO - Starting established connection to tcp://10.6.81.1:8764
2025-09-03 13:15:14,297 - distributed.worker - INFO -         Registered to:       tcp://10.6.81.1:8764
2025-09-03 13:15:14,297 - distributed.worker - INFO - -------------------------------------------------
2025-09-03 13:15:14,299 - distributed.core - INFO - Starting established connection to tcp://10.6.81.1:8764
2025-09-03 13:15:14,301 - distributed.worker - INFO - Starting Worker plugin shuffle
2025-09-03 13:15:14,303 - distributed.worker - INFO -         Registered to:       tcp://10.6.81.1:8764
2025-09-03 13:15:14,303 - distributed.worker - INFO - -------------------------------------------------
2025-09-03 13:15:14,304 - distributed.worker - INFO - Starting Worker plugin shuffle
2025-09-03 13:15:14,305 - distributed.core - INFO - Starting established connection to tcp://10.6.81.1:8764
2025-09-03 13:15:14,306 - distributed.worker - INFO -         Registered to:       tcp://10.6.81.1:8764
2025-09-03 13:15:14,306 - distributed.worker - INFO - -------------------------------------------------
2025-09-03 13:15:14,307 - distributed.core - INFO - Starting established connection to tcp://10.6.81.1:8764
2025-09-03 13:15:14,310 - distributed.worker - INFO - Starting Worker plugin shuffle
2025-09-03 13:15:14,311 - distributed.worker - INFO -         Registered to:       tcp://10.6.81.1:8764
2025-09-03 13:15:14,311 - distributed.worker - INFO - -------------------------------------------------
2025-09-03 13:15:14,313 - distributed.core - INFO - Starting established connection to tcp://10.6.81.1:8764
2025-09-03 13:15:14,321 - distributed.worker - INFO - Starting Worker plugin shuffle
2025-09-03 13:15:14,322 - distributed.worker - INFO -         Registered to:       tcp://10.6.81.1:8764
2025-09-03 13:15:14,322 - distributed.worker - INFO - -------------------------------------------------
2025-09-03 13:15:14,324 - distributed.core - INFO - Starting established connection to tcp://10.6.81.1:8764
2025-09-03 13:15:14,326 - distributed.worker - INFO - Starting Worker plugin shuffle
2025-09-03 13:15:14,327 - distributed.worker - INFO -         Registered to:       tcp://10.6.81.1:8764
2025-09-03 13:15:14,327 - distributed.worker - INFO - -------------------------------------------------
2025-09-03 13:15:14,329 - distributed.core - INFO - Starting established connection to tcp://10.6.81.1:8764
2025-09-03 13:15:14,329 - distributed.worker - INFO - Starting Worker plugin shuffle
2025-09-03 13:15:14,330 - distributed.worker - INFO -         Registered to:       tcp://10.6.81.1:8764
2025-09-03 13:15:14,330 - distributed.worker - INFO - -------------------------------------------------
2025-09-03 13:15:14,332 - distributed.core - INFO - Starting established connection to tcp://10.6.81.1:8764
2025-09-03 13:15:14,333 - distributed.worker - INFO -       Start worker at:     tcp://10.6.83.11:34405
2025-09-03 13:15:14,333 - distributed.worker - INFO -          Listening to:     tcp://10.6.83.11:34405
2025-09-03 13:15:14,333 - distributed.worker - INFO -          dashboard at:           10.6.83.11:45323
2025-09-03 13:15:14,333 - distributed.worker - INFO - Waiting to connect to:       tcp://10.6.81.1:8764
2025-09-03 13:15:14,333 - distributed.worker - INFO - -------------------------------------------------
2025-09-03 13:15:14,333 - distributed.worker - INFO -               Threads:                          2
2025-09-03 13:15:14,334 - distributed.worker - INFO -                Memory:                   9.62 GiB
2025-09-03 13:15:14,334 - distributed.worker - INFO -       Local Directory: /jobfs/148618149.gadi-pbs/dask-scratch-space/worker-xoyobhxe
2025-09-03 13:15:14,334 - distributed.worker - INFO - -------------------------------------------------
2025-09-03 13:15:14,338 - distributed.worker - INFO - Starting Worker plugin shuffle
2025-09-03 13:15:14,339 - distributed.worker - INFO -         Registered to:       tcp://10.6.81.1:8764
2025-09-03 13:15:14,339 - distributed.worker - INFO -       Start worker at:     tcp://10.6.83.11:44333
2025-09-03 13:15:14,339 - distributed.worker - INFO - -------------------------------------------------
2025-09-03 13:15:14,339 - distributed.worker - INFO -          Listening to:     tcp://10.6.83.11:44333
2025-09-03 13:15:14,339 - distributed.worker - INFO -          dashboard at:           10.6.83.11:42609
2025-09-03 13:15:14,339 - distributed.worker - INFO - Waiting to connect to:       tcp://10.6.81.1:8764
2025-09-03 13:15:14,339 - distributed.worker - INFO - -------------------------------------------------
2025-09-03 13:15:14,339 - distributed.worker - INFO -               Threads:                          2
2025-09-03 13:15:14,339 - distributed.worker - INFO -                Memory:                   9.62 GiB
2025-09-03 13:15:14,339 - distributed.worker - INFO -       Local Directory: /jobfs/148618149.gadi-pbs/dask-scratch-space/worker-x70hbsfv
2025-09-03 13:15:14,339 - distributed.worker - INFO - -------------------------------------------------
2025-09-03 13:15:14,341 - distributed.core - INFO - Starting established connection to tcp://10.6.81.1:8764
2025-09-03 13:15:14,345 - distributed.worker - INFO -       Start worker at:     tcp://10.6.83.11:33873
2025-09-03 13:15:14,345 - distributed.worker - INFO -          Listening to:     tcp://10.6.83.11:33873
2025-09-03 13:15:14,345 - distributed.worker - INFO -          dashboard at:           10.6.83.11:35893
2025-09-03 13:15:14,346 - distributed.worker - INFO - Waiting to connect to:       tcp://10.6.81.1:8764
2025-09-03 13:15:14,346 - distributed.worker - INFO - -------------------------------------------------
2025-09-03 13:15:14,346 - distributed.worker - INFO -               Threads:                          2
2025-09-03 13:15:14,346 - distributed.worker - INFO -                Memory:                   9.62 GiB
2025-09-03 13:15:14,346 - distributed.worker - INFO -       Local Directory: /jobfs/148618149.gadi-pbs/dask-scratch-space/worker-jmfrk3yv
2025-09-03 13:15:14,346 - distributed.worker - INFO - -------------------------------------------------
2025-09-03 13:15:14,361 - distributed.worker - INFO - Starting Worker plugin shuffle
2025-09-03 13:15:14,361 - distributed.worker - INFO -         Registered to:       tcp://10.6.81.1:8764
2025-09-03 13:15:14,362 - distributed.worker - INFO - -------------------------------------------------
2025-09-03 13:15:14,363 - distributed.core - INFO - Starting established connection to tcp://10.6.81.1:8764
2025-09-03 13:15:14,364 - distributed.worker - INFO - Starting Worker plugin shuffle
2025-09-03 13:15:14,366 - distributed.worker - INFO -         Registered to:       tcp://10.6.81.1:8764
2025-09-03 13:15:14,366 - distributed.worker - INFO - -------------------------------------------------
2025-09-03 13:15:14,367 - distributed.worker - INFO - Starting Worker plugin shuffle
2025-09-03 13:15:14,367 - distributed.core - INFO - Starting established connection to tcp://10.6.81.1:8764
2025-09-03 13:15:14,368 - distributed.worker - INFO -         Registered to:       tcp://10.6.81.1:8764
2025-09-03 13:15:14,369 - distributed.worker - INFO - -------------------------------------------------
2025-09-03 13:15:14,370 - distributed.core - INFO - Starting established connection to tcp://10.6.81.1:8764
2025-09-03 13:15:14,387 - distributed.worker - INFO -       Start worker at:     tcp://10.6.83.11:39823
2025-09-03 13:15:14,387 - distributed.worker - INFO -          Listening to:     tcp://10.6.83.11:39823
2025-09-03 13:15:14,387 - distributed.worker - INFO -          dashboard at:           10.6.83.11:44597
2025-09-03 13:15:14,387 - distributed.worker - INFO - Waiting to connect to:       tcp://10.6.81.1:8764
2025-09-03 13:15:14,387 - distributed.worker - INFO - -------------------------------------------------
2025-09-03 13:15:14,387 - distributed.worker - INFO -               Threads:                          2
2025-09-03 13:15:14,387 - distributed.worker - INFO -                Memory:                   9.62 GiB
2025-09-03 13:15:14,387 - distributed.worker - INFO -       Local Directory: /jobfs/148618149.gadi-pbs/dask-scratch-space/worker-4i831_6s
2025-09-03 13:15:14,387 - distributed.worker - INFO - -------------------------------------------------
2025-09-03 13:15:14,394 - distributed.worker - INFO -       Start worker at:     tcp://10.6.83.11:35009
2025-09-03 13:15:14,394 - distributed.worker - INFO -          Listening to:     tcp://10.6.83.11:35009
2025-09-03 13:15:14,394 - distributed.worker - INFO -          dashboard at:           10.6.83.11:43765
2025-09-03 13:15:14,394 - distributed.worker - INFO - Waiting to connect to:       tcp://10.6.81.1:8764
2025-09-03 13:15:14,394 - distributed.worker - INFO - -------------------------------------------------
2025-09-03 13:15:14,394 - distributed.worker - INFO -               Threads:                          2
2025-09-03 13:15:14,394 - distributed.worker - INFO -                Memory:                   9.62 GiB
2025-09-03 13:15:14,394 - distributed.worker - INFO -       Local Directory: /jobfs/148618149.gadi-pbs/dask-scratch-space/worker-hkv2o3m3
2025-09-03 13:15:14,394 - distributed.worker - INFO - -------------------------------------------------
2025-09-03 13:15:14,409 - distributed.worker - INFO - Starting Worker plugin shuffle
2025-09-03 13:15:14,410 - distributed.worker - INFO -       Start worker at:     tcp://10.6.83.11:35453
2025-09-03 13:15:14,410 - distributed.worker - INFO -          Listening to:     tcp://10.6.83.11:35453
2025-09-03 13:15:14,410 - distributed.worker - INFO -          dashboard at:           10.6.83.11:43289
2025-09-03 13:15:14,410 - distributed.worker - INFO - Waiting to connect to:       tcp://10.6.81.1:8764
2025-09-03 13:15:14,410 - distributed.worker - INFO - -------------------------------------------------
2025-09-03 13:15:14,410 - distributed.worker - INFO -               Threads:                          2
2025-09-03 13:15:14,410 - distributed.worker - INFO -                Memory:                   9.62 GiB
2025-09-03 13:15:14,410 - distributed.worker - INFO -       Local Directory: /jobfs/148618149.gadi-pbs/dask-scratch-space/worker-w4ijtobw
2025-09-03 13:15:14,410 - distributed.worker - INFO -         Registered to:       tcp://10.6.81.1:8764
2025-09-03 13:15:14,410 - distributed.worker - INFO - -------------------------------------------------
2025-09-03 13:15:14,410 - distributed.worker - INFO - -------------------------------------------------
2025-09-03 13:15:14,412 - distributed.core - INFO - Starting established connection to tcp://10.6.81.1:8764
2025-09-03 13:15:14,425 - distributed.worker - INFO - Starting Worker plugin shuffle
2025-09-03 13:15:14,426 - distributed.worker - INFO -         Registered to:       tcp://10.6.81.1:8764
2025-09-03 13:15:14,426 - distributed.worker - INFO - -------------------------------------------------
2025-09-03 13:15:14,428 - distributed.core - INFO - Starting established connection to tcp://10.6.81.1:8764
2025-09-03 13:15:14,435 - distributed.worker - INFO -       Start worker at:     tcp://10.6.83.11:35495
2025-09-03 13:15:14,435 - distributed.worker - INFO -          Listening to:     tcp://10.6.83.11:35495
2025-09-03 13:15:14,435 - distributed.worker - INFO -          dashboard at:           10.6.83.11:40769
2025-09-03 13:15:14,435 - distributed.worker - INFO - Waiting to connect to:       tcp://10.6.81.1:8764
2025-09-03 13:15:14,436 - distributed.worker - INFO - -------------------------------------------------
2025-09-03 13:15:14,436 - distributed.worker - INFO -               Threads:                          2
2025-09-03 13:15:14,436 - distributed.worker - INFO -                Memory:                   9.62 GiB
2025-09-03 13:15:14,436 - distributed.worker - INFO -       Local Directory: /jobfs/148618149.gadi-pbs/dask-scratch-space/worker-a_mwirhr
2025-09-03 13:15:14,436 - distributed.worker - INFO - -------------------------------------------------
2025-09-03 13:15:14,436 - distributed.worker - INFO - Starting Worker plugin shuffle
2025-09-03 13:15:14,437 - distributed.worker - INFO -         Registered to:       tcp://10.6.81.1:8764
2025-09-03 13:15:14,437 - distributed.worker - INFO - -------------------------------------------------
2025-09-03 13:15:14,439 - distributed.core - INFO - Starting established connection to tcp://10.6.81.1:8764
2025-09-03 13:15:14,447 - distributed.worker - INFO - Starting Worker plugin shuffle
2025-09-03 13:15:14,448 - distributed.worker - INFO -         Registered to:       tcp://10.6.81.1:8764
2025-09-03 13:15:14,449 - distributed.worker - INFO - -------------------------------------------------
2025-09-03 13:15:14,450 - distributed.core - INFO - Starting established connection to tcp://10.6.81.1:8764
2025-09-03 13:15:14,538 - distributed.worker - INFO - Starting Worker plugin shuffle
2025-09-03 13:15:14,539 - distributed.worker - INFO -         Registered to:       tcp://10.6.81.1:8764
2025-09-03 13:15:14,540 - distributed.worker - INFO - -------------------------------------------------
2025-09-03 13:15:14,541 - distributed.core - INFO - Starting established connection to tcp://10.6.81.1:8764
2025-09-03 13:15:14,544 - distributed.worker - INFO - Starting Worker plugin shuffle
2025-09-03 13:15:14,545 - distributed.worker - INFO -         Registered to:       tcp://10.6.81.1:8764
2025-09-03 13:15:14,545 - distributed.worker - INFO - -------------------------------------------------
2025-09-03 13:15:14,547 - distributed.core - INFO - Starting established connection to tcp://10.6.81.1:8764
2025-09-03 13:15:14,550 - distributed.worker - INFO - Starting Worker plugin shuffle
2025-09-03 13:15:14,551 - distributed.worker - INFO -         Registered to:       tcp://10.6.81.1:8764
2025-09-03 13:15:14,551 - distributed.worker - INFO - -------------------------------------------------
2025-09-03 13:15:14,552 - distributed.core - INFO - Starting established connection to tcp://10.6.81.1:8764
2025-09-03 13:15:14,553 - distributed.worker - INFO - Starting Worker plugin shuffle
2025-09-03 13:15:14,554 - distributed.worker - INFO -         Registered to:       tcp://10.6.81.1:8764
2025-09-03 13:15:14,554 - distributed.worker - INFO - -------------------------------------------------
2025-09-03 13:15:14,555 - distributed.core - INFO - Starting established connection to tcp://10.6.81.1:8764
2025-09-03 13:15:14,570 - distributed.worker - INFO -       Start worker at:     tcp://10.6.83.11:35831
2025-09-03 13:15:14,570 - distributed.worker - INFO -          Listening to:     tcp://10.6.83.11:35831
2025-09-03 13:15:14,570 - distributed.worker - INFO -          dashboard at:           10.6.83.11:42717
2025-09-03 13:15:14,570 - distributed.worker - INFO - Waiting to connect to:       tcp://10.6.81.1:8764
2025-09-03 13:15:14,570 - distributed.worker - INFO - -------------------------------------------------
2025-09-03 13:15:14,570 - distributed.worker - INFO -               Threads:                          2
2025-09-03 13:15:14,570 - distributed.worker - INFO -                Memory:                   9.62 GiB
2025-09-03 13:15:14,570 - distributed.worker - INFO -       Local Directory: /jobfs/148618149.gadi-pbs/dask-scratch-space/worker-yawog50f
2025-09-03 13:15:14,571 - distributed.worker - INFO - -------------------------------------------------
2025-09-03 13:15:14,583 - distributed.worker - INFO - Starting Worker plugin shuffle
2025-09-03 13:15:14,583 - distributed.worker - INFO -         Registered to:       tcp://10.6.81.1:8764
2025-09-03 13:15:14,583 - distributed.worker - INFO - -------------------------------------------------
2025-09-03 13:15:14,583 - distributed.core - INFO - Starting established connection to tcp://10.6.81.1:8764
2025-09-03 13:15:14,588 - distributed.worker - INFO -       Start worker at:     tcp://10.6.83.11:42443
2025-09-03 13:15:14,588 - distributed.worker - INFO -          Listening to:     tcp://10.6.83.11:42443
2025-09-03 13:15:14,589 - distributed.worker - INFO -          dashboard at:           10.6.83.11:46579
2025-09-03 13:15:14,589 - distributed.worker - INFO - Waiting to connect to:       tcp://10.6.81.1:8764
2025-09-03 13:15:14,589 - distributed.worker - INFO - -------------------------------------------------
2025-09-03 13:15:14,589 - distributed.worker - INFO -               Threads:                          2
2025-09-03 13:15:14,589 - distributed.worker - INFO -                Memory:                   9.62 GiB
2025-09-03 13:15:14,589 - distributed.worker - INFO -       Local Directory: /jobfs/148618149.gadi-pbs/dask-scratch-space/worker-dpuwy2hh
2025-09-03 13:15:14,589 - distributed.worker - INFO - -------------------------------------------------
2025-09-03 13:15:14,589 - distributed.worker - INFO -       Start worker at:     tcp://10.6.83.11:35281
2025-09-03 13:15:14,589 - distributed.worker - INFO -          Listening to:     tcp://10.6.83.11:35281
2025-09-03 13:15:14,589 - distributed.worker - INFO -          dashboard at:           10.6.83.11:36279
2025-09-03 13:15:14,589 - distributed.worker - INFO - Waiting to connect to:       tcp://10.6.81.1:8764
2025-09-03 13:15:14,589 - distributed.worker - INFO - -------------------------------------------------
2025-09-03 13:15:14,589 - distributed.worker - INFO -               Threads:                          2
2025-09-03 13:15:14,589 - distributed.worker - INFO -                Memory:                   9.62 GiB
2025-09-03 13:15:14,589 - distributed.worker - INFO -       Local Directory: /jobfs/148618149.gadi-pbs/dask-scratch-space/worker-ohg_4wkk
2025-09-03 13:15:14,589 - distributed.worker - INFO - -------------------------------------------------
2025-09-03 13:15:14,595 - distributed.worker - INFO -       Start worker at:     tcp://10.6.83.11:46745
2025-09-03 13:15:14,595 - distributed.worker - INFO -          Listening to:     tcp://10.6.83.11:46745
2025-09-03 13:15:14,595 - distributed.worker - INFO -          dashboard at:           10.6.83.11:43019
2025-09-03 13:15:14,595 - distributed.worker - INFO - Waiting to connect to:       tcp://10.6.81.1:8764
2025-09-03 13:15:14,595 - distributed.worker - INFO - -------------------------------------------------
2025-09-03 13:15:14,595 - distributed.worker - INFO -               Threads:                          2
2025-09-03 13:15:14,595 - distributed.worker - INFO -                Memory:                   9.62 GiB
2025-09-03 13:15:14,595 - distributed.worker - INFO -       Local Directory: /jobfs/148618149.gadi-pbs/dask-scratch-space/worker-a2xca8j5
2025-09-03 13:15:14,595 - distributed.worker - INFO - -------------------------------------------------
2025-09-03 13:15:14,598 - distributed.worker - INFO -       Start worker at:     tcp://10.6.83.11:36123
2025-09-03 13:15:14,598 - distributed.worker - INFO -          Listening to:     tcp://10.6.83.11:36123
2025-09-03 13:15:14,598 - distributed.worker - INFO -          dashboard at:           10.6.83.11:39573
2025-09-03 13:15:14,598 - distributed.worker - INFO - Waiting to connect to:       tcp://10.6.81.1:8764
2025-09-03 13:15:14,598 - distributed.worker - INFO - -------------------------------------------------
2025-09-03 13:15:14,598 - distributed.worker - INFO -               Threads:                          2
2025-09-03 13:15:14,598 - distributed.worker - INFO -                Memory:                   9.62 GiB
2025-09-03 13:15:14,598 - distributed.worker - INFO -       Local Directory: /jobfs/148618149.gadi-pbs/dask-scratch-space/worker-gcawlldc
2025-09-03 13:15:14,598 - distributed.worker - INFO - -------------------------------------------------
2025-09-03 13:15:14,601 - distributed.worker - INFO -       Start worker at:     tcp://10.6.83.11:34113
2025-09-03 13:15:14,601 - distributed.worker - INFO -          Listening to:     tcp://10.6.83.11:34113
2025-09-03 13:15:14,601 - distributed.worker - INFO -          dashboard at:           10.6.83.11:34569
2025-09-03 13:15:14,601 - distributed.worker - INFO - Waiting to connect to:       tcp://10.6.81.1:8764
2025-09-03 13:15:14,601 - distributed.worker - INFO - -------------------------------------------------
2025-09-03 13:15:14,601 - distributed.worker - INFO -               Threads:                          2
2025-09-03 13:15:14,601 - distributed.worker - INFO -                Memory:                   9.62 GiB
2025-09-03 13:15:14,601 - distributed.worker - INFO -       Local Directory: /jobfs/148618149.gadi-pbs/dask-scratch-space/worker-jxcw46ob
2025-09-03 13:15:14,602 - distributed.worker - INFO - -------------------------------------------------
2025-09-03 13:15:14,603 - distributed.worker - INFO -       Start worker at:     tcp://10.6.83.11:33871
2025-09-03 13:15:14,603 - distributed.worker - INFO -          Listening to:     tcp://10.6.83.11:33871
2025-09-03 13:15:14,603 - distributed.worker - INFO -          dashboard at:           10.6.83.11:46519
2025-09-03 13:15:14,603 - distributed.worker - INFO - Waiting to connect to:       tcp://10.6.81.1:8764
2025-09-03 13:15:14,603 - distributed.worker - INFO - -------------------------------------------------
2025-09-03 13:15:14,603 - distributed.worker - INFO -               Threads:                          2
2025-09-03 13:15:14,603 - distributed.worker - INFO -                Memory:                   9.62 GiB
2025-09-03 13:15:14,603 - distributed.worker - INFO -       Local Directory: /jobfs/148618149.gadi-pbs/dask-scratch-space/worker-6myf04sm
2025-09-03 13:15:14,603 - distributed.worker - INFO - -------------------------------------------------
2025-09-03 13:15:14,614 - distributed.worker - INFO - Starting Worker plugin shuffle
2025-09-03 13:15:14,615 - distributed.worker - INFO -       Start worker at:     tcp://10.6.83.11:34583
2025-09-03 13:15:14,615 - distributed.worker - INFO -          Listening to:     tcp://10.6.83.11:34583
2025-09-03 13:15:14,615 - distributed.worker - INFO -          dashboard at:           10.6.83.11:44883
2025-09-03 13:15:14,615 - distributed.worker - INFO - Waiting to connect to:       tcp://10.6.81.1:8764
2025-09-03 13:15:14,615 - distributed.worker - INFO - -------------------------------------------------
2025-09-03 13:15:14,615 - distributed.worker - INFO -               Threads:                          2
2025-09-03 13:15:14,615 - distributed.worker - INFO -                Memory:                   9.62 GiB
2025-09-03 13:15:14,615 - distributed.worker - INFO -         Registered to:       tcp://10.6.81.1:8764
2025-09-03 13:15:14,615 - distributed.worker - INFO -       Local Directory: /jobfs/148618149.gadi-pbs/dask-scratch-space/worker-95e3vqw1
2025-09-03 13:15:14,615 - distributed.worker - INFO - -------------------------------------------------
2025-09-03 13:15:14,615 - distributed.worker - INFO - -------------------------------------------------
2025-09-03 13:15:14,616 - distributed.worker - INFO -       Start worker at:     tcp://10.6.83.11:33963
2025-09-03 13:15:14,616 - distributed.worker - INFO -          Listening to:     tcp://10.6.83.11:33963
2025-09-03 13:15:14,616 - distributed.worker - INFO -          dashboard at:           10.6.83.11:40885
2025-09-03 13:15:14,616 - distributed.worker - INFO - Waiting to connect to:       tcp://10.6.81.1:8764
2025-09-03 13:15:14,616 - distributed.worker - INFO - -------------------------------------------------
2025-09-03 13:15:14,616 - distributed.worker - INFO -               Threads:                          2
2025-09-03 13:15:14,616 - distributed.worker - INFO -                Memory:                   9.62 GiB
2025-09-03 13:15:14,616 - distributed.worker - INFO -       Local Directory: /jobfs/148618149.gadi-pbs/dask-scratch-space/worker-r0zlko6c
2025-09-03 13:15:14,616 - distributed.worker - INFO - -------------------------------------------------
2025-09-03 13:15:14,616 - distributed.worker - INFO -       Start worker at:     tcp://10.6.83.11:39841
2025-09-03 13:15:14,616 - distributed.worker - INFO -          Listening to:     tcp://10.6.83.11:39841
2025-09-03 13:15:14,616 - distributed.worker - INFO -          dashboard at:           10.6.83.11:42373
2025-09-03 13:15:14,616 - distributed.worker - INFO -       Start worker at:     tcp://10.6.83.11:35421
2025-09-03 13:15:14,616 - distributed.worker - INFO - Waiting to connect to:       tcp://10.6.81.1:8764
2025-09-03 13:15:14,616 - distributed.worker - INFO - -------------------------------------------------
2025-09-03 13:15:14,616 - distributed.worker - INFO -          Listening to:     tcp://10.6.83.11:35421
2025-09-03 13:15:14,616 - distributed.worker - INFO -               Threads:                          2
2025-09-03 13:15:14,616 - distributed.worker - INFO -          dashboard at:           10.6.83.11:39333
2025-09-03 13:15:14,616 - distributed.worker - INFO -                Memory:                   9.62 GiB
2025-09-03 13:15:14,616 - distributed.worker - INFO - Waiting to connect to:       tcp://10.6.81.1:8764
2025-09-03 13:15:14,616 - distributed.worker - INFO -       Local Directory: /jobfs/148618149.gadi-pbs/dask-scratch-space/worker-cib6s61_
2025-09-03 13:15:14,616 - distributed.worker - INFO - -------------------------------------------------
2025-09-03 13:15:14,617 - distributed.worker - INFO -               Threads:                          2
2025-09-03 13:15:14,617 - distributed.worker - INFO - -------------------------------------------------
2025-09-03 13:15:14,617 - distributed.worker - INFO -                Memory:                   9.62 GiB
2025-09-03 13:15:14,617 - distributed.worker - INFO -       Local Directory: /jobfs/148618149.gadi-pbs/dask-scratch-space/worker-s9l6h5o3
2025-09-03 13:15:14,617 - distributed.worker - INFO - -------------------------------------------------
2025-09-03 13:15:14,617 - distributed.core - INFO - Starting established connection to tcp://10.6.81.1:8764
2025-09-03 13:15:14,617 - distributed.worker - INFO -       Start worker at:     tcp://10.6.83.11:38587
2025-09-03 13:15:14,617 - distributed.worker - INFO -          Listening to:     tcp://10.6.83.11:38587
2025-09-03 13:15:14,617 - distributed.worker - INFO -          dashboard at:           10.6.83.11:42145
2025-09-03 13:15:14,617 - distributed.worker - INFO - Waiting to connect to:       tcp://10.6.81.1:8764
2025-09-03 13:15:14,617 - distributed.worker - INFO - -------------------------------------------------
2025-09-03 13:15:14,618 - distributed.worker - INFO -               Threads:                          2
2025-09-03 13:15:14,618 - distributed.worker - INFO -                Memory:                   9.62 GiB
2025-09-03 13:15:14,618 - distributed.worker - INFO -       Local Directory: /jobfs/148618149.gadi-pbs/dask-scratch-space/worker-s2aa5hgf
2025-09-03 13:15:14,618 - distributed.worker - INFO - -------------------------------------------------
2025-09-03 13:15:14,619 - distributed.worker - INFO -       Start worker at:     tcp://10.6.83.11:32967
2025-09-03 13:15:14,619 - distributed.worker - INFO -          Listening to:     tcp://10.6.83.11:32967
2025-09-03 13:15:14,619 - distributed.worker - INFO -          dashboard at:           10.6.83.11:35289
2025-09-03 13:15:14,619 - distributed.worker - INFO - Waiting to connect to:       tcp://10.6.81.1:8764
2025-09-03 13:15:14,619 - distributed.worker - INFO - -------------------------------------------------
2025-09-03 13:15:14,619 - distributed.worker - INFO -               Threads:                          2
2025-09-03 13:15:14,619 - distributed.worker - INFO -                Memory:                   9.62 GiB
2025-09-03 13:15:14,619 - distributed.worker - INFO -       Local Directory: /jobfs/148618149.gadi-pbs/dask-scratch-space/worker-cf6nio1_
2025-09-03 13:15:14,619 - distributed.worker - INFO - -------------------------------------------------
2025-09-03 13:15:14,622 - distributed.worker - INFO - Starting Worker plugin shuffle
2025-09-03 13:15:14,623 - distributed.worker - INFO -         Registered to:       tcp://10.6.81.1:8764
2025-09-03 13:15:14,623 - distributed.worker - INFO -       Start worker at:     tcp://10.6.83.11:39647
2025-09-03 13:15:14,623 - distributed.worker - INFO - -------------------------------------------------
2025-09-03 13:15:14,623 - distributed.worker - INFO -          Listening to:     tcp://10.6.83.11:39647
2025-09-03 13:15:14,623 - distributed.worker - INFO -          dashboard at:           10.6.83.11:37777
2025-09-03 13:15:14,623 - distributed.worker - INFO - Waiting to connect to:       tcp://10.6.81.1:8764
2025-09-03 13:15:14,623 - distributed.worker - INFO - -------------------------------------------------
2025-09-03 13:15:14,623 - distributed.worker - INFO -               Threads:                          2
2025-09-03 13:15:14,624 - distributed.worker - INFO -                Memory:                   9.62 GiB
2025-09-03 13:15:14,624 - distributed.worker - INFO -       Local Directory: /jobfs/148618149.gadi-pbs/dask-scratch-space/worker-kwd5ysx6
2025-09-03 13:15:14,624 - distributed.worker - INFO - -------------------------------------------------
2025-09-03 13:15:14,624 - distributed.worker - INFO -       Start worker at:     tcp://10.6.83.11:36733
2025-09-03 13:15:14,624 - distributed.worker - INFO -          Listening to:     tcp://10.6.83.11:36733
2025-09-03 13:15:14,624 - distributed.worker - INFO -          dashboard at:           10.6.83.11:44071
2025-09-03 13:15:14,624 - distributed.worker - INFO - Waiting to connect to:       tcp://10.6.81.1:8764
2025-09-03 13:15:14,624 - distributed.worker - INFO - -------------------------------------------------
2025-09-03 13:15:14,624 - distributed.worker - INFO -               Threads:                          2
2025-09-03 13:15:14,624 - distributed.worker - INFO -                Memory:                   9.62 GiB
2025-09-03 13:15:14,624 - distributed.worker - INFO -       Local Directory: /jobfs/148618149.gadi-pbs/dask-scratch-space/worker-qoo0ry_f
2025-09-03 13:15:14,624 - distributed.worker - INFO - -------------------------------------------------
2025-09-03 13:15:14,625 - distributed.core - INFO - Starting established connection to tcp://10.6.81.1:8764
2025-09-03 13:15:14,625 - distributed.worker - INFO -       Start worker at:     tcp://10.6.83.11:37883
2025-09-03 13:15:14,625 - distributed.worker - INFO -          Listening to:     tcp://10.6.83.11:37883
2025-09-03 13:15:14,625 - distributed.worker - INFO -          dashboard at:           10.6.83.11:39325
2025-09-03 13:15:14,625 - distributed.worker - INFO - Waiting to connect to:       tcp://10.6.81.1:8764
2025-09-03 13:15:14,625 - distributed.worker - INFO - -------------------------------------------------
2025-09-03 13:15:14,625 - distributed.worker - INFO -               Threads:                          2
2025-09-03 13:15:14,625 - distributed.worker - INFO -                Memory:                   9.62 GiB
2025-09-03 13:15:14,625 - distributed.worker - INFO -       Local Directory: /jobfs/148618149.gadi-pbs/dask-scratch-space/worker-gw5lh3g_
2025-09-03 13:15:14,625 - distributed.worker - INFO -       Start worker at:     tcp://10.6.83.11:38927
2025-09-03 13:15:14,625 - distributed.worker - INFO - -------------------------------------------------
2025-09-03 13:15:14,625 - distributed.worker - INFO -          Listening to:     tcp://10.6.83.11:38927
2025-09-03 13:15:14,625 - distributed.worker - INFO -          dashboard at:           10.6.83.11:37301
2025-09-03 13:15:14,626 - distributed.worker - INFO - Waiting to connect to:       tcp://10.6.81.1:8764
2025-09-03 13:15:14,626 - distributed.worker - INFO - -------------------------------------------------
2025-09-03 13:15:14,626 - distributed.worker - INFO -               Threads:                          2
2025-09-03 13:15:14,626 - distributed.worker - INFO -                Memory:                   9.62 GiB
2025-09-03 13:15:14,626 - distributed.worker - INFO -       Local Directory: /jobfs/148618149.gadi-pbs/dask-scratch-space/worker-_qck_6hb
2025-09-03 13:15:14,626 - distributed.worker - INFO - -------------------------------------------------
2025-09-03 13:15:14,627 - distributed.worker - INFO -       Start worker at:     tcp://10.6.83.11:38915
2025-09-03 13:15:14,627 - distributed.worker - INFO -          Listening to:     tcp://10.6.83.11:38915
2025-09-03 13:15:14,627 - distributed.worker - INFO -          dashboard at:           10.6.83.11:37709
2025-09-03 13:15:14,627 - distributed.worker - INFO - Waiting to connect to:       tcp://10.6.81.1:8764
2025-09-03 13:15:14,627 - distributed.worker - INFO - -------------------------------------------------
2025-09-03 13:15:14,627 - distributed.worker - INFO -               Threads:                          2
2025-09-03 13:15:14,627 - distributed.worker - INFO -                Memory:                   9.62 GiB
2025-09-03 13:15:14,627 - distributed.worker - INFO -       Local Directory: /jobfs/148618149.gadi-pbs/dask-scratch-space/worker-n33ou_qf
2025-09-03 13:15:14,628 - distributed.worker - INFO - -------------------------------------------------
2025-09-03 13:15:14,628 - distributed.worker - INFO - Starting Worker plugin shuffle
2025-09-03 13:15:14,629 - distributed.worker - INFO -         Registered to:       tcp://10.6.81.1:8764
2025-09-03 13:15:14,629 - distributed.worker - INFO - -------------------------------------------------
2025-09-03 13:15:14,630 - distributed.worker - INFO -       Start worker at:     tcp://10.6.83.11:37661
2025-09-03 13:15:14,630 - distributed.worker - INFO -          Listening to:     tcp://10.6.83.11:37661
2025-09-03 13:15:14,630 - distributed.worker - INFO -          dashboard at:           10.6.83.11:34565
2025-09-03 13:15:14,630 - distributed.worker - INFO - Waiting to connect to:       tcp://10.6.81.1:8764
2025-09-03 13:15:14,630 - distributed.worker - INFO - -------------------------------------------------
2025-09-03 13:15:14,630 - distributed.worker - INFO -               Threads:                          2
2025-09-03 13:15:14,630 - distributed.worker - INFO -                Memory:                   9.62 GiB
2025-09-03 13:15:14,630 - distributed.worker - INFO -       Local Directory: /jobfs/148618149.gadi-pbs/dask-scratch-space/worker-hwie6qz7
2025-09-03 13:15:14,630 - distributed.worker - INFO - -------------------------------------------------
2025-09-03 13:15:14,631 - distributed.core - INFO - Starting established connection to tcp://10.6.81.1:8764
2025-09-03 13:15:14,633 - distributed.worker - INFO - Starting Worker plugin shuffle
2025-09-03 13:15:14,634 - distributed.worker - INFO -         Registered to:       tcp://10.6.81.1:8764
2025-09-03 13:15:14,635 - distributed.worker - INFO - -------------------------------------------------
2025-09-03 13:15:14,636 - distributed.core - INFO - Starting established connection to tcp://10.6.81.1:8764
2025-09-03 13:15:14,637 - distributed.worker - INFO -       Start worker at:     tcp://10.6.83.11:44163
2025-09-03 13:15:14,637 - distributed.worker - INFO -          Listening to:     tcp://10.6.83.11:44163
2025-09-03 13:15:14,637 - distributed.worker - INFO -          dashboard at:           10.6.83.11:33851
2025-09-03 13:15:14,637 - distributed.worker - INFO - Waiting to connect to:       tcp://10.6.81.1:8764
2025-09-03 13:15:14,637 - distributed.worker - INFO - -------------------------------------------------
2025-09-03 13:15:14,637 - distributed.worker - INFO -               Threads:                          2
2025-09-03 13:15:14,637 - distributed.worker - INFO -                Memory:                   9.62 GiB
2025-09-03 13:15:14,637 - distributed.worker - INFO -       Local Directory: /jobfs/148618149.gadi-pbs/dask-scratch-space/worker-e5fsh6fl
2025-09-03 13:15:14,637 - distributed.worker - INFO - -------------------------------------------------
2025-09-03 13:15:14,640 - distributed.worker - INFO - Starting Worker plugin shuffle
2025-09-03 13:15:14,641 - distributed.worker - INFO -         Registered to:       tcp://10.6.81.1:8764
2025-09-03 13:15:14,641 - distributed.worker - INFO - -------------------------------------------------
2025-09-03 13:15:14,642 - distributed.core - INFO - Starting established connection to tcp://10.6.81.1:8764
2025-09-03 13:15:14,643 - distributed.worker - INFO - Starting Worker plugin shuffle
2025-09-03 13:15:14,644 - distributed.worker - INFO -         Registered to:       tcp://10.6.81.1:8764
2025-09-03 13:15:14,644 - distributed.worker - INFO - -------------------------------------------------
2025-09-03 13:15:14,646 - distributed.worker - INFO - Starting Worker plugin shuffle
2025-09-03 13:15:14,646 - distributed.core - INFO - Starting established connection to tcp://10.6.81.1:8764
2025-09-03 13:15:14,646 - distributed.worker - INFO -         Registered to:       tcp://10.6.81.1:8764
2025-09-03 13:15:14,646 - distributed.worker - INFO - -------------------------------------------------
2025-09-03 13:15:14,647 - distributed.core - INFO - Starting established connection to tcp://10.6.81.1:8764
2025-09-03 13:15:14,649 - distributed.worker - INFO - Starting Worker plugin shuffle
2025-09-03 13:15:14,650 - distributed.worker - INFO -         Registered to:       tcp://10.6.81.1:8764
2025-09-03 13:15:14,650 - distributed.worker - INFO - -------------------------------------------------
2025-09-03 13:15:14,651 - distributed.core - INFO - Starting established connection to tcp://10.6.81.1:8764
2025-09-03 13:15:14,652 - distributed.worker - INFO - Starting Worker plugin shuffle
2025-09-03 13:15:14,653 - distributed.worker - INFO -         Registered to:       tcp://10.6.81.1:8764
2025-09-03 13:15:14,653 - distributed.worker - INFO - -------------------------------------------------
2025-09-03 13:15:14,654 - distributed.core - INFO - Starting established connection to tcp://10.6.81.1:8764
2025-09-03 13:15:14,655 - distributed.worker - INFO - Starting Worker plugin shuffle
2025-09-03 13:15:14,656 - distributed.worker - INFO -         Registered to:       tcp://10.6.81.1:8764
2025-09-03 13:15:14,656 - distributed.worker - INFO - -------------------------------------------------
2025-09-03 13:15:14,658 - distributed.core - INFO - Starting established connection to tcp://10.6.81.1:8764
2025-09-03 13:15:14,658 - distributed.worker - INFO - Starting Worker plugin shuffle
2025-09-03 13:15:14,659 - distributed.worker - INFO -         Registered to:       tcp://10.6.81.1:8764
2025-09-03 13:15:14,660 - distributed.worker - INFO - -------------------------------------------------
2025-09-03 13:15:14,661 - distributed.core - INFO - Starting established connection to tcp://10.6.81.1:8764
2025-09-03 13:15:14,661 - distributed.worker - INFO - Starting Worker plugin shuffle
2025-09-03 13:15:14,662 - distributed.worker - INFO -         Registered to:       tcp://10.6.81.1:8764
2025-09-03 13:15:14,662 - distributed.worker - INFO - -------------------------------------------------
2025-09-03 13:15:14,664 - distributed.core - INFO - Starting established connection to tcp://10.6.81.1:8764
2025-09-03 13:15:14,664 - distributed.worker - INFO - Starting Worker plugin shuffle
2025-09-03 13:15:14,665 - distributed.worker - INFO -         Registered to:       tcp://10.6.81.1:8764
2025-09-03 13:15:14,665 - distributed.worker - INFO - -------------------------------------------------
2025-09-03 13:15:14,667 - distributed.core - INFO - Starting established connection to tcp://10.6.81.1:8764
2025-09-03 13:15:14,667 - distributed.worker - INFO - Starting Worker plugin shuffle
2025-09-03 13:15:14,668 - distributed.worker - INFO -         Registered to:       tcp://10.6.81.1:8764
2025-09-03 13:15:14,668 - distributed.worker - INFO - -------------------------------------------------
2025-09-03 13:15:14,670 - distributed.core - INFO - Starting established connection to tcp://10.6.81.1:8764
2025-09-03 13:15:14,676 - distributed.worker - INFO - Starting Worker plugin shuffle
2025-09-03 13:15:14,677 - distributed.worker - INFO -         Registered to:       tcp://10.6.81.1:8764
2025-09-03 13:15:14,677 - distributed.worker - INFO - -------------------------------------------------
2025-09-03 13:15:14,679 - distributed.core - INFO - Starting established connection to tcp://10.6.81.1:8764
2025-09-03 13:15:14,679 - distributed.worker - INFO - Starting Worker plugin shuffle
2025-09-03 13:15:14,680 - distributed.worker - INFO -         Registered to:       tcp://10.6.81.1:8764
2025-09-03 13:15:14,681 - distributed.worker - INFO - -------------------------------------------------
2025-09-03 13:15:14,682 - distributed.core - INFO - Starting established connection to tcp://10.6.81.1:8764
2025-09-03 13:15:14,690 - distributed.worker - INFO - Starting Worker plugin shuffle
2025-09-03 13:15:14,690 - distributed.worker - INFO -         Registered to:       tcp://10.6.81.1:8764
2025-09-03 13:15:14,691 - distributed.worker - INFO - -------------------------------------------------
2025-09-03 13:15:14,692 - distributed.core - INFO - Starting established connection to tcp://10.6.81.1:8764
2025-09-03 13:15:14,699 - distributed.worker - INFO - Starting Worker plugin shuffle
2025-09-03 13:15:14,700 - distributed.worker - INFO -         Registered to:       tcp://10.6.81.1:8764
2025-09-03 13:15:14,700 - distributed.worker - INFO - -------------------------------------------------
2025-09-03 13:15:14,702 - distributed.core - INFO - Starting established connection to tcp://10.6.81.1:8764
2025-09-03 13:15:14,710 - distributed.worker - INFO - Starting Worker plugin shuffle
2025-09-03 13:15:14,711 - distributed.worker - INFO -         Registered to:       tcp://10.6.81.1:8764
2025-09-03 13:15:14,711 - distributed.worker - INFO - -------------------------------------------------
2025-09-03 13:15:14,713 - distributed.core - INFO - Starting established connection to tcp://10.6.81.1:8764
2025-09-03 13:16:21,762 - distributed.worker - INFO - Starting Worker plugin qme_utils.py04885534-db08-480f-9f19-cf8332e985ae
2025-09-03 13:16:21,762 - distributed.worker - INFO - Starting Worker plugin qme_utils.py04885534-db08-480f-9f19-cf8332e985ae
2025-09-03 13:16:21,763 - distributed.worker - INFO - Starting Worker plugin qme_utils.py04885534-db08-480f-9f19-cf8332e985ae
2025-09-03 13:16:21,763 - distributed.worker - INFO - Starting Worker plugin qme_utils.py04885534-db08-480f-9f19-cf8332e985ae
2025-09-03 13:16:21,763 - distributed.worker - INFO - Starting Worker plugin qme_utils.py04885534-db08-480f-9f19-cf8332e985ae
2025-09-03 13:16:21,764 - distributed.worker - INFO - Starting Worker plugin qme_utils.py04885534-db08-480f-9f19-cf8332e985ae
2025-09-03 13:16:21,764 - distributed.worker - INFO - Starting Worker plugin qme_utils.py04885534-db08-480f-9f19-cf8332e985ae
2025-09-03 13:16:21,764 - distributed.worker - INFO - Starting Worker plugin qme_utils.py04885534-db08-480f-9f19-cf8332e985ae
2025-09-03 13:16:21,765 - distributed.worker - INFO - Starting Worker plugin qme_utils.py04885534-db08-480f-9f19-cf8332e985ae
2025-09-03 13:16:21,765 - distributed.worker - INFO - Starting Worker plugin qme_utils.py04885534-db08-480f-9f19-cf8332e985ae
2025-09-03 13:16:21,765 - distributed.utils - INFO - Reload module qme_utils from .py file
2025-09-03 13:16:21,765 - distributed.worker - INFO - Starting Worker plugin qme_utils.py04885534-db08-480f-9f19-cf8332e985ae
2025-09-03 13:16:21,765 - distributed.worker - INFO - Starting Worker plugin qme_utils.py04885534-db08-480f-9f19-cf8332e985ae
2025-09-03 13:16:21,765 - distributed.utils - INFO - Reload module qme_utils from .py file
2025-09-03 13:16:21,765 - distributed.utils - INFO - Reload module qme_utils from .py file
2025-09-03 13:16:21,765 - distributed.worker - INFO - Starting Worker plugin qme_utils.py04885534-db08-480f-9f19-cf8332e985ae
2025-09-03 13:16:21,765 - distributed.worker - INFO - Starting Worker plugin qme_utils.py04885534-db08-480f-9f19-cf8332e985ae
2025-09-03 13:16:21,765 - distributed.worker - INFO - Starting Worker plugin qme_utils.py04885534-db08-480f-9f19-cf8332e985ae
2025-09-03 13:16:21,765 - distributed.worker - INFO - Starting Worker plugin qme_utils.py04885534-db08-480f-9f19-cf8332e985ae
2025-09-03 13:16:21,766 - distributed.worker - INFO - Starting Worker plugin qme_utils.py04885534-db08-480f-9f19-cf8332e985ae
2025-09-03 13:16:21,766 - distributed.utils - INFO - Reload module qme_utils from .py file
2025-09-03 13:16:21,766 - distributed.utils - INFO - Reload module qme_utils from .py file
2025-09-03 13:16:21,766 - distributed.worker - INFO - Starting Worker plugin qme_utils.py04885534-db08-480f-9f19-cf8332e985ae
2025-09-03 13:16:21,766 - distributed.worker - INFO - Starting Worker plugin qme_utils.py04885534-db08-480f-9f19-cf8332e985ae
2025-09-03 13:16:21,766 - distributed.utils - INFO - Reload module qme_utils from .py file
2025-09-03 13:16:21,766 - distributed.worker - INFO - Starting Worker plugin qme_utils.py04885534-db08-480f-9f19-cf8332e985ae
2025-09-03 13:16:21,766 - distributed.utils - INFO - Reload module qme_utils from .py file
2025-09-03 13:16:21,766 - distributed.utils - INFO - Reload module qme_utils from .py file
2025-09-03 13:16:21,767 - distributed.worker - INFO - Starting Worker plugin qme_utils.py04885534-db08-480f-9f19-cf8332e985ae
2025-09-03 13:16:21,767 - distributed.worker - INFO - Starting Worker plugin qme_utils.py04885534-db08-480f-9f19-cf8332e985ae
2025-09-03 13:16:21,767 - distributed.worker - INFO - Starting Worker plugin qme_utils.py04885534-db08-480f-9f19-cf8332e985ae
2025-09-03 13:16:21,767 - distributed.utils - INFO - Reload module qme_utils from .py file
2025-09-03 13:16:21,767 - distributed.worker - INFO - Starting Worker plugin qme_utils.py04885534-db08-480f-9f19-cf8332e985ae
2025-09-03 13:16:21,767 - distributed.worker - INFO - Starting Worker plugin qme_utils.py04885534-db08-480f-9f19-cf8332e985ae
2025-09-03 13:16:21,767 - distributed.worker - INFO - Starting Worker plugin qme_utils.py04885534-db08-480f-9f19-cf8332e985ae
2025-09-03 13:16:21,767 - distributed.utils - INFO - Reload module qme_utils from .py file
2025-09-03 13:16:21,768 - distributed.utils - INFO - Reload module qme_utils from .py file
2025-09-03 13:16:21,768 - distributed.worker - INFO - Starting Worker plugin qme_utils.py04885534-db08-480f-9f19-cf8332e985ae
2025-09-03 13:16:21,768 - distributed.utils - INFO - Reload module qme_utils from .py file
2025-09-03 13:16:21,768 - distributed.utils - INFO - Reload module qme_utils from .py file
2025-09-03 13:16:21,768 - distributed.worker - INFO - Starting Worker plugin qme_utils.py04885534-db08-480f-9f19-cf8332e985ae
2025-09-03 13:16:21,768 - distributed.worker - INFO - Starting Worker plugin qme_utils.py04885534-db08-480f-9f19-cf8332e985ae
2025-09-03 13:16:21,768 - distributed.utils - INFO - Reload module qme_utils from .py file
2025-09-03 13:16:21,766 - distributed.worker - INFO - Starting Worker plugin qme_utils.py04885534-db08-480f-9f19-cf8332e985ae
2025-09-03 13:16:21,766 - distributed.worker - INFO - Starting Worker plugin qme_utils.py04885534-db08-480f-9f19-cf8332e985ae
2025-09-03 13:16:21,769 - distributed.utils - INFO - Reload module qme_utils from .py file
2025-09-03 13:16:21,769 - distributed.utils - INFO - Reload module qme_utils from .py file
2025-09-03 13:16:21,769 - distributed.utils - INFO - Reload module qme_utils from .py file
2025-09-03 13:16:21,767 - distributed.worker - INFO - Starting Worker plugin qme_utils.py04885534-db08-480f-9f19-cf8332e985ae
2025-09-03 13:16:21,769 - distributed.utils - INFO - Reload module qme_utils from .py file
2025-09-03 13:16:21,769 - distributed.utils - INFO - Reload module qme_utils from .py file
2025-09-03 13:16:21,766 - distributed.worker - INFO - Starting Worker plugin qme_utils.py04885534-db08-480f-9f19-cf8332e985ae
2025-09-03 13:16:21,769 - distributed.utils - INFO - Reload module qme_utils from .py file
2025-09-03 13:16:21,769 - distributed.utils - INFO - Reload module qme_utils from .py file
2025-09-03 13:16:21,767 - distributed.worker - INFO - Starting Worker plugin qme_utils.py04885534-db08-480f-9f19-cf8332e985ae
2025-09-03 13:16:21,770 - distributed.utils - INFO - Reload module qme_utils from .py file
2025-09-03 13:16:21,767 - distributed.worker - INFO - Starting Worker plugin qme_utils.py04885534-db08-480f-9f19-cf8332e985ae
2025-09-03 13:16:21,770 - distributed.utils - INFO - Reload module qme_utils from .py file
2025-09-03 13:16:21,770 - distributed.utils - INFO - Reload module qme_utils from .py file
2025-09-03 13:16:21,770 - distributed.utils - INFO - Reload module qme_utils from .py file
2025-09-03 13:16:21,770 - distributed.utils - INFO - Reload module qme_utils from .py file
2025-09-03 13:16:21,770 - distributed.utils - INFO - Reload module qme_utils from .py file
2025-09-03 13:16:21,767 - distributed.worker - INFO - Starting Worker plugin qme_utils.py04885534-db08-480f-9f19-cf8332e985ae
2025-09-03 13:16:21,768 - distributed.worker - INFO - Starting Worker plugin qme_utils.py04885534-db08-480f-9f19-cf8332e985ae
2025-09-03 13:16:21,768 - distributed.worker - INFO - Starting Worker plugin qme_utils.py04885534-db08-480f-9f19-cf8332e985ae
2025-09-03 13:16:21,769 - distributed.worker - INFO - Starting Worker plugin qme_utils.py04885534-db08-480f-9f19-cf8332e985ae
2025-09-03 13:16:21,769 - distributed.worker - INFO - Starting Worker plugin qme_utils.py04885534-db08-480f-9f19-cf8332e985ae
2025-09-03 13:16:21,770 - distributed.worker - INFO - Starting Worker plugin qme_utils.py04885534-db08-480f-9f19-cf8332e985ae
2025-09-03 13:16:21,770 - distributed.worker - INFO - Starting Worker plugin qme_utils.py04885534-db08-480f-9f19-cf8332e985ae
2025-09-03 13:16:21,771 - distributed.worker - INFO - Starting Worker plugin qme_utils.py04885534-db08-480f-9f19-cf8332e985ae
2025-09-03 13:16:21,771 - distributed.worker - INFO - Starting Worker plugin qme_utils.py04885534-db08-480f-9f19-cf8332e985ae
2025-09-03 13:16:21,771 - distributed.worker - INFO - Starting Worker plugin qme_utils.py04885534-db08-480f-9f19-cf8332e985ae
2025-09-03 13:16:21,771 - distributed.worker - INFO - Starting Worker plugin qme_utils.py04885534-db08-480f-9f19-cf8332e985ae
2025-09-03 13:16:21,771 - distributed.worker - INFO - Starting Worker plugin qme_utils.py04885534-db08-480f-9f19-cf8332e985ae
2025-09-03 13:16:21,772 - distributed.worker - INFO - Starting Worker plugin qme_utils.py04885534-db08-480f-9f19-cf8332e985ae
2025-09-03 13:16:21,773 - distributed.worker - INFO - Starting Worker plugin qme_utils.py04885534-db08-480f-9f19-cf8332e985ae
2025-09-03 13:16:21,773 - distributed.worker - INFO - Starting Worker plugin qme_utils.py04885534-db08-480f-9f19-cf8332e985ae
2025-09-03 13:16:21,777 - distributed.utils - INFO - Reload module qme_utils from .py file
2025-09-03 13:16:21,775 - distributed.worker - INFO - Starting Worker plugin qme_utils.py04885534-db08-480f-9f19-cf8332e985ae
2025-09-03 13:16:21,779 - distributed.utils - INFO - Reload module qme_utils from .py file
2025-09-03 13:16:21,779 - distributed.utils - INFO - Reload module qme_utils from .py file
2025-09-03 13:16:21,779 - distributed.utils - INFO - Reload module qme_utils from .py file
2025-09-03 13:16:21,779 - distributed.utils - INFO - Reload module qme_utils from .py file
2025-09-03 13:16:21,780 - distributed.utils - INFO - Reload module qme_utils from .py file
2025-09-03 13:16:21,780 - distributed.utils - INFO - Reload module qme_utils from .py file
2025-09-03 13:16:21,780 - distributed.utils - INFO - Reload module qme_utils from .py file
2025-09-03 13:16:21,781 - distributed.utils - INFO - Reload module qme_utils from .py file
2025-09-03 13:16:21,782 - distributed.utils - INFO - Reload module qme_utils from .py file
2025-09-03 13:16:21,783 - distributed.utils - INFO - Reload module qme_utils from .py file
2025-09-03 13:16:21,783 - distributed.utils - INFO - Reload module qme_utils from .py file
2025-09-03 13:16:21,784 - distributed.utils - INFO - Reload module qme_utils from .py file
2025-09-03 13:16:21,783 - distributed.utils - INFO - Reload module qme_utils from .py file
2025-09-03 13:16:21,784 - distributed.utils - INFO - Reload module qme_utils from .py file
2025-09-03 13:16:21,784 - distributed.utils - INFO - Reload module qme_utils from .py file
2025-09-03 13:16:21,785 - distributed.utils - INFO - Reload module qme_utils from .py file
2025-09-03 13:16:21,785 - distributed.utils - INFO - Reload module qme_utils from .py file
2025-09-03 13:16:21,786 - distributed.utils - INFO - Reload module qme_utils from .py file
2025-09-03 13:16:21,786 - distributed.utils - INFO - Reload module qme_utils from .py file
2025-09-03 13:16:21,787 - distributed.utils - INFO - Reload module qme_utils from .py file
2025-09-03 13:16:21,784 - distributed.utils - INFO - Reload module qme_utils from .py file
2025-09-03 13:16:21,787 - distributed.utils - INFO - Reload module qme_utils from .py file
2025-09-03 13:16:21,788 - distributed.utils - INFO - Reload module qme_utils from .py file
2025-09-03 13:16:21,788 - distributed.worker - INFO - Starting Worker plugin qme_utils.py04885534-db08-480f-9f19-cf8332e985ae
2025-09-03 13:16:21,794 - distributed.utils - INFO - Reload module qme_utils from .py file
2025-09-03 13:16:25,441 - distributed.worker - INFO - Starting Worker plugin qme_vars.pyb6dc7e9b-31e5-4dec-80e5-d3053119e5b3
2025-09-03 13:16:25,441 - distributed.worker - INFO - Starting Worker plugin qme_vars.pyb6dc7e9b-31e5-4dec-80e5-d3053119e5b3
2025-09-03 13:16:25,441 - distributed.worker - INFO - Starting Worker plugin qme_vars.pyb6dc7e9b-31e5-4dec-80e5-d3053119e5b3
2025-09-03 13:16:25,442 - distributed.worker - INFO - Starting Worker plugin qme_vars.pyb6dc7e9b-31e5-4dec-80e5-d3053119e5b3
2025-09-03 13:16:25,442 - distributed.worker - INFO - Starting Worker plugin qme_vars.pyb6dc7e9b-31e5-4dec-80e5-d3053119e5b3
2025-09-03 13:16:25,442 - distributed.worker - INFO - Starting Worker plugin qme_vars.pyb6dc7e9b-31e5-4dec-80e5-d3053119e5b3
2025-09-03 13:16:25,442 - distributed.worker - INFO - Starting Worker plugin qme_vars.pyb6dc7e9b-31e5-4dec-80e5-d3053119e5b3
2025-09-03 13:16:25,442 - distributed.worker - INFO - Starting Worker plugin qme_vars.pyb6dc7e9b-31e5-4dec-80e5-d3053119e5b3
2025-09-03 13:16:25,443 - distributed.worker - INFO - Starting Worker plugin qme_vars.pyb6dc7e9b-31e5-4dec-80e5-d3053119e5b3
2025-09-03 13:16:25,443 - distributed.worker - INFO - Starting Worker plugin qme_vars.pyb6dc7e9b-31e5-4dec-80e5-d3053119e5b3
2025-09-03 13:16:25,442 - distributed.worker - INFO - Starting Worker plugin qme_vars.pyb6dc7e9b-31e5-4dec-80e5-d3053119e5b3
2025-09-03 13:16:25,443 - distributed.worker - INFO - Starting Worker plugin qme_vars.pyb6dc7e9b-31e5-4dec-80e5-d3053119e5b3
2025-09-03 13:16:25,443 - distributed.worker - INFO - Starting Worker plugin qme_vars.pyb6dc7e9b-31e5-4dec-80e5-d3053119e5b3
2025-09-03 13:16:25,443 - distributed.worker - INFO - Starting Worker plugin qme_vars.pyb6dc7e9b-31e5-4dec-80e5-d3053119e5b3
2025-09-03 13:16:25,443 - distributed.worker - INFO - Starting Worker plugin qme_vars.pyb6dc7e9b-31e5-4dec-80e5-d3053119e5b3
2025-09-03 13:16:25,443 - distributed.worker - INFO - Starting Worker plugin qme_vars.pyb6dc7e9b-31e5-4dec-80e5-d3053119e5b3
2025-09-03 13:16:25,444 - distributed.worker - INFO - Starting Worker plugin qme_vars.pyb6dc7e9b-31e5-4dec-80e5-d3053119e5b3
2025-09-03 13:16:25,444 - distributed.worker - INFO - Starting Worker plugin qme_vars.pyb6dc7e9b-31e5-4dec-80e5-d3053119e5b3
2025-09-03 13:16:25,444 - distributed.worker - INFO - Starting Worker plugin qme_vars.pyb6dc7e9b-31e5-4dec-80e5-d3053119e5b3
2025-09-03 13:16:25,444 - distributed.utils - INFO - Reload module qme_vars from .py file
2025-09-03 13:16:25,444 - distributed.worker - INFO - Starting Worker plugin qme_vars.pyb6dc7e9b-31e5-4dec-80e5-d3053119e5b3
2025-09-03 13:16:25,443 - distributed.worker - INFO - Starting Worker plugin qme_vars.pyb6dc7e9b-31e5-4dec-80e5-d3053119e5b3
2025-09-03 13:16:25,444 - distributed.worker - INFO - Starting Worker plugin qme_vars.pyb6dc7e9b-31e5-4dec-80e5-d3053119e5b3
2025-09-03 13:16:25,444 - distributed.utils - INFO - Reload module qme_vars from .py file
2025-09-03 13:16:25,445 - distributed.utils - INFO - Reload module qme_vars from .py file
2025-09-03 13:16:25,445 - distributed.utils - INFO - Reload module qme_vars from .py file
2025-09-03 13:16:25,443 - distributed.worker - INFO - Starting Worker plugin qme_vars.pyb6dc7e9b-31e5-4dec-80e5-d3053119e5b3
2025-09-03 13:16:25,445 - distributed.utils - INFO - Reload module qme_vars from .py file
2025-09-03 13:16:25,445 - distributed.utils - INFO - Reload module qme_vars from .py file
2025-09-03 13:16:25,445 - distributed.utils - INFO - Reload module qme_vars from .py file
2025-09-03 13:16:25,445 - distributed.utils - INFO - Reload module qme_vars from .py file
2025-09-03 13:16:25,444 - distributed.worker - INFO - Starting Worker plugin qme_vars.pyb6dc7e9b-31e5-4dec-80e5-d3053119e5b3
2025-09-03 13:16:25,444 - distributed.worker - INFO - Starting Worker plugin qme_vars.pyb6dc7e9b-31e5-4dec-80e5-d3053119e5b3
2025-09-03 13:16:25,444 - distributed.worker - INFO - Starting Worker plugin qme_vars.pyb6dc7e9b-31e5-4dec-80e5-d3053119e5b3
2025-09-03 13:16:25,445 - distributed.utils - INFO - Reload module qme_vars from .py file
2025-09-03 13:16:25,445 - distributed.utils - INFO - Reload module qme_vars from .py file
2025-09-03 13:16:25,445 - distributed.worker - INFO - Starting Worker plugin qme_vars.pyb6dc7e9b-31e5-4dec-80e5-d3053119e5b3
2025-09-03 13:16:25,445 - distributed.worker - INFO - Starting Worker plugin qme_vars.pyb6dc7e9b-31e5-4dec-80e5-d3053119e5b3
2025-09-03 13:16:25,445 - distributed.worker - INFO - Starting Worker plugin qme_vars.pyb6dc7e9b-31e5-4dec-80e5-d3053119e5b3
2025-09-03 13:16:25,445 - distributed.worker - INFO - Starting Worker plugin qme_vars.pyb6dc7e9b-31e5-4dec-80e5-d3053119e5b3
2025-09-03 13:16:25,445 - distributed.utils - INFO - Reload module qme_vars from .py file
2025-09-03 13:16:25,445 - distributed.utils - INFO - Reload module qme_vars from .py file
2025-09-03 13:16:25,445 - distributed.worker - INFO - Starting Worker plugin qme_vars.pyb6dc7e9b-31e5-4dec-80e5-d3053119e5b3
2025-09-03 13:16:25,445 - distributed.worker - INFO - Starting Worker plugin qme_vars.pyb6dc7e9b-31e5-4dec-80e5-d3053119e5b3
2025-09-03 13:16:25,445 - distributed.worker - INFO - Starting Worker plugin qme_vars.pyb6dc7e9b-31e5-4dec-80e5-d3053119e5b3
2025-09-03 13:16:25,445 - distributed.worker - INFO - Starting Worker plugin qme_vars.pyb6dc7e9b-31e5-4dec-80e5-d3053119e5b3
2025-09-03 13:16:25,446 - distributed.utils - INFO - Reload module qme_vars from .py file
2025-09-03 13:16:25,446 - distributed.utils - INFO - Reload module qme_vars from .py file
2025-09-03 13:16:25,446 - distributed.utils - INFO - Reload module qme_vars from .py file
2025-09-03 13:16:25,447 - distributed.utils - INFO - Reload module qme_vars from .py file
2025-09-03 13:16:25,447 - distributed.utils - INFO - Reload module qme_vars from .py file
2025-09-03 13:16:25,443 - distributed.worker - INFO - Starting Worker plugin qme_vars.pyb6dc7e9b-31e5-4dec-80e5-d3053119e5b3
2025-09-03 13:16:25,446 - distributed.utils - INFO - Reload module qme_vars from .py file
2025-09-03 13:16:25,446 - distributed.utils - INFO - Reload module qme_vars from .py file
2025-09-03 13:16:25,446 - distributed.worker - INFO - Starting Worker plugin qme_vars.pyb6dc7e9b-31e5-4dec-80e5-d3053119e5b3
2025-09-03 13:16:25,446 - distributed.utils - INFO - Reload module qme_vars from .py file
2025-09-03 13:16:25,446 - distributed.worker - INFO - Starting Worker plugin qme_vars.pyb6dc7e9b-31e5-4dec-80e5-d3053119e5b3
2025-09-03 13:16:25,446 - distributed.worker - INFO - Starting Worker plugin qme_vars.pyb6dc7e9b-31e5-4dec-80e5-d3053119e5b3
2025-09-03 13:16:25,446 - distributed.worker - INFO - Starting Worker plugin qme_vars.pyb6dc7e9b-31e5-4dec-80e5-d3053119e5b3
2025-09-03 13:16:25,446 - distributed.worker - INFO - Starting Worker plugin qme_vars.pyb6dc7e9b-31e5-4dec-80e5-d3053119e5b3
2025-09-03 13:16:25,445 - distributed.worker - INFO - Starting Worker plugin qme_vars.pyb6dc7e9b-31e5-4dec-80e5-d3053119e5b3
2025-09-03 13:16:25,446 - distributed.worker - INFO - Starting Worker plugin qme_vars.pyb6dc7e9b-31e5-4dec-80e5-d3053119e5b3
2025-09-03 13:16:25,447 - distributed.utils - INFO - Reload module qme_vars from .py file
2025-09-03 13:16:25,447 - distributed.utils - INFO - Reload module qme_vars from .py file
2025-09-03 13:16:25,446 - distributed.worker - INFO - Starting Worker plugin qme_vars.pyb6dc7e9b-31e5-4dec-80e5-d3053119e5b3
2025-09-03 13:16:25,446 - distributed.worker - INFO - Starting Worker plugin qme_vars.pyb6dc7e9b-31e5-4dec-80e5-d3053119e5b3
2025-09-03 13:16:25,446 - distributed.worker - INFO - Starting Worker plugin qme_vars.pyb6dc7e9b-31e5-4dec-80e5-d3053119e5b3
2025-09-03 13:16:25,447 - distributed.utils - INFO - Reload module qme_vars from .py file
2025-09-03 13:16:25,447 - distributed.worker - INFO - Starting Worker plugin qme_vars.pyb6dc7e9b-31e5-4dec-80e5-d3053119e5b3
2025-09-03 13:16:25,447 - distributed.utils - INFO - Reload module qme_vars from .py file
2025-09-03 13:16:25,447 - distributed.worker - INFO - Starting Worker plugin qme_vars.pyb6dc7e9b-31e5-4dec-80e5-d3053119e5b3
2025-09-03 13:16:25,447 - distributed.worker - INFO - Starting Worker plugin qme_vars.pyb6dc7e9b-31e5-4dec-80e5-d3053119e5b3
2025-09-03 13:16:25,447 - distributed.utils - INFO - Reload module qme_vars from .py file
2025-09-03 13:16:25,447 - distributed.worker - INFO - Starting Worker plugin qme_vars.pyb6dc7e9b-31e5-4dec-80e5-d3053119e5b3
2025-09-03 13:16:25,447 - distributed.worker - INFO - Starting Worker plugin qme_vars.pyb6dc7e9b-31e5-4dec-80e5-d3053119e5b3
2025-09-03 13:16:25,448 - distributed.utils - INFO - Reload module qme_vars from .py file
2025-09-03 13:16:25,448 - distributed.utils - INFO - Reload module qme_vars from .py file
2025-09-03 13:16:25,448 - distributed.utils - INFO - Reload module qme_vars from .py file
2025-09-03 13:16:25,448 - distributed.utils - INFO - Reload module qme_vars from .py file
2025-09-03 13:16:25,448 - distributed.utils - INFO - Reload module qme_vars from .py file
2025-09-03 13:16:25,448 - distributed.utils - INFO - Reload module qme_vars from .py file
2025-09-03 13:16:25,445 - distributed.worker - INFO - Starting Worker plugin qme_vars.pyb6dc7e9b-31e5-4dec-80e5-d3053119e5b3
2025-09-03 13:16:25,448 - distributed.utils - INFO - Reload module qme_vars from .py file
2025-09-03 13:16:25,448 - distributed.utils - INFO - Reload module qme_vars from .py file
2025-09-03 13:16:25,449 - distributed.utils - INFO - Reload module qme_vars from .py file
2025-09-03 13:16:25,447 - distributed.worker - INFO - Starting Worker plugin qme_vars.pyb6dc7e9b-31e5-4dec-80e5-d3053119e5b3
2025-09-03 13:16:25,449 - distributed.utils - INFO - Reload module qme_vars from .py file
2025-09-03 13:16:25,449 - distributed.utils - INFO - Reload module qme_vars from .py file
2025-09-03 13:16:25,449 - distributed.utils - INFO - Reload module qme_vars from .py file
2025-09-03 13:16:25,449 - distributed.utils - INFO - Reload module qme_vars from .py file
2025-09-03 13:16:25,449 - distributed.utils - INFO - Reload module qme_vars from .py file
2025-09-03 13:16:25,450 - distributed.utils - INFO - Reload module qme_vars from .py file
2025-09-03 13:16:25,450 - distributed.utils - INFO - Reload module qme_vars from .py file
2025-09-03 13:16:25,450 - distributed.utils - INFO - Reload module qme_vars from .py file
2025-09-03 13:16:25,450 - distributed.utils - INFO - Reload module qme_vars from .py file
2025-09-03 13:16:25,450 - distributed.utils - INFO - Reload module qme_vars from .py file
2025-09-03 13:16:25,450 - distributed.utils - INFO - Reload module qme_vars from .py file
2025-09-03 13:16:25,450 - distributed.utils - INFO - Reload module qme_vars from .py file
2025-09-03 13:16:25,451 - distributed.utils - INFO - Reload module qme_vars from .py file
2025-09-03 13:16:25,451 - distributed.utils - INFO - Reload module qme_vars from .py file
2025-09-03 13:16:25,451 - distributed.utils - INFO - Reload module qme_vars from .py file
2025-09-03 13:16:25,451 - distributed.utils - INFO - Reload module qme_vars from .py file
2025-09-03 13:16:25,451 - distributed.utils - INFO - Reload module qme_vars from .py file
2025-09-03 13:16:25,452 - distributed.utils - INFO - Reload module qme_vars from .py file
2025-09-03 13:16:26,881 - distributed.worker - INFO - Starting Worker plugin qme_train.py5a10009d-56a8-4689-a04c-aa3714b9a1e1
2025-09-03 13:16:26,881 - distributed.worker - INFO - Starting Worker plugin qme_train.py5a10009d-56a8-4689-a04c-aa3714b9a1e1
2025-09-03 13:16:26,882 - distributed.worker - INFO - Starting Worker plugin qme_train.py5a10009d-56a8-4689-a04c-aa3714b9a1e1
2025-09-03 13:16:26,882 - distributed.worker - INFO - Starting Worker plugin qme_train.py5a10009d-56a8-4689-a04c-aa3714b9a1e1
2025-09-03 13:16:26,882 - distributed.worker - INFO - Starting Worker plugin qme_train.py5a10009d-56a8-4689-a04c-aa3714b9a1e1
2025-09-03 13:16:26,882 - distributed.worker - INFO - Starting Worker plugin qme_train.py5a10009d-56a8-4689-a04c-aa3714b9a1e1
2025-09-03 13:16:26,882 - distributed.worker - INFO - Starting Worker plugin qme_train.py5a10009d-56a8-4689-a04c-aa3714b9a1e1
2025-09-03 13:16:26,882 - distributed.worker - INFO - Starting Worker plugin qme_train.py5a10009d-56a8-4689-a04c-aa3714b9a1e1
2025-09-03 13:16:26,882 - distributed.worker - INFO - Starting Worker plugin qme_train.py5a10009d-56a8-4689-a04c-aa3714b9a1e1
2025-09-03 13:16:26,882 - distributed.worker - INFO - Starting Worker plugin qme_train.py5a10009d-56a8-4689-a04c-aa3714b9a1e1
2025-09-03 13:16:26,883 - distributed.worker - INFO - Starting Worker plugin qme_train.py5a10009d-56a8-4689-a04c-aa3714b9a1e1
2025-09-03 13:16:26,883 - distributed.worker - INFO - Starting Worker plugin qme_train.py5a10009d-56a8-4689-a04c-aa3714b9a1e1
2025-09-03 13:16:26,883 - distributed.worker - INFO - Starting Worker plugin qme_train.py5a10009d-56a8-4689-a04c-aa3714b9a1e1
2025-09-03 13:16:26,883 - distributed.worker - INFO - Starting Worker plugin qme_train.py5a10009d-56a8-4689-a04c-aa3714b9a1e1
2025-09-03 13:16:26,883 - distributed.worker - INFO - Starting Worker plugin qme_train.py5a10009d-56a8-4689-a04c-aa3714b9a1e1
2025-09-03 13:16:26,883 - distributed.worker - INFO - Starting Worker plugin qme_train.py5a10009d-56a8-4689-a04c-aa3714b9a1e1
2025-09-03 13:16:26,883 - distributed.worker - INFO - Starting Worker plugin qme_train.py5a10009d-56a8-4689-a04c-aa3714b9a1e1
2025-09-03 13:16:26,883 - distributed.worker - INFO - Starting Worker plugin qme_train.py5a10009d-56a8-4689-a04c-aa3714b9a1e1
2025-09-03 13:16:26,883 - distributed.worker - INFO - Starting Worker plugin qme_train.py5a10009d-56a8-4689-a04c-aa3714b9a1e1
2025-09-03 13:16:26,884 - distributed.worker - INFO - Starting Worker plugin qme_train.py5a10009d-56a8-4689-a04c-aa3714b9a1e1
2025-09-03 13:16:26,884 - distributed.worker - INFO - Starting Worker plugin qme_train.py5a10009d-56a8-4689-a04c-aa3714b9a1e1
2025-09-03 13:16:26,884 - distributed.worker - INFO - Starting Worker plugin qme_train.py5a10009d-56a8-4689-a04c-aa3714b9a1e1
2025-09-03 13:16:26,884 - distributed.worker - INFO - Starting Worker plugin qme_train.py5a10009d-56a8-4689-a04c-aa3714b9a1e1
2025-09-03 13:16:26,884 - distributed.worker - INFO - Starting Worker plugin qme_train.py5a10009d-56a8-4689-a04c-aa3714b9a1e1
2025-09-03 13:16:26,884 - distributed.worker - INFO - Starting Worker plugin qme_train.py5a10009d-56a8-4689-a04c-aa3714b9a1e1
2025-09-03 13:16:26,884 - distributed.worker - INFO - Starting Worker plugin qme_train.py5a10009d-56a8-4689-a04c-aa3714b9a1e1
2025-09-03 13:16:26,884 - distributed.worker - INFO - Starting Worker plugin qme_train.py5a10009d-56a8-4689-a04c-aa3714b9a1e1
2025-09-03 13:16:26,884 - distributed.worker - INFO - Starting Worker plugin qme_train.py5a10009d-56a8-4689-a04c-aa3714b9a1e1
2025-09-03 13:16:26,885 - distributed.worker - INFO - Starting Worker plugin qme_train.py5a10009d-56a8-4689-a04c-aa3714b9a1e1
2025-09-03 13:16:26,885 - distributed.worker - INFO - Starting Worker plugin qme_train.py5a10009d-56a8-4689-a04c-aa3714b9a1e1
2025-09-03 13:16:26,885 - distributed.worker - INFO - Starting Worker plugin qme_train.py5a10009d-56a8-4689-a04c-aa3714b9a1e1
2025-09-03 13:16:26,885 - distributed.worker - INFO - Starting Worker plugin qme_train.py5a10009d-56a8-4689-a04c-aa3714b9a1e1
2025-09-03 13:16:26,885 - distributed.utils - INFO - Reload module qme_train from .py file
2025-09-03 13:16:26,885 - distributed.worker - INFO - Starting Worker plugin qme_train.py5a10009d-56a8-4689-a04c-aa3714b9a1e1
2025-09-03 13:16:26,885 - distributed.utils - INFO - Reload module qme_train from .py file
2025-09-03 13:16:26,885 - distributed.worker - INFO - Starting Worker plugin qme_train.py5a10009d-56a8-4689-a04c-aa3714b9a1e1
2025-09-03 13:16:26,885 - distributed.worker - INFO - Starting Worker plugin qme_train.py5a10009d-56a8-4689-a04c-aa3714b9a1e1
2025-09-03 13:16:26,885 - distributed.worker - INFO - Starting Worker plugin qme_train.py5a10009d-56a8-4689-a04c-aa3714b9a1e1
2025-09-03 13:16:26,885 - distributed.worker - INFO - Starting Worker plugin qme_train.py5a10009d-56a8-4689-a04c-aa3714b9a1e1
2025-09-03 13:16:26,886 - distributed.utils - INFO - Reload module qme_train from .py file
2025-09-03 13:16:26,886 - distributed.utils - INFO - Reload module qme_train from .py file
2025-09-03 13:16:26,886 - distributed.worker - INFO - Starting Worker plugin qme_train.py5a10009d-56a8-4689-a04c-aa3714b9a1e1
2025-09-03 13:16:26,886 - distributed.worker - INFO - Starting Worker plugin qme_train.py5a10009d-56a8-4689-a04c-aa3714b9a1e1
2025-09-03 13:16:26,886 - distributed.worker - INFO - Starting Worker plugin qme_train.py5a10009d-56a8-4689-a04c-aa3714b9a1e1
2025-09-03 13:16:26,886 - distributed.worker - INFO - Starting Worker plugin qme_train.py5a10009d-56a8-4689-a04c-aa3714b9a1e1
2025-09-03 13:16:26,886 - distributed.worker - INFO - Starting Worker plugin qme_train.py5a10009d-56a8-4689-a04c-aa3714b9a1e1
2025-09-03 13:16:26,886 - distributed.worker - INFO - Starting Worker plugin qme_train.py5a10009d-56a8-4689-a04c-aa3714b9a1e1
2025-09-03 13:16:26,886 - distributed.utils - INFO - Reload module qme_train from .py file
2025-09-03 13:16:26,886 - distributed.worker - INFO - Starting Worker plugin qme_train.py5a10009d-56a8-4689-a04c-aa3714b9a1e1
2025-09-03 13:16:26,887 - distributed.worker - INFO - Starting Worker plugin qme_train.py5a10009d-56a8-4689-a04c-aa3714b9a1e1
2025-09-03 13:16:26,887 - distributed.worker - INFO - Starting Worker plugin qme_train.py5a10009d-56a8-4689-a04c-aa3714b9a1e1
2025-09-03 13:16:26,887 - distributed.worker - INFO - Starting Worker plugin qme_train.py5a10009d-56a8-4689-a04c-aa3714b9a1e1
2025-09-03 13:16:26,887 - distributed.worker - INFO - Starting Worker plugin qme_train.py5a10009d-56a8-4689-a04c-aa3714b9a1e1
2025-09-03 13:16:26,887 - distributed.worker - INFO - Starting Worker plugin qme_train.py5a10009d-56a8-4689-a04c-aa3714b9a1e1
2025-09-03 13:16:26,887 - distributed.worker - INFO - Starting Worker plugin qme_train.py5a10009d-56a8-4689-a04c-aa3714b9a1e1
2025-09-03 13:16:26,887 - distributed.worker - INFO - Starting Worker plugin qme_train.py5a10009d-56a8-4689-a04c-aa3714b9a1e1
2025-09-03 13:16:26,888 - distributed.utils - INFO - Reload module qme_train from .py file
2025-09-03 13:16:26,888 - distributed.utils - INFO - Reload module qme_train from .py file
2025-09-03 13:16:26,888 - distributed.utils - INFO - Reload module qme_train from .py file
2025-09-03 13:16:26,888 - distributed.utils - INFO - Reload module qme_train from .py file
2025-09-03 13:16:26,888 - distributed.utils - INFO - Reload module qme_train from .py file
2025-09-03 13:16:26,888 - distributed.utils - INFO - Reload module qme_train from .py file
2025-09-03 13:16:26,888 - distributed.utils - INFO - Reload module qme_train from .py file
2025-09-03 13:16:26,888 - distributed.utils - INFO - Reload module qme_train from .py file
2025-09-03 13:16:26,888 - distributed.utils - INFO - Reload module qme_train from .py file
2025-09-03 13:16:26,888 - distributed.utils - INFO - Reload module qme_train from .py file
2025-09-03 13:16:26,888 - distributed.utils - INFO - Reload module qme_train from .py file
2025-09-03 13:16:26,888 - distributed.utils - INFO - Reload module qme_train from .py file
2025-09-03 13:16:26,888 - distributed.utils - INFO - Reload module qme_train from .py file
2025-09-03 13:16:26,888 - distributed.utils - INFO - Reload module qme_train from .py file
2025-09-03 13:16:26,888 - distributed.utils - INFO - Reload module qme_train from .py file
2025-09-03 13:16:26,888 - distributed.utils - INFO - Reload module qme_train from .py file
2025-09-03 13:16:26,888 - distributed.utils - INFO - Reload module qme_train from .py file
2025-09-03 13:16:26,889 - distributed.utils - INFO - Reload module qme_train from .py file
2025-09-03 13:16:26,889 - distributed.utils - INFO - Reload module qme_train from .py file
2025-09-03 13:16:26,889 - distributed.utils - INFO - Reload module qme_train from .py file
2025-09-03 13:16:26,889 - distributed.utils - INFO - Reload module qme_train from .py file
2025-09-03 13:16:26,889 - distributed.utils - INFO - Reload module qme_train from .py file
2025-09-03 13:16:26,889 - distributed.utils - INFO - Reload module qme_train from .py file
2025-09-03 13:16:26,889 - distributed.utils - INFO - Reload module qme_train from .py file
2025-09-03 13:16:26,889 - distributed.utils - INFO - Reload module qme_train from .py file
2025-09-03 13:16:26,890 - distributed.utils - INFO - Reload module qme_train from .py file
2025-09-03 13:16:26,890 - distributed.utils - INFO - Reload module qme_train from .py file
2025-09-03 13:16:26,890 - distributed.utils - INFO - Reload module qme_train from .py file
2025-09-03 13:16:26,890 - distributed.utils - INFO - Reload module qme_train from .py file
2025-09-03 13:16:26,891 - distributed.utils - INFO - Reload module qme_train from .py file
2025-09-03 13:16:26,891 - distributed.utils - INFO - Reload module qme_train from .py file
2025-09-03 13:16:26,891 - distributed.utils - INFO - Reload module qme_train from .py file
2025-09-03 13:16:26,891 - distributed.utils - INFO - Reload module qme_train from .py file
2025-09-03 13:16:26,891 - distributed.utils - INFO - Reload module qme_train from .py file
2025-09-03 13:16:26,891 - distributed.utils - INFO - Reload module qme_train from .py file
2025-09-03 13:16:26,891 - distributed.utils - INFO - Reload module qme_train from .py file
2025-09-03 13:16:26,891 - distributed.utils - INFO - Reload module qme_train from .py file
2025-09-03 13:16:26,891 - distributed.utils - INFO - Reload module qme_train from .py file
2025-09-03 13:16:26,891 - distributed.utils - INFO - Reload module qme_train from .py file
2025-09-03 13:16:26,891 - distributed.utils - INFO - Reload module qme_train from .py file
2025-09-03 13:16:26,891 - distributed.utils - INFO - Reload module qme_train from .py file
2025-09-03 13:16:26,891 - distributed.utils - INFO - Reload module qme_train from .py file
2025-09-03 13:16:26,891 - distributed.utils - INFO - Reload module qme_train from .py file
2025-09-03 13:16:26,891 - distributed.utils - INFO - Reload module qme_train from .py file
2025-09-03 13:16:26,891 - distributed.utils - INFO - Reload module qme_train from .py file
2025-09-03 13:16:26,891 - distributed.utils - INFO - Reload module qme_train from .py file
2025-09-03 13:16:26,900 - distributed.worker - INFO - Starting Worker plugin qme_train.py5a10009d-56a8-4689-a04c-aa3714b9a1e1
2025-09-03 13:16:26,913 - distributed.utils - INFO - Reload module qme_train from .py file
2025-09-03 13:16:28,329 - distributed.worker - INFO - Starting Worker plugin qme_apply.py3a1d306b-9a77-46f4-8620-bf79068eeac7
2025-09-03 13:16:28,329 - distributed.worker - INFO - Starting Worker plugin qme_apply.py3a1d306b-9a77-46f4-8620-bf79068eeac7
2025-09-03 13:16:28,329 - distributed.worker - INFO - Starting Worker plugin qme_apply.py3a1d306b-9a77-46f4-8620-bf79068eeac7
2025-09-03 13:16:28,330 - distributed.worker - INFO - Starting Worker plugin qme_apply.py3a1d306b-9a77-46f4-8620-bf79068eeac7
2025-09-03 13:16:28,330 - distributed.worker - INFO - Starting Worker plugin qme_apply.py3a1d306b-9a77-46f4-8620-bf79068eeac7
2025-09-03 13:16:28,330 - distributed.worker - INFO - Starting Worker plugin qme_apply.py3a1d306b-9a77-46f4-8620-bf79068eeac7
2025-09-03 13:16:28,330 - distributed.worker - INFO - Starting Worker plugin qme_apply.py3a1d306b-9a77-46f4-8620-bf79068eeac7
2025-09-03 13:16:28,330 - distributed.worker - INFO - Starting Worker plugin qme_apply.py3a1d306b-9a77-46f4-8620-bf79068eeac7
2025-09-03 13:16:28,330 - distributed.worker - INFO - Starting Worker plugin qme_apply.py3a1d306b-9a77-46f4-8620-bf79068eeac7
2025-09-03 13:16:28,330 - distributed.worker - INFO - Starting Worker plugin qme_apply.py3a1d306b-9a77-46f4-8620-bf79068eeac7
2025-09-03 13:16:28,330 - distributed.worker - INFO - Starting Worker plugin qme_apply.py3a1d306b-9a77-46f4-8620-bf79068eeac7
2025-09-03 13:16:28,330 - distributed.worker - INFO - Starting Worker plugin qme_apply.py3a1d306b-9a77-46f4-8620-bf79068eeac7
2025-09-03 13:16:28,331 - distributed.worker - INFO - Starting Worker plugin qme_apply.py3a1d306b-9a77-46f4-8620-bf79068eeac7
2025-09-03 13:16:28,331 - distributed.utils - INFO - Reload module qme_apply from .py file
2025-09-03 13:16:28,331 - distributed.worker - INFO - Starting Worker plugin qme_apply.py3a1d306b-9a77-46f4-8620-bf79068eeac7
2025-09-03 13:16:28,331 - distributed.worker - INFO - Starting Worker plugin qme_apply.py3a1d306b-9a77-46f4-8620-bf79068eeac7
2025-09-03 13:16:28,331 - distributed.worker - INFO - Starting Worker plugin qme_apply.py3a1d306b-9a77-46f4-8620-bf79068eeac7
2025-09-03 13:16:28,331 - distributed.worker - INFO - Starting Worker plugin qme_apply.py3a1d306b-9a77-46f4-8620-bf79068eeac7
2025-09-03 13:16:28,331 - distributed.worker - INFO - Starting Worker plugin qme_apply.py3a1d306b-9a77-46f4-8620-bf79068eeac7
2025-09-03 13:16:28,331 - distributed.worker - INFO - Starting Worker plugin qme_apply.py3a1d306b-9a77-46f4-8620-bf79068eeac7
2025-09-03 13:16:28,331 - distributed.worker - INFO - Starting Worker plugin qme_apply.py3a1d306b-9a77-46f4-8620-bf79068eeac7
2025-09-03 13:16:28,332 - distributed.utils - INFO - Reload module qme_apply from .py file
2025-09-03 13:16:28,332 - distributed.worker - INFO - Starting Worker plugin qme_apply.py3a1d306b-9a77-46f4-8620-bf79068eeac7
2025-09-03 13:16:28,332 - distributed.worker - INFO - Starting Worker plugin qme_apply.py3a1d306b-9a77-46f4-8620-bf79068eeac7
2025-09-03 13:16:28,332 - distributed.utils - INFO - Reload module qme_apply from .py file
2025-09-03 13:16:28,332 - distributed.worker - INFO - Starting Worker plugin qme_apply.py3a1d306b-9a77-46f4-8620-bf79068eeac7
2025-09-03 13:16:28,332 - distributed.worker - INFO - Starting Worker plugin qme_apply.py3a1d306b-9a77-46f4-8620-bf79068eeac7
2025-09-03 13:16:28,332 - distributed.worker - INFO - Starting Worker plugin qme_apply.py3a1d306b-9a77-46f4-8620-bf79068eeac7
2025-09-03 13:16:28,332 - distributed.worker - INFO - Starting Worker plugin qme_apply.py3a1d306b-9a77-46f4-8620-bf79068eeac7
2025-09-03 13:16:28,332 - distributed.utils - INFO - Reload module qme_apply from .py file
2025-09-03 13:16:28,332 - distributed.utils - INFO - Reload module qme_apply from .py file
2025-09-03 13:16:28,332 - distributed.worker - INFO - Starting Worker plugin qme_apply.py3a1d306b-9a77-46f4-8620-bf79068eeac7
2025-09-03 13:16:28,332 - distributed.utils - INFO - Reload module qme_apply from .py file
2025-09-03 13:16:28,332 - distributed.worker - INFO - Starting Worker plugin qme_apply.py3a1d306b-9a77-46f4-8620-bf79068eeac7
2025-09-03 13:16:28,332 - distributed.utils - INFO - Reload module qme_apply from .py file
2025-09-03 13:16:28,332 - distributed.utils - INFO - Reload module qme_apply from .py file
2025-09-03 13:16:28,332 - distributed.utils - INFO - Reload module qme_apply from .py file
2025-09-03 13:16:28,333 - distributed.worker - INFO - Starting Worker plugin qme_apply.py3a1d306b-9a77-46f4-8620-bf79068eeac7
2025-09-03 13:16:28,333 - distributed.worker - INFO - Starting Worker plugin qme_apply.py3a1d306b-9a77-46f4-8620-bf79068eeac7
2025-09-03 13:16:28,333 - distributed.worker - INFO - Starting Worker plugin qme_apply.py3a1d306b-9a77-46f4-8620-bf79068eeac7
2025-09-03 13:16:28,333 - distributed.worker - INFO - Starting Worker plugin qme_apply.py3a1d306b-9a77-46f4-8620-bf79068eeac7
2025-09-03 13:16:28,333 - distributed.utils - INFO - Reload module qme_apply from .py file
2025-09-03 13:16:28,333 - distributed.utils - INFO - Reload module qme_apply from .py file
2025-09-03 13:16:28,333 - distributed.worker - INFO - Starting Worker plugin qme_apply.py3a1d306b-9a77-46f4-8620-bf79068eeac7
2025-09-03 13:16:28,333 - distributed.worker - INFO - Starting Worker plugin qme_apply.py3a1d306b-9a77-46f4-8620-bf79068eeac7
2025-09-03 13:16:28,333 - distributed.utils - INFO - Reload module qme_apply from .py file
2025-09-03 13:16:28,333 - distributed.worker - INFO - Starting Worker plugin qme_apply.py3a1d306b-9a77-46f4-8620-bf79068eeac7
2025-09-03 13:16:28,333 - distributed.utils - INFO - Reload module qme_apply from .py file
2025-09-03 13:16:28,333 - distributed.worker - INFO - Starting Worker plugin qme_apply.py3a1d306b-9a77-46f4-8620-bf79068eeac7
2025-09-03 13:16:28,334 - distributed.utils - INFO - Reload module qme_apply from .py file
2025-09-03 13:16:28,334 - distributed.utils - INFO - Reload module qme_apply from .py file
2025-09-03 13:16:28,334 - distributed.utils - INFO - Reload module qme_apply from .py file
2025-09-03 13:16:28,334 - distributed.utils - INFO - Reload module qme_apply from .py file
2025-09-03 13:16:28,334 - distributed.worker - INFO - Starting Worker plugin qme_apply.py3a1d306b-9a77-46f4-8620-bf79068eeac7
2025-09-03 13:16:28,334 - distributed.utils - INFO - Reload module qme_apply from .py file
2025-09-03 13:16:28,334 - distributed.worker - INFO - Starting Worker plugin qme_apply.py3a1d306b-9a77-46f4-8620-bf79068eeac7
2025-09-03 13:16:28,334 - distributed.utils - INFO - Reload module qme_apply from .py file
2025-09-03 13:16:28,334 - distributed.worker - INFO - Starting Worker plugin qme_apply.py3a1d306b-9a77-46f4-8620-bf79068eeac7
2025-09-03 13:16:28,334 - distributed.worker - INFO - Starting Worker plugin qme_apply.py3a1d306b-9a77-46f4-8620-bf79068eeac7
2025-09-03 13:16:28,334 - distributed.utils - INFO - Reload module qme_apply from .py file
2025-09-03 13:16:28,334 - distributed.worker - INFO - Starting Worker plugin qme_apply.py3a1d306b-9a77-46f4-8620-bf79068eeac7
2025-09-03 13:16:28,334 - distributed.worker - INFO - Starting Worker plugin qme_apply.py3a1d306b-9a77-46f4-8620-bf79068eeac7
2025-09-03 13:16:28,334 - distributed.utils - INFO - Reload module qme_apply from .py file
2025-09-03 13:16:28,334 - distributed.worker - INFO - Starting Worker plugin qme_apply.py3a1d306b-9a77-46f4-8620-bf79068eeac7
2025-09-03 13:16:28,334 - distributed.utils - INFO - Reload module qme_apply from .py file
2025-09-03 13:16:28,334 - distributed.worker - INFO - Starting Worker plugin qme_apply.py3a1d306b-9a77-46f4-8620-bf79068eeac7
2025-09-03 13:16:28,334 - distributed.worker - INFO - Starting Worker plugin qme_apply.py3a1d306b-9a77-46f4-8620-bf79068eeac7
2025-09-03 13:16:28,334 - distributed.worker - INFO - Starting Worker plugin qme_apply.py3a1d306b-9a77-46f4-8620-bf79068eeac7
2025-09-03 13:16:28,334 - distributed.utils - INFO - Reload module qme_apply from .py file
2025-09-03 13:16:28,334 - distributed.utils - INFO - Reload module qme_apply from .py file
2025-09-03 13:16:28,334 - distributed.utils - INFO - Reload module qme_apply from .py file
2025-09-03 13:16:28,335 - distributed.worker - INFO - Starting Worker plugin qme_apply.py3a1d306b-9a77-46f4-8620-bf79068eeac7
2025-09-03 13:16:28,335 - distributed.worker - INFO - Starting Worker plugin qme_apply.py3a1d306b-9a77-46f4-8620-bf79068eeac7
2025-09-03 13:16:28,335 - distributed.utils - INFO - Reload module qme_apply from .py file
2025-09-03 13:16:28,335 - distributed.utils - INFO - Reload module qme_apply from .py file
2025-09-03 13:16:28,335 - distributed.utils - INFO - Reload module qme_apply from .py file
2025-09-03 13:16:28,335 - distributed.worker - INFO - Starting Worker plugin qme_apply.py3a1d306b-9a77-46f4-8620-bf79068eeac7
2025-09-03 13:16:28,335 - distributed.utils - INFO - Reload module qme_apply from .py file
2025-09-03 13:16:28,335 - distributed.utils - INFO - Reload module qme_apply from .py file
2025-09-03 13:16:28,335 - distributed.utils - INFO - Reload module qme_apply from .py file
2025-09-03 13:16:28,335 - distributed.worker - INFO - Starting Worker plugin qme_apply.py3a1d306b-9a77-46f4-8620-bf79068eeac7
2025-09-03 13:16:28,335 - distributed.worker - INFO - Starting Worker plugin qme_apply.py3a1d306b-9a77-46f4-8620-bf79068eeac7
2025-09-03 13:16:28,335 - distributed.utils - INFO - Reload module qme_apply from .py file
2025-09-03 13:16:28,336 - distributed.worker - INFO - Starting Worker plugin qme_apply.py3a1d306b-9a77-46f4-8620-bf79068eeac7
2025-09-03 13:16:28,338 - distributed.utils - INFO - Reload module qme_apply from .py file
2025-09-03 13:16:28,338 - distributed.utils - INFO - Reload module qme_apply from .py file
2025-09-03 13:16:28,338 - distributed.utils - INFO - Reload module qme_apply from .py file
2025-09-03 13:16:28,338 - distributed.utils - INFO - Reload module qme_apply from .py file
2025-09-03 13:16:28,338 - distributed.utils - INFO - Reload module qme_apply from .py file
2025-09-03 13:16:28,338 - distributed.utils - INFO - Reload module qme_apply from .py file
2025-09-03 13:16:28,338 - distributed.utils - INFO - Reload module qme_apply from .py file
2025-09-03 13:16:28,338 - distributed.utils - INFO - Reload module qme_apply from .py file
2025-09-03 13:16:28,338 - distributed.utils - INFO - Reload module qme_apply from .py file
2025-09-03 13:16:28,338 - distributed.utils - INFO - Reload module qme_apply from .py file
2025-09-03 13:16:28,338 - distributed.utils - INFO - Reload module qme_apply from .py file
2025-09-03 13:16:28,338 - distributed.utils - INFO - Reload module qme_apply from .py file
2025-09-03 13:16:28,338 - distributed.utils - INFO - Reload module qme_apply from .py file
2025-09-03 13:16:28,338 - distributed.utils - INFO - Reload module qme_apply from .py file
2025-09-03 13:16:28,338 - distributed.utils - INFO - Reload module qme_apply from .py file
2025-09-03 13:16:28,338 - distributed.utils - INFO - Reload module qme_apply from .py file
2025-09-03 13:16:28,339 - distributed.utils - INFO - Reload module qme_apply from .py file
2025-09-03 13:16:28,339 - distributed.utils - INFO - Reload module qme_apply from .py file
2025-09-03 13:16:28,339 - distributed.utils - INFO - Reload module qme_apply from .py file
2025-09-03 13:16:28,339 - distributed.utils - INFO - Reload module qme_apply from .py file
2025-09-03 13:20:06,622 - distributed.core - INFO - Event loop was unresponsive in Worker for 4.72s.  This is often caused by long-running GIL-holding functions or moving large chunks of data. This can cause timeouts and instability.
2025-09-03 13:20:06,622 - distributed.core - INFO - Event loop was unresponsive in Worker for 4.54s.  This is often caused by long-running GIL-holding functions or moving large chunks of data. This can cause timeouts and instability.
2025-09-03 13:20:06,622 - distributed.core - INFO - Event loop was unresponsive in Worker for 4.77s.  This is often caused by long-running GIL-holding functions or moving large chunks of data. This can cause timeouts and instability.
2025-09-03 13:20:06,623 - distributed.core - INFO - Event loop was unresponsive in Worker for 4.73s.  This is often caused by long-running GIL-holding functions or moving large chunks of data. This can cause timeouts and instability.
2025-09-03 13:20:06,623 - distributed.core - INFO - Event loop was unresponsive in Worker for 4.71s.  This is often caused by long-running GIL-holding functions or moving large chunks of data. This can cause timeouts and instability.
2025-09-03 13:20:06,623 - distributed.core - INFO - Event loop was unresponsive in Worker for 4.62s.  This is often caused by long-running GIL-holding functions or moving large chunks of data. This can cause timeouts and instability.
2025-09-03 13:20:06,623 - distributed.core - INFO - Event loop was unresponsive in Worker for 4.36s.  This is often caused by long-running GIL-holding functions or moving large chunks of data. This can cause timeouts and instability.
2025-09-03 13:20:06,623 - distributed.core - INFO - Event loop was unresponsive in Worker for 4.58s.  This is often caused by long-running GIL-holding functions or moving large chunks of data. This can cause timeouts and instability.
2025-09-03 13:20:06,623 - distributed.core - INFO - Event loop was unresponsive in Worker for 4.83s.  This is often caused by long-running GIL-holding functions or moving large chunks of data. This can cause timeouts and instability.
2025-09-03 13:20:06,623 - distributed.core - INFO - Event loop was unresponsive in Worker for 4.76s.  This is often caused by long-running GIL-holding functions or moving large chunks of data. This can cause timeouts and instability.
2025-09-03 13:20:06,623 - distributed.core - INFO - Event loop was unresponsive in Worker for 4.76s.  This is often caused by long-running GIL-holding functions or moving large chunks of data. This can cause timeouts and instability.
2025-09-03 13:20:06,623 - distributed.core - INFO - Event loop was unresponsive in Worker for 4.50s.  This is often caused by long-running GIL-holding functions or moving large chunks of data. This can cause timeouts and instability.
2025-09-03 13:20:06,623 - distributed.core - INFO - Event loop was unresponsive in Worker for 4.67s.  This is often caused by long-running GIL-holding functions or moving large chunks of data. This can cause timeouts and instability.
2025-09-03 13:20:06,623 - distributed.core - INFO - Event loop was unresponsive in Worker for 4.84s.  This is often caused by long-running GIL-holding functions or moving large chunks of data. This can cause timeouts and instability.
2025-09-03 13:20:06,623 - distributed.core - INFO - Event loop was unresponsive in Worker for 4.58s.  This is often caused by long-running GIL-holding functions or moving large chunks of data. This can cause timeouts and instability.
2025-09-03 13:20:06,623 - distributed.core - INFO - Event loop was unresponsive in Worker for 4.74s.  This is often caused by long-running GIL-holding functions or moving large chunks of data. This can cause timeouts and instability.
2025-09-03 13:20:06,623 - distributed.core - INFO - Event loop was unresponsive in Worker for 4.78s.  This is often caused by long-running GIL-holding functions or moving large chunks of data. This can cause timeouts and instability.
2025-09-03 13:20:06,624 - distributed.core - INFO - Event loop was unresponsive in Worker for 4.73s.  This is often caused by long-running GIL-holding functions or moving large chunks of data. This can cause timeouts and instability.
2025-09-03 13:20:06,624 - distributed.core - INFO - Event loop was unresponsive in Worker for 4.61s.  This is often caused by long-running GIL-holding functions or moving large chunks of data. This can cause timeouts and instability.
2025-09-03 13:20:06,624 - distributed.core - INFO - Event loop was unresponsive in Worker for 4.65s.  This is often caused by long-running GIL-holding functions or moving large chunks of data. This can cause timeouts and instability.
2025-09-03 13:20:06,624 - distributed.core - INFO - Event loop was unresponsive in Worker for 4.66s.  This is often caused by long-running GIL-holding functions or moving large chunks of data. This can cause timeouts and instability.
2025-09-03 13:20:06,624 - distributed.core - INFO - Event loop was unresponsive in Worker for 4.79s.  This is often caused by long-running GIL-holding functions or moving large chunks of data. This can cause timeouts and instability.
2025-09-03 13:20:06,624 - distributed.core - INFO - Event loop was unresponsive in Worker for 4.76s.  This is often caused by long-running GIL-holding functions or moving large chunks of data. This can cause timeouts and instability.
2025-09-03 13:20:06,624 - distributed.core - INFO - Event loop was unresponsive in Worker for 4.53s.  This is often caused by long-running GIL-holding functions or moving large chunks of data. This can cause timeouts and instability.
2025-09-03 13:20:06,626 - distributed.core - INFO - Event loop was unresponsive in Worker for 4.62s.  This is often caused by long-running GIL-holding functions or moving large chunks of data. This can cause timeouts and instability.
2025-09-03 13:20:06,628 - distributed.core - INFO - Event loop was unresponsive in Worker for 4.81s.  This is often caused by long-running GIL-holding functions or moving large chunks of data. This can cause timeouts and instability.
2025-09-03 13:20:06,635 - distributed.core - INFO - Event loop was unresponsive in Worker for 4.71s.  This is often caused by long-running GIL-holding functions or moving large chunks of data. This can cause timeouts and instability.
2025-09-03 13:20:06,636 - distributed.core - INFO - Event loop was unresponsive in Worker for 4.50s.  This is often caused by long-running GIL-holding functions or moving large chunks of data. This can cause timeouts and instability.
2025-09-03 13:20:06,637 - distributed.core - INFO - Event loop was unresponsive in Worker for 4.67s.  This is often caused by long-running GIL-holding functions or moving large chunks of data. This can cause timeouts and instability.
2025-09-03 13:20:06,645 - distributed.core - INFO - Event loop was unresponsive in Worker for 4.62s.  This is often caused by long-running GIL-holding functions or moving large chunks of data. This can cause timeouts and instability.
2025-09-03 13:20:06,648 - distributed.core - INFO - Event loop was unresponsive in Worker for 4.40s.  This is often caused by long-running GIL-holding functions or moving large chunks of data. This can cause timeouts and instability.
2025-09-03 13:20:06,649 - distributed.core - INFO - Event loop was unresponsive in Worker for 4.66s.  This is often caused by long-running GIL-holding functions or moving large chunks of data. This can cause timeouts and instability.
2025-09-03 13:20:06,650 - distributed.core - INFO - Event loop was unresponsive in Worker for 4.51s.  This is often caused by long-running GIL-holding functions or moving large chunks of data. This can cause timeouts and instability.
2025-09-03 13:20:06,652 - distributed.core - INFO - Event loop was unresponsive in Worker for 4.47s.  This is often caused by long-running GIL-holding functions or moving large chunks of data. This can cause timeouts and instability.
2025-09-03 13:20:06,652 - distributed.core - INFO - Event loop was unresponsive in Worker for 4.44s.  This is often caused by long-running GIL-holding functions or moving large chunks of data. This can cause timeouts and instability.
2025-09-03 13:20:06,652 - distributed.core - INFO - Event loop was unresponsive in Worker for 4.42s.  This is often caused by long-running GIL-holding functions or moving large chunks of data. This can cause timeouts and instability.
2025-09-03 13:20:06,654 - distributed.core - INFO - Event loop was unresponsive in Worker for 4.48s.  This is often caused by long-running GIL-holding functions or moving large chunks of data. This can cause timeouts and instability.
2025-09-03 13:20:06,660 - distributed.core - INFO - Event loop was unresponsive in Worker for 4.53s.  This is often caused by long-running GIL-holding functions or moving large chunks of data. This can cause timeouts and instability.
2025-09-03 13:20:06,661 - distributed.core - INFO - Event loop was unresponsive in Worker for 4.42s.  This is often caused by long-running GIL-holding functions or moving large chunks of data. This can cause timeouts and instability.
2025-09-03 13:20:06,661 - distributed.core - INFO - Event loop was unresponsive in Worker for 4.55s.  This is often caused by long-running GIL-holding functions or moving large chunks of data. This can cause timeouts and instability.
2025-09-03 13:20:06,662 - distributed.core - INFO - Event loop was unresponsive in Worker for 4.59s.  This is often caused by long-running GIL-holding functions or moving large chunks of data. This can cause timeouts and instability.
2025-09-03 13:20:06,668 - distributed.core - INFO - Event loop was unresponsive in Worker for 4.56s.  This is often caused by long-running GIL-holding functions or moving large chunks of data. This can cause timeouts and instability.
2025-09-03 13:20:06,681 - distributed.core - INFO - Event loop was unresponsive in Worker for 4.44s.  This is often caused by long-running GIL-holding functions or moving large chunks of data. This can cause timeouts and instability.
2025-09-03 13:20:06,692 - distributed.core - INFO - Event loop was unresponsive in Worker for 4.44s.  This is often caused by long-running GIL-holding functions or moving large chunks of data. This can cause timeouts and instability.
2025-09-03 13:20:06,700 - distributed.core - INFO - Event loop was unresponsive in Worker for 4.59s.  This is often caused by long-running GIL-holding functions or moving large chunks of data. This can cause timeouts and instability.
2025-09-03 13:20:06,762 - distributed.core - INFO - Event loop was unresponsive in Worker for 4.64s.  This is often caused by long-running GIL-holding functions or moving large chunks of data. This can cause timeouts and instability.
2025-09-03 13:20:06,774 - distributed.core - INFO - Event loop was unresponsive in Worker for 4.46s.  This is often caused by long-running GIL-holding functions or moving large chunks of data. This can cause timeouts and instability.
2025-09-03 13:20:06,820 - distributed.core - INFO - Event loop was unresponsive in Worker for 4.77s.  This is often caused by long-running GIL-holding functions or moving large chunks of data. This can cause timeouts and instability.
2025-09-03 13:20:06,903 - distributed.core - INFO - Event loop was unresponsive in Worker for 4.75s.  This is often caused by long-running GIL-holding functions or moving large chunks of data. This can cause timeouts and instability.
2025-09-03 13:20:06,907 - distributed.core - INFO - Event loop was unresponsive in Worker for 4.71s.  This is often caused by long-running GIL-holding functions or moving large chunks of data. This can cause timeouts and instability.
2025-09-03 13:20:27,048 - distributed.core - INFO - Event loop was unresponsive in Worker for 5.50s.  This is often caused by long-running GIL-holding functions or moving large chunks of data. This can cause timeouts and instability.
2025-09-03 13:20:31,586 - distributed.core - INFO - Event loop was unresponsive in Worker for 6.41s.  This is often caused by long-running GIL-holding functions or moving large chunks of data. This can cause timeouts and instability.
2025-09-03 13:20:36,467 - distributed.core - INFO - Event loop was unresponsive in Worker for 8.01s.  This is often caused by long-running GIL-holding functions or moving large chunks of data. This can cause timeouts and instability.
2025-09-03 13:20:37,717 - distributed.core - INFO - Event loop was unresponsive in Worker for 9.33s.  This is often caused by long-running GIL-holding functions or moving large chunks of data. This can cause timeouts and instability.
2025-09-03 13:20:39,366 - distributed.core - INFO - Event loop was unresponsive in Worker for 10.98s.  This is often caused by long-running GIL-holding functions or moving large chunks of data. This can cause timeouts and instability.
2025-09-03 13:20:39,972 - distributed.core - INFO - Event loop was unresponsive in Worker for 11.60s.  This is often caused by long-running GIL-holding functions or moving large chunks of data. This can cause timeouts and instability.
2025-09-03 13:20:40,428 - distributed.core - INFO - Event loop was unresponsive in Worker for 13.07s.  This is often caused by long-running GIL-holding functions or moving large chunks of data. This can cause timeouts and instability.
2025-09-03 13:20:45,507 - distributed.core - INFO - Event loop was unresponsive in Worker for 16.98s.  This is often caused by long-running GIL-holding functions or moving large chunks of data. This can cause timeouts and instability.
2025-09-03 13:20:48,576 - distributed.core - INFO - Event loop was unresponsive in Worker for 5.64s.  This is often caused by long-running GIL-holding functions or moving large chunks of data. This can cause timeouts and instability.
2025-09-03 13:20:48,762 - distributed.core - INFO - Event loop was unresponsive in Worker for 3.31s.  This is often caused by long-running GIL-holding functions or moving large chunks of data. This can cause timeouts and instability.
2025-09-03 13:20:48,777 - distributed.core - INFO - Event loop was unresponsive in Worker for 5.69s.  This is often caused by long-running GIL-holding functions or moving large chunks of data. This can cause timeouts and instability.
2025-09-03 13:20:48,889 - distributed.core - INFO - Event loop was unresponsive in Worker for 3.64s.  This is often caused by long-running GIL-holding functions or moving large chunks of data. This can cause timeouts and instability.
2025-09-03 13:20:49,142 - distributed.core - INFO - Event loop was unresponsive in Worker for 3.94s.  This is often caused by long-running GIL-holding functions or moving large chunks of data. This can cause timeouts and instability.
2025-09-03 13:20:51,033 - distributed.core - INFO - Event loop was unresponsive in Worker for 5.82s.  This is often caused by long-running GIL-holding functions or moving large chunks of data. This can cause timeouts and instability.
2025-09-03 13:20:51,230 - distributed.core - INFO - Event loop was unresponsive in Worker for 6.09s.  This is often caused by long-running GIL-holding functions or moving large chunks of data. This can cause timeouts and instability.
2025-09-03 13:20:51,380 - distributed.core - INFO - Event loop was unresponsive in Worker for 6.18s.  This is often caused by long-running GIL-holding functions or moving large chunks of data. This can cause timeouts and instability.
2025-09-03 13:20:52,061 - distributed.core - INFO - Event loop was unresponsive in Worker for 6.90s.  This is often caused by long-running GIL-holding functions or moving large chunks of data. This can cause timeouts and instability.
2025-09-03 13:20:52,123 - distributed.core - INFO - Event loop was unresponsive in Worker for 6.97s.  This is often caused by long-running GIL-holding functions or moving large chunks of data. This can cause timeouts and instability.
2025-09-03 13:20:52,174 - distributed.core - INFO - Event loop was unresponsive in Worker for 7.00s.  This is often caused by long-running GIL-holding functions or moving large chunks of data. This can cause timeouts and instability.
2025-09-03 13:20:52,221 - distributed.core - INFO - Event loop was unresponsive in Worker for 7.09s.  This is often caused by long-running GIL-holding functions or moving large chunks of data. This can cause timeouts and instability.
2025-09-03 13:20:52,234 - distributed.core - INFO - Event loop was unresponsive in Worker for 6.75s.  This is often caused by long-running GIL-holding functions or moving large chunks of data. This can cause timeouts and instability.
2025-09-03 13:20:52,617 - distributed.core - INFO - Event loop was unresponsive in Worker for 7.11s.  This is often caused by long-running GIL-holding functions or moving large chunks of data. This can cause timeouts and instability.
2025-09-03 13:20:52,618 - distributed.core - INFO - Event loop was unresponsive in Worker for 7.14s.  This is often caused by long-running GIL-holding functions or moving large chunks of data. This can cause timeouts and instability.
2025-09-03 13:20:52,618 - distributed.core - INFO - Event loop was unresponsive in Worker for 7.10s.  This is often caused by long-running GIL-holding functions or moving large chunks of data. This can cause timeouts and instability.
2025-09-03 13:20:52,759 - distributed.core - INFO - Event loop was unresponsive in Worker for 7.64s.  This is often caused by long-running GIL-holding functions or moving large chunks of data. This can cause timeouts and instability.
2025-09-03 13:20:53,984 - distributed.core - INFO - Event loop was unresponsive in Worker for 3.95s.  This is often caused by long-running GIL-holding functions or moving large chunks of data. This can cause timeouts and instability.
2025-09-03 13:20:55,695 - distributed.core - INFO - Event loop was unresponsive in Worker for 10.35s.  This is often caused by long-running GIL-holding functions or moving large chunks of data. This can cause timeouts and instability.
2025-09-03 13:20:57,617 - distributed.core - INFO - Event loop was unresponsive in Worker for 6.61s.  This is often caused by long-running GIL-holding functions or moving large chunks of data. This can cause timeouts and instability.
2025-09-03 13:20:57,728 - distributed.core - INFO - Event loop was unresponsive in Worker for 3.86s.  This is often caused by long-running GIL-holding functions or moving large chunks of data. This can cause timeouts and instability.
2025-09-03 13:20:57,736 - distributed.core - INFO - Event loop was unresponsive in Worker for 3.87s.  This is often caused by long-running GIL-holding functions or moving large chunks of data. This can cause timeouts and instability.
2025-09-03 13:20:57,765 - distributed.core - INFO - Event loop was unresponsive in Worker for 3.93s.  This is often caused by long-running GIL-holding functions or moving large chunks of data. This can cause timeouts and instability.
2025-09-03 13:20:58,000 - distributed.core - INFO - Event loop was unresponsive in Worker for 4.18s.  This is often caused by long-running GIL-holding functions or moving large chunks of data. This can cause timeouts and instability.
2025-09-03 13:20:58,439 - distributed.core - INFO - Event loop was unresponsive in Worker for 13.01s.  This is often caused by long-running GIL-holding functions or moving large chunks of data. This can cause timeouts and instability.
2025-09-03 13:20:59,896 - distributed.core - INFO - Event loop was unresponsive in Worker for 6.06s.  This is often caused by long-running GIL-holding functions or moving large chunks of data. This can cause timeouts and instability.
2025-09-03 13:20:59,911 - distributed.core - INFO - Event loop was unresponsive in Worker for 6.09s.  This is often caused by long-running GIL-holding functions or moving large chunks of data. This can cause timeouts and instability.
2025-09-03 13:21:00,172 - distributed.core - INFO - Event loop was unresponsive in Worker for 4.20s.  This is often caused by long-running GIL-holding functions or moving large chunks of data. This can cause timeouts and instability.
2025-09-03 13:21:00,367 - distributed.core - INFO - Event loop was unresponsive in Worker for 6.51s.  This is often caused by long-running GIL-holding functions or moving large chunks of data. This can cause timeouts and instability.
2025-09-03 13:21:00,890 - distributed.core - INFO - Event loop was unresponsive in Worker for 4.88s.  This is often caused by long-running GIL-holding functions or moving large chunks of data. This can cause timeouts and instability.
2025-09-03 13:21:02,246 - distributed.core - INFO - Event loop was unresponsive in Worker for 8.41s.  This is often caused by long-running GIL-holding functions or moving large chunks of data. This can cause timeouts and instability.
2025-09-03 13:21:03,436 - distributed.core - INFO - Event loop was unresponsive in Worker for 7.40s.  This is often caused by long-running GIL-holding functions or moving large chunks of data. This can cause timeouts and instability.
2025-09-03 13:21:06,156 - distributed.core - INFO - Event loop was unresponsive in Worker for 10.37s.  This is often caused by long-running GIL-holding functions or moving large chunks of data. This can cause timeouts and instability.
2025-09-03 13:21:06,161 - distributed.core - INFO - Event loop was unresponsive in Worker for 10.55s.  This is often caused by long-running GIL-holding functions or moving large chunks of data. This can cause timeouts and instability.
2025-09-03 13:21:06,814 - distributed.core - INFO - Event loop was unresponsive in Worker for 10.97s.  This is often caused by long-running GIL-holding functions or moving large chunks of data. This can cause timeouts and instability.
2025-09-03 13:21:08,039 - distributed.core - INFO - Event loop was unresponsive in Worker for 3.33s.  This is often caused by long-running GIL-holding functions or moving large chunks of data. This can cause timeouts and instability.
2025-09-03 13:21:12,804 - distributed.core - INFO - Event loop was unresponsive in Worker for 3.03s.  This is often caused by long-running GIL-holding functions or moving large chunks of data. This can cause timeouts and instability.
2025-09-03 13:21:14,241 - distributed.core - INFO - Event loop was unresponsive in Worker for 3.80s.  This is often caused by long-running GIL-holding functions or moving large chunks of data. This can cause timeouts and instability.
2025-09-03 13:21:16,870 - distributed.core - INFO - Event loop was unresponsive in Worker for 4.14s.  This is often caused by long-running GIL-holding functions or moving large chunks of data. This can cause timeouts and instability.
2025-09-03 13:21:17,012 - distributed.core - INFO - Event loop was unresponsive in Worker for 3.86s.  This is often caused by long-running GIL-holding functions or moving large chunks of data. This can cause timeouts and instability.
2025-09-03 13:21:17,026 - distributed.core - INFO - Event loop was unresponsive in Worker for 7.24s.  This is often caused by long-running GIL-holding functions or moving large chunks of data. This can cause timeouts and instability.
2025-09-03 13:21:18,505 - distributed.core - INFO - Event loop was unresponsive in Worker for 3.02s.  This is often caused by long-running GIL-holding functions or moving large chunks of data. This can cause timeouts and instability.
2025-09-03 13:21:22,958 - distributed.core - INFO - Event loop was unresponsive in Worker for 9.92s.  This is often caused by long-running GIL-holding functions or moving large chunks of data. This can cause timeouts and instability.
2025-09-03 13:21:23,343 - distributed.core - INFO - Event loop was unresponsive in Worker for 12.02s.  This is often caused by long-running GIL-holding functions or moving large chunks of data. This can cause timeouts and instability.
2025-09-03 13:21:24,140 - distributed.core - INFO - Event loop was unresponsive in Worker for 11.01s.  This is often caused by long-running GIL-holding functions or moving large chunks of data. This can cause timeouts and instability.
2025-09-03 13:21:24,703 - distributed.core - INFO - Event loop was unresponsive in Worker for 14.92s.  This is often caused by long-running GIL-holding functions or moving large chunks of data. This can cause timeouts and instability.
2025-09-03 13:21:25,751 - distributed.worker - ERROR - Worker stream died during communication: tcp://10.6.81.21:38481
Traceback (most recent call last):
  File "/g/data/xp65/public/apps/med_conda/envs/analysis3-25.06/lib/python3.11/site-packages/distributed/utils.py", line 1923, in wait_for
    return await fut
           ^^^^^^^^^
  File "/g/data/xp65/public/apps/med_conda/envs/analysis3-25.06/lib/python3.11/site-packages/distributed/comm/tcp.py", line 547, in connect
    stream = await self.client.connect(
             ^^^^^^^^^^^^^^^^^^^^^^^^^^
  File "/g/data/xp65/public/apps/med_conda/envs/analysis3-25.06/lib/python3.11/site-packages/tornado/tcpclient.py", line 279, in connect
    af, addr, stream = await connector.start(connect_timeout=timeout)
                       ^^^^^^^^^^^^^^^^^^^^^^^^^^^^^^^^^^^^^^^^^^^^^^
asyncio.exceptions.CancelledError

The above exception was the direct cause of the following exception:

Traceback (most recent call last):
  File "/g/data/xp65/public/apps/med_conda/envs/analysis3-25.06/lib/python3.11/site-packages/distributed/comm/core.py", line 342, in connect
    comm = await wait_for(
           ^^^^^^^^^^^^^^^
  File "/g/data/xp65/public/apps/med_conda/envs/analysis3-25.06/lib/python3.11/site-packages/distributed/utils.py", line 1922, in wait_for
    async with asyncio.timeout(timeout):
  File "/g/data/xp65/public/apps/med_conda/envs/analysis3-25.06/lib/python3.11/asyncio/timeouts.py", line 115, in __aexit__
    raise TimeoutError from exc_val
TimeoutError

The above exception was the direct cause of the following exception:

Traceback (most recent call last):
  File "/g/data/xp65/public/apps/med_conda/envs/analysis3-25.06/lib/python3.11/site-packages/distributed/worker.py", line 2073, in gather_dep
    response = await get_data_from_worker(
               ^^^^^^^^^^^^^^^^^^^^^^^^^^^
  File "/g/data/xp65/public/apps/med_conda/envs/analysis3-25.06/lib/python3.11/site-packages/distributed/worker.py", line 2876, in get_data_from_worker
    comm = await rpc.connect(worker)
           ^^^^^^^^^^^^^^^^^^^^^^^^^
  File "/g/data/xp65/public/apps/med_conda/envs/analysis3-25.06/lib/python3.11/site-packages/distributed/core.py", line 1485, in connect
    return await self._connect(addr=addr, timeout=timeout)
           ^^^^^^^^^^^^^^^^^^^^^^^^^^^^^^^^^^^^^^^^^^^^^^^
  File "/g/data/xp65/public/apps/med_conda/envs/analysis3-25.06/lib/python3.11/site-packages/distributed/core.py", line 1429, in _connect
    comm = await connect(
           ^^^^^^^^^^^^^^
  File "/g/data/xp65/public/apps/med_conda/envs/analysis3-25.06/lib/python3.11/site-packages/distributed/comm/core.py", line 368, in connect
    raise OSError(
OSError: Timed out trying to connect to tcp://10.6.81.21:38481 after 30 s
2025-09-03 13:21:25,752 - distributed.worker - ERROR - Worker stream died during communication: tcp://10.6.81.21:38481
Traceback (most recent call last):
  File "/g/data/xp65/public/apps/med_conda/envs/analysis3-25.06/lib/python3.11/site-packages/distributed/utils.py", line 1923, in wait_for
    return await fut
           ^^^^^^^^^
  File "/g/data/xp65/public/apps/med_conda/envs/analysis3-25.06/lib/python3.11/site-packages/distributed/comm/tcp.py", line 547, in connect
    stream = await self.client.connect(
             ^^^^^^^^^^^^^^^^^^^^^^^^^^
  File "/g/data/xp65/public/apps/med_conda/envs/analysis3-25.06/lib/python3.11/site-packages/tornado/tcpclient.py", line 279, in connect
    af, addr, stream = await connector.start(connect_timeout=timeout)
                       ^^^^^^^^^^^^^^^^^^^^^^^^^^^^^^^^^^^^^^^^^^^^^^
asyncio.exceptions.CancelledError

The above exception was the direct cause of the following exception:

Traceback (most recent call last):
  File "/g/data/xp65/public/apps/med_conda/envs/analysis3-25.06/lib/python3.11/site-packages/distributed/comm/core.py", line 342, in connect
    comm = await wait_for(
           ^^^^^^^^^^^^^^^
  File "/g/data/xp65/public/apps/med_conda/envs/analysis3-25.06/lib/python3.11/site-packages/distributed/utils.py", line 1922, in wait_for
    async with asyncio.timeout(timeout):
  File "/g/data/xp65/public/apps/med_conda/envs/analysis3-25.06/lib/python3.11/asyncio/timeouts.py", line 115, in __aexit__
    raise TimeoutError from exc_val
TimeoutError

The above exception was the direct cause of the following exception:

Traceback (most recent call last):
  File "/g/data/xp65/public/apps/med_conda/envs/analysis3-25.06/lib/python3.11/site-packages/distributed/worker.py", line 2073, in gather_dep
    response = await get_data_from_worker(
               ^^^^^^^^^^^^^^^^^^^^^^^^^^^
  File "/g/data/xp65/public/apps/med_conda/envs/analysis3-25.06/lib/python3.11/site-packages/distributed/worker.py", line 2876, in get_data_from_worker
    comm = await rpc.connect(worker)
           ^^^^^^^^^^^^^^^^^^^^^^^^^
  File "/g/data/xp65/public/apps/med_conda/envs/analysis3-25.06/lib/python3.11/site-packages/distributed/core.py", line 1485, in connect
    return await self._connect(addr=addr, timeout=timeout)
           ^^^^^^^^^^^^^^^^^^^^^^^^^^^^^^^^^^^^^^^^^^^^^^^
  File "/g/data/xp65/public/apps/med_conda/envs/analysis3-25.06/lib/python3.11/site-packages/distributed/core.py", line 1429, in _connect
    comm = await connect(
           ^^^^^^^^^^^^^^
  File "/g/data/xp65/public/apps/med_conda/envs/analysis3-25.06/lib/python3.11/site-packages/distributed/comm/core.py", line 368, in connect
    raise OSError(
OSError: Timed out trying to connect to tcp://10.6.81.21:38481 after 30 s
2025-09-03 13:21:25,770 - distributed.worker - ERROR - Worker stream died during communication: tcp://10.6.81.21:38481
Traceback (most recent call last):
  File "/g/data/xp65/public/apps/med_conda/envs/analysis3-25.06/lib/python3.11/site-packages/distributed/utils.py", line 1923, in wait_for
    return await fut
           ^^^^^^^^^
  File "/g/data/xp65/public/apps/med_conda/envs/analysis3-25.06/lib/python3.11/site-packages/distributed/comm/tcp.py", line 547, in connect
    stream = await self.client.connect(
             ^^^^^^^^^^^^^^^^^^^^^^^^^^
  File "/g/data/xp65/public/apps/med_conda/envs/analysis3-25.06/lib/python3.11/site-packages/tornado/tcpclient.py", line 279, in connect
    af, addr, stream = await connector.start(connect_timeout=timeout)
                       ^^^^^^^^^^^^^^^^^^^^^^^^^^^^^^^^^^^^^^^^^^^^^^
asyncio.exceptions.CancelledError

The above exception was the direct cause of the following exception:

Traceback (most recent call last):
  File "/g/data/xp65/public/apps/med_conda/envs/analysis3-25.06/lib/python3.11/site-packages/distributed/comm/core.py", line 342, in connect
    comm = await wait_for(
           ^^^^^^^^^^^^^^^
  File "/g/data/xp65/public/apps/med_conda/envs/analysis3-25.06/lib/python3.11/site-packages/distributed/utils.py", line 1922, in wait_for
    async with asyncio.timeout(timeout):
  File "/g/data/xp65/public/apps/med_conda/envs/analysis3-25.06/lib/python3.11/asyncio/timeouts.py", line 115, in __aexit__
    raise TimeoutError from exc_val
TimeoutError

The above exception was the direct cause of the following exception:

Traceback (most recent call last):
  File "/g/data/xp65/public/apps/med_conda/envs/analysis3-25.06/lib/python3.11/site-packages/distributed/worker.py", line 2073, in gather_dep
    response = await get_data_from_worker(
               ^^^^^^^^^^^^^^^^^^^^^^^^^^^
  File "/g/data/xp65/public/apps/med_conda/envs/analysis3-25.06/lib/python3.11/site-packages/distributed/worker.py", line 2876, in get_data_from_worker
    comm = await rpc.connect(worker)
           ^^^^^^^^^^^^^^^^^^^^^^^^^
  File "/g/data/xp65/public/apps/med_conda/envs/analysis3-25.06/lib/python3.11/site-packages/distributed/core.py", line 1485, in connect
    return await self._connect(addr=addr, timeout=timeout)
           ^^^^^^^^^^^^^^^^^^^^^^^^^^^^^^^^^^^^^^^^^^^^^^^
  File "/g/data/xp65/public/apps/med_conda/envs/analysis3-25.06/lib/python3.11/site-packages/distributed/core.py", line 1429, in _connect
    comm = await connect(
           ^^^^^^^^^^^^^^
  File "/g/data/xp65/public/apps/med_conda/envs/analysis3-25.06/lib/python3.11/site-packages/distributed/comm/core.py", line 368, in connect
    raise OSError(
OSError: Timed out trying to connect to tcp://10.6.81.21:38481 after 30 s
2025-09-03 13:21:25,802 - distributed.worker - ERROR - Worker stream died during communication: tcp://10.6.81.21:38481
Traceback (most recent call last):
  File "/g/data/xp65/public/apps/med_conda/envs/analysis3-25.06/lib/python3.11/site-packages/distributed/utils.py", line 1923, in wait_for
    return await fut
           ^^^^^^^^^
  File "/g/data/xp65/public/apps/med_conda/envs/analysis3-25.06/lib/python3.11/site-packages/distributed/comm/tcp.py", line 547, in connect
    stream = await self.client.connect(
             ^^^^^^^^^^^^^^^^^^^^^^^^^^
  File "/g/data/xp65/public/apps/med_conda/envs/analysis3-25.06/lib/python3.11/site-packages/tornado/tcpclient.py", line 279, in connect
    af, addr, stream = await connector.start(connect_timeout=timeout)
                       ^^^^^^^^^^^^^^^^^^^^^^^^^^^^^^^^^^^^^^^^^^^^^^
asyncio.exceptions.CancelledError

The above exception was the direct cause of the following exception:

Traceback (most recent call last):
  File "/g/data/xp65/public/apps/med_conda/envs/analysis3-25.06/lib/python3.11/site-packages/distributed/comm/core.py", line 342, in connect
    comm = await wait_for(
           ^^^^^^^^^^^^^^^
  File "/g/data/xp65/public/apps/med_conda/envs/analysis3-25.06/lib/python3.11/site-packages/distributed/utils.py", line 1922, in wait_for
    async with asyncio.timeout(timeout):
  File "/g/data/xp65/public/apps/med_conda/envs/analysis3-25.06/lib/python3.11/asyncio/timeouts.py", line 115, in __aexit__
    raise TimeoutError from exc_val
TimeoutError

The above exception was the direct cause of the following exception:

Traceback (most recent call last):
  File "/g/data/xp65/public/apps/med_conda/envs/analysis3-25.06/lib/python3.11/site-packages/distributed/worker.py", line 2073, in gather_dep
    response = await get_data_from_worker(
               ^^^^^^^^^^^^^^^^^^^^^^^^^^^
  File "/g/data/xp65/public/apps/med_conda/envs/analysis3-25.06/lib/python3.11/site-packages/distributed/worker.py", line 2876, in get_data_from_worker
    comm = await rpc.connect(worker)
           ^^^^^^^^^^^^^^^^^^^^^^^^^
  File "/g/data/xp65/public/apps/med_conda/envs/analysis3-25.06/lib/python3.11/site-packages/distributed/core.py", line 1485, in connect
    return await self._connect(addr=addr, timeout=timeout)
           ^^^^^^^^^^^^^^^^^^^^^^^^^^^^^^^^^^^^^^^^^^^^^^^
  File "/g/data/xp65/public/apps/med_conda/envs/analysis3-25.06/lib/python3.11/site-packages/distributed/core.py", line 1429, in _connect
    comm = await connect(
           ^^^^^^^^^^^^^^
  File "/g/data/xp65/public/apps/med_conda/envs/analysis3-25.06/lib/python3.11/site-packages/distributed/comm/core.py", line 368, in connect
    raise OSError(
OSError: Timed out trying to connect to tcp://10.6.81.21:38481 after 30 s
2025-09-03 13:21:27,275 - distributed.core - INFO - Event loop was unresponsive in Worker for 16.95s.  This is often caused by long-running GIL-holding functions or moving large chunks of data. This can cause timeouts and instability.
2025-09-03 13:21:30,121 - distributed.comm.tcp - INFO - Connection from tcp://10.6.83.56:38994 closed before handshake completed
2025-09-03 13:21:41,960 - distributed.core - INFO - Event loop was unresponsive in Worker for 3.00s.  This is often caused by long-running GIL-holding functions or moving large chunks of data. This can cause timeouts and instability.
2025-09-03 13:21:44,355 - distributed.core - INFO - Event loop was unresponsive in Worker for 3.45s.  This is often caused by long-running GIL-holding functions or moving large chunks of data. This can cause timeouts and instability.
2025-09-03 13:21:45,500 - distributed.core - INFO - Event loop was unresponsive in Worker for 4.58s.  This is often caused by long-running GIL-holding functions or moving large chunks of data. This can cause timeouts and instability.
2025-09-03 13:21:45,512 - distributed.core - INFO - Event loop was unresponsive in Worker for 4.44s.  This is often caused by long-running GIL-holding functions or moving large chunks of data. This can cause timeouts and instability.
2025-09-03 13:21:45,533 - distributed.core - INFO - Event loop was unresponsive in Worker for 4.45s.  This is often caused by long-running GIL-holding functions or moving large chunks of data. This can cause timeouts and instability.
2025-09-03 13:21:46,944 - distributed.core - INFO - Event loop was unresponsive in Worker for 7.99s.  This is often caused by long-running GIL-holding functions or moving large chunks of data. This can cause timeouts and instability.
2025-09-03 13:21:47,600 - distributed.core - INFO - Event loop was unresponsive in Worker for 6.60s.  This is often caused by long-running GIL-holding functions or moving large chunks of data. This can cause timeouts and instability.
2025-09-03 13:21:48,242 - distributed.core - INFO - Event loop was unresponsive in Worker for 7.31s.  This is often caused by long-running GIL-holding functions or moving large chunks of data. This can cause timeouts and instability.
2025-09-03 13:21:49,563 - distributed.core - INFO - Event loop was unresponsive in Worker for 8.47s.  This is often caused by long-running GIL-holding functions or moving large chunks of data. This can cause timeouts and instability.
2025-09-03 13:21:53,153 - distributed.core - INFO - Event loop was unresponsive in Worker for 4.60s.  This is often caused by long-running GIL-holding functions or moving large chunks of data. This can cause timeouts and instability.
2025-09-03 13:21:53,169 - distributed.core - INFO - Event loop was unresponsive in Worker for 10.16s.  This is often caused by long-running GIL-holding functions or moving large chunks of data. This can cause timeouts and instability.
2025-09-03 13:21:53,184 - distributed.core - INFO - Event loop was unresponsive in Worker for 10.20s.  This is often caused by long-running GIL-holding functions or moving large chunks of data. This can cause timeouts and instability.
2025-09-03 13:21:54,519 - distributed.core - INFO - Event loop was unresponsive in Worker for 4.89s.  This is often caused by long-running GIL-holding functions or moving large chunks of data. This can cause timeouts and instability.
2025-09-03 13:21:54,731 - distributed.core - INFO - Event loop was unresponsive in Worker for 5.21s.  This is often caused by long-running GIL-holding functions or moving large chunks of data. This can cause timeouts and instability.
2025-09-03 13:21:55,073 - distributed.core - INFO - Event loop was unresponsive in Worker for 11.55s.  This is often caused by long-running GIL-holding functions or moving large chunks of data. This can cause timeouts and instability.
2025-09-03 13:21:55,955 - distributed.core - INFO - Event loop was unresponsive in Worker for 15.01s.  This is often caused by long-running GIL-holding functions or moving large chunks of data. This can cause timeouts and instability.
2025-09-03 13:21:55,969 - distributed.core - INFO - Event loop was unresponsive in Worker for 15.06s.  This is often caused by long-running GIL-holding functions or moving large chunks of data. This can cause timeouts and instability.
2025-09-03 13:21:56,299 - distributed.core - INFO - Event loop was unresponsive in Worker for 14.71s.  This is often caused by long-running GIL-holding functions or moving large chunks of data. This can cause timeouts and instability.
2025-09-03 13:21:56,949 - distributed.core - INFO - Event loop was unresponsive in Worker for 15.89s.  This is often caused by long-running GIL-holding functions or moving large chunks of data. This can cause timeouts and instability.
2025-09-03 13:21:57,810 - distributed.core - INFO - Event loop was unresponsive in Worker for 15.78s.  This is often caused by long-running GIL-holding functions or moving large chunks of data. This can cause timeouts and instability.
2025-09-03 13:21:58,476 - distributed.core - INFO - Event loop was unresponsive in Worker for 19.55s.  This is often caused by long-running GIL-holding functions or moving large chunks of data. This can cause timeouts and instability.
2025-09-03 13:21:59,272 - distributed.core - INFO - Event loop was unresponsive in Worker for 18.21s.  This is often caused by long-running GIL-holding functions or moving large chunks of data. This can cause timeouts and instability.
2025-09-03 13:22:00,622 - distributed.core - INFO - Event loop was unresponsive in Worker for 19.06s.  This is often caused by long-running GIL-holding functions or moving large chunks of data. This can cause timeouts and instability.
2025-09-03 13:22:01,592 - distributed.core - INFO - Event loop was unresponsive in Worker for 6.10s.  This is often caused by long-running GIL-holding functions or moving large chunks of data. This can cause timeouts and instability.
2025-09-03 13:22:02,298 - distributed.core - INFO - Event loop was unresponsive in Worker for 3.83s.  This is often caused by long-running GIL-holding functions or moving large chunks of data. This can cause timeouts and instability.
2025-09-03 13:22:02,744 - distributed.core - INFO - Event loop was unresponsive in Worker for 21.82s.  This is often caused by long-running GIL-holding functions or moving large chunks of data. This can cause timeouts and instability.
2025-09-03 13:22:03,893 - distributed.core - INFO - Event loop was unresponsive in Worker for 5.44s.  This is often caused by long-running GIL-holding functions or moving large chunks of data. This can cause timeouts and instability.
2025-09-03 13:22:04,117 - distributed.core - INFO - Event loop was unresponsive in Worker for 5.66s.  This is often caused by long-running GIL-holding functions or moving large chunks of data. This can cause timeouts and instability.
2025-09-03 13:22:04,246 - distributed.core - INFO - Event loop was unresponsive in Worker for 3.50s.  This is often caused by long-running GIL-holding functions or moving large chunks of data. This can cause timeouts and instability.
2025-09-03 13:22:05,734 - distributed.core - INFO - Event loop was unresponsive in Worker for 4.48s.  This is often caused by long-running GIL-holding functions or moving large chunks of data. This can cause timeouts and instability.
2025-09-03 13:22:05,828 - distributed.core - INFO - Event loop was unresponsive in Worker for 5.14s.  This is often caused by long-running GIL-holding functions or moving large chunks of data. This can cause timeouts and instability.
2025-09-03 13:22:05,863 - distributed.core - INFO - Event loop was unresponsive in Worker for 5.17s.  This is often caused by long-running GIL-holding functions or moving large chunks of data. This can cause timeouts and instability.
2025-09-03 13:22:06,237 - distributed.core - INFO - Event loop was unresponsive in Worker for 17.92s.  This is often caused by long-running GIL-holding functions or moving large chunks of data. This can cause timeouts and instability.
2025-09-03 13:22:06,323 - distributed.core - INFO - Event loop was unresponsive in Worker for 3.44s.  This is often caused by long-running GIL-holding functions or moving large chunks of data. This can cause timeouts and instability.
2025-09-03 13:22:08,486 - distributed.core - INFO - Event loop was unresponsive in Worker for 7.75s.  This is often caused by long-running GIL-holding functions or moving large chunks of data. This can cause timeouts and instability.
2025-09-03 13:22:08,500 - distributed.core - INFO - Event loop was unresponsive in Worker for 3.77s.  This is often caused by long-running GIL-holding functions or moving large chunks of data. This can cause timeouts and instability.
2025-09-03 13:22:08,505 - distributed.core - INFO - Event loop was unresponsive in Worker for 4.87s.  This is often caused by long-running GIL-holding functions or moving large chunks of data. This can cause timeouts and instability.
2025-09-03 13:22:08,868 - distributed.core - INFO - Event loop was unresponsive in Worker for 5.64s.  This is often caused by long-running GIL-holding functions or moving large chunks of data. This can cause timeouts and instability.
2025-09-03 13:22:09,014 - distributed.core - INFO - Event loop was unresponsive in Worker for 8.29s.  This is often caused by long-running GIL-holding functions or moving large chunks of data. This can cause timeouts and instability.
2025-09-03 13:22:09,258 - distributed.core - INFO - Event loop was unresponsive in Worker for 3.78s.  This is often caused by long-running GIL-holding functions or moving large chunks of data. This can cause timeouts and instability.
2025-09-03 13:22:09,680 - distributed.core - INFO - Event loop was unresponsive in Worker for 10.42s.  This is often caused by long-running GIL-holding functions or moving large chunks of data. This can cause timeouts and instability.
2025-09-03 13:22:10,236 - distributed.core - INFO - Event loop was unresponsive in Worker for 8.81s.  This is often caused by long-running GIL-holding functions or moving large chunks of data. This can cause timeouts and instability.
2025-09-03 13:22:10,636 - distributed.core - INFO - Event loop was unresponsive in Worker for 3.75s.  This is often caused by long-running GIL-holding functions or moving large chunks of data. This can cause timeouts and instability.
2025-09-03 13:22:10,700 - distributed.core - INFO - Event loop was unresponsive in Worker for 6.04s.  This is often caused by long-running GIL-holding functions or moving large chunks of data. This can cause timeouts and instability.
2025-09-03 13:22:10,789 - distributed.core - INFO - Event loop was unresponsive in Worker for 6.06s.  This is often caused by long-running GIL-holding functions or moving large chunks of data. This can cause timeouts and instability.
2025-09-03 13:22:10,878 - distributed.core - INFO - Event loop was unresponsive in Worker for 9.63s.  This is often caused by long-running GIL-holding functions or moving large chunks of data. This can cause timeouts and instability.
2025-09-03 13:22:11,145 - distributed.core - INFO - Event loop was unresponsive in Worker for 7.89s.  This is often caused by long-running GIL-holding functions or moving large chunks of data. This can cause timeouts and instability.
2025-09-03 13:22:12,111 - distributed.core - INFO - Event loop was unresponsive in Worker for 4.04s.  This is often caused by long-running GIL-holding functions or moving large chunks of data. This can cause timeouts and instability.
2025-09-03 13:22:12,195 - distributed.core - INFO - Event loop was unresponsive in Worker for 4.63s.  This is often caused by long-running GIL-holding functions or moving large chunks of data. This can cause timeouts and instability.
2025-09-03 13:22:12,201 - distributed.core - INFO - Event loop was unresponsive in Worker for 9.34s.  This is often caused by long-running GIL-holding functions or moving large chunks of data. This can cause timeouts and instability.
2025-09-03 13:22:14,589 - distributed.comm.tcp - INFO - Connection from tcp://10.6.83.17:34830 closed before handshake completed
2025-09-03 13:22:14,800 - distributed.core - INFO - Event loop was unresponsive in Worker for 12.21s.  This is often caused by long-running GIL-holding functions or moving large chunks of data. This can cause timeouts and instability.
2025-09-03 13:22:15,669 - distributed.core - INFO - Event loop was unresponsive in Worker for 5.41s.  This is often caused by long-running GIL-holding functions or moving large chunks of data. This can cause timeouts and instability.
2025-09-03 13:22:16,428 - distributed.core - INFO - Event loop was unresponsive in Worker for 3.21s.  This is often caused by long-running GIL-holding functions or moving large chunks of data. This can cause timeouts and instability.
2025-09-03 13:22:20,788 - distributed.core - INFO - Event loop was unresponsive in Worker for 8.58s.  This is often caused by long-running GIL-holding functions or moving large chunks of data. This can cause timeouts and instability.
2025-09-03 13:22:20,790 - distributed.core - INFO - Event loop was unresponsive in Worker for 8.81s.  This is often caused by long-running GIL-holding functions or moving large chunks of data. This can cause timeouts and instability.
2025-09-03 13:22:24,330 - distributed.core - INFO - Event loop was unresponsive in Worker for 10.66s.  This is often caused by long-running GIL-holding functions or moving large chunks of data. This can cause timeouts and instability.
2025-09-03 13:22:26,004 - distributed.core - INFO - Event loop was unresponsive in Worker for 13.85s.  This is often caused by long-running GIL-holding functions or moving large chunks of data. This can cause timeouts and instability.
2025-09-03 13:22:26,333 - distributed.core - INFO - Event loop was unresponsive in Worker for 16.67s.  This is often caused by long-running GIL-holding functions or moving large chunks of data. This can cause timeouts and instability.
2025-09-03 13:22:26,902 - distributed.core - INFO - Event loop was unresponsive in Worker for 14.12s.  This is often caused by long-running GIL-holding functions or moving large chunks of data. This can cause timeouts and instability.
2025-09-03 13:22:28,333 - distributed.core - INFO - Event loop was unresponsive in Worker for 16.28s.  This is often caused by long-running GIL-holding functions or moving large chunks of data. This can cause timeouts and instability.
2025-09-03 13:22:28,335 - distributed.core - INFO - Event loop was unresponsive in Worker for 15.55s.  This is often caused by long-running GIL-holding functions or moving large chunks of data. This can cause timeouts and instability.
2025-09-03 13:22:29,596 - distributed.core - INFO - Event loop was unresponsive in Worker for 16.39s.  This is often caused by long-running GIL-holding functions or moving large chunks of data. This can cause timeouts and instability.
2025-09-03 13:22:40,079 - distributed.core - INFO - Event loop was unresponsive in Worker for 3.28s.  This is often caused by long-running GIL-holding functions or moving large chunks of data. This can cause timeouts and instability.
2025-09-03 13:22:40,432 - distributed.core - INFO - Event loop was unresponsive in Worker for 3.65s.  This is often caused by long-running GIL-holding functions or moving large chunks of data. This can cause timeouts and instability.
2025-09-03 13:22:42,075 - distributed.core - INFO - Event loop was unresponsive in Worker for 3.68s.  This is often caused by long-running GIL-holding functions or moving large chunks of data. This can cause timeouts and instability.
2025-09-03 13:22:42,096 - distributed.core - INFO - Event loop was unresponsive in Worker for 3.67s.  This is often caused by long-running GIL-holding functions or moving large chunks of data. This can cause timeouts and instability.
2025-09-03 13:22:42,645 - distributed.core - INFO - Event loop was unresponsive in Worker for 4.28s.  This is often caused by long-running GIL-holding functions or moving large chunks of data. This can cause timeouts and instability.
2025-09-03 13:22:43,348 - distributed.core - INFO - Event loop was unresponsive in Worker for 4.96s.  This is often caused by long-running GIL-holding functions or moving large chunks of data. This can cause timeouts and instability.
2025-09-03 13:22:43,726 - distributed.core - INFO - Event loop was unresponsive in Worker for 5.33s.  This is often caused by long-running GIL-holding functions or moving large chunks of data. This can cause timeouts and instability.
2025-09-03 13:22:45,921 - distributed.core - INFO - Event loop was unresponsive in Worker for 7.55s.  This is often caused by long-running GIL-holding functions or moving large chunks of data. This can cause timeouts and instability.
2025-09-03 13:22:46,914 - distributed.core - INFO - Event loop was unresponsive in Worker for 4.88s.  This is often caused by long-running GIL-holding functions or moving large chunks of data. This can cause timeouts and instability.
2025-09-03 13:22:48,198 - distributed.core - INFO - Event loop was unresponsive in Worker for 8.05s.  This is often caused by long-running GIL-holding functions or moving large chunks of data. This can cause timeouts and instability.
2025-09-03 13:22:48,737 - distributed.core - INFO - Event loop was unresponsive in Worker for 11.00s.  This is often caused by long-running GIL-holding functions or moving large chunks of data. This can cause timeouts and instability.
2025-09-03 13:22:52,113 - distributed.core - INFO - Event loop was unresponsive in Worker for 3.87s.  This is often caused by long-running GIL-holding functions or moving large chunks of data. This can cause timeouts and instability.
2025-09-03 13:22:52,120 - distributed.core - INFO - Event loop was unresponsive in Worker for 6.10s.  This is often caused by long-running GIL-holding functions or moving large chunks of data. This can cause timeouts and instability.
2025-09-03 13:22:52,133 - distributed.core - INFO - Event loop was unresponsive in Worker for 6.06s.  This is often caused by long-running GIL-holding functions or moving large chunks of data. This can cause timeouts and instability.
2025-09-03 13:22:52,137 - distributed.core - INFO - Event loop was unresponsive in Worker for 11.97s.  This is often caused by long-running GIL-holding functions or moving large chunks of data. This can cause timeouts and instability.
2025-09-03 13:22:55,363 - distributed.core - INFO - Event loop was unresponsive in Worker for 7.14s.  This is often caused by long-running GIL-holding functions or moving large chunks of data. This can cause timeouts and instability.
2025-09-03 13:22:55,366 - distributed.core - INFO - Event loop was unresponsive in Worker for 5.37s.  This is often caused by long-running GIL-holding functions or moving large chunks of data. This can cause timeouts and instability.
2025-09-03 13:22:55,536 - distributed.core - INFO - Event loop was unresponsive in Worker for 6.14s.  This is often caused by long-running GIL-holding functions or moving large chunks of data. This can cause timeouts and instability.
2025-09-03 13:22:55,705 - distributed.core - INFO - Event loop was unresponsive in Worker for 4.14s.  This is often caused by long-running GIL-holding functions or moving large chunks of data. This can cause timeouts and instability.
2025-09-03 13:22:55,906 - distributed.core - INFO - Event loop was unresponsive in Worker for 7.66s.  This is often caused by long-running GIL-holding functions or moving large chunks of data. This can cause timeouts and instability.
2025-09-03 13:22:55,918 - distributed.core - INFO - Event loop was unresponsive in Worker for 7.66s.  This is often caused by long-running GIL-holding functions or moving large chunks of data. This can cause timeouts and instability.
2025-09-03 13:22:55,930 - distributed.core - INFO - Event loop was unresponsive in Worker for 10.44s.  This is often caused by long-running GIL-holding functions or moving large chunks of data. This can cause timeouts and instability.
2025-09-03 13:22:56,124 - distributed.core - INFO - Event loop was unresponsive in Worker for 6.73s.  This is often caused by long-running GIL-holding functions or moving large chunks of data. This can cause timeouts and instability.
2025-09-03 13:22:56,768 - distributed.core - INFO - Event loop was unresponsive in Worker for 3.60s.  This is often caused by long-running GIL-holding functions or moving large chunks of data. This can cause timeouts and instability.
2025-09-03 13:22:58,088 - distributed.core - INFO - Event loop was unresponsive in Worker for 3.71s.  This is often caused by long-running GIL-holding functions or moving large chunks of data. This can cause timeouts and instability.
2025-09-03 13:22:58,118 - distributed.core - INFO - Event loop was unresponsive in Worker for 12.07s.  This is often caused by long-running GIL-holding functions or moving large chunks of data. This can cause timeouts and instability.
2025-09-03 13:22:58,871 - distributed.core - INFO - Event loop was unresponsive in Worker for 7.29s.  This is often caused by long-running GIL-holding functions or moving large chunks of data. This can cause timeouts and instability.
2025-09-03 13:22:59,758 - distributed.core - INFO - Event loop was unresponsive in Worker for 6.53s.  This is often caused by long-running GIL-holding functions or moving large chunks of data. This can cause timeouts and instability.
2025-09-03 13:23:00,054 - distributed.core - INFO - Event loop was unresponsive in Worker for 6.44s.  This is often caused by long-running GIL-holding functions or moving large chunks of data. This can cause timeouts and instability.
2025-09-03 13:23:02,353 - distributed.core - INFO - Event loop was unresponsive in Worker for 16.33s.  This is often caused by long-running GIL-holding functions or moving large chunks of data. This can cause timeouts and instability.
2025-09-03 13:23:02,365 - distributed.core - INFO - Event loop was unresponsive in Worker for 16.87s.  This is often caused by long-running GIL-holding functions or moving large chunks of data. This can cause timeouts and instability.
2025-09-03 13:23:03,387 - distributed.core - INFO - Event loop was unresponsive in Worker for 10.20s.  This is often caused by long-running GIL-holding functions or moving large chunks of data. This can cause timeouts and instability.
2025-09-03 13:23:03,913 - distributed.core - INFO - Event loop was unresponsive in Worker for 5.26s.  This is often caused by long-running GIL-holding functions or moving large chunks of data. This can cause timeouts and instability.
2025-09-03 13:23:04,331 - distributed.core - INFO - Event loop was unresponsive in Worker for 18.27s.  This is often caused by long-running GIL-holding functions or moving large chunks of data. This can cause timeouts and instability.
2025-09-03 13:23:04,341 - distributed.core - INFO - Event loop was unresponsive in Worker for 16.09s.  This is often caused by long-running GIL-holding functions or moving large chunks of data. This can cause timeouts and instability.
2025-09-03 13:23:04,346 - distributed.core - INFO - Event loop was unresponsive in Worker for 18.83s.  This is often caused by long-running GIL-holding functions or moving large chunks of data. This can cause timeouts and instability.
2025-09-03 13:23:04,808 - distributed.core - INFO - Event loop was unresponsive in Worker for 11.58s.  This is often caused by long-running GIL-holding functions or moving large chunks of data. This can cause timeouts and instability.
2025-09-03 13:23:04,928 - distributed.core - INFO - Event loop was unresponsive in Worker for 13.38s.  This is often caused by long-running GIL-holding functions or moving large chunks of data. This can cause timeouts and instability.
2025-09-03 13:23:05,359 - distributed.core - INFO - Event loop was unresponsive in Worker for 16.72s.  This is often caused by long-running GIL-holding functions or moving large chunks of data. This can cause timeouts and instability.
2025-09-03 13:23:05,929 - distributed.core - INFO - Event loop was unresponsive in Worker for 13.25s.  This is often caused by long-running GIL-holding functions or moving large chunks of data. This can cause timeouts and instability.
2025-09-03 13:23:05,933 - distributed.core - INFO - Event loop was unresponsive in Worker for 13.84s.  This is often caused by long-running GIL-holding functions or moving large chunks of data. This can cause timeouts and instability.
2025-09-03 13:23:06,966 - distributed.core - INFO - Event loop was unresponsive in Worker for 8.32s.  This is often caused by long-running GIL-holding functions or moving large chunks of data. This can cause timeouts and instability.
2025-09-03 13:23:07,161 - distributed.core - INFO - Event loop was unresponsive in Worker for 3.45s.  This is often caused by long-running GIL-holding functions or moving large chunks of data. This can cause timeouts and instability.
2025-09-03 13:23:07,347 - distributed.core - INFO - Event loop was unresponsive in Worker for 14.18s.  This is often caused by long-running GIL-holding functions or moving large chunks of data. This can cause timeouts and instability.
2025-09-03 13:23:08,110 - distributed.core - INFO - Event loop was unresponsive in Worker for 9.42s.  This is often caused by long-running GIL-holding functions or moving large chunks of data. This can cause timeouts and instability.
2025-09-03 13:23:08,198 - distributed.core - INFO - Event loop was unresponsive in Worker for 9.55s.  This is often caused by long-running GIL-holding functions or moving large chunks of data. This can cause timeouts and instability.
2025-09-03 13:23:08,923 - distributed.core - INFO - Event loop was unresponsive in Worker for 5.22s.  This is often caused by long-running GIL-holding functions or moving large chunks of data. This can cause timeouts and instability.
2025-09-03 13:23:09,011 - distributed.core - INFO - Event loop was unresponsive in Worker for 10.32s.  This is often caused by long-running GIL-holding functions or moving large chunks of data. This can cause timeouts and instability.
2025-09-03 13:23:09,013 - distributed.core - INFO - Event loop was unresponsive in Worker for 3.49s.  This is often caused by long-running GIL-holding functions or moving large chunks of data. This can cause timeouts and instability.
2025-09-03 13:23:10,888 - distributed.core - INFO - Event loop was unresponsive in Worker for 5.69s.  This is often caused by long-running GIL-holding functions or moving large chunks of data. This can cause timeouts and instability.
2025-09-03 13:23:11,042 - distributed.core - INFO - Event loop was unresponsive in Worker for 5.85s.  This is often caused by long-running GIL-holding functions or moving large chunks of data. This can cause timeouts and instability.
2025-09-03 13:23:19,062 - distributed.core - INFO - Event loop was unresponsive in Worker for 16.84s.  This is often caused by long-running GIL-holding functions or moving large chunks of data. This can cause timeouts and instability.
2025-09-03 13:23:31,451 - distributed.core - INFO - Event loop was unresponsive in Worker for 3.76s.  This is often caused by long-running GIL-holding functions or moving large chunks of data. This can cause timeouts and instability.
2025-09-03 13:23:36,378 - distributed.core - INFO - Event loop was unresponsive in Worker for 5.13s.  This is often caused by long-running GIL-holding functions or moving large chunks of data. This can cause timeouts and instability.
2025-09-03 13:23:36,808 - distributed.core - INFO - Event loop was unresponsive in Worker for 4.91s.  This is often caused by long-running GIL-holding functions or moving large chunks of data. This can cause timeouts and instability.
2025-09-03 13:23:36,839 - distributed.core - INFO - Event loop was unresponsive in Worker for 5.00s.  This is often caused by long-running GIL-holding functions or moving large chunks of data. This can cause timeouts and instability.
2025-09-03 13:23:36,856 - distributed.core - INFO - Event loop was unresponsive in Worker for 5.02s.  This is often caused by long-running GIL-holding functions or moving large chunks of data. This can cause timeouts and instability.
2025-09-03 13:23:36,860 - distributed.core - INFO - Event loop was unresponsive in Worker for 4.97s.  This is often caused by long-running GIL-holding functions or moving large chunks of data. This can cause timeouts and instability.
2025-09-03 13:23:38,493 - distributed.core - INFO - Event loop was unresponsive in Worker for 4.64s.  This is often caused by long-running GIL-holding functions or moving large chunks of data. This can cause timeouts and instability.
2025-09-03 13:23:38,499 - distributed.core - INFO - Event loop was unresponsive in Worker for 7.32s.  This is often caused by long-running GIL-holding functions or moving large chunks of data. This can cause timeouts and instability.
2025-09-03 13:23:38,909 - distributed.core - INFO - Event loop was unresponsive in Worker for 5.94s.  This is often caused by long-running GIL-holding functions or moving large chunks of data. This can cause timeouts and instability.
2025-09-03 13:23:39,312 - distributed.core - INFO - Event loop was unresponsive in Worker for 7.40s.  This is often caused by long-running GIL-holding functions or moving large chunks of data. This can cause timeouts and instability.
2025-09-03 13:23:39,718 - distributed.core - INFO - Event loop was unresponsive in Worker for 6.75s.  This is often caused by long-running GIL-holding functions or moving large chunks of data. This can cause timeouts and instability.
2025-09-03 13:23:40,590 - distributed.core - INFO - Event loop was unresponsive in Worker for 8.66s.  This is often caused by long-running GIL-holding functions or moving large chunks of data. This can cause timeouts and instability.
2025-09-03 13:23:41,755 - distributed.core - INFO - Event loop was unresponsive in Worker for 10.55s.  This is often caused by long-running GIL-holding functions or moving large chunks of data. This can cause timeouts and instability.
2025-09-03 13:23:43,991 - distributed.core - INFO - Event loop was unresponsive in Worker for 11.66s.  This is often caused by long-running GIL-holding functions or moving large chunks of data. This can cause timeouts and instability.
2025-09-03 13:23:44,834 - distributed.core - INFO - Event loop was unresponsive in Worker for 3.30s.  This is often caused by long-running GIL-holding functions or moving large chunks of data. This can cause timeouts and instability.
2025-09-03 13:23:45,290 - distributed.core - INFO - Event loop was unresponsive in Worker for 4.55s.  This is often caused by long-running GIL-holding functions or moving large chunks of data. This can cause timeouts and instability.
2025-09-03 13:23:47,344 - distributed.core - INFO - Event loop was unresponsive in Worker for 6.53s.  This is often caused by long-running GIL-holding functions or moving large chunks of data. This can cause timeouts and instability.
2025-09-03 13:23:47,369 - distributed.core - INFO - Event loop was unresponsive in Worker for 14.00s.  This is often caused by long-running GIL-holding functions or moving large chunks of data. This can cause timeouts and instability.
2025-09-03 13:23:48,050 - distributed.core - INFO - Event loop was unresponsive in Worker for 5.08s.  This is often caused by long-running GIL-holding functions or moving large chunks of data. This can cause timeouts and instability.
2025-09-03 13:23:48,729 - distributed.core - INFO - Event loop was unresponsive in Worker for 3.64s.  This is often caused by long-running GIL-holding functions or moving large chunks of data. This can cause timeouts and instability.
2025-09-03 13:23:51,466 - distributed.core - INFO - Event loop was unresponsive in Worker for 8.55s.  This is often caused by long-running GIL-holding functions or moving large chunks of data. This can cause timeouts and instability.
2025-09-03 13:23:52,735 - distributed.core - INFO - Event loop was unresponsive in Worker for 7.40s.  This is often caused by long-running GIL-holding functions or moving large chunks of data. This can cause timeouts and instability.
2025-09-03 13:23:53,035 - distributed.core - INFO - Event loop was unresponsive in Worker for 11.26s.  This is often caused by long-running GIL-holding functions or moving large chunks of data. This can cause timeouts and instability.
2025-09-03 13:23:53,251 - distributed.core - INFO - Event loop was unresponsive in Worker for 3.02s.  This is often caused by long-running GIL-holding functions or moving large chunks of data. This can cause timeouts and instability.
2025-09-03 13:23:53,589 - distributed.core - INFO - Event loop was unresponsive in Worker for 7.78s.  This is often caused by long-running GIL-holding functions or moving large chunks of data. This can cause timeouts and instability.
2025-09-03 13:23:54,066 - distributed.core - INFO - Event loop was unresponsive in Worker for 7.15s.  This is often caused by long-running GIL-holding functions or moving large chunks of data. This can cause timeouts and instability.
2025-09-03 13:23:54,736 - distributed.core - INFO - Event loop was unresponsive in Worker for 11.82s.  This is often caused by long-running GIL-holding functions or moving large chunks of data. This can cause timeouts and instability.
2025-09-03 13:23:55,340 - distributed.core - INFO - Event loop was unresponsive in Worker for 5.03s.  This is often caused by long-running GIL-holding functions or moving large chunks of data. This can cause timeouts and instability.
2025-09-03 13:23:55,717 - distributed.core - INFO - Event loop was unresponsive in Worker for 9.33s.  This is often caused by long-running GIL-holding functions or moving large chunks of data. This can cause timeouts and instability.
2025-09-03 13:23:55,803 - distributed.core - INFO - Event loop was unresponsive in Worker for 10.36s.  This is often caused by long-running GIL-holding functions or moving large chunks of data. This can cause timeouts and instability.
2025-09-03 13:23:56,175 - distributed.core - INFO - Event loop was unresponsive in Worker for 7.26s.  This is often caused by long-running GIL-holding functions or moving large chunks of data. This can cause timeouts and instability.
2025-09-03 13:23:56,514 - distributed.core - INFO - Event loop was unresponsive in Worker for 7.79s.  This is often caused by long-running GIL-holding functions or moving large chunks of data. This can cause timeouts and instability.
2025-09-03 13:23:56,519 - distributed.core - INFO - Event loop was unresponsive in Worker for 7.79s.  This is often caused by long-running GIL-holding functions or moving large chunks of data. This can cause timeouts and instability.
2025-09-03 13:23:56,550 - distributed.core - INFO - Event loop was unresponsive in Worker for 5.45s.  This is often caused by long-running GIL-holding functions or moving large chunks of data. This can cause timeouts and instability.
2025-09-03 13:23:56,625 - distributed.core - INFO - Event loop was unresponsive in Worker for 6.33s.  This is often caused by long-running GIL-holding functions or moving large chunks of data. This can cause timeouts and instability.
2025-09-03 13:23:57,340 - distributed.core - INFO - Event loop was unresponsive in Worker for 10.83s.  This is often caused by long-running GIL-holding functions or moving large chunks of data. This can cause timeouts and instability.
2025-09-03 13:23:57,404 - distributed.core - INFO - Event loop was unresponsive in Worker for 7.10s.  This is often caused by long-running GIL-holding functions or moving large chunks of data. This can cause timeouts and instability.
2025-09-03 13:23:58,054 - distributed.core - INFO - Event loop was unresponsive in Worker for 5.80s.  This is often caused by long-running GIL-holding functions or moving large chunks of data. This can cause timeouts and instability.
2025-09-03 13:23:59,029 - distributed.core - INFO - Event loop was unresponsive in Worker for 12.44s.  This is often caused by long-running GIL-holding functions or moving large chunks of data. This can cause timeouts and instability.
2025-09-03 13:23:59,036 - distributed.core - INFO - Event loop was unresponsive in Worker for 6.79s.  This is often caused by long-running GIL-holding functions or moving large chunks of data. This can cause timeouts and instability.
2025-09-03 13:23:59,131 - distributed.core - INFO - Event loop was unresponsive in Worker for 13.33s.  This is often caused by long-running GIL-holding functions or moving large chunks of data. This can cause timeouts and instability.
2025-09-03 13:23:59,134 - distributed.core - INFO - Event loop was unresponsive in Worker for 17.91s.  This is often caused by long-running GIL-holding functions or moving large chunks of data. This can cause timeouts and instability.
2025-09-03 13:24:00,836 - distributed.core - INFO - Event loop was unresponsive in Worker for 12.55s.  This is often caused by long-running GIL-holding functions or moving large chunks of data. This can cause timeouts and instability.
2025-09-03 13:24:02,086 - distributed.core - INFO - Event loop was unresponsive in Worker for 11.74s.  This is often caused by long-running GIL-holding functions or moving large chunks of data. This can cause timeouts and instability.
2025-09-03 13:24:02,234 - distributed.core - INFO - Event loop was unresponsive in Worker for 18.75s.  This is often caused by long-running GIL-holding functions or moving large chunks of data. This can cause timeouts and instability.
2025-09-03 13:24:04,556 - distributed.core - INFO - Event loop was unresponsive in Worker for 3.29s.  This is often caused by long-running GIL-holding functions or moving large chunks of data. This can cause timeouts and instability.
2025-09-03 13:24:04,568 - distributed.core - INFO - Event loop was unresponsive in Worker for 14.31s.  This is often caused by long-running GIL-holding functions or moving large chunks of data. This can cause timeouts and instability.
2025-09-03 13:24:05,837 - distributed.core - INFO - Event loop was unresponsive in Worker for 3.65s.  This is often caused by long-running GIL-holding functions or moving large chunks of data. This can cause timeouts and instability.
2025-09-03 13:24:11,970 - distributed.core - INFO - Event loop was unresponsive in Worker for 10.67s.  This is often caused by long-running GIL-holding functions or moving large chunks of data. This can cause timeouts and instability.
2025-09-03 13:24:15,411 - distributed.core - INFO - Event loop was unresponsive in Worker for 14.16s.  This is often caused by long-running GIL-holding functions or moving large chunks of data. This can cause timeouts and instability.
2025-09-03 13:24:15,432 - distributed.core - INFO - Event loop was unresponsive in Worker for 13.21s.  This is often caused by long-running GIL-holding functions or moving large chunks of data. This can cause timeouts and instability.
2025-09-03 13:24:15,680 - distributed.core - INFO - Event loop was unresponsive in Worker for 14.25s.  This is often caused by long-running GIL-holding functions or moving large chunks of data. This can cause timeouts and instability.
