Loading singularity
Loading conda/analysis3-25.06
Loading gadi_jupyterlab/23.02
2025-09-03 10:53:24,467 - distributed.nanny - INFO -         Start Nanny at: 'tcp://10.6.105.39:39789'
2025-09-03 10:53:24,479 - distributed.nanny - INFO -         Start Nanny at: 'tcp://10.6.105.39:44829'
2025-09-03 10:53:24,486 - distributed.nanny - INFO -         Start Nanny at: 'tcp://10.6.105.39:44847'
2025-09-03 10:53:24,491 - distributed.nanny - INFO -         Start Nanny at: 'tcp://10.6.105.39:37277'
2025-09-03 10:53:24,496 - distributed.nanny - INFO -         Start Nanny at: 'tcp://10.6.105.39:38425'
2025-09-03 10:53:24,500 - distributed.nanny - INFO -         Start Nanny at: 'tcp://10.6.105.39:42033'
2025-09-03 10:53:24,505 - distributed.nanny - INFO -         Start Nanny at: 'tcp://10.6.105.39:35069'
2025-09-03 10:53:24,509 - distributed.nanny - INFO -         Start Nanny at: 'tcp://10.6.105.39:38237'
2025-09-03 10:53:24,515 - distributed.nanny - INFO -         Start Nanny at: 'tcp://10.6.105.39:42873'
2025-09-03 10:53:24,522 - distributed.nanny - INFO -         Start Nanny at: 'tcp://10.6.105.39:42757'
2025-09-03 10:53:24,528 - distributed.nanny - INFO -         Start Nanny at: 'tcp://10.6.105.39:34257'
2025-09-03 10:53:24,532 - distributed.nanny - INFO -         Start Nanny at: 'tcp://10.6.105.39:39667'
2025-09-03 10:53:24,541 - distributed.nanny - INFO -         Start Nanny at: 'tcp://10.6.105.39:44841'
2025-09-03 10:53:24,545 - distributed.nanny - INFO -         Start Nanny at: 'tcp://10.6.105.39:44073'
2025-09-03 10:53:24,549 - distributed.nanny - INFO -         Start Nanny at: 'tcp://10.6.105.39:33345'
2025-09-03 10:53:24,554 - distributed.nanny - INFO -         Start Nanny at: 'tcp://10.6.105.39:37763'
2025-09-03 10:53:24,560 - distributed.nanny - INFO -         Start Nanny at: 'tcp://10.6.105.39:37013'
2025-09-03 10:53:24,565 - distributed.nanny - INFO -         Start Nanny at: 'tcp://10.6.105.39:33423'
2025-09-03 10:53:24,569 - distributed.nanny - INFO -         Start Nanny at: 'tcp://10.6.105.39:37523'
2025-09-03 10:53:24,574 - distributed.nanny - INFO -         Start Nanny at: 'tcp://10.6.105.39:40721'
2025-09-03 10:53:24,578 - distributed.nanny - INFO -         Start Nanny at: 'tcp://10.6.105.39:44483'
2025-09-03 10:53:24,582 - distributed.nanny - INFO -         Start Nanny at: 'tcp://10.6.105.39:36663'
2025-09-03 10:53:24,587 - distributed.nanny - INFO -         Start Nanny at: 'tcp://10.6.105.39:34841'
2025-09-03 10:53:24,592 - distributed.nanny - INFO -         Start Nanny at: 'tcp://10.6.105.39:36497'
2025-09-03 10:53:24,597 - distributed.nanny - INFO -         Start Nanny at: 'tcp://10.6.105.39:45469'
2025-09-03 10:53:24,602 - distributed.nanny - INFO -         Start Nanny at: 'tcp://10.6.105.39:33283'
2025-09-03 10:53:24,722 - distributed.nanny - INFO -         Start Nanny at: 'tcp://10.6.105.39:33409'
2025-09-03 10:53:24,726 - distributed.nanny - INFO -         Start Nanny at: 'tcp://10.6.105.39:40033'
2025-09-03 10:53:24,731 - distributed.nanny - INFO -         Start Nanny at: 'tcp://10.6.105.39:33703'
2025-09-03 10:53:24,735 - distributed.nanny - INFO -         Start Nanny at: 'tcp://10.6.105.39:46313'
2025-09-03 10:53:24,739 - distributed.nanny - INFO -         Start Nanny at: 'tcp://10.6.105.39:42855'
2025-09-03 10:53:24,743 - distributed.nanny - INFO -         Start Nanny at: 'tcp://10.6.105.39:45105'
2025-09-03 10:53:24,748 - distributed.nanny - INFO -         Start Nanny at: 'tcp://10.6.105.39:38837'
2025-09-03 10:53:24,752 - distributed.nanny - INFO -         Start Nanny at: 'tcp://10.6.105.39:34695'
2025-09-03 10:53:25,471 - distributed.worker - INFO -       Start worker at:    tcp://10.6.105.39:38663
2025-09-03 10:53:25,471 - distributed.worker - INFO -       Start worker at:    tcp://10.6.105.39:41775
2025-09-03 10:53:25,471 - distributed.worker - INFO -          Listening to:    tcp://10.6.105.39:38663
2025-09-03 10:53:25,472 - distributed.worker - INFO -          Listening to:    tcp://10.6.105.39:41775
2025-09-03 10:53:25,472 - distributed.worker - INFO -          dashboard at:          10.6.105.39:45687
2025-09-03 10:53:25,472 - distributed.worker - INFO -          dashboard at:          10.6.105.39:45037
2025-09-03 10:53:25,472 - distributed.worker - INFO - Waiting to connect to:      tcp://10.6.101.5:8785
2025-09-03 10:53:25,472 - distributed.worker - INFO - Waiting to connect to:      tcp://10.6.101.5:8785
2025-09-03 10:53:25,472 - distributed.worker - INFO - -------------------------------------------------
2025-09-03 10:53:25,472 - distributed.worker - INFO - -------------------------------------------------
2025-09-03 10:53:25,472 - distributed.worker - INFO -               Threads:                          1
2025-09-03 10:53:25,472 - distributed.worker - INFO -               Threads:                          1
2025-09-03 10:53:25,472 - distributed.worker - INFO -                Memory:                   4.81 GiB
2025-09-03 10:53:25,472 - distributed.worker - INFO -                Memory:                   4.81 GiB
2025-09-03 10:53:25,472 - distributed.worker - INFO -       Local Directory: /jobfs/148607956.gadi-pbs/dask-scratch-space/worker-5p4_9d_4
2025-09-03 10:53:25,472 - distributed.worker - INFO -       Local Directory: /jobfs/148607956.gadi-pbs/dask-scratch-space/worker-x_tsbeqj
2025-09-03 10:53:25,472 - distributed.worker - INFO - -------------------------------------------------
2025-09-03 10:53:25,472 - distributed.worker - INFO - -------------------------------------------------
2025-09-03 10:53:25,474 - distributed.worker - INFO -       Start worker at:    tcp://10.6.105.39:38081
2025-09-03 10:53:25,474 - distributed.worker - INFO -          Listening to:    tcp://10.6.105.39:38081
2025-09-03 10:53:25,474 - distributed.worker - INFO -          dashboard at:          10.6.105.39:44005
2025-09-03 10:53:25,474 - distributed.worker - INFO - Waiting to connect to:      tcp://10.6.101.5:8785
2025-09-03 10:53:25,474 - distributed.worker - INFO - -------------------------------------------------
2025-09-03 10:53:25,474 - distributed.worker - INFO -               Threads:                          1
2025-09-03 10:53:25,474 - distributed.worker - INFO -                Memory:                   4.81 GiB
2025-09-03 10:53:25,474 - distributed.worker - INFO -       Local Directory: /jobfs/148607956.gadi-pbs/dask-scratch-space/worker-z_913nr2
2025-09-03 10:53:25,474 - distributed.worker - INFO - -------------------------------------------------
2025-09-03 10:53:25,486 - distributed.worker - INFO -       Start worker at:    tcp://10.6.105.39:40025
2025-09-03 10:53:25,486 - distributed.worker - INFO -          Listening to:    tcp://10.6.105.39:40025
2025-09-03 10:53:25,486 - distributed.worker - INFO -          dashboard at:          10.6.105.39:35171
2025-09-03 10:53:25,486 - distributed.worker - INFO - Waiting to connect to:      tcp://10.6.101.5:8785
2025-09-03 10:53:25,486 - distributed.worker - INFO - -------------------------------------------------
2025-09-03 10:53:25,486 - distributed.worker - INFO -               Threads:                          1
2025-09-03 10:53:25,486 - distributed.worker - INFO -                Memory:                   4.81 GiB
2025-09-03 10:53:25,486 - distributed.worker - INFO -       Local Directory: /jobfs/148607956.gadi-pbs/dask-scratch-space/worker-8msrj4zr
2025-09-03 10:53:25,487 - distributed.worker - INFO - -------------------------------------------------
2025-09-03 10:53:25,488 - distributed.worker - INFO -       Start worker at:    tcp://10.6.105.39:37269
2025-09-03 10:53:25,488 - distributed.worker - INFO -          Listening to:    tcp://10.6.105.39:37269
2025-09-03 10:53:25,488 - distributed.worker - INFO -          dashboard at:          10.6.105.39:43927
2025-09-03 10:53:25,488 - distributed.worker - INFO - Waiting to connect to:      tcp://10.6.101.5:8785
2025-09-03 10:53:25,488 - distributed.worker - INFO - -------------------------------------------------
2025-09-03 10:53:25,489 - distributed.worker - INFO -               Threads:                          1
2025-09-03 10:53:25,489 - distributed.worker - INFO -                Memory:                   4.81 GiB
2025-09-03 10:53:25,489 - distributed.worker - INFO -       Local Directory: /jobfs/148607956.gadi-pbs/dask-scratch-space/worker-wphg2z60
2025-09-03 10:53:25,489 - distributed.worker - INFO - -------------------------------------------------
2025-09-03 10:53:25,587 - distributed.worker - INFO -       Start worker at:    tcp://10.6.105.39:40823
2025-09-03 10:53:25,588 - distributed.worker - INFO -          Listening to:    tcp://10.6.105.39:40823
2025-09-03 10:53:25,588 - distributed.worker - INFO -          dashboard at:          10.6.105.39:38497
2025-09-03 10:53:25,588 - distributed.worker - INFO - Waiting to connect to:      tcp://10.6.101.5:8785
2025-09-03 10:53:25,588 - distributed.worker - INFO - -------------------------------------------------
2025-09-03 10:53:25,588 - distributed.worker - INFO -               Threads:                          1
2025-09-03 10:53:25,588 - distributed.worker - INFO -                Memory:                   4.81 GiB
2025-09-03 10:53:25,588 - distributed.worker - INFO -       Local Directory: /jobfs/148607956.gadi-pbs/dask-scratch-space/worker-4z7kpski
2025-09-03 10:53:25,588 - distributed.worker - INFO - -------------------------------------------------
2025-09-03 10:53:25,595 - distributed.worker - INFO -       Start worker at:    tcp://10.6.105.39:34829
2025-09-03 10:53:25,595 - distributed.worker - INFO -          Listening to:    tcp://10.6.105.39:34829
2025-09-03 10:53:25,596 - distributed.worker - INFO -          dashboard at:          10.6.105.39:41357
2025-09-03 10:53:25,596 - distributed.worker - INFO - Waiting to connect to:      tcp://10.6.101.5:8785
2025-09-03 10:53:25,596 - distributed.worker - INFO - -------------------------------------------------
2025-09-03 10:53:25,596 - distributed.worker - INFO -               Threads:                          1
2025-09-03 10:53:25,596 - distributed.worker - INFO -                Memory:                   4.81 GiB
2025-09-03 10:53:25,596 - distributed.worker - INFO -       Local Directory: /jobfs/148607956.gadi-pbs/dask-scratch-space/worker-1fw5trhx
2025-09-03 10:53:25,596 - distributed.worker - INFO - -------------------------------------------------
2025-09-03 10:53:25,686 - distributed.worker - INFO -       Start worker at:    tcp://10.6.105.39:35037
2025-09-03 10:53:25,686 - distributed.worker - INFO -          Listening to:    tcp://10.6.105.39:35037
2025-09-03 10:53:25,686 - distributed.worker - INFO -          dashboard at:          10.6.105.39:41545
2025-09-03 10:53:25,686 - distributed.worker - INFO - Waiting to connect to:      tcp://10.6.101.5:8785
2025-09-03 10:53:25,686 - distributed.worker - INFO - -------------------------------------------------
2025-09-03 10:53:25,686 - distributed.worker - INFO -               Threads:                          1
2025-09-03 10:53:25,686 - distributed.worker - INFO -       Start worker at:    tcp://10.6.105.39:37047
2025-09-03 10:53:25,686 - distributed.worker - INFO -                Memory:                   4.81 GiB
2025-09-03 10:53:25,687 - distributed.worker - INFO -          Listening to:    tcp://10.6.105.39:37047
2025-09-03 10:53:25,687 - distributed.worker - INFO -       Local Directory: /jobfs/148607956.gadi-pbs/dask-scratch-space/worker-449xpz81
2025-09-03 10:53:25,687 - distributed.worker - INFO -          dashboard at:          10.6.105.39:32909
2025-09-03 10:53:25,687 - distributed.worker - INFO - -------------------------------------------------
2025-09-03 10:53:25,687 - distributed.worker - INFO - Waiting to connect to:      tcp://10.6.101.5:8785
2025-09-03 10:53:25,687 - distributed.worker - INFO - -------------------------------------------------
2025-09-03 10:53:25,687 - distributed.worker - INFO -               Threads:                          1
2025-09-03 10:53:25,687 - distributed.worker - INFO -                Memory:                   4.81 GiB
2025-09-03 10:53:25,687 - distributed.worker - INFO -       Local Directory: /jobfs/148607956.gadi-pbs/dask-scratch-space/worker-y025ic_d
2025-09-03 10:53:25,687 - distributed.worker - INFO - -------------------------------------------------
2025-09-03 10:53:25,693 - distributed.worker - INFO -       Start worker at:    tcp://10.6.105.39:41949
2025-09-03 10:53:25,694 - distributed.worker - INFO -          Listening to:    tcp://10.6.105.39:41949
2025-09-03 10:53:25,694 - distributed.worker - INFO -          dashboard at:          10.6.105.39:45663
2025-09-03 10:53:25,694 - distributed.worker - INFO - Waiting to connect to:      tcp://10.6.101.5:8785
2025-09-03 10:53:25,694 - distributed.worker - INFO - -------------------------------------------------
2025-09-03 10:53:25,694 - distributed.worker - INFO -               Threads:                          1
2025-09-03 10:53:25,694 - distributed.worker - INFO -                Memory:                   4.81 GiB
2025-09-03 10:53:25,694 - distributed.worker - INFO -       Local Directory: /jobfs/148607956.gadi-pbs/dask-scratch-space/worker-9k1p44ly
2025-09-03 10:53:25,694 - distributed.worker - INFO - -------------------------------------------------
2025-09-03 10:53:25,696 - distributed.worker - INFO -       Start worker at:    tcp://10.6.105.39:34873
2025-09-03 10:53:25,696 - distributed.worker - INFO -          Listening to:    tcp://10.6.105.39:34873
2025-09-03 10:53:25,696 - distributed.worker - INFO -          dashboard at:          10.6.105.39:41957
2025-09-03 10:53:25,696 - distributed.worker - INFO - Waiting to connect to:      tcp://10.6.101.5:8785
2025-09-03 10:53:25,696 - distributed.worker - INFO - -------------------------------------------------
2025-09-03 10:53:25,696 - distributed.worker - INFO -               Threads:                          1
2025-09-03 10:53:25,696 - distributed.worker - INFO -                Memory:                   4.81 GiB
2025-09-03 10:53:25,696 - distributed.worker - INFO -       Local Directory: /jobfs/148607956.gadi-pbs/dask-scratch-space/worker-8ac80c5g
2025-09-03 10:53:25,696 - distributed.worker - INFO - -------------------------------------------------
2025-09-03 10:53:25,698 - distributed.worker - INFO -       Start worker at:    tcp://10.6.105.39:41329
2025-09-03 10:53:25,698 - distributed.worker - INFO -          Listening to:    tcp://10.6.105.39:41329
2025-09-03 10:53:25,698 - distributed.worker - INFO -          dashboard at:          10.6.105.39:35117
2025-09-03 10:53:25,698 - distributed.worker - INFO - Waiting to connect to:      tcp://10.6.101.5:8785
2025-09-03 10:53:25,698 - distributed.worker - INFO - -------------------------------------------------
2025-09-03 10:53:25,698 - distributed.worker - INFO -               Threads:                          1
2025-09-03 10:53:25,698 - distributed.worker - INFO -                Memory:                   4.81 GiB
2025-09-03 10:53:25,698 - distributed.worker - INFO -       Local Directory: /jobfs/148607956.gadi-pbs/dask-scratch-space/worker-1h1tn583
2025-09-03 10:53:25,698 - distributed.worker - INFO - -------------------------------------------------
2025-09-03 10:53:25,701 - distributed.worker - INFO -       Start worker at:    tcp://10.6.105.39:42693
2025-09-03 10:53:25,701 - distributed.worker - INFO -          Listening to:    tcp://10.6.105.39:42693
2025-09-03 10:53:25,701 - distributed.worker - INFO -          dashboard at:          10.6.105.39:41219
2025-09-03 10:53:25,701 - distributed.worker - INFO - Waiting to connect to:      tcp://10.6.101.5:8785
2025-09-03 10:53:25,701 - distributed.worker - INFO - -------------------------------------------------
2025-09-03 10:53:25,701 - distributed.worker - INFO -               Threads:                          1
2025-09-03 10:53:25,701 - distributed.worker - INFO -                Memory:                   4.81 GiB
2025-09-03 10:53:25,702 - distributed.worker - INFO -       Local Directory: /jobfs/148607956.gadi-pbs/dask-scratch-space/worker-iufkcbab
2025-09-03 10:53:25,702 - distributed.worker - INFO - -------------------------------------------------
2025-09-03 10:53:25,702 - distributed.worker - INFO -       Start worker at:    tcp://10.6.105.39:32805
2025-09-03 10:53:25,702 - distributed.worker - INFO -          Listening to:    tcp://10.6.105.39:32805
2025-09-03 10:53:25,702 - distributed.worker - INFO -          dashboard at:          10.6.105.39:33743
2025-09-03 10:53:25,702 - distributed.worker - INFO - Waiting to connect to:      tcp://10.6.101.5:8785
2025-09-03 10:53:25,702 - distributed.worker - INFO - -------------------------------------------------
2025-09-03 10:53:25,702 - distributed.worker - INFO -               Threads:                          1
2025-09-03 10:53:25,702 - distributed.worker - INFO -                Memory:                   4.81 GiB
2025-09-03 10:53:25,702 - distributed.worker - INFO -       Local Directory: /jobfs/148607956.gadi-pbs/dask-scratch-space/worker-ael00rqd
2025-09-03 10:53:25,702 - distributed.worker - INFO - -------------------------------------------------
2025-09-03 10:53:25,704 - distributed.worker - INFO -       Start worker at:    tcp://10.6.105.39:37015
2025-09-03 10:53:25,704 - distributed.worker - INFO -          Listening to:    tcp://10.6.105.39:37015
2025-09-03 10:53:25,704 - distributed.worker - INFO -          dashboard at:          10.6.105.39:35947
2025-09-03 10:53:25,704 - distributed.worker - INFO - Waiting to connect to:      tcp://10.6.101.5:8785
2025-09-03 10:53:25,704 - distributed.worker - INFO - -------------------------------------------------
2025-09-03 10:53:25,704 - distributed.worker - INFO -               Threads:                          1
2025-09-03 10:53:25,704 - distributed.worker - INFO -                Memory:                   4.81 GiB
2025-09-03 10:53:25,704 - distributed.worker - INFO -       Local Directory: /jobfs/148607956.gadi-pbs/dask-scratch-space/worker-_zhnozbs
2025-09-03 10:53:25,704 - distributed.worker - INFO - -------------------------------------------------
2025-09-03 10:53:25,705 - distributed.worker - INFO -       Start worker at:    tcp://10.6.105.39:37737
2025-09-03 10:53:25,705 - distributed.worker - INFO -          Listening to:    tcp://10.6.105.39:37737
2025-09-03 10:53:25,705 - distributed.worker - INFO -          dashboard at:          10.6.105.39:41249
2025-09-03 10:53:25,705 - distributed.worker - INFO - Waiting to connect to:      tcp://10.6.101.5:8785
2025-09-03 10:53:25,705 - distributed.worker - INFO - -------------------------------------------------
2025-09-03 10:53:25,705 - distributed.worker - INFO -               Threads:                          1
2025-09-03 10:53:25,705 - distributed.worker - INFO -                Memory:                   4.81 GiB
2025-09-03 10:53:25,705 - distributed.worker - INFO -       Local Directory: /jobfs/148607956.gadi-pbs/dask-scratch-space/worker-5t579suz
2025-09-03 10:53:25,705 - distributed.worker - INFO - -------------------------------------------------
2025-09-03 10:53:25,706 - distributed.worker - INFO -       Start worker at:    tcp://10.6.105.39:35249
2025-09-03 10:53:25,706 - distributed.worker - INFO -          Listening to:    tcp://10.6.105.39:35249
2025-09-03 10:53:25,706 - distributed.worker - INFO -          dashboard at:          10.6.105.39:45887
2025-09-03 10:53:25,706 - distributed.worker - INFO - Waiting to connect to:      tcp://10.6.101.5:8785
2025-09-03 10:53:25,706 - distributed.worker - INFO - -------------------------------------------------
2025-09-03 10:53:25,706 - distributed.worker - INFO -               Threads:                          1
2025-09-03 10:53:25,706 - distributed.worker - INFO -                Memory:                   4.81 GiB
2025-09-03 10:53:25,706 - distributed.worker - INFO -       Local Directory: /jobfs/148607956.gadi-pbs/dask-scratch-space/worker-ntyqdx_1
2025-09-03 10:53:25,706 - distributed.worker - INFO - -------------------------------------------------
2025-09-03 10:53:25,709 - distributed.worker - INFO -       Start worker at:    tcp://10.6.105.39:36533
2025-09-03 10:53:25,709 - distributed.worker - INFO -          Listening to:    tcp://10.6.105.39:36533
2025-09-03 10:53:25,709 - distributed.worker - INFO -          dashboard at:          10.6.105.39:37805
2025-09-03 10:53:25,709 - distributed.worker - INFO - Waiting to connect to:      tcp://10.6.101.5:8785
2025-09-03 10:53:25,709 - distributed.worker - INFO - -------------------------------------------------
2025-09-03 10:53:25,709 - distributed.worker - INFO -               Threads:                          1
2025-09-03 10:53:25,709 - distributed.worker - INFO -                Memory:                   4.81 GiB
2025-09-03 10:53:25,709 - distributed.worker - INFO -       Local Directory: /jobfs/148607956.gadi-pbs/dask-scratch-space/worker-8m54ae3l
2025-09-03 10:53:25,709 - distributed.worker - INFO - -------------------------------------------------
2025-09-03 10:53:25,712 - distributed.worker - INFO -       Start worker at:    tcp://10.6.105.39:38513
2025-09-03 10:53:25,712 - distributed.worker - INFO -          Listening to:    tcp://10.6.105.39:38513
2025-09-03 10:53:25,712 - distributed.worker - INFO -          dashboard at:          10.6.105.39:41817
2025-09-03 10:53:25,713 - distributed.worker - INFO - Waiting to connect to:      tcp://10.6.101.5:8785
2025-09-03 10:53:25,713 - distributed.worker - INFO - -------------------------------------------------
2025-09-03 10:53:25,713 - distributed.worker - INFO -               Threads:                          1
2025-09-03 10:53:25,713 - distributed.worker - INFO -                Memory:                   4.81 GiB
2025-09-03 10:53:25,713 - distributed.worker - INFO -       Local Directory: /jobfs/148607956.gadi-pbs/dask-scratch-space/worker-r2jn4rat
2025-09-03 10:53:25,713 - distributed.worker - INFO - -------------------------------------------------
2025-09-03 10:53:25,715 - distributed.worker - INFO -       Start worker at:    tcp://10.6.105.39:36201
2025-09-03 10:53:25,715 - distributed.worker - INFO -          Listening to:    tcp://10.6.105.39:36201
2025-09-03 10:53:25,715 - distributed.worker - INFO -          dashboard at:          10.6.105.39:33807
2025-09-03 10:53:25,715 - distributed.worker - INFO - Waiting to connect to:      tcp://10.6.101.5:8785
2025-09-03 10:53:25,715 - distributed.worker - INFO - -------------------------------------------------
2025-09-03 10:53:25,715 - distributed.worker - INFO -               Threads:                          1
2025-09-03 10:53:25,715 - distributed.worker - INFO -                Memory:                   4.81 GiB
2025-09-03 10:53:25,715 - distributed.worker - INFO -       Local Directory: /jobfs/148607956.gadi-pbs/dask-scratch-space/worker-0hyu_c5k
2025-09-03 10:53:25,715 - distributed.worker - INFO - -------------------------------------------------
2025-09-03 10:53:25,716 - distributed.worker - INFO -       Start worker at:    tcp://10.6.105.39:37287
2025-09-03 10:53:25,716 - distributed.worker - INFO -          Listening to:    tcp://10.6.105.39:37287
2025-09-03 10:53:25,716 - distributed.worker - INFO -          dashboard at:          10.6.105.39:40375
2025-09-03 10:53:25,716 - distributed.worker - INFO - Waiting to connect to:      tcp://10.6.101.5:8785
2025-09-03 10:53:25,716 - distributed.worker - INFO - -------------------------------------------------
2025-09-03 10:53:25,716 - distributed.worker - INFO -               Threads:                          1
2025-09-03 10:53:25,716 - distributed.worker - INFO -                Memory:                   4.81 GiB
2025-09-03 10:53:25,716 - distributed.worker - INFO -       Local Directory: /jobfs/148607956.gadi-pbs/dask-scratch-space/worker-h33m25zf
2025-09-03 10:53:25,716 - distributed.worker - INFO - -------------------------------------------------
2025-09-03 10:53:25,718 - distributed.worker - INFO -       Start worker at:    tcp://10.6.105.39:33087
2025-09-03 10:53:25,718 - distributed.worker - INFO -          Listening to:    tcp://10.6.105.39:33087
2025-09-03 10:53:25,718 - distributed.worker - INFO -          dashboard at:          10.6.105.39:40491
2025-09-03 10:53:25,718 - distributed.worker - INFO - Waiting to connect to:      tcp://10.6.101.5:8785
2025-09-03 10:53:25,718 - distributed.worker - INFO - -------------------------------------------------
2025-09-03 10:53:25,718 - distributed.worker - INFO -               Threads:                          1
2025-09-03 10:53:25,718 - distributed.worker - INFO -                Memory:                   4.81 GiB
2025-09-03 10:53:25,718 - distributed.worker - INFO -       Local Directory: /jobfs/148607956.gadi-pbs/dask-scratch-space/worker-g95bbl8c
2025-09-03 10:53:25,719 - distributed.worker - INFO - -------------------------------------------------
2025-09-03 10:53:25,729 - distributed.worker - INFO -       Start worker at:    tcp://10.6.105.39:33765
2025-09-03 10:53:25,730 - distributed.worker - INFO -          Listening to:    tcp://10.6.105.39:33765
2025-09-03 10:53:25,730 - distributed.worker - INFO -          dashboard at:          10.6.105.39:39319
2025-09-03 10:53:25,730 - distributed.worker - INFO - Waiting to connect to:      tcp://10.6.101.5:8785
2025-09-03 10:53:25,730 - distributed.worker - INFO - -------------------------------------------------
2025-09-03 10:53:25,730 - distributed.worker - INFO -               Threads:                          1
2025-09-03 10:53:25,730 - distributed.worker - INFO -                Memory:                   4.81 GiB
2025-09-03 10:53:25,730 - distributed.worker - INFO -       Local Directory: /jobfs/148607956.gadi-pbs/dask-scratch-space/worker-wgp2zlc3
2025-09-03 10:53:25,730 - distributed.worker - INFO - -------------------------------------------------
2025-09-03 10:53:25,730 - distributed.worker - INFO -       Start worker at:    tcp://10.6.105.39:46253
2025-09-03 10:53:25,730 - distributed.worker - INFO -          Listening to:    tcp://10.6.105.39:46253
2025-09-03 10:53:25,730 - distributed.worker - INFO -          dashboard at:          10.6.105.39:38979
2025-09-03 10:53:25,730 - distributed.worker - INFO - Waiting to connect to:      tcp://10.6.101.5:8785
2025-09-03 10:53:25,730 - distributed.worker - INFO - -------------------------------------------------
2025-09-03 10:53:25,730 - distributed.worker - INFO -               Threads:                          1
2025-09-03 10:53:25,730 - distributed.worker - INFO -                Memory:                   4.81 GiB
2025-09-03 10:53:25,730 - distributed.worker - INFO -       Local Directory: /jobfs/148607956.gadi-pbs/dask-scratch-space/worker-xkmfmqln
2025-09-03 10:53:25,730 - distributed.worker - INFO - -------------------------------------------------
2025-09-03 10:53:25,731 - distributed.worker - INFO -       Start worker at:    tcp://10.6.105.39:33955
2025-09-03 10:53:25,731 - distributed.worker - INFO -          Listening to:    tcp://10.6.105.39:33955
2025-09-03 10:53:25,731 - distributed.worker - INFO -          dashboard at:          10.6.105.39:40799
2025-09-03 10:53:25,731 - distributed.worker - INFO - Waiting to connect to:      tcp://10.6.101.5:8785
2025-09-03 10:53:25,731 - distributed.worker - INFO - -------------------------------------------------
2025-09-03 10:53:25,731 - distributed.worker - INFO -               Threads:                          1
2025-09-03 10:53:25,731 - distributed.worker - INFO -                Memory:                   4.81 GiB
2025-09-03 10:53:25,731 - distributed.worker - INFO -       Local Directory: /jobfs/148607956.gadi-pbs/dask-scratch-space/worker-lvnnr878
2025-09-03 10:53:25,731 - distributed.worker - INFO - -------------------------------------------------
2025-09-03 10:53:25,733 - distributed.worker - INFO -       Start worker at:    tcp://10.6.105.39:44599
2025-09-03 10:53:25,733 - distributed.worker - INFO -          Listening to:    tcp://10.6.105.39:44599
2025-09-03 10:53:25,733 - distributed.worker - INFO -          dashboard at:          10.6.105.39:44001
2025-09-03 10:53:25,733 - distributed.worker - INFO - Waiting to connect to:      tcp://10.6.101.5:8785
2025-09-03 10:53:25,733 - distributed.worker - INFO - -------------------------------------------------
2025-09-03 10:53:25,733 - distributed.worker - INFO -               Threads:                          1
2025-09-03 10:53:25,733 - distributed.worker - INFO -                Memory:                   4.81 GiB
2025-09-03 10:53:25,734 - distributed.worker - INFO -       Local Directory: /jobfs/148607956.gadi-pbs/dask-scratch-space/worker-6uelmf_n
2025-09-03 10:53:25,734 - distributed.worker - INFO - -------------------------------------------------
2025-09-03 10:53:25,735 - distributed.worker - INFO -       Start worker at:    tcp://10.6.105.39:34379
2025-09-03 10:53:25,735 - distributed.worker - INFO -          Listening to:    tcp://10.6.105.39:34379
2025-09-03 10:53:25,735 - distributed.worker - INFO -          dashboard at:          10.6.105.39:39619
2025-09-03 10:53:25,735 - distributed.worker - INFO - Waiting to connect to:      tcp://10.6.101.5:8785
2025-09-03 10:53:25,735 - distributed.worker - INFO - -------------------------------------------------
2025-09-03 10:53:25,735 - distributed.worker - INFO -               Threads:                          1
2025-09-03 10:53:25,735 - distributed.worker - INFO -                Memory:                   4.81 GiB
2025-09-03 10:53:25,735 - distributed.worker - INFO -       Local Directory: /jobfs/148607956.gadi-pbs/dask-scratch-space/worker-16ubgen2
2025-09-03 10:53:25,735 - distributed.worker - INFO - -------------------------------------------------
2025-09-03 10:53:25,746 - distributed.worker - INFO -       Start worker at:    tcp://10.6.105.39:33589
2025-09-03 10:53:25,746 - distributed.worker - INFO -          Listening to:    tcp://10.6.105.39:33589
2025-09-03 10:53:25,746 - distributed.worker - INFO -          dashboard at:          10.6.105.39:38903
2025-09-03 10:53:25,746 - distributed.worker - INFO - Waiting to connect to:      tcp://10.6.101.5:8785
2025-09-03 10:53:25,746 - distributed.worker - INFO - -------------------------------------------------
2025-09-03 10:53:25,747 - distributed.worker - INFO -               Threads:                          1
2025-09-03 10:53:25,747 - distributed.worker - INFO -                Memory:                   4.81 GiB
2025-09-03 10:53:25,747 - distributed.worker - INFO -       Local Directory: /jobfs/148607956.gadi-pbs/dask-scratch-space/worker-n6qptcyu
2025-09-03 10:53:25,747 - distributed.worker - INFO - -------------------------------------------------
2025-09-03 10:53:25,755 - distributed.worker - INFO -       Start worker at:    tcp://10.6.105.39:43427
2025-09-03 10:53:25,755 - distributed.worker - INFO -          Listening to:    tcp://10.6.105.39:43427
2025-09-03 10:53:25,755 - distributed.worker - INFO -          dashboard at:          10.6.105.39:37473
2025-09-03 10:53:25,755 - distributed.worker - INFO - Waiting to connect to:      tcp://10.6.101.5:8785
2025-09-03 10:53:25,755 - distributed.worker - INFO - -------------------------------------------------
2025-09-03 10:53:25,755 - distributed.worker - INFO -               Threads:                          1
2025-09-03 10:53:25,755 - distributed.worker - INFO -                Memory:                   4.81 GiB
2025-09-03 10:53:25,755 - distributed.worker - INFO -       Local Directory: /jobfs/148607956.gadi-pbs/dask-scratch-space/worker-rml434w7
2025-09-03 10:53:25,755 - distributed.worker - INFO - -------------------------------------------------
2025-09-03 10:53:25,776 - distributed.worker - INFO -       Start worker at:    tcp://10.6.105.39:34157
2025-09-03 10:53:25,776 - distributed.worker - INFO -          Listening to:    tcp://10.6.105.39:34157
2025-09-03 10:53:25,776 - distributed.worker - INFO -          dashboard at:          10.6.105.39:39887
2025-09-03 10:53:25,776 - distributed.worker - INFO - Waiting to connect to:      tcp://10.6.101.5:8785
2025-09-03 10:53:25,776 - distributed.worker - INFO - -------------------------------------------------
2025-09-03 10:53:25,776 - distributed.worker - INFO -               Threads:                          1
2025-09-03 10:53:25,776 - distributed.worker - INFO -                Memory:                   4.81 GiB
2025-09-03 10:53:25,776 - distributed.worker - INFO -       Local Directory: /jobfs/148607956.gadi-pbs/dask-scratch-space/worker-xljkb9ns
2025-09-03 10:53:25,776 - distributed.worker - INFO - -------------------------------------------------
2025-09-03 10:53:25,782 - distributed.worker - INFO -       Start worker at:    tcp://10.6.105.39:40405
2025-09-03 10:53:25,782 - distributed.worker - INFO -          Listening to:    tcp://10.6.105.39:40405
2025-09-03 10:53:25,782 - distributed.worker - INFO -          dashboard at:          10.6.105.39:40205
2025-09-03 10:53:25,782 - distributed.worker - INFO - Waiting to connect to:      tcp://10.6.101.5:8785
2025-09-03 10:53:25,782 - distributed.worker - INFO - -------------------------------------------------
2025-09-03 10:53:25,782 - distributed.worker - INFO -               Threads:                          1
2025-09-03 10:53:25,782 - distributed.worker - INFO -                Memory:                   4.81 GiB
2025-09-03 10:53:25,782 - distributed.worker - INFO -       Local Directory: /jobfs/148607956.gadi-pbs/dask-scratch-space/worker-d26dis2w
2025-09-03 10:53:25,782 - distributed.worker - INFO - -------------------------------------------------
2025-09-03 10:53:25,796 - distributed.worker - INFO -       Start worker at:    tcp://10.6.105.39:38159
2025-09-03 10:53:25,797 - distributed.worker - INFO -          Listening to:    tcp://10.6.105.39:38159
2025-09-03 10:53:25,797 - distributed.worker - INFO -          dashboard at:          10.6.105.39:45349
2025-09-03 10:53:25,797 - distributed.worker - INFO - Waiting to connect to:      tcp://10.6.101.5:8785
2025-09-03 10:53:25,797 - distributed.worker - INFO - -------------------------------------------------
2025-09-03 10:53:25,797 - distributed.worker - INFO -               Threads:                          1
2025-09-03 10:53:25,797 - distributed.worker - INFO -                Memory:                   4.81 GiB
2025-09-03 10:53:25,797 - distributed.worker - INFO -       Local Directory: /jobfs/148607956.gadi-pbs/dask-scratch-space/worker-t8b7c2ix
2025-09-03 10:53:25,797 - distributed.worker - INFO - -------------------------------------------------
2025-09-03 10:53:25,801 - distributed.worker - INFO -       Start worker at:    tcp://10.6.105.39:39065
2025-09-03 10:53:25,801 - distributed.worker - INFO -          Listening to:    tcp://10.6.105.39:39065
2025-09-03 10:53:25,801 - distributed.worker - INFO -          dashboard at:          10.6.105.39:38313
2025-09-03 10:53:25,801 - distributed.worker - INFO - Waiting to connect to:      tcp://10.6.101.5:8785
2025-09-03 10:53:25,801 - distributed.worker - INFO - -------------------------------------------------
2025-09-03 10:53:25,801 - distributed.worker - INFO -               Threads:                          1
2025-09-03 10:53:25,801 - distributed.worker - INFO -                Memory:                   4.81 GiB
2025-09-03 10:53:25,801 - distributed.worker - INFO -       Local Directory: /jobfs/148607956.gadi-pbs/dask-scratch-space/worker-6ifnlzyx
2025-09-03 10:53:25,801 - distributed.worker - INFO - -------------------------------------------------
2025-09-03 10:53:25,827 - distributed.worker - INFO -       Start worker at:    tcp://10.6.105.39:36907
2025-09-03 10:53:25,827 - distributed.worker - INFO -          Listening to:    tcp://10.6.105.39:36907
2025-09-03 10:53:25,827 - distributed.worker - INFO -          dashboard at:          10.6.105.39:46837
2025-09-03 10:53:25,827 - distributed.worker - INFO - Waiting to connect to:      tcp://10.6.101.5:8785
2025-09-03 10:53:25,827 - distributed.worker - INFO - -------------------------------------------------
2025-09-03 10:53:25,827 - distributed.worker - INFO -               Threads:                          1
2025-09-03 10:53:25,827 - distributed.worker - INFO -                Memory:                   4.81 GiB
2025-09-03 10:53:25,827 - distributed.worker - INFO -       Local Directory: /jobfs/148607956.gadi-pbs/dask-scratch-space/worker-625ux81v
2025-09-03 10:53:25,827 - distributed.worker - INFO - -------------------------------------------------
2025-09-03 10:53:33,864 - distributed.worker - INFO - Starting Worker plugin shuffle
2025-09-03 10:53:33,865 - distributed.worker - INFO -         Registered to:      tcp://10.6.101.5:8785
2025-09-03 10:53:33,866 - distributed.worker - INFO - -------------------------------------------------
2025-09-03 10:53:33,867 - distributed.core - INFO - Starting established connection to tcp://10.6.101.5:8785
2025-09-03 10:53:33,881 - distributed.worker - INFO - Starting Worker plugin shuffle
2025-09-03 10:53:33,883 - distributed.worker - INFO -         Registered to:      tcp://10.6.101.5:8785
2025-09-03 10:53:33,883 - distributed.worker - INFO - -------------------------------------------------
2025-09-03 10:53:33,884 - distributed.core - INFO - Starting established connection to tcp://10.6.101.5:8785
2025-09-03 10:53:34,021 - distributed.worker - INFO - Starting Worker plugin shuffle
2025-09-03 10:53:34,022 - distributed.worker - INFO -         Registered to:      tcp://10.6.101.5:8785
2025-09-03 10:53:34,022 - distributed.worker - INFO - -------------------------------------------------
2025-09-03 10:53:34,024 - distributed.core - INFO - Starting established connection to tcp://10.6.101.5:8785
2025-09-03 10:53:34,039 - distributed.worker - INFO - Starting Worker plugin shuffle
2025-09-03 10:53:34,040 - distributed.worker - INFO -         Registered to:      tcp://10.6.101.5:8785
2025-09-03 10:53:34,040 - distributed.worker - INFO - -------------------------------------------------
2025-09-03 10:53:34,042 - distributed.core - INFO - Starting established connection to tcp://10.6.101.5:8785
2025-09-03 10:53:34,056 - distributed.worker - INFO - Starting Worker plugin shuffle
2025-09-03 10:53:34,057 - distributed.worker - INFO -         Registered to:      tcp://10.6.101.5:8785
2025-09-03 10:53:34,057 - distributed.worker - INFO - -------------------------------------------------
2025-09-03 10:53:34,059 - distributed.core - INFO - Starting established connection to tcp://10.6.101.5:8785
2025-09-03 10:53:34,675 - distributed.worker - INFO - Starting Worker plugin shuffle
2025-09-03 10:53:34,677 - distributed.worker - INFO -         Registered to:      tcp://10.6.101.5:8785
2025-09-03 10:53:34,677 - distributed.worker - INFO - -------------------------------------------------
2025-09-03 10:53:34,679 - distributed.core - INFO - Starting established connection to tcp://10.6.101.5:8785
2025-09-03 10:53:34,693 - distributed.worker - INFO - Starting Worker plugin shuffle
2025-09-03 10:53:34,694 - distributed.worker - INFO -         Registered to:      tcp://10.6.101.5:8785
2025-09-03 10:53:34,694 - distributed.worker - INFO - -------------------------------------------------
2025-09-03 10:53:34,696 - distributed.core - INFO - Starting established connection to tcp://10.6.101.5:8785
2025-09-03 10:53:35,431 - distributed.worker - INFO - Starting Worker plugin shuffle
2025-09-03 10:53:35,433 - distributed.worker - INFO -         Registered to:      tcp://10.6.101.5:8785
2025-09-03 10:53:35,433 - distributed.worker - INFO - -------------------------------------------------
2025-09-03 10:53:35,435 - distributed.core - INFO - Starting established connection to tcp://10.6.101.5:8785
2025-09-03 10:53:35,449 - distributed.worker - INFO - Starting Worker plugin shuffle
2025-09-03 10:53:35,450 - distributed.worker - INFO -         Registered to:      tcp://10.6.101.5:8785
2025-09-03 10:53:35,450 - distributed.worker - INFO - -------------------------------------------------
2025-09-03 10:53:35,452 - distributed.core - INFO - Starting established connection to tcp://10.6.101.5:8785
2025-09-03 10:53:35,466 - distributed.worker - INFO - Starting Worker plugin shuffle
2025-09-03 10:53:35,468 - distributed.worker - INFO -         Registered to:      tcp://10.6.101.5:8785
2025-09-03 10:53:35,468 - distributed.worker - INFO - -------------------------------------------------
2025-09-03 10:53:35,470 - distributed.core - INFO - Starting established connection to tcp://10.6.101.5:8785
2025-09-03 10:53:35,484 - distributed.worker - INFO - Starting Worker plugin shuffle
2025-09-03 10:53:35,485 - distributed.worker - INFO -         Registered to:      tcp://10.6.101.5:8785
2025-09-03 10:53:35,485 - distributed.worker - INFO - -------------------------------------------------
2025-09-03 10:53:35,487 - distributed.core - INFO - Starting established connection to tcp://10.6.101.5:8785
2025-09-03 10:53:35,502 - distributed.worker - INFO - Starting Worker plugin shuffle
2025-09-03 10:53:35,503 - distributed.worker - INFO -         Registered to:      tcp://10.6.101.5:8785
2025-09-03 10:53:35,503 - distributed.worker - INFO - -------------------------------------------------
2025-09-03 10:53:35,505 - distributed.core - INFO - Starting established connection to tcp://10.6.101.5:8785
2025-09-03 10:53:35,519 - distributed.worker - INFO - Starting Worker plugin shuffle
2025-09-03 10:53:35,537 - distributed.worker - INFO - Starting Worker plugin shuffle
2025-09-03 10:53:35,536 - distributed.worker - INFO -         Registered to:      tcp://10.6.101.5:8785
2025-09-03 10:53:35,537 - distributed.worker - INFO - -------------------------------------------------
2025-09-03 10:53:35,539 - distributed.worker - INFO -         Registered to:      tcp://10.6.101.5:8785
2025-09-03 10:53:35,539 - distributed.worker - INFO - -------------------------------------------------
2025-09-03 10:53:35,541 - distributed.core - INFO - Starting established connection to tcp://10.6.101.5:8785
2025-09-03 10:53:35,544 - distributed.core - INFO - Starting established connection to tcp://10.6.101.5:8785
2025-09-03 10:53:35,554 - distributed.worker - INFO - Starting Worker plugin shuffle
2025-09-03 10:53:35,556 - distributed.worker - INFO -         Registered to:      tcp://10.6.101.5:8785
2025-09-03 10:53:35,556 - distributed.worker - INFO - -------------------------------------------------
2025-09-03 10:53:35,558 - distributed.core - INFO - Starting established connection to tcp://10.6.101.5:8785
2025-09-03 10:53:35,572 - distributed.worker - INFO - Starting Worker plugin shuffle
2025-09-03 10:53:35,574 - distributed.worker - INFO -         Registered to:      tcp://10.6.101.5:8785
2025-09-03 10:53:35,574 - distributed.worker - INFO - -------------------------------------------------
2025-09-03 10:53:35,576 - distributed.core - INFO - Starting established connection to tcp://10.6.101.5:8785
2025-09-03 10:53:35,594 - distributed.worker - INFO - Starting Worker plugin shuffle
2025-09-03 10:53:35,599 - distributed.worker - INFO -         Registered to:      tcp://10.6.101.5:8785
2025-09-03 10:53:35,599 - distributed.worker - INFO - -------------------------------------------------
2025-09-03 10:53:35,604 - distributed.core - INFO - Starting established connection to tcp://10.6.101.5:8785
2025-09-03 10:53:39,046 - distributed.nanny - INFO - Closing Nanny at 'tcp://10.6.105.39:39891'. Reason: failure-to-start-<class 'OSError'>
2025-09-03 10:53:39,049 - distributed.nanny - INFO - Nanny at 'tcp://10.6.105.39:39891' closed.
2025-09-03 10:53:39,050 - distributed.nanny - INFO - Closing Nanny at 'tcp://10.6.105.39:46229'. Reason: failure-to-start-<class 'OSError'>
2025-09-03 10:53:39,050 - distributed.nanny - INFO - Nanny at 'tcp://10.6.105.39:46229' closed.
2025-09-03 10:53:39,051 - distributed.nanny - INFO - Closing Nanny at 'tcp://10.6.105.39:33319'. Reason: failure-to-start-<class 'OSError'>
2025-09-03 10:53:39,052 - distributed.nanny - INFO - Nanny at 'tcp://10.6.105.39:33319' closed.
2025-09-03 10:53:39,052 - distributed.nanny - INFO - Closing Nanny at 'tcp://10.6.105.39:44109'. Reason: failure-to-start-<class 'OSError'>
2025-09-03 10:53:39,052 - distributed.nanny - INFO - Nanny at 'tcp://10.6.105.39:44109' closed.
2025-09-03 10:53:39,054 - distributed.nanny - INFO - Closing Nanny at 'tcp://10.6.105.39:43407'. Reason: failure-to-start-<class 'OSError'>
2025-09-03 10:53:39,054 - distributed.nanny - INFO - Nanny at 'tcp://10.6.105.39:43407' closed.
2025-09-03 10:53:39,055 - distributed.nanny - INFO - Closing Nanny at 'tcp://10.6.105.39:41163'. Reason: failure-to-start-<class 'OSError'>
2025-09-03 10:53:39,055 - distributed.nanny - INFO - Nanny at 'tcp://10.6.105.39:41163' closed.
2025-09-03 10:53:39,055 - distributed.nanny - INFO - Closing Nanny at 'tcp://10.6.105.39:38111'. Reason: failure-to-start-<class 'OSError'>
2025-09-03 10:53:39,056 - distributed.nanny - INFO - Nanny at 'tcp://10.6.105.39:38111' closed.
2025-09-03 10:53:39,056 - distributed.nanny - INFO - Closing Nanny at 'tcp://10.6.105.39:36103'. Reason: failure-to-start-<class 'OSError'>
2025-09-03 10:53:39,057 - distributed.nanny - INFO - Nanny at 'tcp://10.6.105.39:36103' closed.
2025-09-03 10:53:39,059 - distributed.nanny - INFO - Closing Nanny at 'tcp://10.6.105.39:36509'. Reason: failure-to-start-<class 'OSError'>
2025-09-03 10:53:39,059 - distributed.nanny - INFO - Nanny at 'tcp://10.6.105.39:36509' closed.
2025-09-03 10:53:39,059 - distributed.nanny - INFO - Closing Nanny at 'tcp://10.6.105.39:34051'. Reason: failure-to-start-<class 'OSError'>
2025-09-03 10:53:39,060 - distributed.nanny - INFO - Nanny at 'tcp://10.6.105.39:34051' closed.
2025-09-03 10:53:39,060 - distributed.nanny - INFO - Closing Nanny at 'tcp://10.6.105.39:35259'. Reason: failure-to-start-<class 'OSError'>
2025-09-03 10:53:39,060 - distributed.nanny - INFO - Nanny at 'tcp://10.6.105.39:35259' closed.
2025-09-03 10:53:39,060 - distributed.nanny - INFO - Closing Nanny at 'tcp://10.6.105.39:44389'. Reason: failure-to-start-<class 'OSError'>
2025-09-03 10:53:39,061 - distributed.nanny - INFO - Nanny at 'tcp://10.6.105.39:44389' closed.
2025-09-03 10:53:39,061 - distributed.nanny - INFO - Closing Nanny at 'tcp://10.6.105.39:43617'. Reason: failure-to-start-<class 'OSError'>
2025-09-03 10:53:39,061 - distributed.nanny - INFO - Nanny at 'tcp://10.6.105.39:43617' closed.
2025-09-03 10:53:39,061 - distributed.nanny - INFO - Closing Nanny at 'tcp://10.6.105.39:35915'. Reason: failure-to-start-<class 'OSError'>
2025-09-03 10:53:39,061 - distributed.nanny - INFO - Nanny at 'tcp://10.6.105.39:35915' closed.
2025-09-03 10:53:39,062 - distributed.nanny - INFO - Closing Nanny at 'tcp://10.6.105.39:37815'. Reason: failure-to-start-<class 'OSError'>
2025-09-03 10:53:39,062 - distributed.nanny - INFO - Nanny at 'tcp://10.6.105.39:37815' closed.
2025-09-03 10:53:39,062 - distributed.nanny - INFO - Closing Nanny at 'tcp://10.6.105.39:41343'. Reason: failure-to-start-<class 'OSError'>
2025-09-03 10:53:39,062 - distributed.nanny - INFO - Nanny at 'tcp://10.6.105.39:41343' closed.
2025-09-03 10:53:39,063 - distributed.nanny - INFO - Closing Nanny at 'tcp://10.6.105.39:36067'. Reason: failure-to-start-<class 'OSError'>
2025-09-03 10:53:39,063 - distributed.nanny - INFO - Nanny at 'tcp://10.6.105.39:36067' closed.
2025-09-03 10:53:39,063 - distributed.nanny - INFO - Closing Nanny at 'tcp://10.6.105.39:39669'. Reason: failure-to-start-<class 'OSError'>
2025-09-03 10:53:39,063 - distributed.nanny - INFO - Nanny at 'tcp://10.6.105.39:39669' closed.
2025-09-03 10:53:39,063 - distributed.nanny - INFO - Closing Nanny at 'tcp://10.6.105.39:44147'. Reason: failure-to-start-<class 'OSError'>
2025-09-03 10:53:39,064 - distributed.nanny - INFO - Nanny at 'tcp://10.6.105.39:44147' closed.
2025-09-03 10:53:39,064 - distributed.nanny - INFO - Closing Nanny at 'tcp://10.6.105.39:39231'. Reason: failure-to-start-<class 'OSError'>
2025-09-03 10:53:39,064 - distributed.nanny - INFO - Nanny at 'tcp://10.6.105.39:39231' closed.
2025-09-03 10:53:39,064 - distributed.nanny - INFO - Closing Nanny at 'tcp://10.6.105.39:39969'. Reason: failure-to-start-<class 'OSError'>
2025-09-03 10:53:39,064 - distributed.nanny - INFO - Nanny at 'tcp://10.6.105.39:39969' closed.
2025-09-03 10:53:39,065 - distributed.nanny - INFO - Closing Nanny at 'tcp://10.6.105.39:41621'. Reason: failure-to-start-<class 'OSError'>
2025-09-03 10:53:39,065 - distributed.nanny - INFO - Nanny at 'tcp://10.6.105.39:41621' closed.
2025-09-03 10:53:39,065 - distributed.nanny - INFO - Closing Nanny at 'tcp://10.6.105.39:44013'. Reason: failure-to-start-<class 'OSError'>
2025-09-03 10:53:39,065 - distributed.nanny - INFO - Nanny at 'tcp://10.6.105.39:44013' closed.
2025-09-03 10:53:39,065 - distributed.nanny - INFO - Closing Nanny at 'tcp://10.6.105.39:43483'. Reason: failure-to-start-<class 'OSError'>
2025-09-03 10:53:39,066 - distributed.nanny - INFO - Nanny at 'tcp://10.6.105.39:43483' closed.
2025-09-03 10:53:39,066 - distributed.nanny - INFO - Closing Nanny at 'tcp://10.6.105.39:37343'. Reason: failure-to-start-<class 'OSError'>
2025-09-03 10:53:39,066 - distributed.nanny - INFO - Nanny at 'tcp://10.6.105.39:37343' closed.
2025-09-03 10:53:39,066 - distributed.nanny - INFO - Closing Nanny at 'tcp://10.6.105.39:43251'. Reason: failure-to-start-<class 'OSError'>
2025-09-03 10:53:39,067 - distributed.nanny - INFO - Nanny at 'tcp://10.6.105.39:43251' closed.
2025-09-03 10:53:39,067 - distributed.nanny - INFO - Closing Nanny at 'tcp://10.6.105.39:36543'. Reason: failure-to-start-<class 'OSError'>
2025-09-03 10:53:39,067 - distributed.nanny - INFO - Nanny at 'tcp://10.6.105.39:36543' closed.
2025-09-03 10:53:39,067 - distributed.nanny - INFO - Closing Nanny at 'tcp://10.6.105.39:38223'. Reason: failure-to-start-<class 'OSError'>
2025-09-03 10:53:39,068 - distributed.nanny - INFO - Nanny at 'tcp://10.6.105.39:38223' closed.
2025-09-03 10:53:39,068 - distributed.nanny - INFO - Closing Nanny at 'tcp://10.6.105.39:39869'. Reason: failure-to-start-<class 'OSError'>
2025-09-03 10:53:39,068 - distributed.nanny - INFO - Nanny at 'tcp://10.6.105.39:39869' closed.
2025-09-03 10:53:39,068 - distributed.nanny - INFO - Closing Nanny at 'tcp://10.6.105.39:38397'. Reason: failure-to-start-<class 'OSError'>
2025-09-03 10:53:39,068 - distributed.nanny - INFO - Nanny at 'tcp://10.6.105.39:38397' closed.
2025-09-03 10:53:39,068 - distributed.nanny - INFO - Closing Nanny at 'tcp://10.6.105.39:44789'. Reason: failure-to-start-<class 'OSError'>
2025-09-03 10:53:39,069 - distributed.nanny - INFO - Nanny at 'tcp://10.6.105.39:44789' closed.
2025-09-03 10:53:39,069 - distributed.nanny - INFO - Closing Nanny at 'tcp://10.6.105.39:32841'. Reason: failure-to-start-<class 'OSError'>
2025-09-03 10:53:39,069 - distributed.nanny - INFO - Nanny at 'tcp://10.6.105.39:32841' closed.
2025-09-03 10:53:39,069 - distributed.nanny - INFO - Closing Nanny at 'tcp://10.6.105.39:39003'. Reason: failure-to-start-<class 'OSError'>
2025-09-03 10:53:39,069 - distributed.nanny - INFO - Nanny at 'tcp://10.6.105.39:39003' closed.
2025-09-03 10:53:39,069 - distributed.nanny - INFO - Closing Nanny at 'tcp://10.6.105.39:45685'. Reason: failure-to-start-<class 'OSError'>
2025-09-03 10:53:39,070 - distributed.nanny - INFO - Nanny at 'tcp://10.6.105.39:45685' closed.
2025-09-03 10:53:39,070 - distributed.nanny - INFO - Closing Nanny at 'tcp://10.6.105.39:35167'. Reason: failure-to-start-<class 'OSError'>
2025-09-03 10:53:39,070 - distributed.nanny - INFO - Nanny at 'tcp://10.6.105.39:35167' closed.
2025-09-03 10:53:39,070 - distributed.nanny - INFO - Closing Nanny at 'tcp://10.6.105.39:41445'. Reason: failure-to-start-<class 'OSError'>
2025-09-03 10:53:39,070 - distributed.nanny - INFO - Nanny at 'tcp://10.6.105.39:41445' closed.
2025-09-03 10:53:39,071 - distributed.nanny - INFO - Closing Nanny at 'tcp://10.6.105.39:36345'. Reason: failure-to-start-<class 'OSError'>
2025-09-03 10:53:39,071 - distributed.nanny - INFO - Nanny at 'tcp://10.6.105.39:36345' closed.
2025-09-03 10:53:39,072 - distributed.nanny - INFO - Closing Nanny at 'tcp://10.6.105.39:45763'. Reason: failure-to-start-<class 'OSError'>
2025-09-03 10:53:39,072 - distributed.nanny - INFO - Nanny at 'tcp://10.6.105.39:45763' closed.
2025-09-03 10:53:39,072 - distributed.nanny - INFO - Closing Nanny at 'tcp://10.6.105.39:46761'. Reason: failure-to-start-<class 'OSError'>
2025-09-03 10:53:39,072 - distributed.nanny - INFO - Nanny at 'tcp://10.6.105.39:46761' closed.
2025-09-03 10:53:39,072 - distributed.nanny - INFO - Closing Nanny at 'tcp://10.6.105.39:43931'. Reason: failure-to-start-<class 'OSError'>
2025-09-03 10:53:39,072 - distributed.nanny - INFO - Nanny at 'tcp://10.6.105.39:43931' closed.
2025-09-03 10:53:39,072 - distributed.nanny - INFO - Closing Nanny at 'tcp://10.6.105.39:35209'. Reason: failure-to-start-<class 'OSError'>
2025-09-03 10:53:39,073 - distributed.nanny - INFO - Nanny at 'tcp://10.6.105.39:35209' closed.
2025-09-03 10:53:39,073 - distributed.nanny - INFO - Closing Nanny at 'tcp://10.6.105.39:36511'. Reason: failure-to-start-<class 'OSError'>
2025-09-03 10:53:39,073 - distributed.nanny - INFO - Nanny at 'tcp://10.6.105.39:36511' closed.
2025-09-03 10:53:39,073 - distributed.nanny - INFO - Closing Nanny at 'tcp://10.6.105.39:37773'. Reason: failure-to-start-<class 'OSError'>
2025-09-03 10:53:39,073 - distributed.nanny - INFO - Nanny at 'tcp://10.6.105.39:37773' closed.
2025-09-03 10:53:39,073 - distributed.nanny - INFO - Closing Nanny at 'tcp://10.6.105.39:46357'. Reason: failure-to-start-<class 'OSError'>
2025-09-03 10:53:39,074 - distributed.nanny - INFO - Nanny at 'tcp://10.6.105.39:46357' closed.
2025-09-03 10:53:39,074 - distributed.nanny - INFO - Closing Nanny at 'tcp://10.6.105.39:37851'. Reason: failure-to-start-<class 'OSError'>
2025-09-03 10:53:39,074 - distributed.nanny - INFO - Nanny at 'tcp://10.6.105.39:37851' closed.
2025-09-03 10:53:39,074 - distributed.nanny - INFO - Closing Nanny at 'tcp://10.6.105.39:42161'. Reason: failure-to-start-<class 'OSError'>
2025-09-03 10:53:39,074 - distributed.nanny - INFO - Nanny at 'tcp://10.6.105.39:42161' closed.
2025-09-03 10:53:39,074 - distributed.nanny - INFO - Closing Nanny at 'tcp://10.6.105.39:44003'. Reason: failure-to-start-<class 'OSError'>
2025-09-03 10:53:39,074 - distributed.nanny - INFO - Nanny at 'tcp://10.6.105.39:44003' closed.
2025-09-03 10:53:39,075 - distributed.nanny - INFO - Closing Nanny at 'tcp://10.6.105.39:43777'. Reason: failure-to-start-<class 'OSError'>
2025-09-03 10:53:39,075 - distributed.nanny - INFO - Nanny at 'tcp://10.6.105.39:43777' closed.
2025-09-03 10:53:39,075 - distributed.nanny - INFO - Closing Nanny at 'tcp://10.6.105.39:42629'. Reason: failure-to-start-<class 'OSError'>
2025-09-03 10:53:39,075 - distributed.nanny - INFO - Nanny at 'tcp://10.6.105.39:42629' closed.
2025-09-03 10:53:39,075 - distributed.nanny - INFO - Closing Nanny at 'tcp://10.6.105.39:39651'. Reason: failure-to-start-<class 'OSError'>
2025-09-03 10:53:39,075 - distributed.nanny - INFO - Nanny at 'tcp://10.6.105.39:39651' closed.
2025-09-03 10:53:39,076 - distributed.nanny - INFO - Closing Nanny at 'tcp://10.6.105.39:38017'. Reason: failure-to-start-<class 'OSError'>
2025-09-03 10:53:39,076 - distributed.nanny - INFO - Nanny at 'tcp://10.6.105.39:38017' closed.
2025-09-03 10:53:39,076 - distributed.nanny - INFO - Closing Nanny at 'tcp://10.6.105.39:38103'. Reason: failure-to-start-<class 'OSError'>
2025-09-03 10:53:39,076 - distributed.nanny - INFO - Nanny at 'tcp://10.6.105.39:38103' closed.
2025-09-03 10:53:39,076 - distributed.nanny - INFO - Closing Nanny at 'tcp://10.6.105.39:45107'. Reason: failure-to-start-<class 'OSError'>
2025-09-03 10:53:39,076 - distributed.nanny - INFO - Nanny at 'tcp://10.6.105.39:45107' closed.
2025-09-03 10:53:39,076 - distributed.nanny - INFO - Closing Nanny at 'tcp://10.6.105.39:46525'. Reason: failure-to-start-<class 'OSError'>
2025-09-03 10:53:39,077 - distributed.nanny - INFO - Nanny at 'tcp://10.6.105.39:46525' closed.
2025-09-03 10:53:39,077 - distributed.nanny - INFO - Closing Nanny at 'tcp://10.6.105.39:40343'. Reason: failure-to-start-<class 'OSError'>
2025-09-03 10:53:39,077 - distributed.nanny - INFO - Nanny at 'tcp://10.6.105.39:40343' closed.
2025-09-03 10:53:39,077 - distributed.nanny - INFO - Closing Nanny at 'tcp://10.6.105.39:44157'. Reason: failure-to-start-<class 'OSError'>
2025-09-03 10:53:39,077 - distributed.nanny - INFO - Nanny at 'tcp://10.6.105.39:44157' closed.
2025-09-03 10:53:39,077 - distributed.nanny - INFO - Closing Nanny at 'tcp://10.6.105.39:43415'. Reason: failure-to-start-<class 'OSError'>
2025-09-03 10:53:39,078 - distributed.nanny - INFO - Nanny at 'tcp://10.6.105.39:43415' closed.
2025-09-03 10:53:39,078 - distributed.nanny - INFO - Closing Nanny at 'tcp://10.6.105.39:38475'. Reason: failure-to-start-<class 'OSError'>
2025-09-03 10:53:39,078 - distributed.nanny - INFO - Nanny at 'tcp://10.6.105.39:38475' closed.
2025-09-03 10:53:39,078 - distributed.nanny - INFO - Closing Nanny at 'tcp://10.6.105.39:32903'. Reason: failure-to-start-<class 'OSError'>
2025-09-03 10:53:39,078 - distributed.nanny - INFO - Nanny at 'tcp://10.6.105.39:32903' closed.
2025-09-03 10:53:39,078 - distributed.nanny - INFO - Closing Nanny at 'tcp://10.6.105.39:42621'. Reason: failure-to-start-<class 'OSError'>
2025-09-03 10:53:39,078 - distributed.nanny - INFO - Nanny at 'tcp://10.6.105.39:42621' closed.
2025-09-03 10:53:39,079 - distributed.nanny - INFO - Closing Nanny at 'tcp://10.6.105.39:36395'. Reason: failure-to-start-<class 'OSError'>
2025-09-03 10:53:39,079 - distributed.nanny - INFO - Nanny at 'tcp://10.6.105.39:36395' closed.
2025-09-03 10:53:39,079 - distributed.nanny - INFO - Closing Nanny at 'tcp://10.6.105.39:42195'. Reason: failure-to-start-<class 'OSError'>
2025-09-03 10:53:39,080 - distributed.nanny - INFO - Nanny at 'tcp://10.6.105.39:42195' closed.
2025-09-03 10:53:39,080 - distributed.nanny - INFO - Closing Nanny at 'tcp://10.6.105.39:41335'. Reason: failure-to-start-<class 'OSError'>
2025-09-03 10:53:39,080 - distributed.nanny - INFO - Nanny at 'tcp://10.6.105.39:41335' closed.
2025-09-03 10:53:39,080 - distributed.nanny - INFO - Closing Nanny at 'tcp://10.6.105.39:33903'. Reason: failure-to-start-<class 'OSError'>
2025-09-03 10:53:39,080 - distributed.nanny - INFO - Nanny at 'tcp://10.6.105.39:33903' closed.
2025-09-03 10:53:39,080 - distributed.nanny - INFO - Closing Nanny at 'tcp://10.6.105.39:38963'. Reason: failure-to-start-<class 'OSError'>
2025-09-03 10:53:39,080 - distributed.nanny - INFO - Nanny at 'tcp://10.6.105.39:38963' closed.
2025-09-03 10:53:39,080 - distributed.nanny - INFO - Closing Nanny at 'tcp://10.6.105.39:45241'. Reason: failure-to-start-<class 'OSError'>
2025-09-03 10:53:39,080 - distributed.nanny - INFO - Nanny at 'tcp://10.6.105.39:45241' closed.
2025-09-03 10:53:39,081 - distributed.nanny - INFO - Closing Nanny at 'tcp://10.6.105.39:37129'. Reason: failure-to-start-<class 'OSError'>
2025-09-03 10:53:39,081 - distributed.nanny - INFO - Nanny at 'tcp://10.6.105.39:37129' closed.
2025-09-03 10:53:39,081 - distributed.nanny - INFO - Closing Nanny at 'tcp://10.6.105.39:43791'. Reason: failure-to-start-<class 'OSError'>
2025-09-03 10:53:39,081 - distributed.nanny - INFO - Nanny at 'tcp://10.6.105.39:43791' closed.
2025-09-03 10:53:39,081 - distributed.nanny - INFO - Closing Nanny at 'tcp://10.6.105.39:46023'. Reason: failure-to-start-<class 'OSError'>
2025-09-03 10:53:39,081 - distributed.nanny - INFO - Nanny at 'tcp://10.6.105.39:46023' closed.
2025-09-03 10:53:39,081 - distributed.nanny - INFO - Closing Nanny at 'tcp://10.6.105.39:35551'. Reason: failure-to-start-<class 'OSError'>
2025-09-03 10:53:39,081 - distributed.nanny - INFO - Nanny at 'tcp://10.6.105.39:35551' closed.
2025-09-03 10:53:39,088 - distributed.dask_worker - INFO - End worker
Traceback (most recent call last):
  File "/g/data/xp65/public/apps/med_conda/envs/analysis3-25.06/lib/python3.11/site-packages/distributed/utils.py", line 1923, in wait_for
    return await fut
           ^^^^^^^^^
  File "/g/data/xp65/public/apps/med_conda/envs/analysis3-25.06/lib/python3.11/site-packages/distributed/comm/tcp.py", line 547, in connect
    stream = await self.client.connect(
             ^^^^^^^^^^^^^^^^^^^^^^^^^^
  File "/g/data/xp65/public/apps/med_conda/envs/analysis3-25.06/lib/python3.11/site-packages/tornado/tcpclient.py", line 279, in connect
    af, addr, stream = await connector.start(connect_timeout=timeout)
                       ^^^^^^^^^^^^^^^^^^^^^^^^^^^^^^^^^^^^^^^^^^^^^^
asyncio.exceptions.CancelledError

The above exception was the direct cause of the following exception:

Traceback (most recent call last):
  File "/g/data/xp65/public/apps/med_conda/envs/analysis3-25.06/lib/python3.11/site-packages/distributed/comm/core.py", line 342, in connect
    comm = await wait_for(
           ^^^^^^^^^^^^^^^
  File "/g/data/xp65/public/apps/med_conda/envs/analysis3-25.06/lib/python3.11/site-packages/distributed/utils.py", line 1922, in wait_for
    async with asyncio.timeout(timeout):
  File "/g/data/xp65/public/apps/med_conda/envs/analysis3-25.06/lib/python3.11/asyncio/timeouts.py", line 115, in __aexit__
    raise TimeoutError from exc_val
TimeoutError

The above exception was the direct cause of the following exception:

Traceback (most recent call last):
  File "/g/data/xp65/public/apps/med_conda/envs/analysis3-25.06/lib/python3.11/site-packages/distributed/core.py", line 528, in start
    await wait_for(self.start_unsafe(), timeout=timeout)
  File "/g/data/xp65/public/apps/med_conda/envs/analysis3-25.06/lib/python3.11/site-packages/distributed/utils.py", line 1923, in wait_for
    return await fut
           ^^^^^^^^^
  File "/g/data/xp65/public/apps/med_conda/envs/analysis3-25.06/lib/python3.11/site-packages/distributed/nanny.py", line 358, in start_unsafe
    comm = await self.rpc.connect(saddr)
           ^^^^^^^^^^^^^^^^^^^^^^^^^^^^^
  File "/g/data/xp65/public/apps/med_conda/envs/analysis3-25.06/lib/python3.11/site-packages/distributed/core.py", line 1485, in connect
    return await self._connect(addr=addr, timeout=timeout)
           ^^^^^^^^^^^^^^^^^^^^^^^^^^^^^^^^^^^^^^^^^^^^^^^
  File "/g/data/xp65/public/apps/med_conda/envs/analysis3-25.06/lib/python3.11/site-packages/distributed/core.py", line 1429, in _connect
    comm = await connect(
           ^^^^^^^^^^^^^^
  File "/g/data/xp65/public/apps/med_conda/envs/analysis3-25.06/lib/python3.11/site-packages/distributed/comm/core.py", line 368, in connect
    raise OSError(
OSError: Timed out trying to connect to tcp://10.6.101.5:8785 after 30 s

The above exception was the direct cause of the following exception:

Traceback (most recent call last):
  File "/g/data/xp65/public/apps/med_conda/envs/analysis3-25.06/bin/dask", line 10, in <module>
    sys.exit(main())
             ^^^^^^
  File "/g/data/xp65/public/apps/med_conda/envs/analysis3-25.06/lib/python3.11/site-packages/dask/__main__.py", line 7, in main
    run_cli()
  File "/g/data/xp65/public/apps/med_conda/envs/analysis3-25.06/lib/python3.11/site-packages/dask/cli.py", line 209, in run_cli
    cli()
  File "/g/data/xp65/public/apps/med_conda/envs/analysis3-25.06/lib/python3.11/site-packages/click/core.py", line 1442, in __call__
    return self.main(*args, **kwargs)
           ^^^^^^^^^^^^^^^^^^^^^^^^^^
  File "/g/data/xp65/public/apps/med_conda/envs/analysis3-25.06/lib/python3.11/site-packages/click/core.py", line 1363, in main
    rv = self.invoke(ctx)
         ^^^^^^^^^^^^^^^^
  File "/g/data/xp65/public/apps/med_conda/envs/analysis3-25.06/lib/python3.11/site-packages/click/core.py", line 1830, in invoke
    return _process_result(sub_ctx.command.invoke(sub_ctx))
                           ^^^^^^^^^^^^^^^^^^^^^^^^^^^^^^^
  File "/g/data/xp65/public/apps/med_conda/envs/analysis3-25.06/lib/python3.11/site-packages/click/core.py", line 1226, in invoke
    return ctx.invoke(self.callback, **ctx.params)
           ^^^^^^^^^^^^^^^^^^^^^^^^^^^^^^^^^^^^^^^
  File "/g/data/xp65/public/apps/med_conda/envs/analysis3-25.06/lib/python3.11/site-packages/click/core.py", line 794, in invoke
    return callback(*args, **kwargs)
           ^^^^^^^^^^^^^^^^^^^^^^^^^
  File "/g/data/xp65/public/apps/med_conda/envs/analysis3-25.06/lib/python3.11/site-packages/distributed/cli/dask_worker.py", line 452, in main
    asyncio_run(run(), loop_factory=get_loop_factory())
  File "/g/data/xp65/public/apps/med_conda/envs/analysis3-25.06/lib/python3.11/site-packages/distributed/compatibility.py", line 204, in asyncio_run
    return runner.run(main)
           ^^^^^^^^^^^^^^^^
  File "/g/data/xp65/public/apps/med_conda/envs/analysis3-25.06/lib/python3.11/asyncio/runners.py", line 118, in run
    return self._loop.run_until_complete(task)
           ^^^^^^^^^^^^^^^^^^^^^^^^^^^^^^^^^^^
  File "/g/data/xp65/public/apps/med_conda/envs/analysis3-25.06/lib/python3.11/asyncio/base_events.py", line 654, in run_until_complete
    return future.result()
           ^^^^^^^^^^^^^^^
  File "/g/data/xp65/public/apps/med_conda/envs/analysis3-25.06/lib/python3.11/site-packages/distributed/cli/dask_worker.py", line 449, in run
    [task.result() for task in done]
  File "/g/data/xp65/public/apps/med_conda/envs/analysis3-25.06/lib/python3.11/site-packages/distributed/cli/dask_worker.py", line 449, in <listcomp>
    [task.result() for task in done]
     ^^^^^^^^^^^^^
  File "/g/data/xp65/public/apps/med_conda/envs/analysis3-25.06/lib/python3.11/site-packages/distributed/cli/dask_worker.py", line 422, in wait_for_nannies_to_finish
    await asyncio.gather(*nannies)
  File "/g/data/xp65/public/apps/med_conda/envs/analysis3-25.06/lib/python3.11/asyncio/tasks.py", line 694, in _wrap_awaitable
    return (yield from awaitable.__await__())
            ^^^^^^^^^^^^^^^^^^^^^^^^^^^^^^^^
  File "/g/data/xp65/public/apps/med_conda/envs/analysis3-25.06/lib/python3.11/site-packages/distributed/core.py", line 536, in start
    raise RuntimeError(f"{type(self).__name__} failed to start.") from exc
RuntimeError: Nanny failed to start.
2025-09-03 10:53:39,102 - distributed.process - INFO - reaping stray process <SpawnProcess name='Dask Worker process (from Nanny)' pid=638942 parent=638796 started daemon>
2025-09-03 10:53:39,102 - distributed.process - INFO - reaping stray process <SpawnProcess name='Dask Worker process (from Nanny)' pid=638939 parent=638796 started daemon>
2025-09-03 10:53:39,102 - distributed.process - INFO - reaping stray process <SpawnProcess name='Dask Worker process (from Nanny)' pid=638933 parent=638796 started daemon>
2025-09-03 10:53:39,103 - distributed.process - INFO - reaping stray process <SpawnProcess name='Dask Worker process (from Nanny)' pid=638932 parent=638796 started daemon>
2025-09-03 10:53:39,104 - distributed.process - INFO - reaping stray process <SpawnProcess name='Dask Worker process (from Nanny)' pid=638925 parent=638796 started daemon>
2025-09-03 10:53:39,105 - distributed.process - INFO - reaping stray process <SpawnProcess name='Dask Worker process (from Nanny)' pid=638923 parent=638796 started daemon>
2025-09-03 10:53:39,105 - distributed.process - INFO - reaping stray process <SpawnProcess name='Dask Worker process (from Nanny)' pid=638919 parent=638796 started daemon>
2025-09-03 10:53:39,105 - distributed.process - INFO - reaping stray process <SpawnProcess name='Dask Worker process (from Nanny)' pid=638913 parent=638796 started daemon>
2025-09-03 10:53:39,106 - distributed.process - INFO - reaping stray process <SpawnProcess name='Dask Worker process (from Nanny)' pid=638910 parent=638796 started daemon>
2025-09-03 10:53:39,106 - distributed.process - INFO - reaping stray process <SpawnProcess name='Dask Worker process (from Nanny)' pid=638907 parent=638796 started daemon>
2025-09-03 10:53:39,107 - distributed.process - INFO - reaping stray process <SpawnProcess name='Dask Worker process (from Nanny)' pid=638902 parent=638796 started daemon>
2025-09-03 10:53:39,107 - distributed.process - INFO - reaping stray process <SpawnProcess name='Dask Worker process (from Nanny)' pid=638898 parent=638796 started daemon>
2025-09-03 10:53:39,107 - distributed.process - INFO - reaping stray process <SpawnProcess name='Dask Worker process (from Nanny)' pid=638894 parent=638796 started daemon>
2025-09-03 10:53:39,107 - distributed.process - INFO - reaping stray process <SpawnProcess name='Dask Worker process (from Nanny)' pid=638891 parent=638796 started daemon>
2025-09-03 10:53:39,107 - distributed.process - INFO - reaping stray process <SpawnProcess name='Dask Worker process (from Nanny)' pid=638885 parent=638796 started daemon>
2025-09-03 10:53:39,108 - distributed.process - INFO - reaping stray process <SpawnProcess name='Dask Worker process (from Nanny)' pid=638884 parent=638796 started daemon>
2025-09-03 10:53:39,109 - distributed.process - INFO - reaping stray process <SpawnProcess name='Dask Worker process (from Nanny)' pid=638877 parent=638796 started daemon>
2025-09-03 10:53:39,109 - distributed.process - INFO - reaping stray process <SpawnProcess name='Dask Worker process (from Nanny)' pid=638875 parent=638796 started daemon>
2025-09-03 10:53:39,109 - distributed.process - INFO - reaping stray process <SpawnProcess name='Dask Worker process (from Nanny)' pid=638870 parent=638796 started daemon>
2025-09-03 10:53:39,109 - distributed.process - INFO - reaping stray process <SpawnProcess name='Dask Worker process (from Nanny)' pid=638865 parent=638796 started daemon>
2025-09-03 10:53:39,110 - distributed.process - INFO - reaping stray process <SpawnProcess name='Dask Worker process (from Nanny)' pid=638863 parent=638796 started daemon>
2025-09-03 10:53:39,110 - distributed.process - INFO - reaping stray process <SpawnProcess name='Dask Worker process (from Nanny)' pid=638858 parent=638796 started daemon>
2025-09-03 10:53:39,110 - distributed.process - INFO - reaping stray process <SpawnProcess name='Dask Worker process (from Nanny)' pid=638853 parent=638796 started daemon>
2025-09-03 10:53:39,111 - distributed.process - INFO - reaping stray process <SpawnProcess name='Dask Worker process (from Nanny)' pid=638850 parent=638796 started daemon>
2025-09-03 10:53:39,111 - distributed.process - INFO - reaping stray process <SpawnProcess name='Dask Worker process (from Nanny)' pid=638846 parent=638796 started daemon>
2025-09-03 10:53:39,111 - distributed.process - INFO - reaping stray process <SpawnProcess name='Dask Worker process (from Nanny)' pid=638843 parent=638796 started daemon>
2025-09-03 10:53:39,112 - distributed.process - INFO - reaping stray process <SpawnProcess name='Dask Worker process (from Nanny)' pid=638838 parent=638796 started daemon>
2025-09-03 10:53:39,112 - distributed.process - INFO - reaping stray process <SpawnProcess name='Dask Worker process (from Nanny)' pid=638834 parent=638796 started daemon>
2025-09-03 10:53:39,113 - distributed.process - INFO - reaping stray process <SpawnProcess name='Dask Worker process (from Nanny)' pid=638830 parent=638796 started daemon>
2025-09-03 10:53:39,113 - distributed.process - INFO - reaping stray process <SpawnProcess name='Dask Worker process (from Nanny)' pid=638826 parent=638796 started daemon>
2025-09-03 10:53:39,113 - distributed.process - INFO - reaping stray process <SpawnProcess name='Dask Worker process (from Nanny)' pid=638822 parent=638796 started daemon>
2025-09-03 10:53:39,114 - distributed.process - INFO - reaping stray process <SpawnProcess name='Dask Worker process (from Nanny)' pid=638818 parent=638796 started daemon>
2025-09-03 10:53:39,114 - distributed.process - INFO - reaping stray process <SpawnProcess name='Dask Worker process (from Nanny)' pid=638813 parent=638796 started daemon>
2025-09-03 10:53:39,114 - distributed.process - INFO - reaping stray process <SpawnProcess name='Dask Worker process (from Nanny)' pid=638811 parent=638796 started daemon>
2025-09-03 10:53:39,136 - distributed.process - WARNING - [<AsyncProcess Dask Worker process (from Nanny)>] process 638902 exit status was already read will report exitcode 255
2025-09-03 10:53:39,147 - distributed.process - WARNING - [<AsyncProcess Dask Worker process (from Nanny)>] process 638891 exit status was already read will report exitcode 255
