Loading singularity
Loading conda/analysis3-25.06
Loading gadi_jupyterlab/23.02
2025-09-30 12:02:19,215 - distributed.nanny - INFO -         Start Nanny at: 'tcp://10.6.5.30:33401'
2025-09-30 12:02:19,224 - distributed.nanny - INFO -         Start Nanny at: 'tcp://10.6.5.30:37133'
2025-09-30 12:02:19,228 - distributed.nanny - INFO -         Start Nanny at: 'tcp://10.6.5.30:36427'
2025-09-30 12:02:19,232 - distributed.nanny - INFO -         Start Nanny at: 'tcp://10.6.5.30:39731'
2025-09-30 12:02:19,236 - distributed.nanny - INFO -         Start Nanny at: 'tcp://10.6.5.30:39319'
2025-09-30 12:02:19,240 - distributed.nanny - INFO -         Start Nanny at: 'tcp://10.6.5.30:37763'
2025-09-30 12:02:19,244 - distributed.nanny - INFO -         Start Nanny at: 'tcp://10.6.5.30:45047'
2025-09-30 12:02:19,247 - distributed.nanny - INFO -         Start Nanny at: 'tcp://10.6.5.30:43839'
2025-09-30 12:02:19,252 - distributed.nanny - INFO -         Start Nanny at: 'tcp://10.6.5.30:45419'
2025-09-30 12:02:19,257 - distributed.nanny - INFO -         Start Nanny at: 'tcp://10.6.5.30:33643'
2025-09-30 12:02:19,261 - distributed.nanny - INFO -         Start Nanny at: 'tcp://10.6.5.30:46177'
2025-09-30 12:02:19,265 - distributed.nanny - INFO -         Start Nanny at: 'tcp://10.6.5.30:40471'
2025-09-30 12:02:19,270 - distributed.nanny - INFO -         Start Nanny at: 'tcp://10.6.5.30:37469'
2025-09-30 12:02:19,274 - distributed.nanny - INFO -         Start Nanny at: 'tcp://10.6.5.30:43139'
2025-09-30 12:02:19,279 - distributed.nanny - INFO -         Start Nanny at: 'tcp://10.6.5.30:38613'
2025-09-30 12:02:19,283 - distributed.nanny - INFO -         Start Nanny at: 'tcp://10.6.5.30:44301'
2025-09-30 12:02:19,287 - distributed.nanny - INFO -         Start Nanny at: 'tcp://10.6.5.30:33863'
2025-09-30 12:02:19,291 - distributed.nanny - INFO -         Start Nanny at: 'tcp://10.6.5.30:43437'
2025-09-30 12:02:19,295 - distributed.nanny - INFO -         Start Nanny at: 'tcp://10.6.5.30:45617'
2025-09-30 12:02:19,299 - distributed.nanny - INFO -         Start Nanny at: 'tcp://10.6.5.30:43211'
2025-09-30 12:02:19,303 - distributed.nanny - INFO -         Start Nanny at: 'tcp://10.6.5.30:43987'
2025-09-30 12:02:19,424 - distributed.nanny - INFO -         Start Nanny at: 'tcp://10.6.5.30:38247'
2025-09-30 12:02:19,429 - distributed.nanny - INFO -         Start Nanny at: 'tcp://10.6.5.30:40553'
2025-09-30 12:02:19,433 - distributed.nanny - INFO -         Start Nanny at: 'tcp://10.6.5.30:43809'
2025-09-30 12:02:19,438 - distributed.nanny - INFO -         Start Nanny at: 'tcp://10.6.5.30:40311'
2025-09-30 12:02:19,443 - distributed.nanny - INFO -         Start Nanny at: 'tcp://10.6.5.30:46669'
2025-09-30 12:02:19,448 - distributed.nanny - INFO -         Start Nanny at: 'tcp://10.6.5.30:45245'
2025-09-30 12:02:19,452 - distributed.nanny - INFO -         Start Nanny at: 'tcp://10.6.5.30:46183'
2025-09-30 12:02:19,456 - distributed.nanny - INFO -         Start Nanny at: 'tcp://10.6.5.30:42339'
2025-09-30 12:02:19,461 - distributed.nanny - INFO -         Start Nanny at: 'tcp://10.6.5.30:43545'
2025-09-30 12:02:19,466 - distributed.nanny - INFO -         Start Nanny at: 'tcp://10.6.5.30:41033'
2025-09-30 12:02:19,470 - distributed.nanny - INFO -         Start Nanny at: 'tcp://10.6.5.30:46591'
2025-09-30 12:02:19,474 - distributed.nanny - INFO -         Start Nanny at: 'tcp://10.6.5.30:38109'
2025-09-30 12:02:19,477 - distributed.nanny - INFO -         Start Nanny at: 'tcp://10.6.5.30:33563'
2025-09-30 12:02:19,481 - distributed.nanny - INFO -         Start Nanny at: 'tcp://10.6.5.30:42219'
2025-09-30 12:02:19,487 - distributed.nanny - INFO -         Start Nanny at: 'tcp://10.6.5.30:35105'
2025-09-30 12:02:19,491 - distributed.nanny - INFO -         Start Nanny at: 'tcp://10.6.5.30:33595'
2025-09-30 12:02:19,495 - distributed.nanny - INFO -         Start Nanny at: 'tcp://10.6.5.30:43261'
2025-09-30 12:02:19,499 - distributed.nanny - INFO -         Start Nanny at: 'tcp://10.6.5.30:39405'
2025-09-30 12:02:19,503 - distributed.nanny - INFO -         Start Nanny at: 'tcp://10.6.5.30:38649'
2025-09-30 12:02:19,506 - distributed.nanny - INFO -         Start Nanny at: 'tcp://10.6.5.30:44933'
2025-09-30 12:02:19,511 - distributed.nanny - INFO -         Start Nanny at: 'tcp://10.6.5.30:40365'
2025-09-30 12:02:19,513 - distributed.nanny - INFO -         Start Nanny at: 'tcp://10.6.5.30:36243'
2025-09-30 12:02:19,516 - distributed.nanny - INFO -         Start Nanny at: 'tcp://10.6.5.30:41037'
2025-09-30 12:02:19,520 - distributed.nanny - INFO -         Start Nanny at: 'tcp://10.6.5.30:34381'
2025-09-30 12:02:19,522 - distributed.nanny - INFO -         Start Nanny at: 'tcp://10.6.5.30:38753'
2025-09-30 12:02:19,526 - distributed.nanny - INFO -         Start Nanny at: 'tcp://10.6.5.30:32771'
2025-09-30 12:02:19,529 - distributed.nanny - INFO -         Start Nanny at: 'tcp://10.6.5.30:46159'
2025-09-30 12:02:20,606 - distributed.worker - INFO -       Start worker at:      tcp://10.6.5.30:39595
2025-09-30 12:02:20,606 - distributed.worker - INFO -       Start worker at:      tcp://10.6.5.30:36147
2025-09-30 12:02:20,606 - distributed.worker - INFO -       Start worker at:      tcp://10.6.5.30:40495
2025-09-30 12:02:20,606 - distributed.worker - INFO -          Listening to:      tcp://10.6.5.30:39595
2025-09-30 12:02:20,606 - distributed.worker - INFO -          Listening to:      tcp://10.6.5.30:36147
2025-09-30 12:02:20,606 - distributed.worker - INFO -          Listening to:      tcp://10.6.5.30:40495
2025-09-30 12:02:20,606 - distributed.worker - INFO -          dashboard at:            10.6.5.30:39345
2025-09-30 12:02:20,606 - distributed.worker - INFO -          dashboard at:            10.6.5.30:39647
2025-09-30 12:02:20,606 - distributed.worker - INFO -          dashboard at:            10.6.5.30:46513
2025-09-30 12:02:20,606 - distributed.worker - INFO - Waiting to connect to:       tcp://10.6.5.29:8778
2025-09-30 12:02:20,606 - distributed.worker - INFO - Waiting to connect to:       tcp://10.6.5.29:8778
2025-09-30 12:02:20,606 - distributed.worker - INFO -       Start worker at:      tcp://10.6.5.30:33851
2025-09-30 12:02:20,606 - distributed.worker - INFO - -------------------------------------------------
2025-09-30 12:02:20,606 - distributed.worker - INFO - Waiting to connect to:       tcp://10.6.5.29:8778
2025-09-30 12:02:20,606 - distributed.worker - INFO - -------------------------------------------------
2025-09-30 12:02:20,607 - distributed.worker - INFO -               Threads:                          1
2025-09-30 12:02:20,607 - distributed.worker - INFO - -------------------------------------------------
2025-09-30 12:02:20,607 - distributed.worker - INFO -          Listening to:      tcp://10.6.5.30:33851
2025-09-30 12:02:20,607 - distributed.worker - INFO -               Threads:                          1
2025-09-30 12:02:20,607 - distributed.worker - INFO -                Memory:                  62.29 GiB
2025-09-30 12:02:20,607 - distributed.worker - INFO -               Threads:                          1
2025-09-30 12:02:20,607 - distributed.worker - INFO -                Memory:                  62.29 GiB
2025-09-30 12:02:20,607 - distributed.worker - INFO -          dashboard at:            10.6.5.30:46323
2025-09-30 12:02:20,607 - distributed.worker - INFO -                Memory:                  62.29 GiB
2025-09-30 12:02:20,607 - distributed.worker - INFO -       Local Directory: /jobfs/151204890.gadi-pbs/dask-scratch-space/worker-73ou7rk8
2025-09-30 12:02:20,607 - distributed.worker - INFO -       Local Directory: /jobfs/151204890.gadi-pbs/dask-scratch-space/worker-k4fgadxq
2025-09-30 12:02:20,607 - distributed.worker - INFO - Waiting to connect to:       tcp://10.6.5.29:8778
2025-09-30 12:02:20,607 - distributed.worker - INFO -       Local Directory: /jobfs/151204890.gadi-pbs/dask-scratch-space/worker-ego9haeo
2025-09-30 12:02:20,607 - distributed.worker - INFO - -------------------------------------------------
2025-09-30 12:02:20,607 - distributed.worker - INFO - -------------------------------------------------
2025-09-30 12:02:20,607 - distributed.worker - INFO - -------------------------------------------------
2025-09-30 12:02:20,607 - distributed.worker - INFO - -------------------------------------------------
2025-09-30 12:02:20,607 - distributed.worker - INFO -               Threads:                          1
2025-09-30 12:02:20,607 - distributed.worker - INFO -                Memory:                  62.29 GiB
2025-09-30 12:02:20,607 - distributed.worker - INFO -       Local Directory: /jobfs/151204890.gadi-pbs/dask-scratch-space/worker-0c1i6n6f
2025-09-30 12:02:20,607 - distributed.worker - INFO - -------------------------------------------------
2025-09-30 12:02:20,609 - distributed.worker - INFO -       Start worker at:      tcp://10.6.5.30:39137
2025-09-30 12:02:20,609 - distributed.worker - INFO -          Listening to:      tcp://10.6.5.30:39137
2025-09-30 12:02:20,609 - distributed.worker - INFO -          dashboard at:            10.6.5.30:33751
2025-09-30 12:02:20,609 - distributed.worker - INFO - Waiting to connect to:       tcp://10.6.5.29:8778
2025-09-30 12:02:20,609 - distributed.worker - INFO - -------------------------------------------------
2025-09-30 12:02:20,609 - distributed.worker - INFO -               Threads:                          1
2025-09-30 12:02:20,609 - distributed.worker - INFO -                Memory:                  62.29 GiB
2025-09-30 12:02:20,609 - distributed.worker - INFO -       Local Directory: /jobfs/151204890.gadi-pbs/dask-scratch-space/worker-j4wmrq4q
2025-09-30 12:02:20,609 - distributed.worker - INFO - -------------------------------------------------
2025-09-30 12:02:20,619 - distributed.worker - INFO - Starting Worker plugin shuffle
2025-09-30 12:02:20,619 - distributed.worker - INFO -         Registered to:       tcp://10.6.5.29:8778
2025-09-30 12:02:20,619 - distributed.worker - INFO - -------------------------------------------------
2025-09-30 12:02:20,620 - distributed.core - INFO - Starting established connection to tcp://10.6.5.29:8778
2025-09-30 12:02:20,621 - distributed.worker - INFO -       Start worker at:      tcp://10.6.5.30:34735
2025-09-30 12:02:20,621 - distributed.worker - INFO -          Listening to:      tcp://10.6.5.30:34735
2025-09-30 12:02:20,621 - distributed.worker - INFO -          dashboard at:            10.6.5.30:42225
2025-09-30 12:02:20,621 - distributed.worker - INFO - Starting Worker plugin shuffle
2025-09-30 12:02:20,621 - distributed.worker - INFO - Waiting to connect to:       tcp://10.6.5.29:8778
2025-09-30 12:02:20,621 - distributed.worker - INFO - -------------------------------------------------
2025-09-30 12:02:20,621 - distributed.worker - INFO -               Threads:                          1
2025-09-30 12:02:20,621 - distributed.worker - INFO -                Memory:                  62.29 GiB
2025-09-30 12:02:20,621 - distributed.worker - INFO -       Local Directory: /jobfs/151204890.gadi-pbs/dask-scratch-space/worker-o0z25j0r
2025-09-30 12:02:20,621 - distributed.worker - INFO - -------------------------------------------------
2025-09-30 12:02:20,621 - distributed.worker - INFO -         Registered to:       tcp://10.6.5.29:8778
2025-09-30 12:02:20,621 - distributed.worker - INFO - -------------------------------------------------
2025-09-30 12:02:20,622 - distributed.worker - INFO - Starting Worker plugin shuffle
2025-09-30 12:02:20,623 - distributed.worker - INFO -         Registered to:       tcp://10.6.5.29:8778
2025-09-30 12:02:20,623 - distributed.worker - INFO - -------------------------------------------------
2025-09-30 12:02:20,624 - distributed.core - INFO - Starting established connection to tcp://10.6.5.29:8778
2025-09-30 12:02:20,630 - distributed.worker - INFO - Starting Worker plugin shuffle
2025-09-30 12:02:20,631 - distributed.worker - INFO -         Registered to:       tcp://10.6.5.29:8778
2025-09-30 12:02:20,631 - distributed.worker - INFO - -------------------------------------------------
2025-09-30 12:02:20,631 - distributed.core - INFO - Starting established connection to tcp://10.6.5.29:8778
2025-09-30 12:02:20,631 - distributed.core - INFO - Starting established connection to tcp://10.6.5.29:8778
2025-09-30 12:02:20,632 - distributed.worker - INFO - Starting Worker plugin shuffle
2025-09-30 12:02:20,632 - distributed.worker - INFO -         Registered to:       tcp://10.6.5.29:8778
2025-09-30 12:02:20,632 - distributed.worker - INFO - -------------------------------------------------
2025-09-30 12:02:20,633 - distributed.core - INFO - Starting established connection to tcp://10.6.5.29:8778
2025-09-30 12:02:20,636 - distributed.worker - INFO - Starting Worker plugin shuffle
2025-09-30 12:02:20,637 - distributed.worker - INFO -         Registered to:       tcp://10.6.5.29:8778
2025-09-30 12:02:20,637 - distributed.worker - INFO - -------------------------------------------------
2025-09-30 12:02:20,638 - distributed.core - INFO - Starting established connection to tcp://10.6.5.29:8778
2025-09-30 12:02:20,789 - distributed.worker - INFO -       Start worker at:      tcp://10.6.5.30:36721
2025-09-30 12:02:20,789 - distributed.worker - INFO -          Listening to:      tcp://10.6.5.30:36721
2025-09-30 12:02:20,789 - distributed.worker - INFO -          dashboard at:            10.6.5.30:41987
2025-09-30 12:02:20,789 - distributed.worker - INFO - Waiting to connect to:       tcp://10.6.5.29:8778
2025-09-30 12:02:20,789 - distributed.worker - INFO - -------------------------------------------------
2025-09-30 12:02:20,789 - distributed.worker - INFO -               Threads:                          1
2025-09-30 12:02:20,789 - distributed.worker - INFO -                Memory:                  62.29 GiB
2025-09-30 12:02:20,790 - distributed.worker - INFO -       Local Directory: /jobfs/151204890.gadi-pbs/dask-scratch-space/worker-h7aeml78
2025-09-30 12:02:20,790 - distributed.worker - INFO - -------------------------------------------------
2025-09-30 12:02:20,793 - distributed.worker - INFO -       Start worker at:      tcp://10.6.5.30:39535
2025-09-30 12:02:20,793 - distributed.worker - INFO -          Listening to:      tcp://10.6.5.30:39535
2025-09-30 12:02:20,793 - distributed.worker - INFO -          dashboard at:            10.6.5.30:42871
2025-09-30 12:02:20,794 - distributed.worker - INFO - Waiting to connect to:       tcp://10.6.5.29:8778
2025-09-30 12:02:20,794 - distributed.worker - INFO - -------------------------------------------------
2025-09-30 12:02:20,794 - distributed.worker - INFO -               Threads:                          1
2025-09-30 12:02:20,794 - distributed.worker - INFO -                Memory:                  62.29 GiB
2025-09-30 12:02:20,794 - distributed.worker - INFO -       Local Directory: /jobfs/151204890.gadi-pbs/dask-scratch-space/worker-oy30dfba
2025-09-30 12:02:20,794 - distributed.worker - INFO - -------------------------------------------------
2025-09-30 12:02:20,798 - distributed.worker - INFO -       Start worker at:      tcp://10.6.5.30:44689
2025-09-30 12:02:20,798 - distributed.worker - INFO -          Listening to:      tcp://10.6.5.30:44689
2025-09-30 12:02:20,798 - distributed.worker - INFO -          dashboard at:            10.6.5.30:36183
2025-09-30 12:02:20,799 - distributed.worker - INFO - Waiting to connect to:       tcp://10.6.5.29:8778
2025-09-30 12:02:20,799 - distributed.worker - INFO - -------------------------------------------------
2025-09-30 12:02:20,799 - distributed.worker - INFO -               Threads:                          1
2025-09-30 12:02:20,799 - distributed.worker - INFO -                Memory:                  62.29 GiB
2025-09-30 12:02:20,799 - distributed.worker - INFO -       Local Directory: /jobfs/151204890.gadi-pbs/dask-scratch-space/worker-zjegyajh
2025-09-30 12:02:20,799 - distributed.worker - INFO - -------------------------------------------------
2025-09-30 12:02:20,808 - distributed.worker - INFO -       Start worker at:      tcp://10.6.5.30:45707
2025-09-30 12:02:20,808 - distributed.worker - INFO -          Listening to:      tcp://10.6.5.30:45707
2025-09-30 12:02:20,808 - distributed.worker - INFO -       Start worker at:      tcp://10.6.5.30:41989
2025-09-30 12:02:20,808 - distributed.worker - INFO -          dashboard at:            10.6.5.30:39939
2025-09-30 12:02:20,808 - distributed.worker - INFO -          Listening to:      tcp://10.6.5.30:41989
2025-09-30 12:02:20,808 - distributed.worker - INFO - Waiting to connect to:       tcp://10.6.5.29:8778
2025-09-30 12:02:20,808 - distributed.worker - INFO - -------------------------------------------------
2025-09-30 12:02:20,808 - distributed.worker - INFO -          dashboard at:            10.6.5.30:44489
2025-09-30 12:02:20,808 - distributed.worker - INFO -               Threads:                          1
2025-09-30 12:02:20,808 - distributed.worker - INFO - Waiting to connect to:       tcp://10.6.5.29:8778
2025-09-30 12:02:20,808 - distributed.worker - INFO -                Memory:                  62.29 GiB
2025-09-30 12:02:20,808 - distributed.worker - INFO - -------------------------------------------------
2025-09-30 12:02:20,808 - distributed.worker - INFO -               Threads:                          1
2025-09-30 12:02:20,808 - distributed.worker - INFO -       Local Directory: /jobfs/151204890.gadi-pbs/dask-scratch-space/worker-uboxe5ny
2025-09-30 12:02:20,808 - distributed.worker - INFO -                Memory:                  62.29 GiB
2025-09-30 12:02:20,808 - distributed.worker - INFO - -------------------------------------------------
2025-09-30 12:02:20,808 - distributed.worker - INFO -       Local Directory: /jobfs/151204890.gadi-pbs/dask-scratch-space/worker-4nfcc2e1
2025-09-30 12:02:20,808 - distributed.worker - INFO - -------------------------------------------------
2025-09-30 12:02:20,808 - distributed.worker - INFO -       Start worker at:      tcp://10.6.5.30:39019
2025-09-30 12:02:20,809 - distributed.worker - INFO -       Start worker at:      tcp://10.6.5.30:43419
2025-09-30 12:02:20,809 - distributed.worker - INFO -          Listening to:      tcp://10.6.5.30:39019
2025-09-30 12:02:20,809 - distributed.worker - INFO -          Listening to:      tcp://10.6.5.30:43419
2025-09-30 12:02:20,809 - distributed.worker - INFO -          dashboard at:            10.6.5.30:40429
2025-09-30 12:02:20,809 - distributed.worker - INFO - Waiting to connect to:       tcp://10.6.5.29:8778
2025-09-30 12:02:20,809 - distributed.worker - INFO -          dashboard at:            10.6.5.30:42713
2025-09-30 12:02:20,809 - distributed.worker - INFO - -------------------------------------------------
2025-09-30 12:02:20,809 - distributed.worker - INFO - Waiting to connect to:       tcp://10.6.5.29:8778
2025-09-30 12:02:20,809 - distributed.worker - INFO -               Threads:                          1
2025-09-30 12:02:20,809 - distributed.worker - INFO - -------------------------------------------------
2025-09-30 12:02:20,809 - distributed.worker - INFO -                Memory:                  62.29 GiB
2025-09-30 12:02:20,809 - distributed.worker - INFO -               Threads:                          1
2025-09-30 12:02:20,809 - distributed.worker - INFO -                Memory:                  62.29 GiB
2025-09-30 12:02:20,809 - distributed.worker - INFO -       Local Directory: /jobfs/151204890.gadi-pbs/dask-scratch-space/worker-rkpdio24
2025-09-30 12:02:20,809 - distributed.worker - INFO -       Local Directory: /jobfs/151204890.gadi-pbs/dask-scratch-space/worker-kprp2qyt
2025-09-30 12:02:20,809 - distributed.worker - INFO - -------------------------------------------------
2025-09-30 12:02:20,809 - distributed.worker - INFO - -------------------------------------------------
2025-09-30 12:02:20,810 - distributed.worker - INFO - Starting Worker plugin shuffle
2025-09-30 12:02:20,811 - distributed.worker - INFO -         Registered to:       tcp://10.6.5.29:8778
2025-09-30 12:02:20,811 - distributed.worker - INFO - -------------------------------------------------
2025-09-30 12:02:20,812 - distributed.core - INFO - Starting established connection to tcp://10.6.5.29:8778
2025-09-30 12:02:20,815 - distributed.worker - INFO - Starting Worker plugin shuffle
2025-09-30 12:02:20,815 - distributed.worker - INFO -         Registered to:       tcp://10.6.5.29:8778
2025-09-30 12:02:20,815 - distributed.worker - INFO - -------------------------------------------------
2025-09-30 12:02:20,816 - distributed.core - INFO - Starting established connection to tcp://10.6.5.29:8778
2025-09-30 12:02:20,817 - distributed.worker - INFO - Starting Worker plugin shuffle
2025-09-30 12:02:20,818 - distributed.worker - INFO -         Registered to:       tcp://10.6.5.29:8778
2025-09-30 12:02:20,818 - distributed.worker - INFO - -------------------------------------------------
2025-09-30 12:02:20,818 - distributed.core - INFO - Starting established connection to tcp://10.6.5.29:8778
2025-09-30 12:02:20,821 - distributed.worker - INFO -       Start worker at:      tcp://10.6.5.30:39297
2025-09-30 12:02:20,821 - distributed.worker - INFO -       Start worker at:      tcp://10.6.5.30:42547
2025-09-30 12:02:20,821 - distributed.worker - INFO -          Listening to:      tcp://10.6.5.30:39297
2025-09-30 12:02:20,821 - distributed.worker - INFO -          Listening to:      tcp://10.6.5.30:42547
2025-09-30 12:02:20,821 - distributed.worker - INFO -          dashboard at:            10.6.5.30:44269
2025-09-30 12:02:20,821 - distributed.worker - INFO -          dashboard at:            10.6.5.30:39597
2025-09-30 12:02:20,821 - distributed.worker - INFO - Waiting to connect to:       tcp://10.6.5.29:8778
2025-09-30 12:02:20,821 - distributed.worker - INFO - Waiting to connect to:       tcp://10.6.5.29:8778
2025-09-30 12:02:20,821 - distributed.worker - INFO - -------------------------------------------------
2025-09-30 12:02:20,821 - distributed.worker - INFO - -------------------------------------------------
2025-09-30 12:02:20,821 - distributed.worker - INFO -               Threads:                          1
2025-09-30 12:02:20,821 - distributed.worker - INFO -               Threads:                          1
2025-09-30 12:02:20,821 - distributed.worker - INFO -                Memory:                  62.29 GiB
2025-09-30 12:02:20,821 - distributed.worker - INFO -                Memory:                  62.29 GiB
2025-09-30 12:02:20,821 - distributed.worker - INFO -       Local Directory: /jobfs/151204890.gadi-pbs/dask-scratch-space/worker-w_4om3pn
2025-09-30 12:02:20,821 - distributed.worker - INFO -       Local Directory: /jobfs/151204890.gadi-pbs/dask-scratch-space/worker-cne_zr5e
2025-09-30 12:02:20,821 - distributed.worker - INFO - -------------------------------------------------
2025-09-30 12:02:20,821 - distributed.worker - INFO - -------------------------------------------------
2025-09-30 12:02:20,824 - distributed.worker - INFO - Starting Worker plugin shuffle
2025-09-30 12:02:20,825 - distributed.worker - INFO -         Registered to:       tcp://10.6.5.29:8778
2025-09-30 12:02:20,825 - distributed.worker - INFO - -------------------------------------------------
2025-09-30 12:02:20,826 - distributed.core - INFO - Starting established connection to tcp://10.6.5.29:8778
2025-09-30 12:02:20,826 - distributed.worker - INFO - Starting Worker plugin shuffle
2025-09-30 12:02:20,826 - distributed.worker - INFO -         Registered to:       tcp://10.6.5.29:8778
2025-09-30 12:02:20,827 - distributed.worker - INFO - -------------------------------------------------
2025-09-30 12:02:20,827 - distributed.core - INFO - Starting established connection to tcp://10.6.5.29:8778
2025-09-30 12:02:20,828 - distributed.worker - INFO -       Start worker at:      tcp://10.6.5.30:35417
2025-09-30 12:02:20,828 - distributed.worker - INFO -          Listening to:      tcp://10.6.5.30:35417
2025-09-30 12:02:20,828 - distributed.worker - INFO -          dashboard at:            10.6.5.30:37305
2025-09-30 12:02:20,828 - distributed.worker - INFO - Waiting to connect to:       tcp://10.6.5.29:8778
2025-09-30 12:02:20,828 - distributed.worker - INFO - -------------------------------------------------
2025-09-30 12:02:20,828 - distributed.worker - INFO -               Threads:                          1
2025-09-30 12:02:20,828 - distributed.worker - INFO -                Memory:                  62.29 GiB
2025-09-30 12:02:20,829 - distributed.worker - INFO -       Local Directory: /jobfs/151204890.gadi-pbs/dask-scratch-space/worker-500z9218
2025-09-30 12:02:20,829 - distributed.worker - INFO - -------------------------------------------------
2025-09-30 12:02:20,829 - distributed.worker - INFO -       Start worker at:      tcp://10.6.5.30:35949
2025-09-30 12:02:20,830 - distributed.worker - INFO -          Listening to:      tcp://10.6.5.30:35949
2025-09-30 12:02:20,830 - distributed.worker - INFO -          dashboard at:            10.6.5.30:40781
2025-09-30 12:02:20,830 - distributed.worker - INFO - Waiting to connect to:       tcp://10.6.5.29:8778
2025-09-30 12:02:20,830 - distributed.worker - INFO - -------------------------------------------------
2025-09-30 12:02:20,830 - distributed.worker - INFO -               Threads:                          1
2025-09-30 12:02:20,830 - distributed.worker - INFO -                Memory:                  62.29 GiB
2025-09-30 12:02:20,830 - distributed.worker - INFO -       Local Directory: /jobfs/151204890.gadi-pbs/dask-scratch-space/worker-uou5zg85
2025-09-30 12:02:20,830 - distributed.worker - INFO - -------------------------------------------------
2025-09-30 12:02:20,832 - distributed.worker - INFO - Starting Worker plugin shuffle
2025-09-30 12:02:20,833 - distributed.worker - INFO -         Registered to:       tcp://10.6.5.29:8778
2025-09-30 12:02:20,833 - distributed.worker - INFO - -------------------------------------------------
2025-09-30 12:02:20,834 - distributed.core - INFO - Starting established connection to tcp://10.6.5.29:8778
2025-09-30 12:02:20,835 - distributed.worker - INFO - Starting Worker plugin shuffle
2025-09-30 12:02:20,835 - distributed.worker - INFO -         Registered to:       tcp://10.6.5.29:8778
2025-09-30 12:02:20,835 - distributed.worker - INFO - -------------------------------------------------
2025-09-30 12:02:20,836 - distributed.core - INFO - Starting established connection to tcp://10.6.5.29:8778
2025-09-30 12:02:20,837 - distributed.worker - INFO - Starting Worker plugin shuffle
2025-09-30 12:02:20,838 - distributed.worker - INFO -         Registered to:       tcp://10.6.5.29:8778
2025-09-30 12:02:20,838 - distributed.worker - INFO - -------------------------------------------------
2025-09-30 12:02:20,839 - distributed.core - INFO - Starting established connection to tcp://10.6.5.29:8778
2025-09-30 12:02:20,841 - distributed.worker - INFO - Starting Worker plugin shuffle
2025-09-30 12:02:20,841 - distributed.worker - INFO -         Registered to:       tcp://10.6.5.29:8778
2025-09-30 12:02:20,841 - distributed.worker - INFO - -------------------------------------------------
2025-09-30 12:02:20,842 - distributed.core - INFO - Starting established connection to tcp://10.6.5.29:8778
2025-09-30 12:02:20,843 - distributed.worker - INFO - Starting Worker plugin shuffle
2025-09-30 12:02:20,843 - distributed.worker - INFO -         Registered to:       tcp://10.6.5.29:8778
2025-09-30 12:02:20,843 - distributed.worker - INFO - -------------------------------------------------
2025-09-30 12:02:20,844 - distributed.core - INFO - Starting established connection to tcp://10.6.5.29:8778
2025-09-30 12:02:20,847 - distributed.worker - INFO - Starting Worker plugin shuffle
2025-09-30 12:02:20,847 - distributed.worker - INFO -         Registered to:       tcp://10.6.5.29:8778
2025-09-30 12:02:20,847 - distributed.worker - INFO - -------------------------------------------------
2025-09-30 12:02:20,848 - distributed.core - INFO - Starting established connection to tcp://10.6.5.29:8778
2025-09-30 12:02:20,854 - distributed.worker - INFO -       Start worker at:      tcp://10.6.5.30:36197
2025-09-30 12:02:20,854 - distributed.worker - INFO -          Listening to:      tcp://10.6.5.30:36197
2025-09-30 12:02:20,854 - distributed.worker - INFO -          dashboard at:            10.6.5.30:43869
2025-09-30 12:02:20,854 - distributed.worker - INFO - Waiting to connect to:       tcp://10.6.5.29:8778
2025-09-30 12:02:20,854 - distributed.worker - INFO - -------------------------------------------------
2025-09-30 12:02:20,854 - distributed.worker - INFO -               Threads:                          1
2025-09-30 12:02:20,854 - distributed.worker - INFO -                Memory:                  62.29 GiB
2025-09-30 12:02:20,854 - distributed.worker - INFO -       Local Directory: /jobfs/151204890.gadi-pbs/dask-scratch-space/worker-5t_fn3sc
2025-09-30 12:02:20,854 - distributed.worker - INFO - -------------------------------------------------
2025-09-30 12:02:20,874 - distributed.worker - INFO - Starting Worker plugin shuffle
2025-09-30 12:02:20,875 - distributed.worker - INFO -         Registered to:       tcp://10.6.5.29:8778
2025-09-30 12:02:20,875 - distributed.worker - INFO - -------------------------------------------------
2025-09-30 12:02:20,876 - distributed.worker - INFO -       Start worker at:      tcp://10.6.5.30:36117
2025-09-30 12:02:20,876 - distributed.core - INFO - Starting established connection to tcp://10.6.5.29:8778
2025-09-30 12:02:20,876 - distributed.worker - INFO -          Listening to:      tcp://10.6.5.30:36117
2025-09-30 12:02:20,876 - distributed.worker - INFO -          dashboard at:            10.6.5.30:43021
2025-09-30 12:02:20,876 - distributed.worker - INFO - Waiting to connect to:       tcp://10.6.5.29:8778
2025-09-30 12:02:20,876 - distributed.worker - INFO - -------------------------------------------------
2025-09-30 12:02:20,876 - distributed.worker - INFO -               Threads:                          1
2025-09-30 12:02:20,876 - distributed.worker - INFO -                Memory:                  62.29 GiB
2025-09-30 12:02:20,876 - distributed.worker - INFO -       Local Directory: /jobfs/151204890.gadi-pbs/dask-scratch-space/worker-44i4c7tw
2025-09-30 12:02:20,876 - distributed.worker - INFO - -------------------------------------------------
2025-09-30 12:02:20,886 - distributed.worker - INFO -       Start worker at:      tcp://10.6.5.30:46603
2025-09-30 12:02:20,887 - distributed.worker - INFO -          Listening to:      tcp://10.6.5.30:46603
2025-09-30 12:02:20,887 - distributed.worker - INFO -          dashboard at:            10.6.5.30:35317
2025-09-30 12:02:20,887 - distributed.worker - INFO - Waiting to connect to:       tcp://10.6.5.29:8778
2025-09-30 12:02:20,887 - distributed.worker - INFO - -------------------------------------------------
2025-09-30 12:02:20,887 - distributed.worker - INFO -               Threads:                          1
2025-09-30 12:02:20,887 - distributed.worker - INFO -                Memory:                  62.29 GiB
2025-09-30 12:02:20,887 - distributed.worker - INFO -       Local Directory: /jobfs/151204890.gadi-pbs/dask-scratch-space/worker-tsiiu9g_
2025-09-30 12:02:20,887 - distributed.worker - INFO - -------------------------------------------------
2025-09-30 12:02:20,907 - distributed.worker - INFO - Starting Worker plugin shuffle
2025-09-30 12:02:20,907 - distributed.worker - INFO -         Registered to:       tcp://10.6.5.29:8778
2025-09-30 12:02:20,908 - distributed.worker - INFO - -------------------------------------------------
2025-09-30 12:02:20,908 - distributed.core - INFO - Starting established connection to tcp://10.6.5.29:8778
2025-09-30 12:02:20,913 - distributed.worker - INFO - Starting Worker plugin shuffle
2025-09-30 12:02:20,914 - distributed.worker - INFO -         Registered to:       tcp://10.6.5.29:8778
2025-09-30 12:02:20,914 - distributed.worker - INFO - -------------------------------------------------
2025-09-30 12:02:20,916 - distributed.core - INFO - Starting established connection to tcp://10.6.5.29:8778
2025-09-30 12:02:20,917 - distributed.worker - INFO -       Start worker at:      tcp://10.6.5.30:39959
2025-09-30 12:02:20,917 - distributed.worker - INFO -          Listening to:      tcp://10.6.5.30:39959
2025-09-30 12:02:20,917 - distributed.worker - INFO -          dashboard at:            10.6.5.30:40561
2025-09-30 12:02:20,917 - distributed.worker - INFO - Waiting to connect to:       tcp://10.6.5.29:8778
2025-09-30 12:02:20,918 - distributed.worker - INFO - -------------------------------------------------
2025-09-30 12:02:20,918 - distributed.worker - INFO -               Threads:                          1
2025-09-30 12:02:20,918 - distributed.worker - INFO -                Memory:                  62.29 GiB
2025-09-30 12:02:20,918 - distributed.worker - INFO -       Local Directory: /jobfs/151204890.gadi-pbs/dask-scratch-space/worker-rrvfhlsq
2025-09-30 12:02:20,918 - distributed.worker - INFO - -------------------------------------------------
2025-09-30 12:02:20,939 - distributed.worker - INFO - Starting Worker plugin shuffle
2025-09-30 12:02:20,940 - distributed.worker - INFO -         Registered to:       tcp://10.6.5.29:8778
2025-09-30 12:02:20,940 - distributed.worker - INFO - -------------------------------------------------
2025-09-30 12:02:20,942 - distributed.core - INFO - Starting established connection to tcp://10.6.5.29:8778
2025-09-30 12:02:20,945 - distributed.worker - INFO -       Start worker at:      tcp://10.6.5.30:36531
2025-09-30 12:02:20,945 - distributed.worker - INFO -          Listening to:      tcp://10.6.5.30:36531
2025-09-30 12:02:20,945 - distributed.worker - INFO -          dashboard at:            10.6.5.30:37311
2025-09-30 12:02:20,945 - distributed.worker - INFO - Waiting to connect to:       tcp://10.6.5.29:8778
2025-09-30 12:02:20,945 - distributed.worker - INFO - -------------------------------------------------
2025-09-30 12:02:20,945 - distributed.worker - INFO -               Threads:                          1
2025-09-30 12:02:20,945 - distributed.worker - INFO -                Memory:                  62.29 GiB
2025-09-30 12:02:20,946 - distributed.worker - INFO -       Local Directory: /jobfs/151204890.gadi-pbs/dask-scratch-space/worker-yn7xyh09
2025-09-30 12:02:20,946 - distributed.worker - INFO - -------------------------------------------------
2025-09-30 12:02:20,966 - distributed.worker - INFO - Starting Worker plugin shuffle
2025-09-30 12:02:20,966 - distributed.worker - INFO -         Registered to:       tcp://10.6.5.29:8778
2025-09-30 12:02:20,966 - distributed.worker - INFO - -------------------------------------------------
2025-09-30 12:02:20,968 - distributed.core - INFO - Starting established connection to tcp://10.6.5.29:8778
2025-09-30 12:02:20,983 - distributed.worker - INFO -       Start worker at:      tcp://10.6.5.30:37887
2025-09-30 12:02:20,983 - distributed.worker - INFO -          Listening to:      tcp://10.6.5.30:37887
2025-09-30 12:02:20,984 - distributed.worker - INFO -          dashboard at:            10.6.5.30:41401
2025-09-30 12:02:20,984 - distributed.worker - INFO - Waiting to connect to:       tcp://10.6.5.29:8778
2025-09-30 12:02:20,984 - distributed.worker - INFO - -------------------------------------------------
2025-09-30 12:02:20,984 - distributed.worker - INFO -               Threads:                          1
2025-09-30 12:02:20,984 - distributed.worker - INFO -                Memory:                  62.29 GiB
2025-09-30 12:02:20,984 - distributed.worker - INFO -       Local Directory: /jobfs/151204890.gadi-pbs/dask-scratch-space/worker-bnr1wkyf
2025-09-30 12:02:20,984 - distributed.worker - INFO - -------------------------------------------------
2025-09-30 12:02:20,987 - distributed.worker - INFO -       Start worker at:      tcp://10.6.5.30:35293
2025-09-30 12:02:20,988 - distributed.worker - INFO -          Listening to:      tcp://10.6.5.30:35293
2025-09-30 12:02:20,988 - distributed.worker - INFO -          dashboard at:            10.6.5.30:41427
2025-09-30 12:02:20,988 - distributed.worker - INFO - Waiting to connect to:       tcp://10.6.5.29:8778
2025-09-30 12:02:20,988 - distributed.worker - INFO - -------------------------------------------------
2025-09-30 12:02:20,988 - distributed.worker - INFO -               Threads:                          1
2025-09-30 12:02:20,988 - distributed.worker - INFO -                Memory:                  62.29 GiB
2025-09-30 12:02:20,988 - distributed.worker - INFO -       Local Directory: /jobfs/151204890.gadi-pbs/dask-scratch-space/worker-8ak5gidz
2025-09-30 12:02:20,988 - distributed.worker - INFO - -------------------------------------------------
2025-09-30 12:02:20,998 - distributed.worker - INFO -       Start worker at:      tcp://10.6.5.30:39573
2025-09-30 12:02:20,998 - distributed.worker - INFO -          Listening to:      tcp://10.6.5.30:39573
2025-09-30 12:02:20,998 - distributed.worker - INFO -          dashboard at:            10.6.5.30:34513
2025-09-30 12:02:20,998 - distributed.worker - INFO - Waiting to connect to:       tcp://10.6.5.29:8778
2025-09-30 12:02:20,998 - distributed.worker - INFO - -------------------------------------------------
2025-09-30 12:02:20,998 - distributed.worker - INFO -               Threads:                          1
2025-09-30 12:02:20,998 - distributed.worker - INFO -                Memory:                  62.29 GiB
2025-09-30 12:02:20,998 - distributed.worker - INFO -       Local Directory: /jobfs/151204890.gadi-pbs/dask-scratch-space/worker-63edukqc
2025-09-30 12:02:20,999 - distributed.worker - INFO - -------------------------------------------------
2025-09-30 12:02:21,001 - distributed.worker - INFO -       Start worker at:      tcp://10.6.5.30:44253
2025-09-30 12:02:21,001 - distributed.worker - INFO -          Listening to:      tcp://10.6.5.30:44253
2025-09-30 12:02:21,001 - distributed.worker - INFO -          dashboard at:            10.6.5.30:39095
2025-09-30 12:02:21,001 - distributed.worker - INFO - Waiting to connect to:       tcp://10.6.5.29:8778
2025-09-30 12:02:21,001 - distributed.worker - INFO - -------------------------------------------------
2025-09-30 12:02:21,001 - distributed.worker - INFO -               Threads:                          1
2025-09-30 12:02:21,002 - distributed.worker - INFO -                Memory:                  62.29 GiB
2025-09-30 12:02:21,002 - distributed.worker - INFO -       Local Directory: /jobfs/151204890.gadi-pbs/dask-scratch-space/worker-tbdnfcac
2025-09-30 12:02:21,002 - distributed.worker - INFO - -------------------------------------------------
2025-09-30 12:02:21,006 - distributed.worker - INFO - Starting Worker plugin shuffle
2025-09-30 12:02:21,007 - distributed.worker - INFO -         Registered to:       tcp://10.6.5.29:8778
2025-09-30 12:02:21,007 - distributed.worker - INFO - -------------------------------------------------
2025-09-30 12:02:21,008 - distributed.worker - INFO - Starting Worker plugin shuffle
2025-09-30 12:02:21,008 - distributed.core - INFO - Starting established connection to tcp://10.6.5.29:8778
2025-09-30 12:02:21,009 - distributed.worker - INFO -         Registered to:       tcp://10.6.5.29:8778
2025-09-30 12:02:21,009 - distributed.worker - INFO - -------------------------------------------------
2025-09-30 12:02:21,010 - distributed.core - INFO - Starting established connection to tcp://10.6.5.29:8778
2025-09-30 12:02:21,014 - distributed.worker - INFO -       Start worker at:      tcp://10.6.5.30:32991
2025-09-30 12:02:21,014 - distributed.worker - INFO -          Listening to:      tcp://10.6.5.30:32991
2025-09-30 12:02:21,014 - distributed.worker - INFO -          dashboard at:            10.6.5.30:45349
2025-09-30 12:02:21,014 - distributed.worker - INFO - Waiting to connect to:       tcp://10.6.5.29:8778
2025-09-30 12:02:21,015 - distributed.worker - INFO - -------------------------------------------------
2025-09-30 12:02:21,015 - distributed.worker - INFO -               Threads:                          1
2025-09-30 12:02:21,015 - distributed.worker - INFO -                Memory:                  62.29 GiB
2025-09-30 12:02:21,015 - distributed.worker - INFO -       Local Directory: /jobfs/151204890.gadi-pbs/dask-scratch-space/worker-xi282u06
2025-09-30 12:02:21,015 - distributed.worker - INFO - -------------------------------------------------
2025-09-30 12:02:21,018 - distributed.worker - INFO - Starting Worker plugin shuffle
2025-09-30 12:02:21,019 - distributed.worker - INFO -         Registered to:       tcp://10.6.5.29:8778
2025-09-30 12:02:21,020 - distributed.worker - INFO - -------------------------------------------------
2025-09-30 12:02:21,021 - distributed.worker - INFO - Starting Worker plugin shuffle
2025-09-30 12:02:21,021 - distributed.core - INFO - Starting established connection to tcp://10.6.5.29:8778
2025-09-30 12:02:21,022 - distributed.worker - INFO -         Registered to:       tcp://10.6.5.29:8778
2025-09-30 12:02:21,022 - distributed.worker - INFO - -------------------------------------------------
2025-09-30 12:02:21,023 - distributed.core - INFO - Starting established connection to tcp://10.6.5.29:8778
2025-09-30 12:02:21,035 - distributed.worker - INFO - Starting Worker plugin shuffle
2025-09-30 12:02:21,036 - distributed.worker - INFO -         Registered to:       tcp://10.6.5.29:8778
2025-09-30 12:02:21,036 - distributed.worker - INFO - -------------------------------------------------
2025-09-30 12:02:21,037 - distributed.core - INFO - Starting established connection to tcp://10.6.5.29:8778
2025-09-30 12:02:21,055 - distributed.worker - INFO -       Start worker at:      tcp://10.6.5.30:35873
2025-09-30 12:02:21,055 - distributed.worker - INFO -          Listening to:      tcp://10.6.5.30:35873
2025-09-30 12:02:21,055 - distributed.worker - INFO -          dashboard at:            10.6.5.30:35627
2025-09-30 12:02:21,055 - distributed.worker - INFO - Waiting to connect to:       tcp://10.6.5.29:8778
2025-09-30 12:02:21,056 - distributed.worker - INFO - -------------------------------------------------
2025-09-30 12:02:21,056 - distributed.worker - INFO -               Threads:                          1
2025-09-30 12:02:21,056 - distributed.worker - INFO -                Memory:                  62.29 GiB
2025-09-30 12:02:21,056 - distributed.worker - INFO -       Local Directory: /jobfs/151204890.gadi-pbs/dask-scratch-space/worker-izwst4el
2025-09-30 12:02:21,056 - distributed.worker - INFO - -------------------------------------------------
2025-09-30 12:02:21,062 - distributed.worker - INFO -       Start worker at:      tcp://10.6.5.30:39743
2025-09-30 12:02:21,062 - distributed.worker - INFO -          Listening to:      tcp://10.6.5.30:39743
2025-09-30 12:02:21,062 - distributed.worker - INFO -          dashboard at:            10.6.5.30:34239
2025-09-30 12:02:21,062 - distributed.worker - INFO - Waiting to connect to:       tcp://10.6.5.29:8778
2025-09-30 12:02:21,062 - distributed.worker - INFO - -------------------------------------------------
2025-09-30 12:02:21,063 - distributed.worker - INFO -               Threads:                          1
2025-09-30 12:02:21,063 - distributed.worker - INFO -                Memory:                  62.29 GiB
2025-09-30 12:02:21,063 - distributed.worker - INFO -       Local Directory: /jobfs/151204890.gadi-pbs/dask-scratch-space/worker-bumw8ud3
2025-09-30 12:02:21,063 - distributed.worker - INFO - -------------------------------------------------
2025-09-30 12:02:21,074 - distributed.worker - INFO - Starting Worker plugin shuffle
2025-09-30 12:02:21,075 - distributed.worker - INFO -         Registered to:       tcp://10.6.5.29:8778
2025-09-30 12:02:21,075 - distributed.worker - INFO - -------------------------------------------------
2025-09-30 12:02:21,076 - distributed.core - INFO - Starting established connection to tcp://10.6.5.29:8778
2025-09-30 12:02:21,077 - distributed.worker - INFO - Starting Worker plugin shuffle
2025-09-30 12:02:21,077 - distributed.worker - INFO -         Registered to:       tcp://10.6.5.29:8778
2025-09-30 12:02:21,077 - distributed.worker - INFO - -------------------------------------------------
2025-09-30 12:02:21,079 - distributed.core - INFO - Starting established connection to tcp://10.6.5.29:8778
2025-09-30 12:02:21,102 - distributed.worker - INFO -       Start worker at:      tcp://10.6.5.30:43989
2025-09-30 12:02:21,102 - distributed.worker - INFO -          Listening to:      tcp://10.6.5.30:43989
2025-09-30 12:02:21,102 - distributed.worker - INFO -          dashboard at:            10.6.5.30:43925
2025-09-30 12:02:21,102 - distributed.worker - INFO - Waiting to connect to:       tcp://10.6.5.29:8778
2025-09-30 12:02:21,103 - distributed.worker - INFO - -------------------------------------------------
2025-09-30 12:02:21,103 - distributed.worker - INFO -               Threads:                          1
2025-09-30 12:02:21,103 - distributed.worker - INFO -                Memory:                  62.29 GiB
2025-09-30 12:02:21,103 - distributed.worker - INFO -       Local Directory: /jobfs/151204890.gadi-pbs/dask-scratch-space/worker-d_lyqm6z
2025-09-30 12:02:21,103 - distributed.worker - INFO - -------------------------------------------------
2025-09-30 12:02:21,103 - distributed.worker - INFO -       Start worker at:      tcp://10.6.5.30:35161
2025-09-30 12:02:21,103 - distributed.worker - INFO -          Listening to:      tcp://10.6.5.30:35161
2025-09-30 12:02:21,103 - distributed.worker - INFO -          dashboard at:            10.6.5.30:44929
2025-09-30 12:02:21,103 - distributed.worker - INFO - Waiting to connect to:       tcp://10.6.5.29:8778
2025-09-30 12:02:21,103 - distributed.worker - INFO - -------------------------------------------------
2025-09-30 12:02:21,103 - distributed.worker - INFO -               Threads:                          1
2025-09-30 12:02:21,103 - distributed.worker - INFO -                Memory:                  62.29 GiB
2025-09-30 12:02:21,103 - distributed.worker - INFO -       Local Directory: /jobfs/151204890.gadi-pbs/dask-scratch-space/worker-07x3_pvx
2025-09-30 12:02:21,103 - distributed.worker - INFO - -------------------------------------------------
2025-09-30 12:02:21,107 - distributed.worker - INFO -       Start worker at:      tcp://10.6.5.30:46553
2025-09-30 12:02:21,107 - distributed.worker - INFO -          Listening to:      tcp://10.6.5.30:46553
2025-09-30 12:02:21,107 - distributed.worker - INFO -          dashboard at:            10.6.5.30:43285
2025-09-30 12:02:21,108 - distributed.worker - INFO - Waiting to connect to:       tcp://10.6.5.29:8778
2025-09-30 12:02:21,108 - distributed.worker - INFO - -------------------------------------------------
2025-09-30 12:02:21,108 - distributed.worker - INFO -               Threads:                          1
2025-09-30 12:02:21,108 - distributed.worker - INFO -                Memory:                  62.29 GiB
2025-09-30 12:02:21,108 - distributed.worker - INFO -       Local Directory: /jobfs/151204890.gadi-pbs/dask-scratch-space/worker-m8zlekq7
2025-09-30 12:02:21,108 - distributed.worker - INFO - -------------------------------------------------
2025-09-30 12:02:21,115 - distributed.worker - INFO -       Start worker at:      tcp://10.6.5.30:44985
2025-09-30 12:02:21,115 - distributed.worker - INFO -          Listening to:      tcp://10.6.5.30:44985
2025-09-30 12:02:21,115 - distributed.worker - INFO -          dashboard at:            10.6.5.30:39613
2025-09-30 12:02:21,115 - distributed.worker - INFO - Waiting to connect to:       tcp://10.6.5.29:8778
2025-09-30 12:02:21,115 - distributed.worker - INFO - -------------------------------------------------
2025-09-30 12:02:21,115 - distributed.worker - INFO -               Threads:                          1
2025-09-30 12:02:21,115 - distributed.worker - INFO -                Memory:                  62.29 GiB
2025-09-30 12:02:21,115 - distributed.worker - INFO -       Local Directory: /jobfs/151204890.gadi-pbs/dask-scratch-space/worker-0_dmdr88
2025-09-30 12:02:21,115 - distributed.worker - INFO - -------------------------------------------------
2025-09-30 12:02:21,117 - distributed.worker - INFO -       Start worker at:      tcp://10.6.5.30:46707
2025-09-30 12:02:21,117 - distributed.worker - INFO -          Listening to:      tcp://10.6.5.30:46707
2025-09-30 12:02:21,117 - distributed.worker - INFO -          dashboard at:            10.6.5.30:33145
2025-09-30 12:02:21,117 - distributed.worker - INFO - Waiting to connect to:       tcp://10.6.5.29:8778
2025-09-30 12:02:21,117 - distributed.worker - INFO - -------------------------------------------------
2025-09-30 12:02:21,117 - distributed.worker - INFO -               Threads:                          1
2025-09-30 12:02:21,117 - distributed.worker - INFO -       Start worker at:      tcp://10.6.5.30:41207
2025-09-30 12:02:21,117 - distributed.worker - INFO -                Memory:                  62.29 GiB
2025-09-30 12:02:21,117 - distributed.worker - INFO -          Listening to:      tcp://10.6.5.30:41207
2025-09-30 12:02:21,117 - distributed.worker - INFO -       Local Directory: /jobfs/151204890.gadi-pbs/dask-scratch-space/worker-8dto3vvg
2025-09-30 12:02:21,117 - distributed.worker - INFO -          dashboard at:            10.6.5.30:42823
2025-09-30 12:02:21,117 - distributed.worker - INFO - -------------------------------------------------
2025-09-30 12:02:21,117 - distributed.worker - INFO - Waiting to connect to:       tcp://10.6.5.29:8778
2025-09-30 12:02:21,118 - distributed.worker - INFO - -------------------------------------------------
2025-09-30 12:02:21,118 - distributed.worker - INFO -               Threads:                          1
2025-09-30 12:02:21,118 - distributed.worker - INFO -                Memory:                  62.29 GiB
2025-09-30 12:02:21,118 - distributed.worker - INFO -       Local Directory: /jobfs/151204890.gadi-pbs/dask-scratch-space/worker-3gl8w5_j
2025-09-30 12:02:21,118 - distributed.worker - INFO - -------------------------------------------------
2025-09-30 12:02:21,118 - distributed.worker - INFO -       Start worker at:      tcp://10.6.5.30:36349
2025-09-30 12:02:21,118 - distributed.worker - INFO -          Listening to:      tcp://10.6.5.30:36349
2025-09-30 12:02:21,118 - distributed.worker - INFO -          dashboard at:            10.6.5.30:34147
2025-09-30 12:02:21,118 - distributed.worker - INFO - Waiting to connect to:       tcp://10.6.5.29:8778
2025-09-30 12:02:21,118 - distributed.worker - INFO - -------------------------------------------------
2025-09-30 12:02:21,118 - distributed.worker - INFO -               Threads:                          1
2025-09-30 12:02:21,118 - distributed.worker - INFO -                Memory:                  62.29 GiB
2025-09-30 12:02:21,118 - distributed.worker - INFO -       Local Directory: /jobfs/151204890.gadi-pbs/dask-scratch-space/worker-s6upzdb4
2025-09-30 12:02:21,118 - distributed.worker - INFO - -------------------------------------------------
2025-09-30 12:02:21,119 - distributed.worker - INFO - Starting Worker plugin shuffle
2025-09-30 12:02:21,120 - distributed.worker - INFO -         Registered to:       tcp://10.6.5.29:8778
2025-09-30 12:02:21,120 - distributed.worker - INFO - -------------------------------------------------
2025-09-30 12:02:21,121 - distributed.core - INFO - Starting established connection to tcp://10.6.5.29:8778
2025-09-30 12:02:21,121 - distributed.worker - INFO -       Start worker at:      tcp://10.6.5.30:40567
2025-09-30 12:02:21,121 - distributed.worker - INFO -          Listening to:      tcp://10.6.5.30:40567
2025-09-30 12:02:21,121 - distributed.worker - INFO -          dashboard at:            10.6.5.30:44979
2025-09-30 12:02:21,121 - distributed.worker - INFO - Waiting to connect to:       tcp://10.6.5.29:8778
2025-09-30 12:02:21,121 - distributed.worker - INFO - -------------------------------------------------
2025-09-30 12:02:21,121 - distributed.worker - INFO -               Threads:                          1
2025-09-30 12:02:21,121 - distributed.worker - INFO -                Memory:                  62.29 GiB
2025-09-30 12:02:21,121 - distributed.worker - INFO -       Local Directory: /jobfs/151204890.gadi-pbs/dask-scratch-space/worker-jtmlj_mn
2025-09-30 12:02:21,121 - distributed.worker - INFO - -------------------------------------------------
2025-09-30 12:02:21,122 - distributed.worker - INFO -       Start worker at:      tcp://10.6.5.30:39583
2025-09-30 12:02:21,123 - distributed.worker - INFO -          Listening to:      tcp://10.6.5.30:39583
2025-09-30 12:02:21,123 - distributed.worker - INFO -          dashboard at:            10.6.5.30:43479
2025-09-30 12:02:21,123 - distributed.worker - INFO - Waiting to connect to:       tcp://10.6.5.29:8778
2025-09-30 12:02:21,123 - distributed.worker - INFO - -------------------------------------------------
2025-09-30 12:02:21,123 - distributed.worker - INFO -               Threads:                          1
2025-09-30 12:02:21,123 - distributed.worker - INFO -                Memory:                  62.29 GiB
2025-09-30 12:02:21,123 - distributed.worker - INFO -       Local Directory: /jobfs/151204890.gadi-pbs/dask-scratch-space/worker-kwf1zp3k
2025-09-30 12:02:21,123 - distributed.worker - INFO - -------------------------------------------------
2025-09-30 12:02:21,124 - distributed.worker - INFO -       Start worker at:      tcp://10.6.5.30:32803
2025-09-30 12:02:21,124 - distributed.worker - INFO -          Listening to:      tcp://10.6.5.30:32803
2025-09-30 12:02:21,124 - distributed.worker - INFO -          dashboard at:            10.6.5.30:43293
2025-09-30 12:02:21,124 - distributed.worker - INFO - Waiting to connect to:       tcp://10.6.5.29:8778
2025-09-30 12:02:21,124 - distributed.worker - INFO - -------------------------------------------------
2025-09-30 12:02:21,124 - distributed.worker - INFO -               Threads:                          1
2025-09-30 12:02:21,124 - distributed.worker - INFO -                Memory:                  62.29 GiB
2025-09-30 12:02:21,124 - distributed.worker - INFO -       Local Directory: /jobfs/151204890.gadi-pbs/dask-scratch-space/worker-pgcptkp8
2025-09-30 12:02:21,124 - distributed.worker - INFO - -------------------------------------------------
2025-09-30 12:02:21,125 - distributed.worker - INFO - Starting Worker plugin shuffle
2025-09-30 12:02:21,126 - distributed.worker - INFO -         Registered to:       tcp://10.6.5.29:8778
2025-09-30 12:02:21,126 - distributed.worker - INFO - -------------------------------------------------
2025-09-30 12:02:21,127 - distributed.worker - INFO - Starting Worker plugin shuffle
2025-09-30 12:02:21,128 - distributed.core - INFO - Starting established connection to tcp://10.6.5.29:8778
2025-09-30 12:02:21,128 - distributed.worker - INFO -         Registered to:       tcp://10.6.5.29:8778
2025-09-30 12:02:21,128 - distributed.worker - INFO - -------------------------------------------------
2025-09-30 12:02:21,129 - distributed.worker - INFO -       Start worker at:      tcp://10.6.5.30:43825
2025-09-30 12:02:21,129 - distributed.worker - INFO -          Listening to:      tcp://10.6.5.30:43825
2025-09-30 12:02:21,129 - distributed.worker - INFO -          dashboard at:            10.6.5.30:36295
2025-09-30 12:02:21,129 - distributed.worker - INFO - Waiting to connect to:       tcp://10.6.5.29:8778
2025-09-30 12:02:21,129 - distributed.worker - INFO - -------------------------------------------------
2025-09-30 12:02:21,129 - distributed.worker - INFO -               Threads:                          1
2025-09-30 12:02:21,129 - distributed.worker - INFO -                Memory:                  62.29 GiB
2025-09-30 12:02:21,129 - distributed.worker - INFO -       Local Directory: /jobfs/151204890.gadi-pbs/dask-scratch-space/worker-s8wulkll
2025-09-30 12:02:21,129 - distributed.worker - INFO - -------------------------------------------------
2025-09-30 12:02:21,130 - distributed.core - INFO - Starting established connection to tcp://10.6.5.29:8778
2025-09-30 12:02:21,131 - distributed.worker - INFO - Starting Worker plugin shuffle
2025-09-30 12:02:21,131 - distributed.worker - INFO -         Registered to:       tcp://10.6.5.29:8778
2025-09-30 12:02:21,131 - distributed.worker - INFO - -------------------------------------------------
2025-09-30 12:02:21,132 - distributed.core - INFO - Starting established connection to tcp://10.6.5.29:8778
2025-09-30 12:02:21,133 - distributed.worker - INFO - Starting Worker plugin shuffle
2025-09-30 12:02:21,134 - distributed.worker - INFO -         Registered to:       tcp://10.6.5.29:8778
2025-09-30 12:02:21,134 - distributed.worker - INFO - -------------------------------------------------
2025-09-30 12:02:21,135 - distributed.core - INFO - Starting established connection to tcp://10.6.5.29:8778
2025-09-30 12:02:21,136 - distributed.worker - INFO - Starting Worker plugin shuffle
2025-09-30 12:02:21,137 - distributed.worker - INFO - Starting Worker plugin shuffle
2025-09-30 12:02:21,137 - distributed.worker - INFO -         Registered to:       tcp://10.6.5.29:8778
2025-09-30 12:02:21,137 - distributed.worker - INFO -         Registered to:       tcp://10.6.5.29:8778
2025-09-30 12:02:21,137 - distributed.worker - INFO - -------------------------------------------------
2025-09-30 12:02:21,137 - distributed.worker - INFO - -------------------------------------------------
2025-09-30 12:02:21,137 - distributed.worker - INFO -       Start worker at:      tcp://10.6.5.30:37787
2025-09-30 12:02:21,137 - distributed.worker - INFO -          Listening to:      tcp://10.6.5.30:37787
2025-09-30 12:02:21,137 - distributed.worker - INFO -          dashboard at:            10.6.5.30:41429
2025-09-30 12:02:21,137 - distributed.worker - INFO - Waiting to connect to:       tcp://10.6.5.29:8778
2025-09-30 12:02:21,138 - distributed.worker - INFO - -------------------------------------------------
2025-09-30 12:02:21,138 - distributed.worker - INFO -               Threads:                          1
2025-09-30 12:02:21,138 - distributed.worker - INFO -                Memory:                  62.29 GiB
2025-09-30 12:02:21,138 - distributed.worker - INFO -       Local Directory: /jobfs/151204890.gadi-pbs/dask-scratch-space/worker-kziro77w
2025-09-30 12:02:21,138 - distributed.worker - INFO - -------------------------------------------------
2025-09-30 12:02:21,138 - distributed.core - INFO - Starting established connection to tcp://10.6.5.29:8778
2025-09-30 12:02:21,139 - distributed.core - INFO - Starting established connection to tcp://10.6.5.29:8778
2025-09-30 12:02:21,139 - distributed.worker - INFO - Starting Worker plugin shuffle
2025-09-30 12:02:21,140 - distributed.worker - INFO -         Registered to:       tcp://10.6.5.29:8778
2025-09-30 12:02:21,140 - distributed.worker - INFO - -------------------------------------------------
2025-09-30 12:02:21,141 - distributed.core - INFO - Starting established connection to tcp://10.6.5.29:8778
2025-09-30 12:02:21,142 - distributed.worker - INFO -       Start worker at:      tcp://10.6.5.30:32985
2025-09-30 12:02:21,142 - distributed.worker - INFO -          Listening to:      tcp://10.6.5.30:32985
2025-09-30 12:02:21,142 - distributed.worker - INFO -          dashboard at:            10.6.5.30:45845
2025-09-30 12:02:21,142 - distributed.worker - INFO - Waiting to connect to:       tcp://10.6.5.29:8778
2025-09-30 12:02:21,142 - distributed.worker - INFO - -------------------------------------------------
2025-09-30 12:02:21,142 - distributed.worker - INFO -               Threads:                          1
2025-09-30 12:02:21,142 - distributed.worker - INFO -                Memory:                  62.29 GiB
2025-09-30 12:02:21,142 - distributed.worker - INFO -       Local Directory: /jobfs/151204890.gadi-pbs/dask-scratch-space/worker-dj13fgjm
2025-09-30 12:02:21,142 - distributed.worker - INFO - -------------------------------------------------
2025-09-30 12:02:21,144 - distributed.worker - INFO -       Start worker at:      tcp://10.6.5.30:46509
2025-09-30 12:02:21,144 - distributed.worker - INFO -          Listening to:      tcp://10.6.5.30:46509
2025-09-30 12:02:21,144 - distributed.worker - INFO -          dashboard at:            10.6.5.30:34931
2025-09-30 12:02:21,144 - distributed.worker - INFO - Waiting to connect to:       tcp://10.6.5.29:8778
2025-09-30 12:02:21,144 - distributed.worker - INFO - -------------------------------------------------
2025-09-30 12:02:21,144 - distributed.worker - INFO - Starting Worker plugin shuffle
2025-09-30 12:02:21,145 - distributed.worker - INFO -               Threads:                          1
2025-09-30 12:02:21,145 - distributed.worker - INFO -                Memory:                  62.29 GiB
2025-09-30 12:02:21,145 - distributed.worker - INFO -       Local Directory: /jobfs/151204890.gadi-pbs/dask-scratch-space/worker-nlmldiln
2025-09-30 12:02:21,145 - distributed.worker - INFO - -------------------------------------------------
2025-09-30 12:02:21,145 - distributed.worker - INFO -         Registered to:       tcp://10.6.5.29:8778
2025-09-30 12:02:21,146 - distributed.worker - INFO - -------------------------------------------------
2025-09-30 12:02:21,147 - distributed.worker - INFO - Starting Worker plugin shuffle
2025-09-30 12:02:21,147 - distributed.core - INFO - Starting established connection to tcp://10.6.5.29:8778
2025-09-30 12:02:21,147 - distributed.worker - INFO -         Registered to:       tcp://10.6.5.29:8778
2025-09-30 12:02:21,148 - distributed.worker - INFO - -------------------------------------------------
2025-09-30 12:02:21,149 - distributed.core - INFO - Starting established connection to tcp://10.6.5.29:8778
2025-09-30 12:02:21,150 - distributed.worker - INFO - Starting Worker plugin shuffle
2025-09-30 12:02:21,151 - distributed.worker - INFO -         Registered to:       tcp://10.6.5.29:8778
2025-09-30 12:02:21,151 - distributed.worker - INFO - -------------------------------------------------
2025-09-30 12:02:21,151 - distributed.worker - INFO - Starting Worker plugin shuffle
2025-09-30 12:02:21,152 - distributed.worker - INFO -         Registered to:       tcp://10.6.5.29:8778
2025-09-30 12:02:21,152 - distributed.worker - INFO - -------------------------------------------------
2025-09-30 12:02:21,152 - distributed.core - INFO - Starting established connection to tcp://10.6.5.29:8778
2025-09-30 12:02:21,153 - distributed.core - INFO - Starting established connection to tcp://10.6.5.29:8778
2025-09-30 12:02:21,153 - distributed.worker - INFO -       Start worker at:      tcp://10.6.5.30:43881
2025-09-30 12:02:21,153 - distributed.worker - INFO -          Listening to:      tcp://10.6.5.30:43881
2025-09-30 12:02:21,153 - distributed.worker - INFO -          dashboard at:            10.6.5.30:37095
2025-09-30 12:02:21,153 - distributed.worker - INFO - Waiting to connect to:       tcp://10.6.5.29:8778
2025-09-30 12:02:21,153 - distributed.worker - INFO - -------------------------------------------------
2025-09-30 12:02:21,153 - distributed.worker - INFO -               Threads:                          1
2025-09-30 12:02:21,153 - distributed.worker - INFO -                Memory:                  62.29 GiB
2025-09-30 12:02:21,153 - distributed.worker - INFO -       Local Directory: /jobfs/151204890.gadi-pbs/dask-scratch-space/worker-omt8xxtz
2025-09-30 12:02:21,153 - distributed.worker - INFO - -------------------------------------------------
2025-09-30 12:02:21,156 - distributed.worker - INFO - Starting Worker plugin shuffle
2025-09-30 12:02:21,157 - distributed.worker - INFO -         Registered to:       tcp://10.6.5.29:8778
2025-09-30 12:02:21,157 - distributed.worker - INFO - -------------------------------------------------
2025-09-30 12:02:21,159 - distributed.core - INFO - Starting established connection to tcp://10.6.5.29:8778
2025-09-30 12:02:21,161 - distributed.worker - INFO -       Start worker at:      tcp://10.6.5.30:34399
2025-09-30 12:02:21,161 - distributed.worker - INFO -          Listening to:      tcp://10.6.5.30:34399
2025-09-30 12:02:21,161 - distributed.worker - INFO -          dashboard at:            10.6.5.30:43645
2025-09-30 12:02:21,161 - distributed.worker - INFO - Waiting to connect to:       tcp://10.6.5.29:8778
2025-09-30 12:02:21,161 - distributed.worker - INFO - -------------------------------------------------
2025-09-30 12:02:21,161 - distributed.worker - INFO -               Threads:                          1
2025-09-30 12:02:21,161 - distributed.worker - INFO -                Memory:                  62.29 GiB
2025-09-30 12:02:21,161 - distributed.worker - INFO -       Local Directory: /jobfs/151204890.gadi-pbs/dask-scratch-space/worker-zctrtfvw
2025-09-30 12:02:21,161 - distributed.worker - INFO - -------------------------------------------------
2025-09-30 12:02:21,162 - distributed.worker - INFO -       Start worker at:      tcp://10.6.5.30:46015
2025-09-30 12:02:21,163 - distributed.worker - INFO -          Listening to:      tcp://10.6.5.30:46015
2025-09-30 12:02:21,162 - distributed.worker - INFO - Starting Worker plugin shuffle
2025-09-30 12:02:21,163 - distributed.worker - INFO -          dashboard at:            10.6.5.30:40221
2025-09-30 12:02:21,163 - distributed.worker - INFO - Waiting to connect to:       tcp://10.6.5.29:8778
2025-09-30 12:02:21,163 - distributed.worker - INFO - -------------------------------------------------
2025-09-30 12:02:21,163 - distributed.worker - INFO -               Threads:                          1
2025-09-30 12:02:21,163 - distributed.worker - INFO -                Memory:                  62.29 GiB
2025-09-30 12:02:21,163 - distributed.worker - INFO -       Local Directory: /jobfs/151204890.gadi-pbs/dask-scratch-space/worker-0suw1bd3
2025-09-30 12:02:21,163 - distributed.worker - INFO - -------------------------------------------------
2025-09-30 12:02:21,163 - distributed.worker - INFO -         Registered to:       tcp://10.6.5.29:8778
2025-09-30 12:02:21,164 - distributed.worker - INFO - -------------------------------------------------
2025-09-30 12:02:21,165 - distributed.core - INFO - Starting established connection to tcp://10.6.5.29:8778
2025-09-30 12:02:21,169 - distributed.worker - INFO - Starting Worker plugin shuffle
2025-09-30 12:02:21,170 - distributed.worker - INFO -         Registered to:       tcp://10.6.5.29:8778
2025-09-30 12:02:21,170 - distributed.worker - INFO - -------------------------------------------------
2025-09-30 12:02:21,171 - distributed.core - INFO - Starting established connection to tcp://10.6.5.29:8778
2025-09-30 12:02:21,172 - distributed.worker - INFO -       Start worker at:      tcp://10.6.5.30:44649
2025-09-30 12:02:21,172 - distributed.worker - INFO -          Listening to:      tcp://10.6.5.30:44649
2025-09-30 12:02:21,172 - distributed.worker - INFO -          dashboard at:            10.6.5.30:33429
2025-09-30 12:02:21,172 - distributed.worker - INFO - Waiting to connect to:       tcp://10.6.5.29:8778
2025-09-30 12:02:21,172 - distributed.worker - INFO - -------------------------------------------------
2025-09-30 12:02:21,172 - distributed.worker - INFO -               Threads:                          1
2025-09-30 12:02:21,172 - distributed.worker - INFO -                Memory:                  62.29 GiB
2025-09-30 12:02:21,173 - distributed.worker - INFO -       Local Directory: /jobfs/151204890.gadi-pbs/dask-scratch-space/worker-nvzfqgj5
2025-09-30 12:02:21,173 - distributed.worker - INFO - -------------------------------------------------
2025-09-30 12:02:21,173 - distributed.worker - INFO - Starting Worker plugin shuffle
2025-09-30 12:02:21,173 - distributed.worker - INFO -         Registered to:       tcp://10.6.5.29:8778
2025-09-30 12:02:21,173 - distributed.worker - INFO - -------------------------------------------------
2025-09-30 12:02:21,174 - distributed.core - INFO - Starting established connection to tcp://10.6.5.29:8778
2025-09-30 12:02:21,176 - distributed.worker - INFO - Starting Worker plugin shuffle
2025-09-30 12:02:21,176 - distributed.worker - INFO -         Registered to:       tcp://10.6.5.29:8778
2025-09-30 12:02:21,176 - distributed.worker - INFO - -------------------------------------------------
2025-09-30 12:02:21,177 - distributed.core - INFO - Starting established connection to tcp://10.6.5.29:8778
2025-09-30 12:02:21,185 - distributed.worker - INFO - Starting Worker plugin shuffle
2025-09-30 12:02:21,185 - distributed.worker - INFO -         Registered to:       tcp://10.6.5.29:8778
2025-09-30 12:02:21,185 - distributed.worker - INFO - -------------------------------------------------
2025-09-30 12:02:21,186 - distributed.core - INFO - Starting established connection to tcp://10.6.5.29:8778
2025-09-30 12:02:21,222 - distributed.worker - INFO -       Start worker at:      tcp://10.6.5.30:39915
2025-09-30 12:02:21,222 - distributed.worker - INFO -          Listening to:      tcp://10.6.5.30:39915
2025-09-30 12:02:21,222 - distributed.worker - INFO -          dashboard at:            10.6.5.30:46047
2025-09-30 12:02:21,222 - distributed.worker - INFO - Waiting to connect to:       tcp://10.6.5.29:8778
2025-09-30 12:02:21,222 - distributed.worker - INFO - -------------------------------------------------
2025-09-30 12:02:21,222 - distributed.worker - INFO -               Threads:                          1
2025-09-30 12:02:21,222 - distributed.worker - INFO -                Memory:                  62.29 GiB
2025-09-30 12:02:21,222 - distributed.worker - INFO -       Local Directory: /jobfs/151204890.gadi-pbs/dask-scratch-space/worker-ojtgfjaf
2025-09-30 12:02:21,222 - distributed.worker - INFO - -------------------------------------------------
2025-09-30 12:02:21,242 - distributed.worker - INFO - Starting Worker plugin shuffle
2025-09-30 12:02:21,243 - distributed.worker - INFO -         Registered to:       tcp://10.6.5.29:8778
2025-09-30 12:02:21,243 - distributed.worker - INFO - -------------------------------------------------
2025-09-30 12:02:21,244 - distributed.core - INFO - Starting established connection to tcp://10.6.5.29:8778
2025-09-30 12:02:26,219 - distributed.worker - INFO - Starting Worker plugin qme_utils.py99f69e53-6e3b-467e-80db-1c4303e7984f
2025-09-30 12:02:26,220 - distributed.worker - INFO - Starting Worker plugin qme_utils.py99f69e53-6e3b-467e-80db-1c4303e7984f
2025-09-30 12:02:26,220 - distributed.worker - INFO - Starting Worker plugin qme_utils.py99f69e53-6e3b-467e-80db-1c4303e7984f
2025-09-30 12:02:26,220 - distributed.worker - INFO - Starting Worker plugin qme_utils.py99f69e53-6e3b-467e-80db-1c4303e7984f
2025-09-30 12:02:26,220 - distributed.worker - INFO - Starting Worker plugin qme_utils.py99f69e53-6e3b-467e-80db-1c4303e7984f
2025-09-30 12:02:26,220 - distributed.worker - INFO - Starting Worker plugin qme_utils.py99f69e53-6e3b-467e-80db-1c4303e7984f
2025-09-30 12:02:26,221 - distributed.worker - INFO - Starting Worker plugin qme_utils.py99f69e53-6e3b-467e-80db-1c4303e7984f
2025-09-30 12:02:26,221 - distributed.worker - INFO - Starting Worker plugin qme_utils.py99f69e53-6e3b-467e-80db-1c4303e7984f
2025-09-30 12:02:26,221 - distributed.worker - INFO - Starting Worker plugin qme_utils.py99f69e53-6e3b-467e-80db-1c4303e7984f
2025-09-30 12:02:26,221 - distributed.worker - INFO - Starting Worker plugin qme_utils.py99f69e53-6e3b-467e-80db-1c4303e7984f
2025-09-30 12:02:26,221 - distributed.utils - INFO - Reload module qme_utils from .py file
2025-09-30 12:02:26,221 - distributed.utils - INFO - Reload module qme_utils from .py file
2025-09-30 12:02:26,221 - distributed.utils - INFO - Reload module qme_utils from .py file
2025-09-30 12:02:26,221 - distributed.utils - INFO - Reload module qme_utils from .py file
2025-09-30 12:02:26,221 - distributed.worker - INFO - Starting Worker plugin qme_utils.py99f69e53-6e3b-467e-80db-1c4303e7984f
2025-09-30 12:02:26,221 - distributed.utils - INFO - Reload module qme_utils from .py file
2025-09-30 12:02:26,221 - distributed.worker - INFO - Starting Worker plugin qme_utils.py99f69e53-6e3b-467e-80db-1c4303e7984f
2025-09-30 12:02:26,222 - distributed.utils - INFO - Reload module qme_utils from .py file
2025-09-30 12:02:26,222 - distributed.utils - INFO - Reload module qme_utils from .py file
2025-09-30 12:02:26,222 - distributed.utils - INFO - Reload module qme_utils from .py file
2025-09-30 12:02:26,222 - distributed.worker - INFO - Starting Worker plugin qme_utils.py99f69e53-6e3b-467e-80db-1c4303e7984f
2025-09-30 12:02:26,222 - distributed.worker - INFO - Starting Worker plugin qme_utils.py99f69e53-6e3b-467e-80db-1c4303e7984f
2025-09-30 12:02:26,222 - distributed.utils - INFO - Reload module qme_utils from .py file
2025-09-30 12:02:26,222 - distributed.worker - INFO - Starting Worker plugin qme_utils.py99f69e53-6e3b-467e-80db-1c4303e7984f
2025-09-30 12:02:26,222 - distributed.utils - INFO - Reload module qme_utils from .py file
2025-09-30 12:02:26,222 - distributed.worker - INFO - Starting Worker plugin qme_utils.py99f69e53-6e3b-467e-80db-1c4303e7984f
2025-09-30 12:02:26,222 - distributed.worker - INFO - Starting Worker plugin qme_utils.py99f69e53-6e3b-467e-80db-1c4303e7984f
2025-09-30 12:02:26,223 - distributed.worker - INFO - Starting Worker plugin qme_utils.py99f69e53-6e3b-467e-80db-1c4303e7984f
2025-09-30 12:02:26,223 - distributed.utils - INFO - Reload module qme_utils from .py file
2025-09-30 12:02:26,223 - distributed.utils - INFO - Reload module qme_utils from .py file
2025-09-30 12:02:26,223 - distributed.worker - INFO - Starting Worker plugin qme_utils.py99f69e53-6e3b-467e-80db-1c4303e7984f
2025-09-30 12:02:26,223 - distributed.worker - INFO - Starting Worker plugin qme_utils.py99f69e53-6e3b-467e-80db-1c4303e7984f
2025-09-30 12:02:26,223 - distributed.utils - INFO - Reload module qme_utils from .py file
2025-09-30 12:02:26,223 - distributed.worker - INFO - Starting Worker plugin qme_utils.py99f69e53-6e3b-467e-80db-1c4303e7984f
2025-09-30 12:02:26,223 - distributed.utils - INFO - Reload module qme_utils from .py file
2025-09-30 12:02:26,224 - distributed.worker - INFO - Starting Worker plugin qme_utils.py99f69e53-6e3b-467e-80db-1c4303e7984f
2025-09-30 12:02:26,224 - distributed.utils - INFO - Reload module qme_utils from .py file
2025-09-30 12:02:26,224 - distributed.utils - INFO - Reload module qme_utils from .py file
2025-09-30 12:02:26,224 - distributed.utils - INFO - Reload module qme_utils from .py file
2025-09-30 12:02:26,224 - distributed.utils - INFO - Reload module qme_utils from .py file
2025-09-30 12:02:26,224 - distributed.worker - INFO - Starting Worker plugin qme_utils.py99f69e53-6e3b-467e-80db-1c4303e7984f
2025-09-30 12:02:26,224 - distributed.worker - INFO - Starting Worker plugin qme_utils.py99f69e53-6e3b-467e-80db-1c4303e7984f
2025-09-30 12:02:26,224 - distributed.worker - INFO - Starting Worker plugin qme_utils.py99f69e53-6e3b-467e-80db-1c4303e7984f
2025-09-30 12:02:26,224 - distributed.utils - INFO - Reload module qme_utils from .py file
2025-09-30 12:02:26,224 - distributed.utils - INFO - Reload module qme_utils from .py file
2025-09-30 12:02:26,225 - distributed.worker - INFO - Starting Worker plugin qme_utils.py99f69e53-6e3b-467e-80db-1c4303e7984f
2025-09-30 12:02:26,225 - distributed.utils - INFO - Reload module qme_utils from .py file
2025-09-30 12:02:26,225 - distributed.utils - INFO - Reload module qme_utils from .py file
2025-09-30 12:02:26,225 - distributed.worker - INFO - Starting Worker plugin qme_utils.py99f69e53-6e3b-467e-80db-1c4303e7984f
2025-09-30 12:02:26,225 - distributed.worker - INFO - Starting Worker plugin qme_utils.py99f69e53-6e3b-467e-80db-1c4303e7984f
2025-09-30 12:02:26,225 - distributed.worker - INFO - Starting Worker plugin qme_utils.py99f69e53-6e3b-467e-80db-1c4303e7984f
2025-09-30 12:02:26,225 - distributed.utils - INFO - Reload module qme_utils from .py file
2025-09-30 12:02:26,225 - distributed.utils - INFO - Reload module qme_utils from .py file
2025-09-30 12:02:26,225 - distributed.worker - INFO - Starting Worker plugin qme_utils.py99f69e53-6e3b-467e-80db-1c4303e7984f
2025-09-30 12:02:26,225 - distributed.worker - INFO - Starting Worker plugin qme_utils.py99f69e53-6e3b-467e-80db-1c4303e7984f
2025-09-30 12:02:26,225 - distributed.utils - INFO - Reload module qme_utils from .py file
2025-09-30 12:02:26,226 - distributed.worker - INFO - Starting Worker plugin qme_utils.py99f69e53-6e3b-467e-80db-1c4303e7984f
2025-09-30 12:02:26,226 - distributed.utils - INFO - Reload module qme_utils from .py file
2025-09-30 12:02:26,226 - distributed.worker - INFO - Starting Worker plugin qme_utils.py99f69e53-6e3b-467e-80db-1c4303e7984f
2025-09-30 12:02:26,226 - distributed.worker - INFO - Starting Worker plugin qme_utils.py99f69e53-6e3b-467e-80db-1c4303e7984f
2025-09-30 12:02:26,226 - distributed.utils - INFO - Reload module qme_utils from .py file
2025-09-30 12:02:26,226 - distributed.utils - INFO - Reload module qme_utils from .py file
2025-09-30 12:02:26,226 - distributed.utils - INFO - Reload module qme_utils from .py file
2025-09-30 12:02:26,226 - distributed.worker - INFO - Starting Worker plugin qme_utils.py99f69e53-6e3b-467e-80db-1c4303e7984f
2025-09-30 12:02:26,226 - distributed.utils - INFO - Reload module qme_utils from .py file
2025-09-30 12:02:26,226 - distributed.worker - INFO - Starting Worker plugin qme_utils.py99f69e53-6e3b-467e-80db-1c4303e7984f
2025-09-30 12:02:26,226 - distributed.worker - INFO - Starting Worker plugin qme_utils.py99f69e53-6e3b-467e-80db-1c4303e7984f
2025-09-30 12:02:26,227 - distributed.utils - INFO - Reload module qme_utils from .py file
2025-09-30 12:02:26,227 - distributed.worker - INFO - Starting Worker plugin qme_utils.py99f69e53-6e3b-467e-80db-1c4303e7984f
2025-09-30 12:02:26,227 - distributed.worker - INFO - Starting Worker plugin qme_utils.py99f69e53-6e3b-467e-80db-1c4303e7984f
2025-09-30 12:02:26,227 - distributed.utils - INFO - Reload module qme_utils from .py file
2025-09-30 12:02:26,228 - distributed.utils - INFO - Reload module qme_utils from .py file
2025-09-30 12:02:26,228 - distributed.worker - INFO - Starting Worker plugin qme_utils.py99f69e53-6e3b-467e-80db-1c4303e7984f
2025-09-30 12:02:26,228 - distributed.utils - INFO - Reload module qme_utils from .py file
2025-09-30 12:02:26,228 - distributed.utils - INFO - Reload module qme_utils from .py file
2025-09-30 12:02:26,228 - distributed.worker - INFO - Starting Worker plugin qme_utils.py99f69e53-6e3b-467e-80db-1c4303e7984f
2025-09-30 12:02:26,228 - distributed.worker - INFO - Starting Worker plugin qme_utils.py99f69e53-6e3b-467e-80db-1c4303e7984f
2025-09-30 12:02:26,228 - distributed.utils - INFO - Reload module qme_utils from .py file
2025-09-30 12:02:26,228 - distributed.worker - INFO - Starting Worker plugin qme_utils.py99f69e53-6e3b-467e-80db-1c4303e7984f
2025-09-30 12:02:26,228 - distributed.worker - INFO - Starting Worker plugin qme_utils.py99f69e53-6e3b-467e-80db-1c4303e7984f
2025-09-30 12:02:26,228 - distributed.utils - INFO - Reload module qme_utils from .py file
2025-09-30 12:02:26,228 - distributed.worker - INFO - Starting Worker plugin qme_utils.py99f69e53-6e3b-467e-80db-1c4303e7984f
2025-09-30 12:02:26,229 - distributed.worker - INFO - Starting Worker plugin qme_utils.py99f69e53-6e3b-467e-80db-1c4303e7984f
2025-09-30 12:02:26,229 - distributed.worker - INFO - Starting Worker plugin qme_utils.py99f69e53-6e3b-467e-80db-1c4303e7984f
2025-09-30 12:02:26,229 - distributed.utils - INFO - Reload module qme_utils from .py file
2025-09-30 12:02:26,229 - distributed.utils - INFO - Reload module qme_utils from .py file
2025-09-30 12:02:26,229 - distributed.utils - INFO - Reload module qme_utils from .py file
2025-09-30 12:02:26,229 - distributed.utils - INFO - Reload module qme_utils from .py file
2025-09-30 12:02:26,229 - distributed.utils - INFO - Reload module qme_utils from .py file
2025-09-30 12:02:26,229 - distributed.utils - INFO - Reload module qme_utils from .py file
2025-09-30 12:02:26,230 - distributed.utils - INFO - Reload module qme_utils from .py file
2025-09-30 12:02:26,230 - distributed.utils - INFO - Reload module qme_utils from .py file
2025-09-30 12:02:26,230 - distributed.utils - INFO - Reload module qme_utils from .py file
2025-09-30 12:02:26,229 - distributed.worker - INFO - Starting Worker plugin qme_utils.py99f69e53-6e3b-467e-80db-1c4303e7984f
2025-09-30 12:02:26,231 - distributed.utils - INFO - Reload module qme_utils from .py file
2025-09-30 12:02:26,233 - distributed.utils - INFO - Reload module qme_utils from .py file
2025-09-30 12:02:28,528 - distributed.worker - INFO - Starting Worker plugin qme_vars.pyf6a47b58-0fd3-441c-954b-42f7f441cf41
2025-09-30 12:02:28,528 - distributed.worker - INFO - Starting Worker plugin qme_vars.pyf6a47b58-0fd3-441c-954b-42f7f441cf41
2025-09-30 12:02:28,528 - distributed.worker - INFO - Starting Worker plugin qme_vars.pyf6a47b58-0fd3-441c-954b-42f7f441cf41
2025-09-30 12:02:28,528 - distributed.worker - INFO - Starting Worker plugin qme_vars.pyf6a47b58-0fd3-441c-954b-42f7f441cf41
2025-09-30 12:02:28,529 - distributed.worker - INFO - Starting Worker plugin qme_vars.pyf6a47b58-0fd3-441c-954b-42f7f441cf41
2025-09-30 12:02:28,529 - distributed.worker - INFO - Starting Worker plugin qme_vars.pyf6a47b58-0fd3-441c-954b-42f7f441cf41
2025-09-30 12:02:28,529 - distributed.worker - INFO - Starting Worker plugin qme_vars.pyf6a47b58-0fd3-441c-954b-42f7f441cf41
2025-09-30 12:02:28,529 - distributed.worker - INFO - Starting Worker plugin qme_vars.pyf6a47b58-0fd3-441c-954b-42f7f441cf41
2025-09-30 12:02:28,529 - distributed.worker - INFO - Starting Worker plugin qme_vars.pyf6a47b58-0fd3-441c-954b-42f7f441cf41
2025-09-30 12:02:28,530 - distributed.utils - INFO - Reload module qme_vars from .py file
2025-09-30 12:02:28,530 - distributed.utils - INFO - Reload module qme_vars from .py file
2025-09-30 12:02:28,530 - distributed.utils - INFO - Reload module qme_vars from .py file
2025-09-30 12:02:28,530 - distributed.utils - INFO - Reload module qme_vars from .py file
2025-09-30 12:02:28,530 - distributed.worker - INFO - Starting Worker plugin qme_vars.pyf6a47b58-0fd3-441c-954b-42f7f441cf41
2025-09-30 12:02:28,530 - distributed.worker - INFO - Starting Worker plugin qme_vars.pyf6a47b58-0fd3-441c-954b-42f7f441cf41
2025-09-30 12:02:28,530 - distributed.utils - INFO - Reload module qme_vars from .py file
2025-09-30 12:02:28,530 - distributed.utils - INFO - Reload module qme_vars from .py file
2025-09-30 12:02:28,530 - distributed.worker - INFO - Starting Worker plugin qme_vars.pyf6a47b58-0fd3-441c-954b-42f7f441cf41
2025-09-30 12:02:28,530 - distributed.worker - INFO - Starting Worker plugin qme_vars.pyf6a47b58-0fd3-441c-954b-42f7f441cf41
2025-09-30 12:02:28,531 - distributed.utils - INFO - Reload module qme_vars from .py file
2025-09-30 12:02:28,530 - distributed.worker - INFO - Starting Worker plugin qme_vars.pyf6a47b58-0fd3-441c-954b-42f7f441cf41
2025-09-30 12:02:28,531 - distributed.utils - INFO - Reload module qme_vars from .py file
2025-09-30 12:02:28,530 - distributed.worker - INFO - Starting Worker plugin qme_vars.pyf6a47b58-0fd3-441c-954b-42f7f441cf41
2025-09-30 12:02:28,531 - distributed.utils - INFO - Reload module qme_vars from .py file
2025-09-30 12:02:28,531 - distributed.worker - INFO - Starting Worker plugin qme_vars.pyf6a47b58-0fd3-441c-954b-42f7f441cf41
2025-09-30 12:02:28,531 - distributed.utils - INFO - Reload module qme_vars from .py file
2025-09-30 12:02:28,531 - distributed.worker - INFO - Starting Worker plugin qme_vars.pyf6a47b58-0fd3-441c-954b-42f7f441cf41
2025-09-30 12:02:28,531 - distributed.utils - INFO - Reload module qme_vars from .py file
2025-09-30 12:02:28,531 - distributed.worker - INFO - Starting Worker plugin qme_vars.pyf6a47b58-0fd3-441c-954b-42f7f441cf41
2025-09-30 12:02:28,532 - distributed.utils - INFO - Reload module qme_vars from .py file
2025-09-30 12:02:28,531 - distributed.worker - INFO - Starting Worker plugin qme_vars.pyf6a47b58-0fd3-441c-954b-42f7f441cf41
2025-09-30 12:02:28,532 - distributed.utils - INFO - Reload module qme_vars from .py file
2025-09-30 12:02:28,532 - distributed.utils - INFO - Reload module qme_vars from .py file
2025-09-30 12:02:28,532 - distributed.worker - INFO - Starting Worker plugin qme_vars.pyf6a47b58-0fd3-441c-954b-42f7f441cf41
2025-09-30 12:02:28,532 - distributed.worker - INFO - Starting Worker plugin qme_vars.pyf6a47b58-0fd3-441c-954b-42f7f441cf41
2025-09-30 12:02:28,532 - distributed.utils - INFO - Reload module qme_vars from .py file
2025-09-30 12:02:28,532 - distributed.utils - INFO - Reload module qme_vars from .py file
2025-09-30 12:02:28,532 - distributed.worker - INFO - Starting Worker plugin qme_vars.pyf6a47b58-0fd3-441c-954b-42f7f441cf41
2025-09-30 12:02:28,532 - distributed.worker - INFO - Starting Worker plugin qme_vars.pyf6a47b58-0fd3-441c-954b-42f7f441cf41
2025-09-30 12:02:28,533 - distributed.utils - INFO - Reload module qme_vars from .py file
2025-09-30 12:02:28,532 - distributed.worker - INFO - Starting Worker plugin qme_vars.pyf6a47b58-0fd3-441c-954b-42f7f441cf41
2025-09-30 12:02:28,533 - distributed.utils - INFO - Reload module qme_vars from .py file
2025-09-30 12:02:28,532 - distributed.worker - INFO - Starting Worker plugin qme_vars.pyf6a47b58-0fd3-441c-954b-42f7f441cf41
2025-09-30 12:02:28,533 - distributed.utils - INFO - Reload module qme_vars from .py file
2025-09-30 12:02:28,533 - distributed.worker - INFO - Starting Worker plugin qme_vars.pyf6a47b58-0fd3-441c-954b-42f7f441cf41
2025-09-30 12:02:28,533 - distributed.utils - INFO - Reload module qme_vars from .py file
2025-09-30 12:02:28,533 - distributed.worker - INFO - Starting Worker plugin qme_vars.pyf6a47b58-0fd3-441c-954b-42f7f441cf41
2025-09-30 12:02:28,533 - distributed.utils - INFO - Reload module qme_vars from .py file
2025-09-30 12:02:28,533 - distributed.utils - INFO - Reload module qme_vars from .py file
2025-09-30 12:02:28,533 - distributed.worker - INFO - Starting Worker plugin qme_vars.pyf6a47b58-0fd3-441c-954b-42f7f441cf41
2025-09-30 12:02:28,534 - distributed.utils - INFO - Reload module qme_vars from .py file
2025-09-30 12:02:28,533 - distributed.worker - INFO - Starting Worker plugin qme_vars.pyf6a47b58-0fd3-441c-954b-42f7f441cf41
2025-09-30 12:02:28,533 - distributed.worker - INFO - Starting Worker plugin qme_vars.pyf6a47b58-0fd3-441c-954b-42f7f441cf41
2025-09-30 12:02:28,534 - distributed.utils - INFO - Reload module qme_vars from .py file
2025-09-30 12:02:28,534 - distributed.utils - INFO - Reload module qme_vars from .py file
2025-09-30 12:02:28,534 - distributed.worker - INFO - Starting Worker plugin qme_vars.pyf6a47b58-0fd3-441c-954b-42f7f441cf41
2025-09-30 12:02:28,534 - distributed.worker - INFO - Starting Worker plugin qme_vars.pyf6a47b58-0fd3-441c-954b-42f7f441cf41
2025-09-30 12:02:28,534 - distributed.utils - INFO - Reload module qme_vars from .py file
2025-09-30 12:02:28,534 - distributed.utils - INFO - Reload module qme_vars from .py file
2025-09-30 12:02:28,534 - distributed.worker - INFO - Starting Worker plugin qme_vars.pyf6a47b58-0fd3-441c-954b-42f7f441cf41
2025-09-30 12:02:28,534 - distributed.worker - INFO - Starting Worker plugin qme_vars.pyf6a47b58-0fd3-441c-954b-42f7f441cf41
2025-09-30 12:02:28,535 - distributed.utils - INFO - Reload module qme_vars from .py file
2025-09-30 12:02:28,534 - distributed.worker - INFO - Starting Worker plugin qme_vars.pyf6a47b58-0fd3-441c-954b-42f7f441cf41
2025-09-30 12:02:28,535 - distributed.utils - INFO - Reload module qme_vars from .py file
2025-09-30 12:02:28,535 - distributed.utils - INFO - Reload module qme_vars from .py file
2025-09-30 12:02:28,535 - distributed.worker - INFO - Starting Worker plugin qme_vars.pyf6a47b58-0fd3-441c-954b-42f7f441cf41
2025-09-30 12:02:28,535 - distributed.worker - INFO - Starting Worker plugin qme_vars.pyf6a47b58-0fd3-441c-954b-42f7f441cf41
2025-09-30 12:02:28,535 - distributed.utils - INFO - Reload module qme_vars from .py file
2025-09-30 12:02:28,535 - distributed.worker - INFO - Starting Worker plugin qme_vars.pyf6a47b58-0fd3-441c-954b-42f7f441cf41
2025-09-30 12:02:28,536 - distributed.utils - INFO - Reload module qme_vars from .py file
2025-09-30 12:02:28,536 - distributed.utils - INFO - Reload module qme_vars from .py file
2025-09-30 12:02:28,536 - distributed.utils - INFO - Reload module qme_vars from .py file
2025-09-30 12:02:28,535 - distributed.worker - INFO - Starting Worker plugin qme_vars.pyf6a47b58-0fd3-441c-954b-42f7f441cf41
2025-09-30 12:02:28,536 - distributed.utils - INFO - Reload module qme_vars from .py file
2025-09-30 12:02:28,536 - distributed.worker - INFO - Starting Worker plugin qme_vars.pyf6a47b58-0fd3-441c-954b-42f7f441cf41
2025-09-30 12:02:28,536 - distributed.utils - INFO - Reload module qme_vars from .py file
2025-09-30 12:02:28,535 - distributed.worker - INFO - Starting Worker plugin qme_vars.pyf6a47b58-0fd3-441c-954b-42f7f441cf41
2025-09-30 12:02:28,536 - distributed.worker - INFO - Starting Worker plugin qme_vars.pyf6a47b58-0fd3-441c-954b-42f7f441cf41
2025-09-30 12:02:28,536 - distributed.worker - INFO - Starting Worker plugin qme_vars.pyf6a47b58-0fd3-441c-954b-42f7f441cf41
2025-09-30 12:02:28,536 - distributed.utils - INFO - Reload module qme_vars from .py file
2025-09-30 12:02:28,537 - distributed.utils - INFO - Reload module qme_vars from .py file
2025-09-30 12:02:28,536 - distributed.worker - INFO - Starting Worker plugin qme_vars.pyf6a47b58-0fd3-441c-954b-42f7f441cf41
2025-09-30 12:02:28,536 - distributed.worker - INFO - Starting Worker plugin qme_vars.pyf6a47b58-0fd3-441c-954b-42f7f441cf41
2025-09-30 12:02:28,536 - distributed.worker - INFO - Starting Worker plugin qme_vars.pyf6a47b58-0fd3-441c-954b-42f7f441cf41
2025-09-30 12:02:28,537 - distributed.utils - INFO - Reload module qme_vars from .py file
2025-09-30 12:02:28,537 - distributed.worker - INFO - Starting Worker plugin qme_vars.pyf6a47b58-0fd3-441c-954b-42f7f441cf41
2025-09-30 12:02:28,537 - distributed.utils - INFO - Reload module qme_vars from .py file
2025-09-30 12:02:28,537 - distributed.worker - INFO - Starting Worker plugin qme_vars.pyf6a47b58-0fd3-441c-954b-42f7f441cf41
2025-09-30 12:02:28,537 - distributed.utils - INFO - Reload module qme_vars from .py file
2025-09-30 12:02:28,538 - distributed.utils - INFO - Reload module qme_vars from .py file
2025-09-30 12:02:28,538 - distributed.utils - INFO - Reload module qme_vars from .py file
2025-09-30 12:02:28,538 - distributed.utils - INFO - Reload module qme_vars from .py file
2025-09-30 12:02:28,538 - distributed.utils - INFO - Reload module qme_vars from .py file
2025-09-30 12:02:28,538 - distributed.utils - INFO - Reload module qme_vars from .py file
2025-09-30 12:02:28,538 - distributed.utils - INFO - Reload module qme_vars from .py file
2025-09-30 12:02:28,538 - distributed.utils - INFO - Reload module qme_vars from .py file
2025-09-30 12:02:28,577 - distributed.worker - INFO - Starting Worker plugin qme_train.pycf55dc51-3e94-4140-a709-0ad3c1bc6d73
2025-09-30 12:02:28,577 - distributed.worker - INFO - Starting Worker plugin qme_train.pycf55dc51-3e94-4140-a709-0ad3c1bc6d73
2025-09-30 12:02:28,577 - distributed.worker - INFO - Starting Worker plugin qme_train.pycf55dc51-3e94-4140-a709-0ad3c1bc6d73
2025-09-30 12:02:28,577 - distributed.worker - INFO - Starting Worker plugin qme_train.pycf55dc51-3e94-4140-a709-0ad3c1bc6d73
2025-09-30 12:02:28,578 - distributed.worker - INFO - Starting Worker plugin qme_train.pycf55dc51-3e94-4140-a709-0ad3c1bc6d73
2025-09-30 12:02:28,578 - distributed.worker - INFO - Starting Worker plugin qme_train.pycf55dc51-3e94-4140-a709-0ad3c1bc6d73
2025-09-30 12:02:28,578 - distributed.worker - INFO - Starting Worker plugin qme_train.pycf55dc51-3e94-4140-a709-0ad3c1bc6d73
2025-09-30 12:02:28,578 - distributed.worker - INFO - Starting Worker plugin qme_train.pycf55dc51-3e94-4140-a709-0ad3c1bc6d73
2025-09-30 12:02:28,578 - distributed.worker - INFO - Starting Worker plugin qme_train.pycf55dc51-3e94-4140-a709-0ad3c1bc6d73
2025-09-30 12:02:28,579 - distributed.worker - INFO - Starting Worker plugin qme_train.pycf55dc51-3e94-4140-a709-0ad3c1bc6d73
2025-09-30 12:02:28,579 - distributed.utils - INFO - Reload module qme_train from .py file
2025-09-30 12:02:28,579 - distributed.worker - INFO - Starting Worker plugin qme_train.pycf55dc51-3e94-4140-a709-0ad3c1bc6d73
2025-09-30 12:02:28,579 - distributed.utils - INFO - Reload module qme_train from .py file
2025-09-30 12:02:28,579 - distributed.worker - INFO - Starting Worker plugin qme_train.pycf55dc51-3e94-4140-a709-0ad3c1bc6d73
2025-09-30 12:02:28,579 - distributed.worker - INFO - Starting Worker plugin qme_train.pycf55dc51-3e94-4140-a709-0ad3c1bc6d73
2025-09-30 12:02:28,579 - distributed.utils - INFO - Reload module qme_train from .py file
2025-09-30 12:02:28,580 - distributed.worker - INFO - Starting Worker plugin qme_train.pycf55dc51-3e94-4140-a709-0ad3c1bc6d73
2025-09-30 12:02:28,580 - distributed.utils - INFO - Reload module qme_train from .py file
2025-09-30 12:02:28,580 - distributed.worker - INFO - Starting Worker plugin qme_train.pycf55dc51-3e94-4140-a709-0ad3c1bc6d73
2025-09-30 12:02:28,580 - distributed.utils - INFO - Reload module qme_train from .py file
2025-09-30 12:02:28,580 - distributed.utils - INFO - Reload module qme_train from .py file
2025-09-30 12:02:28,580 - distributed.worker - INFO - Starting Worker plugin qme_train.pycf55dc51-3e94-4140-a709-0ad3c1bc6d73
2025-09-30 12:02:28,580 - distributed.worker - INFO - Starting Worker plugin qme_train.pycf55dc51-3e94-4140-a709-0ad3c1bc6d73
2025-09-30 12:02:28,580 - distributed.worker - INFO - Starting Worker plugin qme_train.pycf55dc51-3e94-4140-a709-0ad3c1bc6d73
2025-09-30 12:02:28,580 - distributed.utils - INFO - Reload module qme_train from .py file
2025-09-30 12:02:28,580 - distributed.worker - INFO - Starting Worker plugin qme_train.pycf55dc51-3e94-4140-a709-0ad3c1bc6d73
2025-09-30 12:02:28,581 - distributed.utils - INFO - Reload module qme_train from .py file
2025-09-30 12:02:28,581 - distributed.utils - INFO - Reload module qme_train from .py file
2025-09-30 12:02:28,581 - distributed.worker - INFO - Starting Worker plugin qme_train.pycf55dc51-3e94-4140-a709-0ad3c1bc6d73
2025-09-30 12:02:28,581 - distributed.worker - INFO - Starting Worker plugin qme_train.pycf55dc51-3e94-4140-a709-0ad3c1bc6d73
2025-09-30 12:02:28,581 - distributed.worker - INFO - Starting Worker plugin qme_train.pycf55dc51-3e94-4140-a709-0ad3c1bc6d73
2025-09-30 12:02:28,581 - distributed.utils - INFO - Reload module qme_train from .py file
2025-09-30 12:02:28,581 - distributed.worker - INFO - Starting Worker plugin qme_train.pycf55dc51-3e94-4140-a709-0ad3c1bc6d73
2025-09-30 12:02:28,581 - distributed.utils - INFO - Reload module qme_train from .py file
2025-09-30 12:02:28,581 - distributed.worker - INFO - Starting Worker plugin qme_train.pycf55dc51-3e94-4140-a709-0ad3c1bc6d73
2025-09-30 12:02:28,581 - distributed.utils - INFO - Reload module qme_train from .py file
2025-09-30 12:02:28,582 - distributed.worker - INFO - Starting Worker plugin qme_train.pycf55dc51-3e94-4140-a709-0ad3c1bc6d73
2025-09-30 12:02:28,582 - distributed.worker - INFO - Starting Worker plugin qme_train.pycf55dc51-3e94-4140-a709-0ad3c1bc6d73
2025-09-30 12:02:28,582 - distributed.worker - INFO - Starting Worker plugin qme_train.pycf55dc51-3e94-4140-a709-0ad3c1bc6d73
2025-09-30 12:02:28,582 - distributed.utils - INFO - Reload module qme_train from .py file
2025-09-30 12:02:28,582 - distributed.utils - INFO - Reload module qme_train from .py file
2025-09-30 12:02:28,582 - distributed.utils - INFO - Reload module qme_train from .py file
2025-09-30 12:02:28,582 - distributed.utils - INFO - Reload module qme_train from .py file
2025-09-30 12:02:28,582 - distributed.worker - INFO - Starting Worker plugin qme_train.pycf55dc51-3e94-4140-a709-0ad3c1bc6d73
2025-09-30 12:02:28,582 - distributed.worker - INFO - Starting Worker plugin qme_train.pycf55dc51-3e94-4140-a709-0ad3c1bc6d73
2025-09-30 12:02:28,582 - distributed.utils - INFO - Reload module qme_train from .py file
2025-09-30 12:02:28,582 - distributed.utils - INFO - Reload module qme_train from .py file
2025-09-30 12:02:28,583 - distributed.utils - INFO - Reload module qme_train from .py file
2025-09-30 12:02:28,583 - distributed.worker - INFO - Starting Worker plugin qme_train.pycf55dc51-3e94-4140-a709-0ad3c1bc6d73
2025-09-30 12:02:28,583 - distributed.utils - INFO - Reload module qme_train from .py file
2025-09-30 12:02:28,583 - distributed.worker - INFO - Starting Worker plugin qme_train.pycf55dc51-3e94-4140-a709-0ad3c1bc6d73
2025-09-30 12:02:28,583 - distributed.utils - INFO - Reload module qme_train from .py file
2025-09-30 12:02:28,583 - distributed.worker - INFO - Starting Worker plugin qme_train.pycf55dc51-3e94-4140-a709-0ad3c1bc6d73
2025-09-30 12:02:28,583 - distributed.utils - INFO - Reload module qme_train from .py file
2025-09-30 12:02:28,583 - distributed.worker - INFO - Starting Worker plugin qme_train.pycf55dc51-3e94-4140-a709-0ad3c1bc6d73
2025-09-30 12:02:28,583 - distributed.worker - INFO - Starting Worker plugin qme_train.pycf55dc51-3e94-4140-a709-0ad3c1bc6d73
2025-09-30 12:02:28,583 - distributed.utils - INFO - Reload module qme_train from .py file
2025-09-30 12:02:28,583 - distributed.utils - INFO - Reload module qme_train from .py file
2025-09-30 12:02:28,583 - distributed.utils - INFO - Reload module qme_train from .py file
2025-09-30 12:02:28,583 - distributed.worker - INFO - Starting Worker plugin qme_train.pycf55dc51-3e94-4140-a709-0ad3c1bc6d73
2025-09-30 12:02:28,584 - distributed.utils - INFO - Reload module qme_train from .py file
2025-09-30 12:02:28,584 - distributed.worker - INFO - Starting Worker plugin qme_train.pycf55dc51-3e94-4140-a709-0ad3c1bc6d73
2025-09-30 12:02:28,584 - distributed.worker - INFO - Starting Worker plugin qme_train.pycf55dc51-3e94-4140-a709-0ad3c1bc6d73
2025-09-30 12:02:28,584 - distributed.worker - INFO - Starting Worker plugin qme_train.pycf55dc51-3e94-4140-a709-0ad3c1bc6d73
2025-09-30 12:02:28,584 - distributed.utils - INFO - Reload module qme_train from .py file
2025-09-30 12:02:28,584 - distributed.worker - INFO - Starting Worker plugin qme_train.pycf55dc51-3e94-4140-a709-0ad3c1bc6d73
2025-09-30 12:02:28,584 - distributed.worker - INFO - Starting Worker plugin qme_train.pycf55dc51-3e94-4140-a709-0ad3c1bc6d73
2025-09-30 12:02:28,585 - distributed.utils - INFO - Reload module qme_train from .py file
2025-09-30 12:02:28,585 - distributed.utils - INFO - Reload module qme_train from .py file
2025-09-30 12:02:28,585 - distributed.utils - INFO - Reload module qme_train from .py file
2025-09-30 12:02:28,585 - distributed.worker - INFO - Starting Worker plugin qme_train.pycf55dc51-3e94-4140-a709-0ad3c1bc6d73
2025-09-30 12:02:28,585 - distributed.worker - INFO - Starting Worker plugin qme_train.pycf55dc51-3e94-4140-a709-0ad3c1bc6d73
2025-09-30 12:02:28,585 - distributed.utils - INFO - Reload module qme_train from .py file
2025-09-30 12:02:28,585 - distributed.worker - INFO - Starting Worker plugin qme_train.pycf55dc51-3e94-4140-a709-0ad3c1bc6d73
2025-09-30 12:02:28,585 - distributed.utils - INFO - Reload module qme_train from .py file
2025-09-30 12:02:28,585 - distributed.utils - INFO - Reload module qme_train from .py file
2025-09-30 12:02:28,585 - distributed.worker - INFO - Starting Worker plugin qme_train.pycf55dc51-3e94-4140-a709-0ad3c1bc6d73
2025-09-30 12:02:28,585 - distributed.worker - INFO - Starting Worker plugin qme_train.pycf55dc51-3e94-4140-a709-0ad3c1bc6d73
2025-09-30 12:02:28,586 - distributed.utils - INFO - Reload module qme_train from .py file
2025-09-30 12:02:28,586 - distributed.utils - INFO - Reload module qme_train from .py file
2025-09-30 12:02:28,586 - distributed.worker - INFO - Starting Worker plugin qme_train.pycf55dc51-3e94-4140-a709-0ad3c1bc6d73
2025-09-30 12:02:28,586 - distributed.utils - INFO - Reload module qme_train from .py file
2025-09-30 12:02:28,586 - distributed.worker - INFO - Starting Worker plugin qme_train.pycf55dc51-3e94-4140-a709-0ad3c1bc6d73
2025-09-30 12:02:28,586 - distributed.utils - INFO - Reload module qme_train from .py file
2025-09-30 12:02:28,586 - distributed.utils - INFO - Reload module qme_train from .py file
2025-09-30 12:02:28,586 - distributed.utils - INFO - Reload module qme_train from .py file
2025-09-30 12:02:28,587 - distributed.worker - INFO - Starting Worker plugin qme_train.pycf55dc51-3e94-4140-a709-0ad3c1bc6d73
2025-09-30 12:02:28,587 - distributed.utils - INFO - Reload module qme_train from .py file
2025-09-30 12:02:28,587 - distributed.utils - INFO - Reload module qme_train from .py file
2025-09-30 12:02:28,587 - distributed.utils - INFO - Reload module qme_train from .py file
2025-09-30 12:02:28,588 - distributed.utils - INFO - Reload module qme_train from .py file
2025-09-30 12:02:28,588 - distributed.utils - INFO - Reload module qme_train from .py file
2025-09-30 12:02:28,588 - distributed.utils - INFO - Reload module qme_train from .py file
2025-09-30 12:02:28,589 - distributed.utils - INFO - Reload module qme_train from .py file
2025-09-30 12:02:28,589 - distributed.utils - INFO - Reload module qme_train from .py file
2025-09-30 12:02:28,589 - distributed.utils - INFO - Reload module qme_train from .py file
2025-09-30 12:02:28,628 - distributed.worker - INFO - Starting Worker plugin qme_apply.py0be1c708-c207-4a87-b067-e6f5daef1be5
2025-09-30 12:02:28,628 - distributed.worker - INFO - Starting Worker plugin qme_apply.py0be1c708-c207-4a87-b067-e6f5daef1be5
2025-09-30 12:02:28,628 - distributed.worker - INFO - Starting Worker plugin qme_apply.py0be1c708-c207-4a87-b067-e6f5daef1be5
2025-09-30 12:02:28,628 - distributed.worker - INFO - Starting Worker plugin qme_apply.py0be1c708-c207-4a87-b067-e6f5daef1be5
2025-09-30 12:02:28,628 - distributed.worker - INFO - Starting Worker plugin qme_apply.py0be1c708-c207-4a87-b067-e6f5daef1be5
2025-09-30 12:02:28,629 - distributed.worker - INFO - Starting Worker plugin qme_apply.py0be1c708-c207-4a87-b067-e6f5daef1be5
2025-09-30 12:02:28,629 - distributed.worker - INFO - Starting Worker plugin qme_apply.py0be1c708-c207-4a87-b067-e6f5daef1be5
2025-09-30 12:02:28,629 - distributed.utils - INFO - Reload module qme_apply from .py file
2025-09-30 12:02:28,629 - distributed.worker - INFO - Starting Worker plugin qme_apply.py0be1c708-c207-4a87-b067-e6f5daef1be5
2025-09-30 12:02:28,629 - distributed.utils - INFO - Reload module qme_apply from .py file
2025-09-30 12:02:28,629 - distributed.utils - INFO - Reload module qme_apply from .py file
2025-09-30 12:02:28,629 - distributed.worker - INFO - Starting Worker plugin qme_apply.py0be1c708-c207-4a87-b067-e6f5daef1be5
2025-09-30 12:02:28,629 - distributed.utils - INFO - Reload module qme_apply from .py file
2025-09-30 12:02:28,629 - distributed.worker - INFO - Starting Worker plugin qme_apply.py0be1c708-c207-4a87-b067-e6f5daef1be5
2025-09-30 12:02:28,629 - distributed.utils - INFO - Reload module qme_apply from .py file
2025-09-30 12:02:28,629 - distributed.worker - INFO - Starting Worker plugin qme_apply.py0be1c708-c207-4a87-b067-e6f5daef1be5
2025-09-30 12:02:28,630 - distributed.utils - INFO - Reload module qme_apply from .py file
2025-09-30 12:02:28,630 - distributed.utils - INFO - Reload module qme_apply from .py file
2025-09-30 12:02:28,630 - distributed.worker - INFO - Starting Worker plugin qme_apply.py0be1c708-c207-4a87-b067-e6f5daef1be5
2025-09-30 12:02:28,630 - distributed.worker - INFO - Starting Worker plugin qme_apply.py0be1c708-c207-4a87-b067-e6f5daef1be5
2025-09-30 12:02:28,630 - distributed.utils - INFO - Reload module qme_apply from .py file
2025-09-30 12:02:28,630 - distributed.worker - INFO - Starting Worker plugin qme_apply.py0be1c708-c207-4a87-b067-e6f5daef1be5
2025-09-30 12:02:28,630 - distributed.utils - INFO - Reload module qme_apply from .py file
2025-09-30 12:02:28,630 - distributed.worker - INFO - Starting Worker plugin qme_apply.py0be1c708-c207-4a87-b067-e6f5daef1be5
2025-09-30 12:02:28,630 - distributed.utils - INFO - Reload module qme_apply from .py file
2025-09-30 12:02:28,630 - distributed.worker - INFO - Starting Worker plugin qme_apply.py0be1c708-c207-4a87-b067-e6f5daef1be5
2025-09-30 12:02:28,631 - distributed.utils - INFO - Reload module qme_apply from .py file
2025-09-30 12:02:28,631 - distributed.worker - INFO - Starting Worker plugin qme_apply.py0be1c708-c207-4a87-b067-e6f5daef1be5
2025-09-30 12:02:28,631 - distributed.worker - INFO - Starting Worker plugin qme_apply.py0be1c708-c207-4a87-b067-e6f5daef1be5
2025-09-30 12:02:28,631 - distributed.utils - INFO - Reload module qme_apply from .py file
2025-09-30 12:02:28,631 - distributed.utils - INFO - Reload module qme_apply from .py file
2025-09-30 12:02:28,631 - distributed.worker - INFO - Starting Worker plugin qme_apply.py0be1c708-c207-4a87-b067-e6f5daef1be5
2025-09-30 12:02:28,631 - distributed.utils - INFO - Reload module qme_apply from .py file
2025-09-30 12:02:28,631 - distributed.worker - INFO - Starting Worker plugin qme_apply.py0be1c708-c207-4a87-b067-e6f5daef1be5
2025-09-30 12:02:28,631 - distributed.utils - INFO - Reload module qme_apply from .py file
2025-09-30 12:02:28,631 - distributed.worker - INFO - Starting Worker plugin qme_apply.py0be1c708-c207-4a87-b067-e6f5daef1be5
2025-09-30 12:02:28,631 - distributed.utils - INFO - Reload module qme_apply from .py file
2025-09-30 12:02:28,632 - distributed.utils - INFO - Reload module qme_apply from .py file
2025-09-30 12:02:28,632 - distributed.utils - INFO - Reload module qme_apply from .py file
2025-09-30 12:02:28,632 - distributed.worker - INFO - Starting Worker plugin qme_apply.py0be1c708-c207-4a87-b067-e6f5daef1be5
2025-09-30 12:02:28,632 - distributed.worker - INFO - Starting Worker plugin qme_apply.py0be1c708-c207-4a87-b067-e6f5daef1be5
2025-09-30 12:02:28,632 - distributed.worker - INFO - Starting Worker plugin qme_apply.py0be1c708-c207-4a87-b067-e6f5daef1be5
2025-09-30 12:02:28,632 - distributed.utils - INFO - Reload module qme_apply from .py file
2025-09-30 12:02:28,632 - distributed.worker - INFO - Starting Worker plugin qme_apply.py0be1c708-c207-4a87-b067-e6f5daef1be5
2025-09-30 12:02:28,632 - distributed.utils - INFO - Reload module qme_apply from .py file
2025-09-30 12:02:28,632 - distributed.utils - INFO - Reload module qme_apply from .py file
2025-09-30 12:02:28,632 - distributed.worker - INFO - Starting Worker plugin qme_apply.py0be1c708-c207-4a87-b067-e6f5daef1be5
2025-09-30 12:02:28,632 - distributed.worker - INFO - Starting Worker plugin qme_apply.py0be1c708-c207-4a87-b067-e6f5daef1be5
2025-09-30 12:02:28,633 - distributed.worker - INFO - Starting Worker plugin qme_apply.py0be1c708-c207-4a87-b067-e6f5daef1be5
2025-09-30 12:02:28,633 - distributed.utils - INFO - Reload module qme_apply from .py file
2025-09-30 12:02:28,633 - distributed.worker - INFO - Starting Worker plugin qme_apply.py0be1c708-c207-4a87-b067-e6f5daef1be5
2025-09-30 12:02:28,633 - distributed.utils - INFO - Reload module qme_apply from .py file
2025-09-30 12:02:28,633 - distributed.utils - INFO - Reload module qme_apply from .py file
2025-09-30 12:02:28,633 - distributed.utils - INFO - Reload module qme_apply from .py file
2025-09-30 12:02:28,633 - distributed.worker - INFO - Starting Worker plugin qme_apply.py0be1c708-c207-4a87-b067-e6f5daef1be5
2025-09-30 12:02:28,633 - distributed.utils - INFO - Reload module qme_apply from .py file
2025-09-30 12:02:28,633 - distributed.worker - INFO - Starting Worker plugin qme_apply.py0be1c708-c207-4a87-b067-e6f5daef1be5
2025-09-30 12:02:28,634 - distributed.utils - INFO - Reload module qme_apply from .py file
2025-09-30 12:02:28,634 - distributed.worker - INFO - Starting Worker plugin qme_apply.py0be1c708-c207-4a87-b067-e6f5daef1be5
2025-09-30 12:02:28,634 - distributed.utils - INFO - Reload module qme_apply from .py file
2025-09-30 12:02:28,634 - distributed.worker - INFO - Starting Worker plugin qme_apply.py0be1c708-c207-4a87-b067-e6f5daef1be5
2025-09-30 12:02:28,634 - distributed.worker - INFO - Starting Worker plugin qme_apply.py0be1c708-c207-4a87-b067-e6f5daef1be5
2025-09-30 12:02:28,634 - distributed.utils - INFO - Reload module qme_apply from .py file
2025-09-30 12:02:28,634 - distributed.worker - INFO - Starting Worker plugin qme_apply.py0be1c708-c207-4a87-b067-e6f5daef1be5
2025-09-30 12:02:28,634 - distributed.worker - INFO - Starting Worker plugin qme_apply.py0be1c708-c207-4a87-b067-e6f5daef1be5
2025-09-30 12:02:28,634 - distributed.utils - INFO - Reload module qme_apply from .py file
2025-09-30 12:02:28,635 - distributed.utils - INFO - Reload module qme_apply from .py file
2025-09-30 12:02:28,634 - distributed.worker - INFO - Starting Worker plugin qme_apply.py0be1c708-c207-4a87-b067-e6f5daef1be5
2025-09-30 12:02:28,635 - distributed.worker - INFO - Starting Worker plugin qme_apply.py0be1c708-c207-4a87-b067-e6f5daef1be5
2025-09-30 12:02:28,635 - distributed.utils - INFO - Reload module qme_apply from .py file
2025-09-30 12:02:28,635 - distributed.utils - INFO - Reload module qme_apply from .py file
2025-09-30 12:02:28,635 - distributed.utils - INFO - Reload module qme_apply from .py file
2025-09-30 12:02:28,635 - distributed.worker - INFO - Starting Worker plugin qme_apply.py0be1c708-c207-4a87-b067-e6f5daef1be5
2025-09-30 12:02:28,635 - distributed.worker - INFO - Starting Worker plugin qme_apply.py0be1c708-c207-4a87-b067-e6f5daef1be5
2025-09-30 12:02:28,635 - distributed.utils - INFO - Reload module qme_apply from .py file
2025-09-30 12:02:28,635 - distributed.worker - INFO - Starting Worker plugin qme_apply.py0be1c708-c207-4a87-b067-e6f5daef1be5
2025-09-30 12:02:28,635 - distributed.utils - INFO - Reload module qme_apply from .py file
2025-09-30 12:02:28,635 - distributed.worker - INFO - Starting Worker plugin qme_apply.py0be1c708-c207-4a87-b067-e6f5daef1be5
2025-09-30 12:02:28,635 - distributed.worker - INFO - Starting Worker plugin qme_apply.py0be1c708-c207-4a87-b067-e6f5daef1be5
2025-09-30 12:02:28,636 - distributed.utils - INFO - Reload module qme_apply from .py file
2025-09-30 12:02:28,636 - distributed.worker - INFO - Starting Worker plugin qme_apply.py0be1c708-c207-4a87-b067-e6f5daef1be5
2025-09-30 12:02:28,636 - distributed.utils - INFO - Reload module qme_apply from .py file
2025-09-30 12:02:28,636 - distributed.worker - INFO - Starting Worker plugin qme_apply.py0be1c708-c207-4a87-b067-e6f5daef1be5
2025-09-30 12:02:28,636 - distributed.utils - INFO - Reload module qme_apply from .py file
2025-09-30 12:02:28,636 - distributed.utils - INFO - Reload module qme_apply from .py file
2025-09-30 12:02:28,636 - distributed.worker - INFO - Starting Worker plugin qme_apply.py0be1c708-c207-4a87-b067-e6f5daef1be5
2025-09-30 12:02:28,636 - distributed.utils - INFO - Reload module qme_apply from .py file
2025-09-30 12:02:28,636 - distributed.worker - INFO - Starting Worker plugin qme_apply.py0be1c708-c207-4a87-b067-e6f5daef1be5
2025-09-30 12:02:28,637 - distributed.utils - INFO - Reload module qme_apply from .py file
2025-09-30 12:02:28,637 - distributed.utils - INFO - Reload module qme_apply from .py file
2025-09-30 12:02:28,637 - distributed.utils - INFO - Reload module qme_apply from .py file
2025-09-30 12:02:28,637 - distributed.worker - INFO - Starting Worker plugin qme_apply.py0be1c708-c207-4a87-b067-e6f5daef1be5
2025-09-30 12:02:28,637 - distributed.utils - INFO - Reload module qme_apply from .py file
2025-09-30 12:02:28,637 - distributed.utils - INFO - Reload module qme_apply from .py file
2025-09-30 12:02:28,637 - distributed.utils - INFO - Reload module qme_apply from .py file
2025-09-30 12:02:28,638 - distributed.utils - INFO - Reload module qme_apply from .py file
2025-10-01 08:56:53,595 - distributed.core - INFO - Connection to tcp://10.6.5.29:8778 has been closed.
2025-10-01 08:56:53,596 - distributed.core - INFO - Connection to tcp://10.6.5.29:8778 has been closed.
2025-10-01 08:56:53,595 - distributed.core - INFO - Connection to tcp://10.6.5.29:8778 has been closed.
2025-10-01 08:56:53,596 - distributed.core - INFO - Connection to tcp://10.6.5.29:8778 has been closed.
2025-10-01 08:56:53,596 - distributed.core - INFO - Connection to tcp://10.6.5.29:8778 has been closed.
2025-10-01 08:56:53,596 - distributed.core - INFO - Connection to tcp://10.6.5.29:8778 has been closed.
2025-10-01 08:56:53,596 - distributed.core - INFO - Connection to tcp://10.6.5.29:8778 has been closed.
2025-10-01 08:56:53,642 - distributed.worker - INFO - Stopping worker at tcp://10.6.5.30:46707. Reason: worker-handle-scheduler-connection-broken
2025-10-01 08:56:53,596 - distributed.core - INFO - Connection to tcp://10.6.5.29:8778 has been closed.
2025-10-01 08:56:53,643 - distributed.worker - INFO - Stopping worker at tcp://10.6.5.30:46509. Reason: worker-handle-scheduler-connection-broken
2025-10-01 08:56:53,597 - distributed.core - INFO - Connection to tcp://10.6.5.29:8778 has been closed.
2025-10-01 08:56:53,596 - distributed.core - INFO - Connection to tcp://10.6.5.29:8778 has been closed.
2025-10-01 08:56:53,643 - distributed.worker - INFO - Stopping worker at tcp://10.6.5.30:39743. Reason: worker-handle-scheduler-connection-broken
2025-10-01 08:56:53,597 - distributed.core - INFO - Connection to tcp://10.6.5.29:8778 has been closed.
2025-10-01 08:56:53,643 - distributed.worker - INFO - Stopping worker at tcp://10.6.5.30:35293. Reason: worker-handle-scheduler-connection-broken
2025-10-01 08:56:53,597 - distributed.core - INFO - Connection to tcp://10.6.5.29:8778 has been closed.
2025-10-01 08:56:53,643 - distributed.worker - INFO - Stopping worker at tcp://10.6.5.30:37787. Reason: worker-handle-scheduler-connection-broken
2025-10-01 08:56:53,597 - distributed.core - INFO - Connection to tcp://10.6.5.29:8778 has been closed.
2025-10-01 08:56:53,643 - distributed.worker - INFO - Stopping worker at tcp://10.6.5.30:39959. Reason: worker-handle-scheduler-connection-broken
2025-10-01 08:56:53,596 - distributed.core - INFO - Connection to tcp://10.6.5.29:8778 has been closed.
2025-10-01 08:56:53,596 - distributed.core - INFO - Connection to tcp://10.6.5.29:8778 has been closed.
2025-10-01 08:56:53,643 - distributed.worker - INFO - Stopping worker at tcp://10.6.5.30:39915. Reason: worker-handle-scheduler-connection-broken
2025-10-01 08:56:53,596 - distributed.core - INFO - Connection to tcp://10.6.5.29:8778 has been closed.
2025-10-01 08:56:53,644 - distributed.worker - INFO - Stopping worker at tcp://10.6.5.30:35873. Reason: worker-handle-scheduler-connection-broken
2025-10-01 08:56:53,595 - distributed.core - INFO - Connection to tcp://10.6.5.29:8778 has been closed.
2025-10-01 08:56:53,643 - distributed.worker - INFO - Stopping worker at tcp://10.6.5.30:36117. Reason: worker-handle-scheduler-connection-broken
2025-10-01 08:56:53,595 - distributed.core - INFO - Connection to tcp://10.6.5.29:8778 has been closed.
2025-10-01 08:56:53,644 - distributed.worker - INFO - Stopping worker at tcp://10.6.5.30:43419. Reason: worker-handle-scheduler-connection-broken
2025-10-01 08:56:53,596 - distributed.core - INFO - Connection to tcp://10.6.5.29:8778 has been closed.
2025-10-01 08:56:53,644 - distributed.worker - INFO - Stopping worker at tcp://10.6.5.30:36531. Reason: worker-handle-scheduler-connection-broken
2025-10-01 08:56:53,597 - distributed.core - INFO - Connection to tcp://10.6.5.29:8778 has been closed.
2025-10-01 08:56:53,644 - distributed.worker - INFO - Stopping worker at tcp://10.6.5.30:36349. Reason: worker-handle-scheduler-connection-broken
2025-10-01 08:56:53,596 - distributed.core - INFO - Connection to tcp://10.6.5.29:8778 has been closed.
2025-10-01 08:56:53,644 - distributed.worker - INFO - Stopping worker at tcp://10.6.5.30:39583. Reason: worker-handle-scheduler-connection-broken
2025-10-01 08:56:53,596 - distributed.core - INFO - Connection to tcp://10.6.5.29:8778 has been closed.
2025-10-01 08:56:53,644 - distributed.worker - INFO - Stopping worker at tcp://10.6.5.30:37887. Reason: worker-handle-scheduler-connection-broken
2025-10-01 08:56:53,597 - distributed.core - INFO - Connection to tcp://10.6.5.29:8778 has been closed.
2025-10-01 08:56:53,644 - distributed.worker - INFO - Stopping worker at tcp://10.6.5.30:46015. Reason: worker-handle-scheduler-connection-broken
2025-10-01 08:56:53,597 - distributed.core - INFO - Connection to tcp://10.6.5.29:8778 has been closed.
2025-10-01 08:56:53,644 - distributed.worker - INFO - Stopping worker at tcp://10.6.5.30:34399. Reason: worker-handle-scheduler-connection-broken
2025-10-01 08:56:53,596 - distributed.core - INFO - Connection to tcp://10.6.5.29:8778 has been closed.
2025-10-01 08:56:53,645 - distributed.worker - INFO - Stopping worker at tcp://10.6.5.30:45707. Reason: worker-handle-scheduler-connection-broken
2025-10-01 08:56:53,597 - distributed.core - INFO - Connection to tcp://10.6.5.29:8778 has been closed.
2025-10-01 08:56:53,645 - distributed.worker - INFO - Stopping worker at tcp://10.6.5.30:36197. Reason: worker-handle-scheduler-connection-broken
2025-10-01 08:56:53,601 - distributed.core - INFO - Connection to tcp://10.6.5.29:8778 has been closed.
2025-10-01 08:56:53,645 - distributed.worker - INFO - Stopping worker at tcp://10.6.5.30:32991. Reason: worker-handle-scheduler-connection-broken
2025-10-01 08:56:53,600 - distributed.core - INFO - Connection to tcp://10.6.5.29:8778 has been closed.
2025-10-01 08:56:53,645 - distributed.worker - INFO - Stopping worker at tcp://10.6.5.30:39297. Reason: worker-handle-scheduler-connection-broken
2025-10-01 08:56:53,601 - distributed.core - INFO - Connection to tcp://10.6.5.29:8778 has been closed.
2025-10-01 08:56:53,645 - distributed.worker - INFO - Stopping worker at tcp://10.6.5.30:41989. Reason: worker-handle-scheduler-connection-broken
2025-10-01 08:56:53,600 - distributed.core - INFO - Connection to tcp://10.6.5.29:8778 has been closed.
2025-10-01 08:56:53,645 - distributed.worker - INFO - Stopping worker at tcp://10.6.5.30:35417. Reason: worker-handle-scheduler-connection-broken
2025-10-01 08:56:53,597 - distributed.core - INFO - Connection to tcp://10.6.5.29:8778 has been closed.
2025-10-01 08:56:53,645 - distributed.worker - INFO - Stopping worker at tcp://10.6.5.30:35949. Reason: worker-handle-scheduler-connection-broken
2025-10-01 08:56:53,597 - distributed.core - INFO - Connection to tcp://10.6.5.29:8778 has been closed.
2025-10-01 08:56:53,645 - distributed.worker - INFO - Stopping worker at tcp://10.6.5.30:39137. Reason: worker-handle-scheduler-connection-broken
2025-10-01 08:56:53,597 - distributed.core - INFO - Connection to tcp://10.6.5.29:8778 has been closed.
2025-10-01 08:56:53,646 - distributed.worker - INFO - Stopping worker at tcp://10.6.5.30:36721. Reason: worker-handle-scheduler-connection-broken
2025-10-01 08:56:53,646 - distributed.worker - INFO - Stopping worker at tcp://10.6.5.30:40495. Reason: worker-handle-scheduler-connection-broken
2025-10-01 08:56:53,646 - distributed.worker - INFO - Stopping worker at tcp://10.6.5.30:39595. Reason: worker-handle-scheduler-connection-broken
2025-10-01 08:56:53,600 - distributed.core - INFO - Connection to tcp://10.6.5.29:8778 has been closed.
2025-10-01 08:56:53,646 - distributed.worker - INFO - Stopping worker at tcp://10.6.5.30:36147. Reason: worker-handle-scheduler-connection-broken
2025-10-01 08:56:53,597 - distributed.core - INFO - Connection to tcp://10.6.5.29:8778 has been closed.
2025-10-01 08:56:53,597 - distributed.core - INFO - Connection to tcp://10.6.5.29:8778 has been closed.
2025-10-01 08:56:53,646 - distributed.worker - INFO - Stopping worker at tcp://10.6.5.30:44253. Reason: worker-handle-scheduler-connection-broken
2025-10-01 08:56:53,597 - distributed.core - INFO - Connection to tcp://10.6.5.29:8778 has been closed.
2025-10-01 08:56:53,597 - distributed.core - INFO - Connection to tcp://10.6.5.29:8778 has been closed.
2025-10-01 08:56:53,597 - distributed.core - INFO - Connection to tcp://10.6.5.29:8778 has been closed.
2025-10-01 08:56:53,647 - distributed.worker - INFO - Stopping worker at tcp://10.6.5.30:39535. Reason: worker-handle-scheduler-connection-broken
2025-10-01 08:56:53,597 - distributed.core - INFO - Connection to tcp://10.6.5.29:8778 has been closed.
2025-10-01 08:56:53,647 - distributed.worker - INFO - Stopping worker at tcp://10.6.5.30:32985. Reason: worker-handle-scheduler-connection-broken
2025-10-01 08:56:53,597 - distributed.core - INFO - Connection to tcp://10.6.5.29:8778 has been closed.
2025-10-01 08:56:53,596 - distributed.core - INFO - Connection to tcp://10.6.5.29:8778 has been closed.
2025-10-01 08:56:53,596 - distributed.core - INFO - Connection to tcp://10.6.5.29:8778 has been closed.
2025-10-01 08:56:53,647 - distributed.worker - INFO - Stopping worker at tcp://10.6.5.30:34735. Reason: worker-handle-scheduler-connection-broken
2025-10-01 08:56:53,597 - distributed.core - INFO - Connection to tcp://10.6.5.29:8778 has been closed.
2025-10-01 08:56:53,647 - distributed.worker - INFO - Stopping worker at tcp://10.6.5.30:44689. Reason: worker-handle-scheduler-connection-broken
2025-10-01 08:56:53,598 - distributed.core - INFO - Connection to tcp://10.6.5.29:8778 has been closed.
2025-10-01 08:56:53,647 - distributed.worker - INFO - Stopping worker at tcp://10.6.5.30:35161. Reason: worker-handle-scheduler-connection-broken
2025-10-01 08:56:53,597 - distributed.core - INFO - Connection to tcp://10.6.5.29:8778 has been closed.
2025-10-01 08:56:53,648 - distributed.worker - INFO - Stopping worker at tcp://10.6.5.30:39019. Reason: worker-handle-scheduler-connection-broken
2025-10-01 08:56:53,648 - distributed.worker - INFO - Stopping worker at tcp://10.6.5.30:44649. Reason: worker-handle-scheduler-connection-broken
2025-10-01 08:56:53,648 - distributed.worker - INFO - Stopping worker at tcp://10.6.5.30:43825. Reason: worker-handle-scheduler-connection-broken
2025-10-01 08:56:53,648 - distributed.worker - INFO - Stopping worker at tcp://10.6.5.30:46553. Reason: worker-handle-scheduler-connection-broken
2025-10-01 08:56:53,648 - distributed.worker - INFO - Stopping worker at tcp://10.6.5.30:46603. Reason: worker-handle-scheduler-connection-broken
2025-10-01 08:56:53,648 - distributed.worker - INFO - Stopping worker at tcp://10.6.5.30:41207. Reason: worker-handle-scheduler-connection-broken
2025-10-01 08:56:53,648 - distributed.worker - INFO - Stopping worker at tcp://10.6.5.30:33851. Reason: worker-handle-scheduler-connection-broken
2025-10-01 08:56:53,597 - distributed.core - INFO - Connection to tcp://10.6.5.29:8778 has been closed.
2025-10-01 08:56:53,598 - distributed.core - INFO - Connection to tcp://10.6.5.29:8778 has been closed.
2025-10-01 08:56:53,642 - distributed.worker - INFO - Stopping worker at tcp://10.6.5.30:32803. Reason: worker-handle-scheduler-connection-broken
2025-10-01 08:56:53,649 - distributed.worker - INFO - Stopping worker at tcp://10.6.5.30:44985. Reason: worker-handle-scheduler-connection-broken
2025-10-01 08:56:53,643 - distributed.worker - INFO - Stopping worker at tcp://10.6.5.30:39573. Reason: worker-handle-scheduler-connection-broken
2025-10-01 08:56:53,647 - distributed.worker - INFO - Stopping worker at tcp://10.6.5.30:42547. Reason: worker-handle-scheduler-connection-broken
2025-10-01 08:56:53,649 - distributed.worker - INFO - Stopping worker at tcp://10.6.5.30:40567. Reason: worker-handle-scheduler-connection-broken
2025-10-01 08:56:53,650 - distributed.worker - INFO - Stopping worker at tcp://10.6.5.30:43881. Reason: worker-handle-scheduler-connection-broken
2025-10-01 08:56:53,650 - distributed.worker - INFO - Stopping worker at tcp://10.6.5.30:43989. Reason: worker-handle-scheduler-connection-broken
2025-10-01 08:56:53,657 - distributed.nanny - INFO - Closing Nanny gracefully at 'tcp://10.6.5.30:40311'. Reason: worker-handle-scheduler-connection-broken
2025-10-01 08:56:53,659 - distributed.worker - INFO - Removing Worker plugin shuffle
2025-10-01 08:56:53,659 - distributed.worker - INFO - Removing Worker plugin qme_utils.py99f69e53-6e3b-467e-80db-1c4303e7984f
2025-10-01 08:56:53,660 - distributed.worker - INFO - Removing Worker plugin qme_vars.pyf6a47b58-0fd3-441c-954b-42f7f441cf41
2025-10-01 08:56:53,660 - distributed.worker - INFO - Removing Worker plugin qme_train.pycf55dc51-3e94-4140-a709-0ad3c1bc6d73
2025-10-01 08:56:53,660 - distributed.worker - INFO - Removing Worker plugin qme_apply.py0be1c708-c207-4a87-b067-e6f5daef1be5
2025-10-01 08:56:53,665 - distributed.nanny - INFO - Closing Nanny gracefully at 'tcp://10.6.5.30:44933'. Reason: worker-handle-scheduler-connection-broken
2025-10-01 08:56:53,665 - distributed.nanny - INFO - Closing Nanny gracefully at 'tcp://10.6.5.30:43809'. Reason: worker-handle-scheduler-connection-broken
2025-10-01 08:56:53,666 - distributed.worker - INFO - Removing Worker plugin shuffle
2025-10-01 08:56:53,666 - distributed.nanny - INFO - Closing Nanny gracefully at 'tcp://10.6.5.30:45245'. Reason: worker-handle-scheduler-connection-broken
2025-10-01 08:56:53,666 - distributed.worker - INFO - Removing Worker plugin qme_utils.py99f69e53-6e3b-467e-80db-1c4303e7984f
2025-10-01 08:56:53,666 - distributed.worker - INFO - Removing Worker plugin shuffle
2025-10-01 08:56:53,666 - distributed.nanny - INFO - Closing Nanny gracefully at 'tcp://10.6.5.30:33595'. Reason: worker-handle-scheduler-connection-broken
2025-10-01 08:56:53,666 - distributed.worker - INFO - Removing Worker plugin qme_vars.pyf6a47b58-0fd3-441c-954b-42f7f441cf41
2025-10-01 08:56:53,667 - distributed.worker - INFO - Removing Worker plugin qme_utils.py99f69e53-6e3b-467e-80db-1c4303e7984f
2025-10-01 08:56:53,667 - distributed.worker - INFO - Removing Worker plugin qme_train.pycf55dc51-3e94-4140-a709-0ad3c1bc6d73
2025-10-01 08:56:53,667 - distributed.worker - INFO - Removing Worker plugin shuffle
2025-10-01 08:56:53,667 - distributed.worker - INFO - Removing Worker plugin qme_apply.py0be1c708-c207-4a87-b067-e6f5daef1be5
2025-10-01 08:56:53,667 - distributed.nanny - INFO - Closing Nanny gracefully at 'tcp://10.6.5.30:37469'. Reason: worker-handle-scheduler-connection-broken
2025-10-01 08:56:53,667 - distributed.worker - INFO - Removing Worker plugin qme_vars.pyf6a47b58-0fd3-441c-954b-42f7f441cf41
2025-10-01 08:56:53,667 - distributed.worker - INFO - Removing Worker plugin qme_train.pycf55dc51-3e94-4140-a709-0ad3c1bc6d73
2025-10-01 08:56:53,667 - distributed.worker - INFO - Removing Worker plugin qme_utils.py99f69e53-6e3b-467e-80db-1c4303e7984f
2025-10-01 08:56:53,667 - distributed.worker - INFO - Removing Worker plugin qme_apply.py0be1c708-c207-4a87-b067-e6f5daef1be5
2025-10-01 08:56:53,667 - distributed.worker - INFO - Removing Worker plugin shuffle
2025-10-01 08:56:53,667 - distributed.nanny - INFO - Closing Nanny gracefully at 'tcp://10.6.5.30:43437'. Reason: worker-handle-scheduler-connection-broken
2025-10-01 08:56:53,667 - distributed.worker - INFO - Removing Worker plugin qme_vars.pyf6a47b58-0fd3-441c-954b-42f7f441cf41
2025-10-01 08:56:53,668 - distributed.worker - INFO - Removing Worker plugin shuffle
2025-10-01 08:56:53,668 - distributed.worker - INFO - Removing Worker plugin qme_train.pycf55dc51-3e94-4140-a709-0ad3c1bc6d73
2025-10-01 08:56:53,668 - distributed.worker - INFO - Removing Worker plugin qme_utils.py99f69e53-6e3b-467e-80db-1c4303e7984f
2025-10-01 08:56:53,668 - distributed.nanny - INFO - Closing Nanny gracefully at 'tcp://10.6.5.30:46183'. Reason: worker-handle-scheduler-connection-broken
2025-10-01 08:56:53,668 - distributed.worker - INFO - Removing Worker plugin qme_apply.py0be1c708-c207-4a87-b067-e6f5daef1be5
2025-10-01 08:56:53,668 - distributed.worker - INFO - Removing Worker plugin qme_utils.py99f69e53-6e3b-467e-80db-1c4303e7984f
2025-10-01 08:56:53,668 - distributed.nanny - INFO - Closing Nanny gracefully at 'tcp://10.6.5.30:38247'. Reason: worker-handle-scheduler-connection-broken
2025-10-01 08:56:53,668 - distributed.worker - INFO - Removing Worker plugin qme_vars.pyf6a47b58-0fd3-441c-954b-42f7f441cf41
2025-10-01 08:56:53,668 - distributed.worker - INFO - Removing Worker plugin shuffle
2025-10-01 08:56:53,668 - distributed.worker - INFO - Removing Worker plugin qme_train.pycf55dc51-3e94-4140-a709-0ad3c1bc6d73
2025-10-01 08:56:53,668 - distributed.worker - INFO - Removing Worker plugin qme_vars.pyf6a47b58-0fd3-441c-954b-42f7f441cf41
2025-10-01 08:56:53,669 - distributed.worker - INFO - Removing Worker plugin qme_apply.py0be1c708-c207-4a87-b067-e6f5daef1be5
2025-10-01 08:56:53,669 - distributed.worker - INFO - Removing Worker plugin shuffle
2025-10-01 08:56:53,669 - distributed.worker - INFO - Removing Worker plugin qme_train.pycf55dc51-3e94-4140-a709-0ad3c1bc6d73
2025-10-01 08:56:53,669 - distributed.worker - INFO - Removing Worker plugin qme_utils.py99f69e53-6e3b-467e-80db-1c4303e7984f
2025-10-01 08:56:53,669 - distributed.worker - INFO - Removing Worker plugin qme_apply.py0be1c708-c207-4a87-b067-e6f5daef1be5
2025-10-01 08:56:53,669 - distributed.worker - INFO - Removing Worker plugin shuffle
2025-10-01 08:56:53,669 - distributed.worker - INFO - Removing Worker plugin qme_utils.py99f69e53-6e3b-467e-80db-1c4303e7984f
2025-10-01 08:56:53,669 - distributed.worker - INFO - Removing Worker plugin qme_vars.pyf6a47b58-0fd3-441c-954b-42f7f441cf41
2025-10-01 08:56:53,669 - distributed.worker - INFO - Removing Worker plugin qme_train.pycf55dc51-3e94-4140-a709-0ad3c1bc6d73
2025-10-01 08:56:53,669 - distributed.worker - INFO - Removing Worker plugin qme_vars.pyf6a47b58-0fd3-441c-954b-42f7f441cf41
2025-10-01 08:56:53,669 - distributed.worker - INFO - Removing Worker plugin qme_utils.py99f69e53-6e3b-467e-80db-1c4303e7984f
2025-10-01 08:56:53,669 - distributed.worker - INFO - Removing Worker plugin qme_apply.py0be1c708-c207-4a87-b067-e6f5daef1be5
2025-10-01 08:56:53,669 - distributed.worker - INFO - Removing Worker plugin qme_train.pycf55dc51-3e94-4140-a709-0ad3c1bc6d73
2025-10-01 08:56:53,670 - distributed.worker - INFO - Removing Worker plugin qme_apply.py0be1c708-c207-4a87-b067-e6f5daef1be5
2025-10-01 08:56:53,670 - distributed.worker - INFO - Removing Worker plugin qme_vars.pyf6a47b58-0fd3-441c-954b-42f7f441cf41
2025-10-01 08:56:53,670 - distributed.worker - INFO - Removing Worker plugin qme_train.pycf55dc51-3e94-4140-a709-0ad3c1bc6d73
2025-10-01 08:56:53,670 - distributed.worker - INFO - Removing Worker plugin qme_apply.py0be1c708-c207-4a87-b067-e6f5daef1be5
2025-10-01 08:56:53,683 - distributed.nanny - INFO - Closing Nanny gracefully at 'tcp://10.6.5.30:33563'. Reason: worker-handle-scheduler-connection-broken
2025-10-01 08:56:53,684 - distributed.nanny - INFO - Closing Nanny gracefully at 'tcp://10.6.5.30:40553'. Reason: worker-handle-scheduler-connection-broken
2025-10-01 08:56:53,684 - distributed.nanny - INFO - Closing Nanny gracefully at 'tcp://10.6.5.30:34381'. Reason: worker-handle-scheduler-connection-broken
2025-10-01 08:56:53,684 - distributed.worker - INFO - Removing Worker plugin shuffle
2025-10-01 08:56:53,684 - distributed.nanny - INFO - Closing Nanny gracefully at 'tcp://10.6.5.30:36243'. Reason: worker-handle-scheduler-connection-broken
2025-10-01 08:56:53,684 - distributed.worker - INFO - Removing Worker plugin shuffle
2025-10-01 08:56:53,684 - distributed.nanny - INFO - Closing Nanny gracefully at 'tcp://10.6.5.30:46177'. Reason: worker-handle-scheduler-connection-broken
2025-10-01 08:56:53,684 - distributed.worker - INFO - Removing Worker plugin qme_utils.py99f69e53-6e3b-467e-80db-1c4303e7984f
2025-10-01 08:56:53,685 - distributed.nanny - INFO - Closing Nanny gracefully at 'tcp://10.6.5.30:38613'. Reason: worker-handle-scheduler-connection-broken
2025-10-01 08:56:53,685 - distributed.worker - INFO - Removing Worker plugin shuffle
2025-10-01 08:56:53,685 - distributed.worker - INFO - Removing Worker plugin qme_utils.py99f69e53-6e3b-467e-80db-1c4303e7984f
2025-10-01 08:56:53,685 - distributed.worker - INFO - Removing Worker plugin shuffle
2025-10-01 08:56:53,685 - distributed.nanny - INFO - Closing Nanny gracefully at 'tcp://10.6.5.30:45047'. Reason: worker-handle-scheduler-connection-broken
2025-10-01 08:56:53,685 - distributed.worker - INFO - Removing Worker plugin qme_vars.pyf6a47b58-0fd3-441c-954b-42f7f441cf41
2025-10-01 08:56:53,685 - distributed.worker - INFO - Removing Worker plugin qme_utils.py99f69e53-6e3b-467e-80db-1c4303e7984f
2025-10-01 08:56:53,685 - distributed.worker - INFO - Removing Worker plugin qme_vars.pyf6a47b58-0fd3-441c-954b-42f7f441cf41
2025-10-01 08:56:53,685 - distributed.worker - INFO - Removing Worker plugin shuffle
2025-10-01 08:56:53,685 - distributed.worker - INFO - Removing Worker plugin qme_train.pycf55dc51-3e94-4140-a709-0ad3c1bc6d73
2025-10-01 08:56:53,685 - distributed.nanny - INFO - Closing Nanny gracefully at 'tcp://10.6.5.30:44301'. Reason: worker-handle-scheduler-connection-broken
2025-10-01 08:56:53,685 - distributed.worker - INFO - Removing Worker plugin qme_utils.py99f69e53-6e3b-467e-80db-1c4303e7984f
2025-10-01 08:56:53,685 - distributed.worker - INFO - Removing Worker plugin qme_train.pycf55dc51-3e94-4140-a709-0ad3c1bc6d73
2025-10-01 08:56:53,685 - distributed.worker - INFO - Removing Worker plugin shuffle
2025-10-01 08:56:53,685 - distributed.worker - INFO - Removing Worker plugin qme_apply.py0be1c708-c207-4a87-b067-e6f5daef1be5
2025-10-01 08:56:53,685 - distributed.worker - INFO - Removing Worker plugin qme_vars.pyf6a47b58-0fd3-441c-954b-42f7f441cf41
2025-10-01 08:56:53,685 - distributed.worker - INFO - Removing Worker plugin qme_apply.py0be1c708-c207-4a87-b067-e6f5daef1be5
2025-10-01 08:56:53,685 - distributed.nanny - INFO - Closing Nanny gracefully at 'tcp://10.6.5.30:43545'. Reason: worker-handle-scheduler-connection-broken
2025-10-01 08:56:53,685 - distributed.worker - INFO - Removing Worker plugin qme_utils.py99f69e53-6e3b-467e-80db-1c4303e7984f
2025-10-01 08:56:53,686 - distributed.worker - INFO - Removing Worker plugin qme_train.pycf55dc51-3e94-4140-a709-0ad3c1bc6d73
2025-10-01 08:56:53,686 - distributed.worker - INFO - Removing Worker plugin shuffle
2025-10-01 08:56:53,686 - distributed.worker - INFO - Removing Worker plugin qme_vars.pyf6a47b58-0fd3-441c-954b-42f7f441cf41
2025-10-01 08:56:53,686 - distributed.worker - INFO - Removing Worker plugin qme_utils.py99f69e53-6e3b-467e-80db-1c4303e7984f
2025-10-01 08:56:53,686 - distributed.worker - INFO - Removing Worker plugin qme_apply.py0be1c708-c207-4a87-b067-e6f5daef1be5
2025-10-01 08:56:53,686 - distributed.nanny - INFO - Closing Nanny gracefully at 'tcp://10.6.5.30:39405'. Reason: worker-handle-scheduler-connection-broken
2025-10-01 08:56:53,686 - distributed.worker - INFO - Removing Worker plugin qme_vars.pyf6a47b58-0fd3-441c-954b-42f7f441cf41
2025-10-01 08:56:53,686 - distributed.worker - INFO - Removing Worker plugin qme_train.pycf55dc51-3e94-4140-a709-0ad3c1bc6d73
2025-10-01 08:56:53,686 - distributed.worker - INFO - Removing Worker plugin shuffle
2025-10-01 08:56:53,686 - distributed.nanny - INFO - Closing Nanny gracefully at 'tcp://10.6.5.30:37133'. Reason: worker-handle-scheduler-connection-broken
2025-10-01 08:56:53,686 - distributed.worker - INFO - Removing Worker plugin qme_utils.py99f69e53-6e3b-467e-80db-1c4303e7984f
2025-10-01 08:56:53,686 - distributed.worker - INFO - Removing Worker plugin qme_train.pycf55dc51-3e94-4140-a709-0ad3c1bc6d73
2025-10-01 08:56:53,686 - distributed.worker - INFO - Removing Worker plugin qme_apply.py0be1c708-c207-4a87-b067-e6f5daef1be5
2025-10-01 08:56:53,686 - distributed.worker - INFO - Removing Worker plugin qme_vars.pyf6a47b58-0fd3-441c-954b-42f7f441cf41
2025-10-01 08:56:53,686 - distributed.worker - INFO - Removing Worker plugin qme_apply.py0be1c708-c207-4a87-b067-e6f5daef1be5
2025-10-01 08:56:53,686 - distributed.nanny - INFO - Closing Nanny gracefully at 'tcp://10.6.5.30:39731'. Reason: worker-handle-scheduler-connection-broken
2025-10-01 08:56:53,686 - distributed.worker - INFO - Removing Worker plugin shuffle
2025-10-01 08:56:53,686 - distributed.worker - INFO - Removing Worker plugin qme_train.pycf55dc51-3e94-4140-a709-0ad3c1bc6d73
2025-10-01 08:56:53,686 - distributed.worker - INFO - Removing Worker plugin qme_utils.py99f69e53-6e3b-467e-80db-1c4303e7984f
2025-10-01 08:56:53,686 - distributed.worker - INFO - Removing Worker plugin qme_vars.pyf6a47b58-0fd3-441c-954b-42f7f441cf41
2025-10-01 08:56:53,687 - distributed.worker - INFO - Removing Worker plugin qme_apply.py0be1c708-c207-4a87-b067-e6f5daef1be5
2025-10-01 08:56:53,687 - distributed.nanny - INFO - Closing Nanny gracefully at 'tcp://10.6.5.30:39319'. Reason: worker-handle-scheduler-connection-broken
2025-10-01 08:56:53,686 - distributed.worker - INFO - Removing Worker plugin shuffle
2025-10-01 08:56:53,687 - distributed.worker - INFO - Removing Worker plugin qme_train.pycf55dc51-3e94-4140-a709-0ad3c1bc6d73
2025-10-01 08:56:53,687 - distributed.worker - INFO - Removing Worker plugin qme_utils.py99f69e53-6e3b-467e-80db-1c4303e7984f
2025-10-01 08:56:53,687 - distributed.worker - INFO - Removing Worker plugin qme_apply.py0be1c708-c207-4a87-b067-e6f5daef1be5
2025-10-01 08:56:53,687 - distributed.worker - INFO - Removing Worker plugin qme_vars.pyf6a47b58-0fd3-441c-954b-42f7f441cf41
2025-10-01 08:56:53,687 - distributed.worker - INFO - Removing Worker plugin shuffle
2025-10-01 08:56:53,687 - distributed.nanny - INFO - Closing Nanny gracefully at 'tcp://10.6.5.30:33401'. Reason: worker-handle-scheduler-connection-broken
2025-10-01 08:56:53,687 - distributed.worker - INFO - Removing Worker plugin qme_train.pycf55dc51-3e94-4140-a709-0ad3c1bc6d73
2025-10-01 08:56:53,687 - distributed.worker - INFO - Removing Worker plugin shuffle
2025-10-01 08:56:53,687 - distributed.worker - INFO - Removing Worker plugin qme_utils.py99f69e53-6e3b-467e-80db-1c4303e7984f
2025-10-01 08:56:53,687 - distributed.worker - INFO - Removing Worker plugin qme_vars.pyf6a47b58-0fd3-441c-954b-42f7f441cf41
2025-10-01 08:56:53,687 - distributed.worker - INFO - Removing Worker plugin qme_apply.py0be1c708-c207-4a87-b067-e6f5daef1be5
2025-10-01 08:56:53,687 - distributed.nanny - INFO - Closing Nanny gracefully at 'tcp://10.6.5.30:43839'. Reason: worker-handle-scheduler-connection-broken
2025-10-01 08:56:53,687 - distributed.worker - INFO - Removing Worker plugin qme_utils.py99f69e53-6e3b-467e-80db-1c4303e7984f
2025-10-01 08:56:53,687 - distributed.worker - INFO - Removing Worker plugin shuffle
2025-10-01 08:56:53,687 - distributed.worker - INFO - Removing Worker plugin qme_train.pycf55dc51-3e94-4140-a709-0ad3c1bc6d73
2025-10-01 08:56:53,687 - distributed.nanny - INFO - Closing Nanny gracefully at 'tcp://10.6.5.30:43211'. Reason: worker-handle-scheduler-connection-broken
2025-10-01 08:56:53,687 - distributed.worker - INFO - Removing Worker plugin qme_utils.py99f69e53-6e3b-467e-80db-1c4303e7984f
2025-10-01 08:56:53,687 - distributed.worker - INFO - Removing Worker plugin qme_apply.py0be1c708-c207-4a87-b067-e6f5daef1be5
2025-10-01 08:56:53,687 - distributed.worker - INFO - Removing Worker plugin qme_vars.pyf6a47b58-0fd3-441c-954b-42f7f441cf41
2025-10-01 08:56:53,688 - distributed.worker - INFO - Removing Worker plugin qme_vars.pyf6a47b58-0fd3-441c-954b-42f7f441cf41
2025-10-01 08:56:53,688 - distributed.nanny - INFO - Closing Nanny gracefully at 'tcp://10.6.5.30:42339'. Reason: worker-handle-scheduler-connection-broken
2025-10-01 08:56:53,688 - distributed.worker - INFO - Removing Worker plugin qme_utils.py99f69e53-6e3b-467e-80db-1c4303e7984f
2025-10-01 08:56:53,688 - distributed.worker - INFO - Removing Worker plugin shuffle
2025-10-01 08:56:53,688 - distributed.worker - INFO - Removing Worker plugin qme_train.pycf55dc51-3e94-4140-a709-0ad3c1bc6d73
2025-10-01 08:56:53,688 - distributed.worker - INFO - Removing Worker plugin qme_train.pycf55dc51-3e94-4140-a709-0ad3c1bc6d73
2025-10-01 08:56:53,688 - distributed.worker - INFO - Removing Worker plugin qme_vars.pyf6a47b58-0fd3-441c-954b-42f7f441cf41
2025-10-01 08:56:53,688 - distributed.nanny - INFO - Closing Nanny gracefully at 'tcp://10.6.5.30:45419'. Reason: worker-handle-scheduler-connection-broken
2025-10-01 08:56:53,688 - distributed.worker - INFO - Removing Worker plugin shuffle
2025-10-01 08:56:53,688 - distributed.worker - INFO - Removing Worker plugin qme_apply.py0be1c708-c207-4a87-b067-e6f5daef1be5
2025-10-01 08:56:53,688 - distributed.worker - INFO - Removing Worker plugin qme_apply.py0be1c708-c207-4a87-b067-e6f5daef1be5
2025-10-01 08:56:53,688 - distributed.worker - INFO - Removing Worker plugin qme_train.pycf55dc51-3e94-4140-a709-0ad3c1bc6d73
2025-10-01 08:56:53,688 - distributed.worker - INFO - Removing Worker plugin qme_vars.pyf6a47b58-0fd3-441c-954b-42f7f441cf41
2025-10-01 08:56:53,688 - distributed.worker - INFO - Removing Worker plugin qme_utils.py99f69e53-6e3b-467e-80db-1c4303e7984f
2025-10-01 08:56:53,688 - distributed.nanny - INFO - Closing Nanny gracefully at 'tcp://10.6.5.30:38649'. Reason: worker-handle-scheduler-connection-broken
2025-10-01 08:56:53,688 - distributed.worker - INFO - Removing Worker plugin qme_apply.py0be1c708-c207-4a87-b067-e6f5daef1be5
2025-10-01 08:56:53,688 - distributed.worker - INFO - Removing Worker plugin shuffle
2025-10-01 08:56:53,688 - distributed.worker - INFO - Removing Worker plugin qme_train.pycf55dc51-3e94-4140-a709-0ad3c1bc6d73
2025-10-01 08:56:53,688 - distributed.worker - INFO - Removing Worker plugin qme_utils.py99f69e53-6e3b-467e-80db-1c4303e7984f
2025-10-01 08:56:53,688 - distributed.nanny - INFO - Closing Nanny gracefully at 'tcp://10.6.5.30:36427'. Reason: worker-handle-scheduler-connection-broken
2025-10-01 08:56:53,688 - distributed.worker - INFO - Removing Worker plugin qme_apply.py0be1c708-c207-4a87-b067-e6f5daef1be5
2025-10-01 08:56:53,688 - distributed.worker - INFO - Removing Worker plugin shuffle
2025-10-01 08:56:53,689 - distributed.worker - INFO - Removing Worker plugin qme_vars.pyf6a47b58-0fd3-441c-954b-42f7f441cf41
2025-10-01 08:56:53,689 - distributed.worker - INFO - Removing Worker plugin qme_utils.py99f69e53-6e3b-467e-80db-1c4303e7984f
2025-10-01 08:56:53,689 - distributed.nanny - INFO - Closing Nanny gracefully at 'tcp://10.6.5.30:38753'. Reason: worker-handle-scheduler-connection-broken
2025-10-01 08:56:53,689 - distributed.worker - INFO - Removing Worker plugin qme_train.pycf55dc51-3e94-4140-a709-0ad3c1bc6d73
2025-10-01 08:56:53,689 - distributed.worker - INFO - Removing Worker plugin qme_vars.pyf6a47b58-0fd3-441c-954b-42f7f441cf41
2025-10-01 08:56:53,689 - distributed.worker - INFO - Removing Worker plugin qme_apply.py0be1c708-c207-4a87-b067-e6f5daef1be5
2025-10-01 08:56:53,689 - distributed.nanny - INFO - Closing Nanny gracefully at 'tcp://10.6.5.30:46159'. Reason: worker-handle-scheduler-connection-broken
2025-10-01 08:56:53,689 - distributed.worker - INFO - Removing Worker plugin shuffle
2025-10-01 08:56:53,689 - distributed.worker - INFO - Removing Worker plugin qme_vars.pyf6a47b58-0fd3-441c-954b-42f7f441cf41
2025-10-01 08:56:53,689 - distributed.worker - INFO - Removing Worker plugin qme_train.pycf55dc51-3e94-4140-a709-0ad3c1bc6d73
2025-10-01 08:56:53,689 - distributed.worker - INFO - Removing Worker plugin qme_utils.py99f69e53-6e3b-467e-80db-1c4303e7984f
2025-10-01 08:56:53,689 - distributed.worker - INFO - Removing Worker plugin shuffle
2025-10-01 08:56:53,689 - distributed.nanny - INFO - Closing Nanny gracefully at 'tcp://10.6.5.30:38109'. Reason: worker-handle-scheduler-connection-broken
2025-10-01 08:56:53,689 - distributed.worker - INFO - Removing Worker plugin qme_train.pycf55dc51-3e94-4140-a709-0ad3c1bc6d73
2025-10-01 08:56:53,689 - distributed.worker - INFO - Removing Worker plugin qme_apply.py0be1c708-c207-4a87-b067-e6f5daef1be5
2025-10-01 08:56:53,689 - distributed.worker - INFO - Removing Worker plugin shuffle
2025-10-01 08:56:53,689 - distributed.worker - INFO - Removing Worker plugin qme_apply.py0be1c708-c207-4a87-b067-e6f5daef1be5
2025-10-01 08:56:53,689 - distributed.nanny - INFO - Closing Nanny gracefully at 'tcp://10.6.5.30:35105'. Reason: worker-handle-scheduler-connection-broken
2025-10-01 08:56:53,689 - distributed.worker - INFO - Removing Worker plugin shuffle
2025-10-01 08:56:53,690 - distributed.worker - INFO - Removing Worker plugin qme_utils.py99f69e53-6e3b-467e-80db-1c4303e7984f
2025-10-01 08:56:53,690 - distributed.worker - INFO - Removing Worker plugin qme_utils.py99f69e53-6e3b-467e-80db-1c4303e7984f
2025-10-01 08:56:53,690 - distributed.worker - INFO - Removing Worker plugin qme_vars.pyf6a47b58-0fd3-441c-954b-42f7f441cf41
2025-10-01 08:56:53,690 - distributed.nanny - INFO - Closing Nanny gracefully at 'tcp://10.6.5.30:45617'. Reason: worker-handle-scheduler-connection-broken
2025-10-01 08:56:53,690 - distributed.worker - INFO - Removing Worker plugin qme_utils.py99f69e53-6e3b-467e-80db-1c4303e7984f
2025-10-01 08:56:53,690 - distributed.worker - INFO - Removing Worker plugin shuffle
2025-10-01 08:56:53,690 - distributed.worker - INFO - Removing Worker plugin qme_train.pycf55dc51-3e94-4140-a709-0ad3c1bc6d73
2025-10-01 08:56:53,690 - distributed.nanny - INFO - Closing Nanny gracefully at 'tcp://10.6.5.30:46669'. Reason: worker-handle-scheduler-connection-broken
2025-10-01 08:56:53,690 - distributed.worker - INFO - Removing Worker plugin qme_vars.pyf6a47b58-0fd3-441c-954b-42f7f441cf41
2025-10-01 08:56:53,690 - distributed.worker - INFO - Removing Worker plugin qme_vars.pyf6a47b58-0fd3-441c-954b-42f7f441cf41
2025-10-01 08:56:53,690 - distributed.worker - INFO - Removing Worker plugin qme_apply.py0be1c708-c207-4a87-b067-e6f5daef1be5
2025-10-01 08:56:53,690 - distributed.worker - INFO - Removing Worker plugin shuffle
2025-10-01 08:56:53,690 - distributed.worker - INFO - Removing Worker plugin qme_train.pycf55dc51-3e94-4140-a709-0ad3c1bc6d73
2025-10-01 08:56:53,690 - distributed.worker - INFO - Removing Worker plugin qme_vars.pyf6a47b58-0fd3-441c-954b-42f7f441cf41
2025-10-01 08:56:53,690 - distributed.nanny - INFO - Closing Nanny gracefully at 'tcp://10.6.5.30:46591'. Reason: worker-handle-scheduler-connection-broken
2025-10-01 08:56:53,690 - distributed.worker - INFO - Removing Worker plugin qme_train.pycf55dc51-3e94-4140-a709-0ad3c1bc6d73
2025-10-01 08:56:53,690 - distributed.worker - INFO - Removing Worker plugin qme_utils.py99f69e53-6e3b-467e-80db-1c4303e7984f
2025-10-01 08:56:53,690 - distributed.worker - INFO - Removing Worker plugin shuffle
2025-10-01 08:56:53,690 - distributed.worker - INFO - Removing Worker plugin qme_apply.py0be1c708-c207-4a87-b067-e6f5daef1be5
2025-10-01 08:56:53,690 - distributed.worker - INFO - Removing Worker plugin qme_train.pycf55dc51-3e94-4140-a709-0ad3c1bc6d73
2025-10-01 08:56:53,690 - distributed.worker - INFO - Removing Worker plugin qme_apply.py0be1c708-c207-4a87-b067-e6f5daef1be5
2025-10-01 08:56:53,690 - distributed.worker - INFO - Removing Worker plugin qme_utils.py99f69e53-6e3b-467e-80db-1c4303e7984f
2025-10-01 08:56:53,690 - distributed.nanny - INFO - Closing Nanny gracefully at 'tcp://10.6.5.30:33863'. Reason: worker-handle-scheduler-connection-broken
2025-10-01 08:56:53,690 - distributed.worker - INFO - Removing Worker plugin qme_utils.py99f69e53-6e3b-467e-80db-1c4303e7984f
2025-10-01 08:56:53,691 - distributed.worker - INFO - Removing Worker plugin qme_apply.py0be1c708-c207-4a87-b067-e6f5daef1be5
2025-10-01 08:56:53,691 - distributed.worker - INFO - Removing Worker plugin shuffle
2025-10-01 08:56:53,691 - distributed.worker - INFO - Removing Worker plugin qme_utils.py99f69e53-6e3b-467e-80db-1c4303e7984f
2025-10-01 08:56:53,691 - distributed.worker - INFO - Removing Worker plugin shuffle
2025-10-01 08:56:53,691 - distributed.nanny - INFO - Closing Nanny gracefully at 'tcp://10.6.5.30:43987'. Reason: worker-handle-scheduler-connection-broken
2025-10-01 08:56:53,691 - distributed.worker - INFO - Removing Worker plugin qme_vars.pyf6a47b58-0fd3-441c-954b-42f7f441cf41
2025-10-01 08:56:53,691 - distributed.worker - INFO - Removing Worker plugin qme_vars.pyf6a47b58-0fd3-441c-954b-42f7f441cf41
2025-10-01 08:56:53,691 - distributed.worker - INFO - Removing Worker plugin qme_vars.pyf6a47b58-0fd3-441c-954b-42f7f441cf41
2025-10-01 08:56:53,691 - distributed.worker - INFO - Removing Worker plugin qme_train.pycf55dc51-3e94-4140-a709-0ad3c1bc6d73
2025-10-01 08:56:53,691 - distributed.nanny - INFO - Closing Nanny gracefully at 'tcp://10.6.5.30:43261'. Reason: worker-handle-scheduler-connection-broken
2025-10-01 08:56:53,691 - distributed.worker - INFO - Removing Worker plugin qme_vars.pyf6a47b58-0fd3-441c-954b-42f7f441cf41
2025-10-01 08:56:53,691 - distributed.worker - INFO - Removing Worker plugin qme_train.pycf55dc51-3e94-4140-a709-0ad3c1bc6d73
2025-10-01 08:56:53,691 - distributed.worker - INFO - Removing Worker plugin qme_train.pycf55dc51-3e94-4140-a709-0ad3c1bc6d73
2025-10-01 08:56:53,691 - distributed.worker - INFO - Removing Worker plugin qme_utils.py99f69e53-6e3b-467e-80db-1c4303e7984f
2025-10-01 08:56:53,691 - distributed.worker - INFO - Removing Worker plugin shuffle
2025-10-01 08:56:53,691 - distributed.worker - INFO - Removing Worker plugin qme_apply.py0be1c708-c207-4a87-b067-e6f5daef1be5
2025-10-01 08:56:53,691 - distributed.worker - INFO - Removing Worker plugin qme_train.pycf55dc51-3e94-4140-a709-0ad3c1bc6d73
2025-10-01 08:56:53,691 - distributed.nanny - INFO - Closing Nanny gracefully at 'tcp://10.6.5.30:41033'. Reason: worker-handle-scheduler-connection-broken
2025-10-01 08:56:53,691 - distributed.worker - INFO - Removing Worker plugin qme_apply.py0be1c708-c207-4a87-b067-e6f5daef1be5
2025-10-01 08:56:53,691 - distributed.worker - INFO - Removing Worker plugin qme_apply.py0be1c708-c207-4a87-b067-e6f5daef1be5
2025-10-01 08:56:53,691 - distributed.worker - INFO - Removing Worker plugin shuffle
2025-10-01 08:56:53,691 - distributed.worker - INFO - Removing Worker plugin qme_utils.py99f69e53-6e3b-467e-80db-1c4303e7984f
2025-10-01 08:56:53,691 - distributed.worker - INFO - Removing Worker plugin qme_apply.py0be1c708-c207-4a87-b067-e6f5daef1be5
2025-10-01 08:56:53,692 - distributed.nanny - INFO - Closing Nanny gracefully at 'tcp://10.6.5.30:43139'. Reason: worker-handle-scheduler-connection-broken
2025-10-01 08:56:53,692 - distributed.worker - INFO - Removing Worker plugin qme_vars.pyf6a47b58-0fd3-441c-954b-42f7f441cf41
2025-10-01 08:56:53,692 - distributed.worker - INFO - Removing Worker plugin qme_utils.py99f69e53-6e3b-467e-80db-1c4303e7984f
2025-10-01 08:56:53,692 - distributed.worker - INFO - Removing Worker plugin shuffle
2025-10-01 08:56:53,692 - distributed.worker - INFO - Removing Worker plugin qme_train.pycf55dc51-3e94-4140-a709-0ad3c1bc6d73
2025-10-01 08:56:53,692 - distributed.nanny - INFO - Closing Nanny gracefully at 'tcp://10.6.5.30:37763'. Reason: worker-handle-scheduler-connection-broken
2025-10-01 08:56:53,692 - distributed.worker - INFO - Removing Worker plugin qme_utils.py99f69e53-6e3b-467e-80db-1c4303e7984f
2025-10-01 08:56:53,692 - distributed.worker - INFO - Removing Worker plugin qme_apply.py0be1c708-c207-4a87-b067-e6f5daef1be5
2025-10-01 08:56:53,692 - distributed.worker - INFO - Removing Worker plugin shuffle
2025-10-01 08:56:53,692 - distributed.nanny - INFO - Closing Nanny gracefully at 'tcp://10.6.5.30:40471'. Reason: worker-handle-scheduler-connection-broken
2025-10-01 08:56:53,692 - distributed.worker - INFO - Removing Worker plugin qme_vars.pyf6a47b58-0fd3-441c-954b-42f7f441cf41
2025-10-01 08:56:53,692 - distributed.worker - INFO - Removing Worker plugin qme_utils.py99f69e53-6e3b-467e-80db-1c4303e7984f
2025-10-01 08:56:53,692 - distributed.worker - INFO - Removing Worker plugin qme_train.pycf55dc51-3e94-4140-a709-0ad3c1bc6d73
2025-10-01 08:56:53,692 - distributed.worker - INFO - Removing Worker plugin qme_vars.pyf6a47b58-0fd3-441c-954b-42f7f441cf41
2025-10-01 08:56:53,692 - distributed.worker - INFO - Removing Worker plugin shuffle
2025-10-01 08:56:53,692 - distributed.nanny - INFO - Closing Nanny gracefully at 'tcp://10.6.5.30:33643'. Reason: worker-handle-scheduler-connection-broken
2025-10-01 08:56:53,692 - distributed.worker - INFO - Removing Worker plugin qme_vars.pyf6a47b58-0fd3-441c-954b-42f7f441cf41
2025-10-01 08:56:53,692 - distributed.worker - INFO - Removing Worker plugin qme_train.pycf55dc51-3e94-4140-a709-0ad3c1bc6d73
2025-10-01 08:56:53,693 - distributed.worker - INFO - Removing Worker plugin qme_apply.py0be1c708-c207-4a87-b067-e6f5daef1be5
2025-10-01 08:56:53,692 - distributed.worker - INFO - Removing Worker plugin shuffle
2025-10-01 08:56:53,693 - distributed.worker - INFO - Removing Worker plugin qme_vars.pyf6a47b58-0fd3-441c-954b-42f7f441cf41
2025-10-01 08:56:53,693 - distributed.worker - INFO - Removing Worker plugin qme_train.pycf55dc51-3e94-4140-a709-0ad3c1bc6d73
2025-10-01 08:56:53,693 - distributed.worker - INFO - Removing Worker plugin qme_apply.py0be1c708-c207-4a87-b067-e6f5daef1be5
2025-10-01 08:56:53,693 - distributed.worker - INFO - Removing Worker plugin shuffle
2025-10-01 08:56:53,693 - distributed.nanny - INFO - Closing Nanny gracefully at 'tcp://10.6.5.30:32771'. Reason: worker-handle-scheduler-connection-broken
2025-10-01 08:56:53,693 - distributed.worker - INFO - Removing Worker plugin qme_utils.py99f69e53-6e3b-467e-80db-1c4303e7984f
2025-10-01 08:56:53,693 - distributed.worker - INFO - Removing Worker plugin qme_train.pycf55dc51-3e94-4140-a709-0ad3c1bc6d73
2025-10-01 08:56:53,693 - distributed.worker - INFO - Removing Worker plugin qme_apply.py0be1c708-c207-4a87-b067-e6f5daef1be5
2025-10-01 08:56:53,693 - distributed.worker - INFO - Removing Worker plugin qme_apply.py0be1c708-c207-4a87-b067-e6f5daef1be5
2025-10-01 08:56:53,693 - distributed.nanny - INFO - Closing Nanny gracefully at 'tcp://10.6.5.30:41037'. Reason: worker-handle-scheduler-connection-broken
2025-10-01 08:56:53,693 - distributed.worker - INFO - Removing Worker plugin qme_utils.py99f69e53-6e3b-467e-80db-1c4303e7984f
2025-10-01 08:56:53,693 - distributed.worker - INFO - Removing Worker plugin shuffle
2025-10-01 08:56:53,693 - distributed.worker - INFO - Removing Worker plugin qme_utils.py99f69e53-6e3b-467e-80db-1c4303e7984f
2025-10-01 08:56:53,693 - distributed.worker - INFO - Removing Worker plugin qme_vars.pyf6a47b58-0fd3-441c-954b-42f7f441cf41
2025-10-01 08:56:53,693 - distributed.worker - INFO - Removing Worker plugin qme_utils.py99f69e53-6e3b-467e-80db-1c4303e7984f
2025-10-01 08:56:53,693 - distributed.worker - INFO - Removing Worker plugin shuffle
2025-10-01 08:56:53,694 - distributed.worker - INFO - Removing Worker plugin qme_train.pycf55dc51-3e94-4140-a709-0ad3c1bc6d73
2025-10-01 08:56:53,694 - distributed.worker - INFO - Removing Worker plugin shuffle
2025-10-01 08:56:53,694 - distributed.worker - INFO - Removing Worker plugin qme_utils.py99f69e53-6e3b-467e-80db-1c4303e7984f
2025-10-01 08:56:53,694 - distributed.worker - INFO - Removing Worker plugin qme_apply.py0be1c708-c207-4a87-b067-e6f5daef1be5
2025-10-01 08:56:53,694 - distributed.worker - INFO - Removing Worker plugin qme_vars.pyf6a47b58-0fd3-441c-954b-42f7f441cf41
2025-10-01 08:56:53,694 - distributed.worker - INFO - Removing Worker plugin shuffle
2025-10-01 08:56:53,694 - distributed.nanny - INFO - Worker closed
2025-10-01 08:56:53,694 - distributed.worker - INFO - Removing Worker plugin qme_utils.py99f69e53-6e3b-467e-80db-1c4303e7984f
2025-10-01 08:56:53,694 - distributed.worker - INFO - Removing Worker plugin qme_vars.pyf6a47b58-0fd3-441c-954b-42f7f441cf41
2025-10-01 08:56:53,694 - distributed.worker - INFO - Removing Worker plugin qme_utils.py99f69e53-6e3b-467e-80db-1c4303e7984f
2025-10-01 08:56:53,694 - distributed.worker - INFO - Removing Worker plugin qme_train.pycf55dc51-3e94-4140-a709-0ad3c1bc6d73
2025-10-01 08:56:53,694 - distributed.worker - INFO - Removing Worker plugin qme_vars.pyf6a47b58-0fd3-441c-954b-42f7f441cf41
2025-10-01 08:56:53,694 - distributed.worker - INFO - Removing Worker plugin qme_vars.pyf6a47b58-0fd3-441c-954b-42f7f441cf41
2025-10-01 08:56:53,694 - distributed.worker - INFO - Removing Worker plugin qme_vars.pyf6a47b58-0fd3-441c-954b-42f7f441cf41
2025-10-01 08:56:53,694 - distributed.worker - INFO - Removing Worker plugin qme_train.pycf55dc51-3e94-4140-a709-0ad3c1bc6d73
2025-10-01 08:56:53,694 - distributed.worker - INFO - Removing Worker plugin qme_train.pycf55dc51-3e94-4140-a709-0ad3c1bc6d73
2025-10-01 08:56:53,694 - distributed.worker - INFO - Removing Worker plugin qme_apply.py0be1c708-c207-4a87-b067-e6f5daef1be5
2025-10-01 08:56:53,694 - distributed.worker - INFO - Removing Worker plugin qme_apply.py0be1c708-c207-4a87-b067-e6f5daef1be5
2025-10-01 08:56:53,694 - distributed.worker - INFO - Removing Worker plugin qme_train.pycf55dc51-3e94-4140-a709-0ad3c1bc6d73
2025-10-01 08:56:53,694 - distributed.worker - INFO - Removing Worker plugin qme_apply.py0be1c708-c207-4a87-b067-e6f5daef1be5
2025-10-01 08:56:53,694 - distributed.worker - INFO - Removing Worker plugin qme_train.pycf55dc51-3e94-4140-a709-0ad3c1bc6d73
2025-10-01 08:56:53,694 - distributed.worker - INFO - Removing Worker plugin qme_vars.pyf6a47b58-0fd3-441c-954b-42f7f441cf41
2025-10-01 08:56:53,694 - distributed.worker - INFO - Removing Worker plugin qme_apply.py0be1c708-c207-4a87-b067-e6f5daef1be5
2025-10-01 08:56:53,694 - distributed.worker - INFO - Removing Worker plugin qme_utils.py99f69e53-6e3b-467e-80db-1c4303e7984f
2025-10-01 08:56:53,695 - distributed.worker - INFO - Removing Worker plugin qme_apply.py0be1c708-c207-4a87-b067-e6f5daef1be5
2025-10-01 08:56:53,695 - distributed.worker - INFO - Removing Worker plugin qme_train.pycf55dc51-3e94-4140-a709-0ad3c1bc6d73
2025-10-01 08:56:53,695 - distributed.worker - INFO - Removing Worker plugin qme_apply.py0be1c708-c207-4a87-b067-e6f5daef1be5
2025-10-01 08:56:53,695 - distributed.worker - INFO - Removing Worker plugin qme_vars.pyf6a47b58-0fd3-441c-954b-42f7f441cf41
2025-10-01 08:56:53,695 - distributed.worker - INFO - Removing Worker plugin qme_train.pycf55dc51-3e94-4140-a709-0ad3c1bc6d73
2025-10-01 08:56:53,695 - distributed.worker - INFO - Removing Worker plugin qme_apply.py0be1c708-c207-4a87-b067-e6f5daef1be5
2025-10-01 08:56:53,696 - distributed.nanny - INFO - Closing Nanny gracefully at 'tcp://10.6.5.30:42219'. Reason: worker-handle-scheduler-connection-broken
2025-10-01 08:56:53,696 - distributed.nanny - INFO - Closing Nanny gracefully at 'tcp://10.6.5.30:40365'. Reason: worker-handle-scheduler-connection-broken
2025-10-01 08:56:53,698 - distributed.worker - INFO - Removing Worker plugin shuffle
2025-10-01 08:56:53,698 - distributed.nanny - INFO - Worker closed
2025-10-01 08:56:53,698 - distributed.worker - INFO - Removing Worker plugin shuffle
2025-10-01 08:56:53,699 - distributed.worker - INFO - Removing Worker plugin qme_utils.py99f69e53-6e3b-467e-80db-1c4303e7984f
2025-10-01 08:56:53,699 - distributed.worker - INFO - Removing Worker plugin qme_utils.py99f69e53-6e3b-467e-80db-1c4303e7984f
2025-10-01 08:56:53,699 - distributed.worker - INFO - Removing Worker plugin qme_vars.pyf6a47b58-0fd3-441c-954b-42f7f441cf41
2025-10-01 08:56:53,700 - distributed.worker - INFO - Removing Worker plugin qme_train.pycf55dc51-3e94-4140-a709-0ad3c1bc6d73
2025-10-01 08:56:53,689 - distributed.worker - ERROR - Failed to communicate with scheduler during heartbeat.
ConnectionRefusedError: [Errno 111] Connection refused

The above exception was the direct cause of the following exception:

Traceback (most recent call last):
  File "/g/data/xp65/public/apps/med_conda/envs/analysis3-25.06/lib/python3.11/site-packages/distributed/comm/core.py", line 342, in connect
    comm = await wait_for(
           ^^^^^^^^^^^^^^^
  File "/g/data/xp65/public/apps/med_conda/envs/analysis3-25.06/lib/python3.11/site-packages/distributed/utils.py", line 1923, in wait_for
    return await fut
           ^^^^^^^^^
  File "/g/data/xp65/public/apps/med_conda/envs/analysis3-25.06/lib/python3.11/site-packages/distributed/comm/tcp.py", line 560, in connect
    convert_stream_closed_error(self, e)
  File "/g/data/xp65/public/apps/med_conda/envs/analysis3-25.06/lib/python3.11/site-packages/distributed/comm/tcp.py", line 143, in convert_stream_closed_error
    raise CommClosedError(f"in {obj}: {exc.__class__.__name__}: {exc}") from exc
distributed.comm.core.CommClosedError: in <distributed.comm.tcp.TCPConnector object at 0x14f2e66e9590>: ConnectionRefusedError: [Errno 111] Connection refused

During handling of the above exception, another exception occurred:

Traceback (most recent call last):
  File "/g/data/xp65/public/apps/med_conda/envs/analysis3-25.06/lib/python3.11/site-packages/distributed/core.py", line 1485, in connect
    return await self._connect(addr=addr, timeout=timeout)
           ^^^^^^^^^^^^^^^^^^^^^^^^^^^^^^^^^^^^^^^^^^^^^^^
  File "/g/data/xp65/public/apps/med_conda/envs/analysis3-25.06/lib/python3.11/site-packages/distributed/core.py", line 1429, in _connect
    comm = await connect(
           ^^^^^^^^^^^^^^
  File "/g/data/xp65/public/apps/med_conda/envs/analysis3-25.06/lib/python3.11/site-packages/distributed/comm/core.py", line 366, in connect
    await asyncio.sleep(backoff)
  File "/g/data/xp65/public/apps/med_conda/envs/analysis3-25.06/lib/python3.11/asyncio/tasks.py", line 649, in sleep
    return await future
           ^^^^^^^^^^^^
asyncio.exceptions.CancelledError

The above exception was the direct cause of the following exception:

Traceback (most recent call last):
  File "/g/data/xp65/public/apps/med_conda/envs/analysis3-25.06/lib/python3.11/site-packages/distributed/core.py", line 1476, in connect
    async with asyncio.timeout(math.inf) as scope:
  File "/g/data/xp65/public/apps/med_conda/envs/analysis3-25.06/lib/python3.11/asyncio/timeouts.py", line 115, in __aexit__
    raise TimeoutError from exc_val
TimeoutError

During handling of the above exception, another exception occurred:

Traceback (most recent call last):
  File "/g/data/xp65/public/apps/med_conda/envs/analysis3-25.06/lib/python3.11/site-packages/distributed/worker.py", line 1267, in heartbeat
    response = await retry_operation(
               ^^^^^^^^^^^^^^^^^^^^^^
  File "/g/data/xp65/public/apps/med_conda/envs/analysis3-25.06/lib/python3.11/site-packages/distributed/utils_comm.py", line 416, in retry_operation
    return await retry(
           ^^^^^^^^^^^^
  File "/g/data/xp65/public/apps/med_conda/envs/analysis3-25.06/lib/python3.11/site-packages/distributed/utils_comm.py", line 395, in retry
    return await coro()
           ^^^^^^^^^^^^
  File "/g/data/xp65/public/apps/med_conda/envs/analysis3-25.06/lib/python3.11/site-packages/distributed/core.py", line 1256, in send_recv_from_rpc
    comm = await self.pool.connect(self.addr)
           ^^^^^^^^^^^^^^^^^^^^^^^^^^^^^^^^^^
  File "/g/data/xp65/public/apps/med_conda/envs/analysis3-25.06/lib/python3.11/site-packages/distributed/core.py", line 1497, in connect
    raise CommClosedError(reason)
distributed.comm.core.CommClosedError: ConnectionPool closing.
2025-10-01 08:56:53,700 - distributed.worker - INFO - Removing Worker plugin qme_apply.py0be1c708-c207-4a87-b067-e6f5daef1be5
2025-10-01 08:56:53,700 - distributed.worker - INFO - Removing Worker plugin qme_vars.pyf6a47b58-0fd3-441c-954b-42f7f441cf41
2025-10-01 08:56:53,700 - distributed.worker - INFO - Removing Worker plugin qme_train.pycf55dc51-3e94-4140-a709-0ad3c1bc6d73
2025-10-01 08:56:53,700 - distributed.worker - INFO - Removing Worker plugin qme_apply.py0be1c708-c207-4a87-b067-e6f5daef1be5
2025-10-01 08:56:53,701 - distributed.nanny - INFO - Worker closed
2025-10-01 08:56:53,702 - distributed.nanny - INFO - Worker closed
2025-10-01 08:56:53,703 - distributed.nanny - INFO - Worker closed
2025-10-01 08:56:53,690 - distributed.worker - ERROR - Failed to communicate with scheduler during heartbeat.
ConnectionRefusedError: [Errno 111] Connection refused

The above exception was the direct cause of the following exception:

Traceback (most recent call last):
  File "/g/data/xp65/public/apps/med_conda/envs/analysis3-25.06/lib/python3.11/site-packages/distributed/comm/core.py", line 342, in connect
    comm = await wait_for(
           ^^^^^^^^^^^^^^^
  File "/g/data/xp65/public/apps/med_conda/envs/analysis3-25.06/lib/python3.11/site-packages/distributed/utils.py", line 1923, in wait_for
    return await fut
           ^^^^^^^^^
  File "/g/data/xp65/public/apps/med_conda/envs/analysis3-25.06/lib/python3.11/site-packages/distributed/comm/tcp.py", line 560, in connect
    convert_stream_closed_error(self, e)
  File "/g/data/xp65/public/apps/med_conda/envs/analysis3-25.06/lib/python3.11/site-packages/distributed/comm/tcp.py", line 143, in convert_stream_closed_error
    raise CommClosedError(f"in {obj}: {exc.__class__.__name__}: {exc}") from exc
distributed.comm.core.CommClosedError: in <distributed.comm.tcp.TCPConnector object at 0x149604b30fd0>: ConnectionRefusedError: [Errno 111] Connection refused

During handling of the above exception, another exception occurred:

Traceback (most recent call last):
  File "/g/data/xp65/public/apps/med_conda/envs/analysis3-25.06/lib/python3.11/site-packages/distributed/core.py", line 1485, in connect
    return await self._connect(addr=addr, timeout=timeout)
           ^^^^^^^^^^^^^^^^^^^^^^^^^^^^^^^^^^^^^^^^^^^^^^^
  File "/g/data/xp65/public/apps/med_conda/envs/analysis3-25.06/lib/python3.11/site-packages/distributed/core.py", line 1429, in _connect
    comm = await connect(
           ^^^^^^^^^^^^^^
  File "/g/data/xp65/public/apps/med_conda/envs/analysis3-25.06/lib/python3.11/site-packages/distributed/comm/core.py", line 366, in connect
    await asyncio.sleep(backoff)
  File "/g/data/xp65/public/apps/med_conda/envs/analysis3-25.06/lib/python3.11/asyncio/tasks.py", line 649, in sleep
    return await future
           ^^^^^^^^^^^^
asyncio.exceptions.CancelledError

The above exception was the direct cause of the following exception:

Traceback (most recent call last):
  File "/g/data/xp65/public/apps/med_conda/envs/analysis3-25.06/lib/python3.11/site-packages/distributed/core.py", line 1476, in connect
    async with asyncio.timeout(math.inf) as scope:
  File "/g/data/xp65/public/apps/med_conda/envs/analysis3-25.06/lib/python3.11/asyncio/timeouts.py", line 115, in __aexit__
    raise TimeoutError from exc_val
TimeoutError

During handling of the above exception, another exception occurred:

Traceback (most recent call last):
  File "/g/data/xp65/public/apps/med_conda/envs/analysis3-25.06/lib/python3.11/site-packages/distributed/worker.py", line 1267, in heartbeat
    response = await retry_operation(
               ^^^^^^^^^^^^^^^^^^^^^^
  File "/g/data/xp65/public/apps/med_conda/envs/analysis3-25.06/lib/python3.11/site-packages/distributed/utils_comm.py", line 416, in retry_operation
    return await retry(
           ^^^^^^^^^^^^
  File "/g/data/xp65/public/apps/med_conda/envs/analysis3-25.06/lib/python3.11/site-packages/distributed/utils_comm.py", line 395, in retry
    return await coro()
           ^^^^^^^^^^^^
  File "/g/data/xp65/public/apps/med_conda/envs/analysis3-25.06/lib/python3.11/site-packages/distributed/core.py", line 1256, in send_recv_from_rpc
    comm = await self.pool.connect(self.addr)
           ^^^^^^^^^^^^^^^^^^^^^^^^^^^^^^^^^^
  File "/g/data/xp65/public/apps/med_conda/envs/analysis3-25.06/lib/python3.11/site-packages/distributed/core.py", line 1497, in connect
    raise CommClosedError(reason)
distributed.comm.core.CommClosedError: ConnectionPool closing.
2025-10-01 08:56:53,690 - distributed.worker - ERROR - Failed to communicate with scheduler during heartbeat.
ConnectionRefusedError: [Errno 111] Connection refused

The above exception was the direct cause of the following exception:

Traceback (most recent call last):
  File "/g/data/xp65/public/apps/med_conda/envs/analysis3-25.06/lib/python3.11/site-packages/distributed/comm/core.py", line 342, in connect
    comm = await wait_for(
           ^^^^^^^^^^^^^^^
  File "/g/data/xp65/public/apps/med_conda/envs/analysis3-25.06/lib/python3.11/site-packages/distributed/utils.py", line 1923, in wait_for
    return await fut
           ^^^^^^^^^
  File "/g/data/xp65/public/apps/med_conda/envs/analysis3-25.06/lib/python3.11/site-packages/distributed/comm/tcp.py", line 560, in connect
    convert_stream_closed_error(self, e)
  File "/g/data/xp65/public/apps/med_conda/envs/analysis3-25.06/lib/python3.11/site-packages/distributed/comm/tcp.py", line 143, in convert_stream_closed_error
    raise CommClosedError(f"in {obj}: {exc.__class__.__name__}: {exc}") from exc
distributed.comm.core.CommClosedError: in <distributed.comm.tcp.TCPConnector object at 0x14d5df5d7f10>: ConnectionRefusedError: [Errno 111] Connection refused

During handling of the above exception, another exception occurred:

Traceback (most recent call last):
  File "/g/data/xp65/public/apps/med_conda/envs/analysis3-25.06/lib/python3.11/site-packages/distributed/core.py", line 1485, in connect
    return await self._connect(addr=addr, timeout=timeout)
           ^^^^^^^^^^^^^^^^^^^^^^^^^^^^^^^^^^^^^^^^^^^^^^^
  File "/g/data/xp65/public/apps/med_conda/envs/analysis3-25.06/lib/python3.11/site-packages/distributed/core.py", line 1429, in _connect
    comm = await connect(
           ^^^^^^^^^^^^^^
  File "/g/data/xp65/public/apps/med_conda/envs/analysis3-25.06/lib/python3.11/site-packages/distributed/comm/core.py", line 366, in connect
    await asyncio.sleep(backoff)
  File "/g/data/xp65/public/apps/med_conda/envs/analysis3-25.06/lib/python3.11/asyncio/tasks.py", line 649, in sleep
    return await future
           ^^^^^^^^^^^^
asyncio.exceptions.CancelledError

The above exception was the direct cause of the following exception:

Traceback (most recent call last):
  File "/g/data/xp65/public/apps/med_conda/envs/analysis3-25.06/lib/python3.11/site-packages/distributed/core.py", line 1476, in connect
    async with asyncio.timeout(math.inf) as scope:
  File "/g/data/xp65/public/apps/med_conda/envs/analysis3-25.06/lib/python3.11/asyncio/timeouts.py", line 115, in __aexit__
    raise TimeoutError from exc_val
TimeoutError

During handling of the above exception, another exception occurred:

Traceback (most recent call last):
  File "/g/data/xp65/public/apps/med_conda/envs/analysis3-25.06/lib/python3.11/site-packages/distributed/worker.py", line 1267, in heartbeat
    response = await retry_operation(
               ^^^^^^^^^^^^^^^^^^^^^^
  File "/g/data/xp65/public/apps/med_conda/envs/analysis3-25.06/lib/python3.11/site-packages/distributed/utils_comm.py", line 416, in retry_operation
    return await retry(
           ^^^^^^^^^^^^
  File "/g/data/xp65/public/apps/med_conda/envs/analysis3-25.06/lib/python3.11/site-packages/distributed/utils_comm.py", line 395, in retry
    return await coro()
           ^^^^^^^^^^^^
  File "/g/data/xp65/public/apps/med_conda/envs/analysis3-25.06/lib/python3.11/site-packages/distributed/core.py", line 1256, in send_recv_from_rpc
    comm = await self.pool.connect(self.addr)
           ^^^^^^^^^^^^^^^^^^^^^^^^^^^^^^^^^^
  File "/g/data/xp65/public/apps/med_conda/envs/analysis3-25.06/lib/python3.11/site-packages/distributed/core.py", line 1497, in connect
    raise CommClosedError(reason)
distributed.comm.core.CommClosedError: ConnectionPool closing.
2025-10-01 08:56:53,690 - distributed.worker - ERROR - Failed to communicate with scheduler during heartbeat.
ConnectionRefusedError: [Errno 111] Connection refused

The above exception was the direct cause of the following exception:

Traceback (most recent call last):
  File "/g/data/xp65/public/apps/med_conda/envs/analysis3-25.06/lib/python3.11/site-packages/distributed/comm/core.py", line 342, in connect
    comm = await wait_for(
           ^^^^^^^^^^^^^^^
  File "/g/data/xp65/public/apps/med_conda/envs/analysis3-25.06/lib/python3.11/site-packages/distributed/utils.py", line 1923, in wait_for
    return await fut
           ^^^^^^^^^
  File "/g/data/xp65/public/apps/med_conda/envs/analysis3-25.06/lib/python3.11/site-packages/distributed/comm/tcp.py", line 560, in connect
    convert_stream_closed_error(self, e)
  File "/g/data/xp65/public/apps/med_conda/envs/analysis3-25.06/lib/python3.11/site-packages/distributed/comm/tcp.py", line 143, in convert_stream_closed_error
    raise CommClosedError(f"in {obj}: {exc.__class__.__name__}: {exc}") from exc
distributed.comm.core.CommClosedError: in <distributed.comm.tcp.TCPConnector object at 0x154773a04390>: ConnectionRefusedError: [Errno 111] Connection refused

During handling of the above exception, another exception occurred:

Traceback (most recent call last):
  File "/g/data/xp65/public/apps/med_conda/envs/analysis3-25.06/lib/python3.11/site-packages/distributed/core.py", line 1485, in connect
    return await self._connect(addr=addr, timeout=timeout)
           ^^^^^^^^^^^^^^^^^^^^^^^^^^^^^^^^^^^^^^^^^^^^^^^
  File "/g/data/xp65/public/apps/med_conda/envs/analysis3-25.06/lib/python3.11/site-packages/distributed/core.py", line 1429, in _connect
    comm = await connect(
           ^^^^^^^^^^^^^^
  File "/g/data/xp65/public/apps/med_conda/envs/analysis3-25.06/lib/python3.11/site-packages/distributed/comm/core.py", line 366, in connect
    await asyncio.sleep(backoff)
  File "/g/data/xp65/public/apps/med_conda/envs/analysis3-25.06/lib/python3.11/asyncio/tasks.py", line 649, in sleep
    return await future
           ^^^^^^^^^^^^
asyncio.exceptions.CancelledError

The above exception was the direct cause of the following exception:

Traceback (most recent call last):
  File "/g/data/xp65/public/apps/med_conda/envs/analysis3-25.06/lib/python3.11/site-packages/distributed/core.py", line 1476, in connect
    async with asyncio.timeout(math.inf) as scope:
  File "/g/data/xp65/public/apps/med_conda/envs/analysis3-25.06/lib/python3.11/asyncio/timeouts.py", line 115, in __aexit__
    raise TimeoutError from exc_val
TimeoutError

During handling of the above exception, another exception occurred:

Traceback (most recent call last):
  File "/g/data/xp65/public/apps/med_conda/envs/analysis3-25.06/lib/python3.11/site-packages/distributed/worker.py", line 1267, in heartbeat
    response = await retry_operation(
               ^^^^^^^^^^^^^^^^^^^^^^
  File "/g/data/xp65/public/apps/med_conda/envs/analysis3-25.06/lib/python3.11/site-packages/distributed/utils_comm.py", line 416, in retry_operation
    return await retry(
           ^^^^^^^^^^^^
  File "/g/data/xp65/public/apps/med_conda/envs/analysis3-25.06/lib/python3.11/site-packages/distributed/utils_comm.py", line 395, in retry
    return await coro()
           ^^^^^^^^^^^^
  File "/g/data/xp65/public/apps/med_conda/envs/analysis3-25.06/lib/python3.11/site-packages/distributed/core.py", line 1256, in send_recv_from_rpc
    comm = await self.pool.connect(self.addr)
           ^^^^^^^^^^^^^^^^^^^^^^^^^^^^^^^^^^
  File "/g/data/xp65/public/apps/med_conda/envs/analysis3-25.06/lib/python3.11/site-packages/distributed/core.py", line 1497, in connect
    raise CommClosedError(reason)
distributed.comm.core.CommClosedError: ConnectionPool closing.
2025-10-01 08:56:53,707 - distributed.nanny - INFO - Worker closed
2025-10-01 08:56:53,710 - distributed.nanny - INFO - Worker closed
2025-10-01 08:56:53,717 - distributed.nanny - INFO - Worker closed
2025-10-01 08:56:53,718 - distributed.nanny - INFO - Worker closed
2025-10-01 08:56:53,719 - distributed.nanny - INFO - Worker closed
2025-10-01 08:56:53,720 - distributed.nanny - INFO - Worker closed
2025-10-01 08:56:53,720 - distributed.nanny - INFO - Worker closed
2025-10-01 08:56:53,721 - distributed.nanny - INFO - Worker closed
2025-10-01 08:56:53,721 - distributed.nanny - INFO - Worker closed
2025-10-01 08:56:53,722 - distributed.nanny - INFO - Worker closed
2025-10-01 08:56:53,722 - distributed.nanny - INFO - Worker closed
2025-10-01 08:56:53,724 - distributed.nanny - INFO - Worker closed
2025-10-01 08:56:53,692 - distributed.worker - ERROR - Failed to communicate with scheduler during heartbeat.
ConnectionRefusedError: [Errno 111] Connection refused

The above exception was the direct cause of the following exception:

Traceback (most recent call last):
  File "/g/data/xp65/public/apps/med_conda/envs/analysis3-25.06/lib/python3.11/site-packages/distributed/comm/core.py", line 342, in connect
    comm = await wait_for(
           ^^^^^^^^^^^^^^^
  File "/g/data/xp65/public/apps/med_conda/envs/analysis3-25.06/lib/python3.11/site-packages/distributed/utils.py", line 1923, in wait_for
    return await fut
           ^^^^^^^^^
  File "/g/data/xp65/public/apps/med_conda/envs/analysis3-25.06/lib/python3.11/site-packages/distributed/comm/tcp.py", line 560, in connect
    convert_stream_closed_error(self, e)
  File "/g/data/xp65/public/apps/med_conda/envs/analysis3-25.06/lib/python3.11/site-packages/distributed/comm/tcp.py", line 143, in convert_stream_closed_error
    raise CommClosedError(f"in {obj}: {exc.__class__.__name__}: {exc}") from exc
distributed.comm.core.CommClosedError: in <distributed.comm.tcp.TCPConnector object at 0x14d92854acd0>: ConnectionRefusedError: [Errno 111] Connection refused

During handling of the above exception, another exception occurred:

Traceback (most recent call last):
  File "/g/data/xp65/public/apps/med_conda/envs/analysis3-25.06/lib/python3.11/site-packages/distributed/core.py", line 1485, in connect
    return await self._connect(addr=addr, timeout=timeout)
           ^^^^^^^^^^^^^^^^^^^^^^^^^^^^^^^^^^^^^^^^^^^^^^^
  File "/g/data/xp65/public/apps/med_conda/envs/analysis3-25.06/lib/python3.11/site-packages/distributed/core.py", line 1429, in _connect
    comm = await connect(
           ^^^^^^^^^^^^^^
  File "/g/data/xp65/public/apps/med_conda/envs/analysis3-25.06/lib/python3.11/site-packages/distributed/comm/core.py", line 366, in connect
    await asyncio.sleep(backoff)
  File "/g/data/xp65/public/apps/med_conda/envs/analysis3-25.06/lib/python3.11/asyncio/tasks.py", line 649, in sleep
    return await future
           ^^^^^^^^^^^^
asyncio.exceptions.CancelledError

The above exception was the direct cause of the following exception:

Traceback (most recent call last):
  File "/g/data/xp65/public/apps/med_conda/envs/analysis3-25.06/lib/python3.11/site-packages/distributed/core.py", line 1476, in connect
    async with asyncio.timeout(math.inf) as scope:
  File "/g/data/xp65/public/apps/med_conda/envs/analysis3-25.06/lib/python3.11/asyncio/timeouts.py", line 115, in __aexit__
    raise TimeoutError from exc_val
TimeoutError

During handling of the above exception, another exception occurred:

Traceback (most recent call last):
  File "/g/data/xp65/public/apps/med_conda/envs/analysis3-25.06/lib/python3.11/site-packages/distributed/worker.py", line 1267, in heartbeat
    response = await retry_operation(
               ^^^^^^^^^^^^^^^^^^^^^^
  File "/g/data/xp65/public/apps/med_conda/envs/analysis3-25.06/lib/python3.11/site-packages/distributed/utils_comm.py", line 416, in retry_operation
    return await retry(
           ^^^^^^^^^^^^
  File "/g/data/xp65/public/apps/med_conda/envs/analysis3-25.06/lib/python3.11/site-packages/distributed/utils_comm.py", line 395, in retry
    return await coro()
           ^^^^^^^^^^^^
  File "/g/data/xp65/public/apps/med_conda/envs/analysis3-25.06/lib/python3.11/site-packages/distributed/core.py", line 1256, in send_recv_from_rpc
    comm = await self.pool.connect(self.addr)
           ^^^^^^^^^^^^^^^^^^^^^^^^^^^^^^^^^^
  File "/g/data/xp65/public/apps/med_conda/envs/analysis3-25.06/lib/python3.11/site-packages/distributed/core.py", line 1497, in connect
    raise CommClosedError(reason)
distributed.comm.core.CommClosedError: ConnectionPool closing.
2025-10-01 08:56:53,724 - distributed.nanny - INFO - Worker closed
2025-10-01 08:56:53,726 - distributed.nanny - INFO - Worker closed
2025-10-01 08:56:53,727 - distributed.nanny - INFO - Worker closed
2025-10-01 08:56:53,729 - distributed.nanny - INFO - Worker closed
2025-10-01 08:56:53,730 - distributed.nanny - INFO - Worker closed
2025-10-01 08:56:53,730 - distributed.nanny - INFO - Worker closed
2025-10-01 08:56:53,731 - distributed.nanny - INFO - Worker closed
2025-10-01 08:56:53,732 - distributed.nanny - INFO - Worker closed
2025-10-01 08:56:53,733 - distributed.nanny - INFO - Worker closed
2025-10-01 08:56:53,735 - distributed.nanny - INFO - Worker closed
2025-10-01 08:56:53,735 - distributed.nanny - INFO - Worker closed
2025-10-01 08:56:53,697 - distributed.worker - ERROR - Failed to communicate with scheduler during heartbeat.
ConnectionRefusedError: [Errno 111] Connection refused

The above exception was the direct cause of the following exception:

Traceback (most recent call last):
  File "/g/data/xp65/public/apps/med_conda/envs/analysis3-25.06/lib/python3.11/site-packages/distributed/comm/core.py", line 342, in connect
    comm = await wait_for(
           ^^^^^^^^^^^^^^^
  File "/g/data/xp65/public/apps/med_conda/envs/analysis3-25.06/lib/python3.11/site-packages/distributed/utils.py", line 1923, in wait_for
    return await fut
           ^^^^^^^^^
  File "/g/data/xp65/public/apps/med_conda/envs/analysis3-25.06/lib/python3.11/site-packages/distributed/comm/tcp.py", line 560, in connect
    convert_stream_closed_error(self, e)
  File "/g/data/xp65/public/apps/med_conda/envs/analysis3-25.06/lib/python3.11/site-packages/distributed/comm/tcp.py", line 143, in convert_stream_closed_error
    raise CommClosedError(f"in {obj}: {exc.__class__.__name__}: {exc}") from exc
distributed.comm.core.CommClosedError: in <distributed.comm.tcp.TCPConnector object at 0x1505c2524290>: ConnectionRefusedError: [Errno 111] Connection refused

During handling of the above exception, another exception occurred:

Traceback (most recent call last):
  File "/g/data/xp65/public/apps/med_conda/envs/analysis3-25.06/lib/python3.11/site-packages/distributed/core.py", line 1485, in connect
    return await self._connect(addr=addr, timeout=timeout)
           ^^^^^^^^^^^^^^^^^^^^^^^^^^^^^^^^^^^^^^^^^^^^^^^
  File "/g/data/xp65/public/apps/med_conda/envs/analysis3-25.06/lib/python3.11/site-packages/distributed/core.py", line 1429, in _connect
    comm = await connect(
           ^^^^^^^^^^^^^^
  File "/g/data/xp65/public/apps/med_conda/envs/analysis3-25.06/lib/python3.11/site-packages/distributed/comm/core.py", line 366, in connect
    await asyncio.sleep(backoff)
  File "/g/data/xp65/public/apps/med_conda/envs/analysis3-25.06/lib/python3.11/asyncio/tasks.py", line 649, in sleep
    return await future
           ^^^^^^^^^^^^
asyncio.exceptions.CancelledError

The above exception was the direct cause of the following exception:

Traceback (most recent call last):
  File "/g/data/xp65/public/apps/med_conda/envs/analysis3-25.06/lib/python3.11/site-packages/distributed/core.py", line 1476, in connect
    async with asyncio.timeout(math.inf) as scope:
  File "/g/data/xp65/public/apps/med_conda/envs/analysis3-25.06/lib/python3.11/asyncio/timeouts.py", line 115, in __aexit__
    raise TimeoutError from exc_val
TimeoutError

During handling of the above exception, another exception occurred:

Traceback (most recent call last):
  File "/g/data/xp65/public/apps/med_conda/envs/analysis3-25.06/lib/python3.11/site-packages/distributed/worker.py", line 1267, in heartbeat
    response = await retry_operation(
               ^^^^^^^^^^^^^^^^^^^^^^
  File "/g/data/xp65/public/apps/med_conda/envs/analysis3-25.06/lib/python3.11/site-packages/distributed/utils_comm.py", line 416, in retry_operation
    return await retry(
           ^^^^^^^^^^^^
  File "/g/data/xp65/public/apps/med_conda/envs/analysis3-25.06/lib/python3.11/site-packages/distributed/utils_comm.py", line 395, in retry
    return await coro()
           ^^^^^^^^^^^^
  File "/g/data/xp65/public/apps/med_conda/envs/analysis3-25.06/lib/python3.11/site-packages/distributed/core.py", line 1256, in send_recv_from_rpc
    comm = await self.pool.connect(self.addr)
           ^^^^^^^^^^^^^^^^^^^^^^^^^^^^^^^^^^
  File "/g/data/xp65/public/apps/med_conda/envs/analysis3-25.06/lib/python3.11/site-packages/distributed/core.py", line 1497, in connect
    raise CommClosedError(reason)
distributed.comm.core.CommClosedError: ConnectionPool closing.
2025-10-01 08:56:53,737 - distributed.nanny - INFO - Worker closed
2025-10-01 08:56:53,740 - distributed.nanny - INFO - Worker closed
2025-10-01 08:56:53,741 - distributed.nanny - INFO - Worker closed
2025-10-01 08:56:53,762 - distributed.nanny - INFO - Worker closed
2025-10-01 08:56:53,765 - distributed.nanny - INFO - Worker closed
2025-10-01 08:56:53,771 - distributed.nanny - INFO - Worker closed
2025-10-01 08:56:53,785 - distributed.nanny - INFO - Worker closed
2025-10-01 08:56:53,793 - distributed.nanny - INFO - Worker closed
2025-10-01 08:56:53,795 - distributed.nanny - INFO - Worker closed
2025-10-01 08:56:53,805 - distributed.nanny - INFO - Worker closed
2025-10-01 08:56:53,806 - distributed.nanny - INFO - Worker closed
2025-10-01 08:56:53,811 - distributed.nanny - INFO - Worker closed
2025-10-01 08:56:53,813 - distributed.nanny - INFO - Worker closed
2025-10-01 08:56:53,815 - distributed.nanny - INFO - Worker closed
2025-10-01 08:56:53,815 - distributed.nanny - INFO - Worker closed
2025-10-01 08:56:53,817 - distributed.nanny - INFO - Worker closed
2025-10-01 08:56:53,819 - distributed.nanny - INFO - Worker closed
2025-10-01 08:56:53,819 - distributed.nanny - INFO - Worker closed
2025-10-01 08:56:53,821 - distributed.nanny - INFO - Worker closed
2025-10-01 08:56:53,826 - distributed.nanny - INFO - Worker closed
2025-10-01 08:56:55,711 - distributed.nanny - ERROR - Worker process died unexpectedly
2025-10-01 08:56:55,723 - distributed.nanny - ERROR - Worker process died unexpectedly
2025-10-01 08:56:55,728 - distributed.nanny - ERROR - Worker process died unexpectedly
2025-10-01 08:56:55,731 - distributed.nanny - ERROR - Worker process died unexpectedly
2025-10-01 08:56:55,734 - distributed.nanny - ERROR - Worker process died unexpectedly
2025-10-01 08:56:55,735 - distributed.nanny - ERROR - Worker process died unexpectedly
2025-10-01 08:56:55,738 - distributed.nanny - ERROR - Worker process died unexpectedly
2025-10-01 08:56:55,742 - distributed.nanny - ERROR - Worker process died unexpectedly
2025-10-01 08:56:55,757 - distributed.nanny - ERROR - Worker process died unexpectedly
2025-10-01 08:56:55,770 - distributed.nanny - ERROR - Worker process died unexpectedly
2025-10-01 08:56:55,811 - distributed.nanny - ERROR - Worker process died unexpectedly
2025-10-01 08:56:55,819 - distributed.nanny - ERROR - Worker process died unexpectedly
2025-10-01 08:56:55,822 - distributed.nanny - ERROR - Worker process died unexpectedly
2025-10-01 08:56:55,828 - distributed.nanny - ERROR - Worker process died unexpectedly
2025-10-01 08:56:55,830 - distributed.nanny - ERROR - Worker process died unexpectedly
2025-10-01 08:56:57,267 - distributed.nanny - INFO - Closing Nanny at 'tcp://10.6.5.30:34381'. Reason: nanny-close-gracefully
2025-10-01 08:56:57,270 - distributed.nanny - INFO - Nanny at 'tcp://10.6.5.30:34381' closed.
2025-10-01 08:56:57,281 - distributed.nanny - INFO - Closing Nanny at 'tcp://10.6.5.30:44933'. Reason: nanny-close-gracefully
2025-10-01 08:56:57,285 - distributed.nanny - INFO - Closing Nanny at 'tcp://10.6.5.30:38247'. Reason: nanny-close-gracefully
2025-10-01 08:56:57,286 - distributed.nanny - INFO - Nanny at 'tcp://10.6.5.30:44933' closed.
2025-10-01 08:56:57,287 - distributed.nanny - INFO - Closing Nanny at 'tcp://10.6.5.30:46183'. Reason: nanny-close-gracefully
2025-10-01 08:56:57,288 - distributed.nanny - INFO - Nanny at 'tcp://10.6.5.30:38247' closed.
2025-10-01 08:56:57,289 - distributed.nanny - INFO - Nanny at 'tcp://10.6.5.30:46183' closed.
2025-10-01 08:56:57,290 - distributed.nanny - INFO - Closing Nanny at 'tcp://10.6.5.30:45047'. Reason: nanny-close-gracefully
2025-10-01 08:56:57,290 - distributed.nanny - INFO - Nanny at 'tcp://10.6.5.30:45047' closed.
2025-10-01 08:56:57,300 - distributed.nanny - INFO - Closing Nanny at 'tcp://10.6.5.30:40311'. Reason: nanny-close-gracefully
2025-10-01 08:56:57,301 - distributed.nanny - INFO - Nanny at 'tcp://10.6.5.30:40311' closed.
2025-10-01 08:56:57,310 - distributed.nanny - INFO - Closing Nanny at 'tcp://10.6.5.30:35105'. Reason: nanny-close-gracefully
2025-10-01 08:56:57,311 - distributed.nanny - INFO - Nanny at 'tcp://10.6.5.30:35105' closed.
2025-10-01 08:56:57,328 - distributed.nanny - INFO - Closing Nanny at 'tcp://10.6.5.30:33643'. Reason: nanny-close-gracefully
2025-10-01 08:56:57,329 - distributed.nanny - INFO - Nanny at 'tcp://10.6.5.30:33643' closed.
2025-10-01 08:56:57,336 - distributed.nanny - INFO - Closing Nanny at 'tcp://10.6.5.30:38613'. Reason: nanny-close-gracefully
2025-10-01 08:56:57,340 - distributed.nanny - INFO - Closing Nanny at 'tcp://10.6.5.30:37133'. Reason: nanny-close-gracefully
2025-10-01 08:56:57,340 - distributed.nanny - INFO - Closing Nanny at 'tcp://10.6.5.30:41033'. Reason: nanny-close-gracefully
2025-10-01 08:56:57,341 - distributed.nanny - INFO - Nanny at 'tcp://10.6.5.30:38613' closed.
2025-10-01 08:56:57,343 - distributed.nanny - INFO - Nanny at 'tcp://10.6.5.30:37133' closed.
2025-10-01 08:56:57,343 - distributed.nanny - INFO - Nanny at 'tcp://10.6.5.30:41033' closed.
2025-10-01 08:56:57,350 - distributed.nanny - INFO - Closing Nanny at 'tcp://10.6.5.30:40553'. Reason: nanny-close-gracefully
2025-10-01 08:56:57,351 - distributed.nanny - INFO - Closing Nanny at 'tcp://10.6.5.30:33563'. Reason: nanny-close-gracefully
2025-10-01 08:56:57,352 - distributed.nanny - INFO - Nanny at 'tcp://10.6.5.30:40553' closed.
2025-10-01 08:56:57,353 - distributed.nanny - INFO - Nanny at 'tcp://10.6.5.30:33563' closed.
2025-10-01 08:56:57,361 - distributed.nanny - INFO - Closing Nanny at 'tcp://10.6.5.30:43211'. Reason: nanny-close-gracefully
2025-10-01 08:56:57,370 - distributed.nanny - INFO - Nanny at 'tcp://10.6.5.30:43211' closed.
2025-10-01 08:56:57,371 - distributed.nanny - INFO - Closing Nanny at 'tcp://10.6.5.30:39731'. Reason: nanny-close-gracefully
2025-10-01 08:56:57,372 - distributed.nanny - INFO - Nanny at 'tcp://10.6.5.30:39731' closed.
2025-10-01 08:56:57,373 - distributed.nanny - INFO - Closing Nanny at 'tcp://10.6.5.30:43987'. Reason: nanny-close-gracefully
2025-10-01 08:56:57,374 - distributed.nanny - INFO - Nanny at 'tcp://10.6.5.30:43987' closed.
2025-10-01 08:56:57,377 - distributed.nanny - INFO - Closing Nanny at 'tcp://10.6.5.30:39319'. Reason: nanny-close-gracefully
2025-10-01 08:56:57,378 - distributed.nanny - INFO - Nanny at 'tcp://10.6.5.30:39319' closed.
2025-10-01 08:56:57,388 - distributed.nanny - INFO - Closing Nanny at 'tcp://10.6.5.30:43545'. Reason: nanny-close-gracefully
2025-10-01 08:56:57,389 - distributed.nanny - INFO - Nanny at 'tcp://10.6.5.30:43545' closed.
2025-10-01 08:56:57,435 - distributed.nanny - INFO - Closing Nanny at 'tcp://10.6.5.30:43809'. Reason: nanny-close-gracefully
2025-10-01 08:56:57,436 - distributed.nanny - INFO - Nanny at 'tcp://10.6.5.30:43809' closed.
2025-10-01 08:56:57,472 - distributed.nanny - INFO - Closing Nanny at 'tcp://10.6.5.30:45419'. Reason: nanny-close-gracefully
2025-10-01 08:56:57,473 - distributed.nanny - INFO - Nanny at 'tcp://10.6.5.30:45419' closed.
2025-10-01 08:56:57,523 - distributed.nanny - INFO - Closing Nanny at 'tcp://10.6.5.30:33863'. Reason: nanny-close-gracefully
2025-10-01 08:56:57,524 - distributed.nanny - INFO - Nanny at 'tcp://10.6.5.30:33863' closed.
2025-10-01 08:56:57,533 - distributed.nanny - INFO - Closing Nanny at 'tcp://10.6.5.30:45617'. Reason: nanny-close-gracefully
2025-10-01 08:56:57,534 - distributed.nanny - INFO - Nanny at 'tcp://10.6.5.30:45617' closed.
2025-10-01 08:56:57,549 - distributed.nanny - INFO - Closing Nanny at 'tcp://10.6.5.30:33595'. Reason: nanny-close-gracefully
2025-10-01 08:56:57,550 - distributed.nanny - INFO - Nanny at 'tcp://10.6.5.30:33595' closed.
2025-10-01 08:56:57,597 - distributed.nanny - INFO - Closing Nanny at 'tcp://10.6.5.30:44301'. Reason: nanny-close-gracefully
2025-10-01 08:56:57,598 - distributed.nanny - INFO - Nanny at 'tcp://10.6.5.30:44301' closed.
2025-10-01 08:56:57,603 - distributed.nanny - INFO - Closing Nanny at 'tcp://10.6.5.30:42339'. Reason: nanny-close-gracefully
2025-10-01 08:56:57,604 - distributed.nanny - INFO - Nanny at 'tcp://10.6.5.30:42339' closed.
2025-10-01 08:56:57,616 - distributed.nanny - INFO - Closing Nanny at 'tcp://10.6.5.30:36243'. Reason: nanny-close-gracefully
2025-10-01 08:56:57,616 - distributed.nanny - INFO - Nanny at 'tcp://10.6.5.30:36243' closed.
2025-10-01 08:56:57,659 - distributed.nanny - INFO - Closing Nanny at 'tcp://10.6.5.30:46669'. Reason: nanny-close-gracefully
2025-10-01 08:56:57,661 - distributed.nanny - INFO - Nanny at 'tcp://10.6.5.30:46669' closed.
2025-10-01 08:56:57,686 - distributed.nanny - INFO - Closing Nanny at 'tcp://10.6.5.30:43839'. Reason: nanny-close-gracefully
2025-10-01 08:56:57,687 - distributed.nanny - INFO - Nanny at 'tcp://10.6.5.30:43839' closed.
2025-10-01 08:56:57,731 - distributed.nanny - INFO - Closing Nanny at 'tcp://10.6.5.30:40471'. Reason: nanny-close-gracefully
2025-10-01 08:56:57,732 - distributed.nanny - INFO - Nanny at 'tcp://10.6.5.30:40471' closed.
2025-10-01 08:56:57,751 - distributed.nanny - INFO - Closing Nanny at 'tcp://10.6.5.30:36427'. Reason: nanny-close-gracefully
2025-10-01 08:56:57,751 - distributed.nanny - INFO - Nanny at 'tcp://10.6.5.30:36427' closed.
2025-10-01 08:56:57,799 - distributed.nanny - INFO - Closing Nanny at 'tcp://10.6.5.30:46177'. Reason: nanny-close-gracefully
2025-10-01 08:56:57,800 - distributed.nanny - INFO - Nanny at 'tcp://10.6.5.30:46177' closed.
2025-10-01 08:56:57,884 - distributed.nanny - INFO - Closing Nanny at 'tcp://10.6.5.30:32771'. Reason: nanny-close-gracefully
2025-10-01 08:56:57,885 - distributed.nanny - INFO - Closing Nanny at 'tcp://10.6.5.30:46159'. Reason: nanny-close-gracefully
2025-10-01 08:56:57,886 - distributed.nanny - INFO - Nanny at 'tcp://10.6.5.30:32771' closed.
2025-10-01 08:56:57,886 - distributed.nanny - INFO - Nanny at 'tcp://10.6.5.30:46159' closed.
2025-10-01 08:56:57,931 - distributed.nanny - INFO - Closing Nanny at 'tcp://10.6.5.30:43261'. Reason: nanny-close-gracefully
2025-10-01 08:56:57,932 - distributed.nanny - INFO - Nanny at 'tcp://10.6.5.30:43261' closed.
2025-10-01 08:56:57,951 - distributed.nanny - INFO - Closing Nanny at 'tcp://10.6.5.30:38649'. Reason: nanny-close-gracefully
2025-10-01 08:56:57,952 - distributed.nanny - INFO - Nanny at 'tcp://10.6.5.30:38649' closed.
2025-10-01 08:56:57,976 - distributed.nanny - INFO - Closing Nanny at 'tcp://10.6.5.30:40365'. Reason: nanny-close-gracefully
2025-10-01 08:56:57,977 - distributed.nanny - INFO - Nanny at 'tcp://10.6.5.30:40365' closed.
2025-10-01 08:56:57,983 - distributed.nanny - INFO - Closing Nanny at 'tcp://10.6.5.30:33401'. Reason: nanny-close-gracefully
2025-10-01 08:56:57,984 - distributed.nanny - INFO - Closing Nanny at 'tcp://10.6.5.30:38753'. Reason: nanny-close-gracefully
2025-10-01 08:56:57,984 - distributed.nanny - INFO - Nanny at 'tcp://10.6.5.30:33401' closed.
2025-10-01 08:56:57,985 - distributed.nanny - INFO - Nanny at 'tcp://10.6.5.30:38753' closed.
2025-10-01 08:56:57,992 - distributed.nanny - INFO - Closing Nanny at 'tcp://10.6.5.30:43139'. Reason: nanny-close-gracefully
2025-10-01 08:56:57,993 - distributed.nanny - INFO - Nanny at 'tcp://10.6.5.30:43139' closed.
2025-10-01 08:56:58,005 - distributed.nanny - INFO - Closing Nanny at 'tcp://10.6.5.30:37469'. Reason: nanny-close-gracefully
2025-10-01 08:56:58,006 - distributed.nanny - INFO - Nanny at 'tcp://10.6.5.30:37469' closed.
2025-10-01 08:56:58,047 - distributed.nanny - INFO - Closing Nanny at 'tcp://10.6.5.30:41037'. Reason: nanny-close-gracefully
2025-10-01 08:56:58,047 - distributed.nanny - INFO - Nanny at 'tcp://10.6.5.30:41037' closed.
2025-10-01 08:56:58,075 - distributed.nanny - INFO - Closing Nanny at 'tcp://10.6.5.30:45245'. Reason: nanny-close-gracefully
2025-10-01 08:56:58,076 - distributed.nanny - INFO - Nanny at 'tcp://10.6.5.30:45245' closed.
2025-10-01 08:56:58,122 - distributed.nanny - INFO - Closing Nanny at 'tcp://10.6.5.30:46591'. Reason: nanny-close-gracefully
2025-10-01 08:56:58,124 - distributed.nanny - INFO - Closing Nanny at 'tcp://10.6.5.30:39405'. Reason: nanny-close-gracefully
2025-10-01 08:56:58,125 - distributed.nanny - INFO - Nanny at 'tcp://10.6.5.30:46591' closed.
2025-10-01 08:56:58,125 - distributed.nanny - INFO - Nanny at 'tcp://10.6.5.30:39405' closed.
2025-10-01 08:56:58,225 - distributed.nanny - INFO - Closing Nanny at 'tcp://10.6.5.30:43437'. Reason: nanny-close-gracefully
2025-10-01 08:56:58,226 - distributed.nanny - INFO - Nanny at 'tcp://10.6.5.30:43437' closed.
2025-10-01 08:56:58,267 - distributed.nanny - INFO - Closing Nanny at 'tcp://10.6.5.30:37763'. Reason: nanny-close-gracefully
2025-10-01 08:56:58,267 - distributed.nanny - INFO - Nanny at 'tcp://10.6.5.30:37763' closed.
2025-10-01 08:56:58,497 - distributed.nanny - INFO - Closing Nanny at 'tcp://10.6.5.30:38109'. Reason: nanny-close-gracefully
2025-10-01 08:56:58,498 - distributed.nanny - INFO - Nanny at 'tcp://10.6.5.30:38109' closed.
2025-10-01 08:56:58,513 - distributed.nanny - INFO - Closing Nanny at 'tcp://10.6.5.30:42219'. Reason: nanny-close-gracefully
2025-10-01 08:56:58,514 - distributed.nanny - INFO - Nanny at 'tcp://10.6.5.30:42219' closed.
2025-10-01 08:56:58,516 - distributed.dask_worker - INFO - End worker
