Loading singularity
Loading conda/analysis3-25.06
Loading gadi_jupyterlab/23.02
2025-09-03 10:32:03,432 - distributed.nanny - INFO -         Start Nanny at: 'tcp://10.6.102.60:42101'
2025-09-03 10:32:03,444 - distributed.nanny - INFO -         Start Nanny at: 'tcp://10.6.102.60:38633'
2025-09-03 10:32:03,449 - distributed.nanny - INFO -         Start Nanny at: 'tcp://10.6.102.60:39727'
2025-09-03 10:32:03,454 - distributed.nanny - INFO -         Start Nanny at: 'tcp://10.6.102.60:33815'
2025-09-03 10:32:03,458 - distributed.nanny - INFO -         Start Nanny at: 'tcp://10.6.102.60:34547'
2025-09-03 10:32:03,462 - distributed.nanny - INFO -         Start Nanny at: 'tcp://10.6.102.60:46147'
2025-09-03 10:32:03,467 - distributed.nanny - INFO -         Start Nanny at: 'tcp://10.6.102.60:46531'
2025-09-03 10:32:03,473 - distributed.nanny - INFO -         Start Nanny at: 'tcp://10.6.102.60:42563'
2025-09-03 10:32:03,482 - distributed.nanny - INFO -         Start Nanny at: 'tcp://10.6.102.60:43979'
2025-09-03 10:32:03,486 - distributed.nanny - INFO -         Start Nanny at: 'tcp://10.6.102.60:35331'
2025-09-03 10:32:03,492 - distributed.nanny - INFO -         Start Nanny at: 'tcp://10.6.102.60:36937'
2025-09-03 10:32:03,497 - distributed.nanny - INFO -         Start Nanny at: 'tcp://10.6.102.60:35373'
2025-09-03 10:32:03,502 - distributed.nanny - INFO -         Start Nanny at: 'tcp://10.6.102.60:46587'
2025-09-03 10:32:03,507 - distributed.nanny - INFO -         Start Nanny at: 'tcp://10.6.102.60:36197'
2025-09-03 10:32:03,513 - distributed.nanny - INFO -         Start Nanny at: 'tcp://10.6.102.60:42419'
2025-09-03 10:32:03,518 - distributed.nanny - INFO -         Start Nanny at: 'tcp://10.6.102.60:42781'
2025-09-03 10:32:03,523 - distributed.nanny - INFO -         Start Nanny at: 'tcp://10.6.102.60:44625'
2025-09-03 10:32:03,527 - distributed.nanny - INFO -         Start Nanny at: 'tcp://10.6.102.60:44679'
2025-09-03 10:32:03,532 - distributed.nanny - INFO -         Start Nanny at: 'tcp://10.6.102.60:34019'
2025-09-03 10:32:03,537 - distributed.nanny - INFO -         Start Nanny at: 'tcp://10.6.102.60:39475'
2025-09-03 10:32:03,542 - distributed.nanny - INFO -         Start Nanny at: 'tcp://10.6.102.60:33879'
2025-09-03 10:32:03,547 - distributed.nanny - INFO -         Start Nanny at: 'tcp://10.6.102.60:42985'
2025-09-03 10:32:03,551 - distributed.nanny - INFO -         Start Nanny at: 'tcp://10.6.102.60:37283'
2025-09-03 10:32:03,555 - distributed.nanny - INFO -         Start Nanny at: 'tcp://10.6.102.60:33703'
2025-09-03 10:32:03,560 - distributed.nanny - INFO -         Start Nanny at: 'tcp://10.6.102.60:40683'
2025-09-03 10:32:03,563 - distributed.nanny - INFO -         Start Nanny at: 'tcp://10.6.102.60:37543'
2025-09-03 10:32:03,569 - distributed.nanny - INFO -         Start Nanny at: 'tcp://10.6.102.60:42075'
2025-09-03 10:32:03,615 - distributed.nanny - INFO -         Start Nanny at: 'tcp://10.6.102.60:46493'
2025-09-03 10:32:03,621 - distributed.nanny - INFO -         Start Nanny at: 'tcp://10.6.102.60:43885'
2025-09-03 10:32:03,625 - distributed.nanny - INFO -         Start Nanny at: 'tcp://10.6.102.60:41667'
2025-09-03 10:32:03,630 - distributed.nanny - INFO -         Start Nanny at: 'tcp://10.6.102.60:40059'
2025-09-03 10:32:04,457 - distributed.worker - INFO -       Start worker at:    tcp://10.6.102.60:41677
2025-09-03 10:32:04,457 - distributed.worker - INFO -       Start worker at:    tcp://10.6.102.60:42975
2025-09-03 10:32:04,457 - distributed.worker - INFO -          Listening to:    tcp://10.6.102.60:41677
2025-09-03 10:32:04,457 - distributed.worker - INFO -          Listening to:    tcp://10.6.102.60:42975
2025-09-03 10:32:04,457 - distributed.worker - INFO -          dashboard at:          10.6.102.60:46499
2025-09-03 10:32:04,457 - distributed.worker - INFO -          dashboard at:          10.6.102.60:40859
2025-09-03 10:32:04,457 - distributed.worker - INFO - Waiting to connect to:      tcp://10.6.82.69:8735
2025-09-03 10:32:04,457 - distributed.worker - INFO - -------------------------------------------------
2025-09-03 10:32:04,457 - distributed.worker - INFO - Waiting to connect to:      tcp://10.6.82.69:8735
2025-09-03 10:32:04,458 - distributed.worker - INFO -               Threads:                          1
2025-09-03 10:32:04,458 - distributed.worker - INFO - -------------------------------------------------
2025-09-03 10:32:04,457 - distributed.worker - INFO -       Start worker at:    tcp://10.6.102.60:45235
2025-09-03 10:32:04,458 - distributed.worker - INFO -               Threads:                          1
2025-09-03 10:32:04,458 - distributed.worker - INFO -                Memory:                   4.81 GiB
2025-09-03 10:32:04,458 - distributed.worker - INFO -                Memory:                   4.81 GiB
2025-09-03 10:32:04,458 - distributed.worker - INFO -          Listening to:    tcp://10.6.102.60:45235
2025-09-03 10:32:04,458 - distributed.worker - INFO -       Local Directory: /jobfs/148606947.gadi-pbs/dask-scratch-space/worker-vk5p6yas
2025-09-03 10:32:04,458 - distributed.worker - INFO -       Local Directory: /jobfs/148606947.gadi-pbs/dask-scratch-space/worker-g8kflpxj
2025-09-03 10:32:04,458 - distributed.worker - INFO -          dashboard at:          10.6.102.60:45997
2025-09-03 10:32:04,458 - distributed.worker - INFO - -------------------------------------------------
2025-09-03 10:32:04,458 - distributed.worker - INFO - -------------------------------------------------
2025-09-03 10:32:04,458 - distributed.worker - INFO - Waiting to connect to:      tcp://10.6.82.69:8735
2025-09-03 10:32:04,458 - distributed.worker - INFO - -------------------------------------------------
2025-09-03 10:32:04,458 - distributed.worker - INFO -               Threads:                          1
2025-09-03 10:32:04,458 - distributed.worker - INFO -                Memory:                   4.81 GiB
2025-09-03 10:32:04,458 - distributed.worker - INFO -       Local Directory: /jobfs/148606947.gadi-pbs/dask-scratch-space/worker-gphm0nrh
2025-09-03 10:32:04,458 - distributed.worker - INFO - -------------------------------------------------
2025-09-03 10:32:04,467 - distributed.worker - INFO -       Start worker at:    tcp://10.6.102.60:40527
2025-09-03 10:32:04,468 - distributed.worker - INFO -          Listening to:    tcp://10.6.102.60:40527
2025-09-03 10:32:04,468 - distributed.worker - INFO -          dashboard at:          10.6.102.60:38779
2025-09-03 10:32:04,468 - distributed.worker - INFO - Waiting to connect to:      tcp://10.6.82.69:8735
2025-09-03 10:32:04,468 - distributed.worker - INFO - -------------------------------------------------
2025-09-03 10:32:04,468 - distributed.worker - INFO -               Threads:                          1
2025-09-03 10:32:04,468 - distributed.worker - INFO -                Memory:                   4.81 GiB
2025-09-03 10:32:04,468 - distributed.worker - INFO -       Local Directory: /jobfs/148606947.gadi-pbs/dask-scratch-space/worker-x_l9yaay
2025-09-03 10:32:04,468 - distributed.worker - INFO - -------------------------------------------------
2025-09-03 10:32:04,473 - distributed.worker - INFO -       Start worker at:    tcp://10.6.102.60:34499
2025-09-03 10:32:04,473 - distributed.worker - INFO -          Listening to:    tcp://10.6.102.60:34499
2025-09-03 10:32:04,473 - distributed.worker - INFO -          dashboard at:          10.6.102.60:38527
2025-09-03 10:32:04,473 - distributed.worker - INFO - Waiting to connect to:      tcp://10.6.82.69:8735
2025-09-03 10:32:04,473 - distributed.worker - INFO - -------------------------------------------------
2025-09-03 10:32:04,473 - distributed.worker - INFO -               Threads:                          1
2025-09-03 10:32:04,473 - distributed.worker - INFO -                Memory:                   4.81 GiB
2025-09-03 10:32:04,473 - distributed.worker - INFO -       Local Directory: /jobfs/148606947.gadi-pbs/dask-scratch-space/worker-g_u7kqy1
2025-09-03 10:32:04,473 - distributed.worker - INFO - -------------------------------------------------
2025-09-03 10:32:04,480 - distributed.worker - INFO -       Start worker at:    tcp://10.6.102.60:46091
2025-09-03 10:32:04,481 - distributed.worker - INFO -          Listening to:    tcp://10.6.102.60:46091
2025-09-03 10:32:04,481 - distributed.worker - INFO -          dashboard at:          10.6.102.60:39343
2025-09-03 10:32:04,481 - distributed.worker - INFO - Waiting to connect to:      tcp://10.6.82.69:8735
2025-09-03 10:32:04,481 - distributed.worker - INFO - -------------------------------------------------
2025-09-03 10:32:04,481 - distributed.worker - INFO -               Threads:                          1
2025-09-03 10:32:04,481 - distributed.worker - INFO -                Memory:                   4.81 GiB
2025-09-03 10:32:04,481 - distributed.worker - INFO -       Local Directory: /jobfs/148606947.gadi-pbs/dask-scratch-space/worker-aju5kpt6
2025-09-03 10:32:04,481 - distributed.worker - INFO - -------------------------------------------------
2025-09-03 10:32:04,503 - distributed.worker - INFO -       Start worker at:    tcp://10.6.102.60:42733
2025-09-03 10:32:04,503 - distributed.worker - INFO -          Listening to:    tcp://10.6.102.60:42733
2025-09-03 10:32:04,503 - distributed.worker - INFO -          dashboard at:          10.6.102.60:44245
2025-09-03 10:32:04,503 - distributed.worker - INFO - Waiting to connect to:      tcp://10.6.82.69:8735
2025-09-03 10:32:04,503 - distributed.worker - INFO - -------------------------------------------------
2025-09-03 10:32:04,503 - distributed.worker - INFO -               Threads:                          1
2025-09-03 10:32:04,503 - distributed.worker - INFO -                Memory:                   4.81 GiB
2025-09-03 10:32:04,503 - distributed.worker - INFO -       Local Directory: /jobfs/148606947.gadi-pbs/dask-scratch-space/worker-nlwj3_75
2025-09-03 10:32:04,503 - distributed.worker - INFO - -------------------------------------------------
2025-09-03 10:32:04,582 - distributed.worker - INFO -       Start worker at:    tcp://10.6.102.60:37565
2025-09-03 10:32:04,582 - distributed.worker - INFO -          Listening to:    tcp://10.6.102.60:37565
2025-09-03 10:32:04,582 - distributed.worker - INFO -          dashboard at:          10.6.102.60:43927
2025-09-03 10:32:04,583 - distributed.worker - INFO - Waiting to connect to:      tcp://10.6.82.69:8735
2025-09-03 10:32:04,583 - distributed.worker - INFO - -------------------------------------------------
2025-09-03 10:32:04,583 - distributed.worker - INFO -               Threads:                          1
2025-09-03 10:32:04,583 - distributed.worker - INFO -                Memory:                   4.81 GiB
2025-09-03 10:32:04,583 - distributed.worker - INFO -       Local Directory: /jobfs/148606947.gadi-pbs/dask-scratch-space/worker-o9nfhvxi
2025-09-03 10:32:04,583 - distributed.worker - INFO - -------------------------------------------------
2025-09-03 10:32:04,586 - distributed.worker - INFO -       Start worker at:    tcp://10.6.102.60:40851
2025-09-03 10:32:04,586 - distributed.worker - INFO -          Listening to:    tcp://10.6.102.60:40851
2025-09-03 10:32:04,586 - distributed.worker - INFO -          dashboard at:          10.6.102.60:46277
2025-09-03 10:32:04,586 - distributed.worker - INFO - Waiting to connect to:      tcp://10.6.82.69:8735
2025-09-03 10:32:04,586 - distributed.worker - INFO - -------------------------------------------------
2025-09-03 10:32:04,586 - distributed.worker - INFO -               Threads:                          1
2025-09-03 10:32:04,587 - distributed.worker - INFO -                Memory:                   4.81 GiB
2025-09-03 10:32:04,587 - distributed.worker - INFO -       Local Directory: /jobfs/148606947.gadi-pbs/dask-scratch-space/worker-iupmcqn_
2025-09-03 10:32:04,587 - distributed.worker - INFO - -------------------------------------------------
2025-09-03 10:32:04,588 - distributed.worker - INFO -       Start worker at:    tcp://10.6.102.60:36825
2025-09-03 10:32:04,589 - distributed.worker - INFO -          Listening to:    tcp://10.6.102.60:36825
2025-09-03 10:32:04,589 - distributed.worker - INFO -          dashboard at:          10.6.102.60:37995
2025-09-03 10:32:04,589 - distributed.worker - INFO - Waiting to connect to:      tcp://10.6.82.69:8735
2025-09-03 10:32:04,589 - distributed.worker - INFO - -------------------------------------------------
2025-09-03 10:32:04,589 - distributed.worker - INFO -               Threads:                          1
2025-09-03 10:32:04,589 - distributed.worker - INFO -                Memory:                   4.81 GiB
2025-09-03 10:32:04,589 - distributed.worker - INFO -       Local Directory: /jobfs/148606947.gadi-pbs/dask-scratch-space/worker-itmfqk3v
2025-09-03 10:32:04,589 - distributed.worker - INFO - -------------------------------------------------
2025-09-03 10:32:04,590 - distributed.worker - INFO -       Start worker at:    tcp://10.6.102.60:41467
2025-09-03 10:32:04,590 - distributed.worker - INFO -          Listening to:    tcp://10.6.102.60:41467
2025-09-03 10:32:04,590 - distributed.worker - INFO -          dashboard at:          10.6.102.60:42171
2025-09-03 10:32:04,590 - distributed.worker - INFO - Waiting to connect to:      tcp://10.6.82.69:8735
2025-09-03 10:32:04,590 - distributed.worker - INFO - -------------------------------------------------
2025-09-03 10:32:04,591 - distributed.worker - INFO -               Threads:                          1
2025-09-03 10:32:04,591 - distributed.worker - INFO -                Memory:                   4.81 GiB
2025-09-03 10:32:04,591 - distributed.worker - INFO -       Local Directory: /jobfs/148606947.gadi-pbs/dask-scratch-space/worker-t84zufl3
2025-09-03 10:32:04,591 - distributed.worker - INFO - -------------------------------------------------
2025-09-03 10:32:04,592 - distributed.worker - INFO -       Start worker at:    tcp://10.6.102.60:42103
2025-09-03 10:32:04,592 - distributed.worker - INFO -          Listening to:    tcp://10.6.102.60:42103
2025-09-03 10:32:04,592 - distributed.worker - INFO -          dashboard at:          10.6.102.60:44683
2025-09-03 10:32:04,592 - distributed.worker - INFO - Waiting to connect to:      tcp://10.6.82.69:8735
2025-09-03 10:32:04,593 - distributed.worker - INFO - -------------------------------------------------
2025-09-03 10:32:04,593 - distributed.worker - INFO -               Threads:                          1
2025-09-03 10:32:04,593 - distributed.worker - INFO -                Memory:                   4.81 GiB
2025-09-03 10:32:04,593 - distributed.worker - INFO -       Local Directory: /jobfs/148606947.gadi-pbs/dask-scratch-space/worker-m7iv21d5
2025-09-03 10:32:04,593 - distributed.worker - INFO - -------------------------------------------------
2025-09-03 10:32:04,594 - distributed.worker - INFO -       Start worker at:    tcp://10.6.102.60:34063
2025-09-03 10:32:04,594 - distributed.worker - INFO -          Listening to:    tcp://10.6.102.60:34063
2025-09-03 10:32:04,594 - distributed.worker - INFO -          dashboard at:          10.6.102.60:35377
2025-09-03 10:32:04,594 - distributed.worker - INFO - Waiting to connect to:      tcp://10.6.82.69:8735
2025-09-03 10:32:04,594 - distributed.worker - INFO - -------------------------------------------------
2025-09-03 10:32:04,594 - distributed.worker - INFO -               Threads:                          1
2025-09-03 10:32:04,594 - distributed.worker - INFO -                Memory:                   4.81 GiB
2025-09-03 10:32:04,594 - distributed.worker - INFO -       Local Directory: /jobfs/148606947.gadi-pbs/dask-scratch-space/worker-ihf81e78
2025-09-03 10:32:04,594 - distributed.worker - INFO - -------------------------------------------------
2025-09-03 10:32:04,595 - distributed.worker - INFO -       Start worker at:    tcp://10.6.102.60:43267
2025-09-03 10:32:04,595 - distributed.worker - INFO -          Listening to:    tcp://10.6.102.60:43267
2025-09-03 10:32:04,595 - distributed.worker - INFO -          dashboard at:          10.6.102.60:33091
2025-09-03 10:32:04,595 - distributed.worker - INFO - Waiting to connect to:      tcp://10.6.82.69:8735
2025-09-03 10:32:04,595 - distributed.worker - INFO - -------------------------------------------------
2025-09-03 10:32:04,595 - distributed.worker - INFO -               Threads:                          1
2025-09-03 10:32:04,595 - distributed.worker - INFO -                Memory:                   4.81 GiB
2025-09-03 10:32:04,595 - distributed.worker - INFO -       Local Directory: /jobfs/148606947.gadi-pbs/dask-scratch-space/worker-4vfxqkpo
2025-09-03 10:32:04,595 - distributed.worker - INFO - -------------------------------------------------
2025-09-03 10:32:04,597 - distributed.worker - INFO -       Start worker at:    tcp://10.6.102.60:37781
2025-09-03 10:32:04,597 - distributed.worker - INFO -          Listening to:    tcp://10.6.102.60:37781
2025-09-03 10:32:04,597 - distributed.worker - INFO -          dashboard at:          10.6.102.60:45599
2025-09-03 10:32:04,597 - distributed.worker - INFO - Waiting to connect to:      tcp://10.6.82.69:8735
2025-09-03 10:32:04,597 - distributed.worker - INFO - -------------------------------------------------
2025-09-03 10:32:04,597 - distributed.worker - INFO -               Threads:                          1
2025-09-03 10:32:04,597 - distributed.worker - INFO -                Memory:                   4.81 GiB
2025-09-03 10:32:04,597 - distributed.worker - INFO -       Local Directory: /jobfs/148606947.gadi-pbs/dask-scratch-space/worker-u4_cbw65
2025-09-03 10:32:04,597 - distributed.worker - INFO - -------------------------------------------------
2025-09-03 10:32:04,597 - distributed.worker - INFO -       Start worker at:    tcp://10.6.102.60:42215
2025-09-03 10:32:04,597 - distributed.worker - INFO -          Listening to:    tcp://10.6.102.60:42215
2025-09-03 10:32:04,597 - distributed.worker - INFO -          dashboard at:          10.6.102.60:37969
2025-09-03 10:32:04,597 - distributed.worker - INFO - Waiting to connect to:      tcp://10.6.82.69:8735
2025-09-03 10:32:04,597 - distributed.worker - INFO - -------------------------------------------------
2025-09-03 10:32:04,597 - distributed.worker - INFO -               Threads:                          1
2025-09-03 10:32:04,597 - distributed.worker - INFO -                Memory:                   4.81 GiB
2025-09-03 10:32:04,597 - distributed.worker - INFO -       Local Directory: /jobfs/148606947.gadi-pbs/dask-scratch-space/worker-du99nnvm
2025-09-03 10:32:04,597 - distributed.worker - INFO - -------------------------------------------------
2025-09-03 10:32:04,605 - distributed.worker - INFO -       Start worker at:    tcp://10.6.102.60:43233
2025-09-03 10:32:04,605 - distributed.worker - INFO -          Listening to:    tcp://10.6.102.60:43233
2025-09-03 10:32:04,605 - distributed.worker - INFO -          dashboard at:          10.6.102.60:42523
2025-09-03 10:32:04,605 - distributed.worker - INFO - Waiting to connect to:      tcp://10.6.82.69:8735
2025-09-03 10:32:04,605 - distributed.worker - INFO - -------------------------------------------------
2025-09-03 10:32:04,605 - distributed.worker - INFO -               Threads:                          1
2025-09-03 10:32:04,605 - distributed.worker - INFO -       Start worker at:    tcp://10.6.102.60:43061
2025-09-03 10:32:04,605 - distributed.worker - INFO -                Memory:                   4.81 GiB
2025-09-03 10:32:04,605 - distributed.worker - INFO -       Start worker at:    tcp://10.6.102.60:41937
2025-09-03 10:32:04,605 - distributed.worker - INFO -          Listening to:    tcp://10.6.102.60:43061
2025-09-03 10:32:04,605 - distributed.worker - INFO -       Local Directory: /jobfs/148606947.gadi-pbs/dask-scratch-space/worker-3skpeb6j
2025-09-03 10:32:04,605 - distributed.worker - INFO -          Listening to:    tcp://10.6.102.60:41937
2025-09-03 10:32:04,605 - distributed.worker - INFO -          dashboard at:          10.6.102.60:39611
2025-09-03 10:32:04,605 - distributed.worker - INFO - -------------------------------------------------
2025-09-03 10:32:04,605 - distributed.worker - INFO -          dashboard at:          10.6.102.60:45435
2025-09-03 10:32:04,605 - distributed.worker - INFO - Waiting to connect to:      tcp://10.6.82.69:8735
2025-09-03 10:32:04,605 - distributed.worker - INFO - Waiting to connect to:      tcp://10.6.82.69:8735
2025-09-03 10:32:04,605 - distributed.worker - INFO - -------------------------------------------------
2025-09-03 10:32:04,605 - distributed.worker - INFO - -------------------------------------------------
2025-09-03 10:32:04,605 - distributed.worker - INFO -               Threads:                          1
2025-09-03 10:32:04,605 - distributed.worker - INFO -               Threads:                          1
2025-09-03 10:32:04,605 - distributed.worker - INFO -                Memory:                   4.81 GiB
2025-09-03 10:32:04,605 - distributed.worker - INFO -                Memory:                   4.81 GiB
2025-09-03 10:32:04,605 - distributed.worker - INFO -       Local Directory: /jobfs/148606947.gadi-pbs/dask-scratch-space/worker-siyxh8ba
2025-09-03 10:32:04,605 - distributed.worker - INFO -       Local Directory: /jobfs/148606947.gadi-pbs/dask-scratch-space/worker-e32o9tai
2025-09-03 10:32:04,605 - distributed.worker - INFO - -------------------------------------------------
2025-09-03 10:32:04,605 - distributed.worker - INFO - -------------------------------------------------
2025-09-03 10:32:04,607 - distributed.worker - INFO -       Start worker at:    tcp://10.6.102.60:38141
2025-09-03 10:32:04,607 - distributed.worker - INFO -          Listening to:    tcp://10.6.102.60:38141
2025-09-03 10:32:04,607 - distributed.worker - INFO -          dashboard at:          10.6.102.60:43729
2025-09-03 10:32:04,607 - distributed.worker - INFO - Waiting to connect to:      tcp://10.6.82.69:8735
2025-09-03 10:32:04,607 - distributed.worker - INFO - -------------------------------------------------
2025-09-03 10:32:04,607 - distributed.worker - INFO -               Threads:                          1
2025-09-03 10:32:04,607 - distributed.worker - INFO -                Memory:                   4.81 GiB
2025-09-03 10:32:04,607 - distributed.worker - INFO -       Local Directory: /jobfs/148606947.gadi-pbs/dask-scratch-space/worker-2hzcgimh
2025-09-03 10:32:04,607 - distributed.worker - INFO - -------------------------------------------------
2025-09-03 10:32:04,611 - distributed.worker - INFO -       Start worker at:    tcp://10.6.102.60:33479
2025-09-03 10:32:04,611 - distributed.worker - INFO -          Listening to:    tcp://10.6.102.60:33479
2025-09-03 10:32:04,611 - distributed.worker - INFO -          dashboard at:          10.6.102.60:43189
2025-09-03 10:32:04,611 - distributed.worker - INFO - Waiting to connect to:      tcp://10.6.82.69:8735
2025-09-03 10:32:04,611 - distributed.worker - INFO - -------------------------------------------------
2025-09-03 10:32:04,611 - distributed.worker - INFO -               Threads:                          1
2025-09-03 10:32:04,611 - distributed.worker - INFO -                Memory:                   4.81 GiB
2025-09-03 10:32:04,611 - distributed.worker - INFO -       Local Directory: /jobfs/148606947.gadi-pbs/dask-scratch-space/worker-_5ezs83c
2025-09-03 10:32:04,611 - distributed.worker - INFO - -------------------------------------------------
2025-09-03 10:32:04,611 - distributed.worker - INFO -       Start worker at:    tcp://10.6.102.60:33369
2025-09-03 10:32:04,611 - distributed.worker - INFO -          Listening to:    tcp://10.6.102.60:33369
2025-09-03 10:32:04,611 - distributed.worker - INFO -          dashboard at:          10.6.102.60:41483
2025-09-03 10:32:04,611 - distributed.worker - INFO - Waiting to connect to:      tcp://10.6.82.69:8735
2025-09-03 10:32:04,611 - distributed.worker - INFO -       Start worker at:    tcp://10.6.102.60:36177
2025-09-03 10:32:04,611 - distributed.worker - INFO - -------------------------------------------------
2025-09-03 10:32:04,612 - distributed.worker - INFO -               Threads:                          1
2025-09-03 10:32:04,612 - distributed.worker - INFO -          Listening to:    tcp://10.6.102.60:36177
2025-09-03 10:32:04,612 - distributed.worker - INFO -                Memory:                   4.81 GiB
2025-09-03 10:32:04,612 - distributed.worker - INFO -          dashboard at:          10.6.102.60:35899
2025-09-03 10:32:04,612 - distributed.worker - INFO -       Local Directory: /jobfs/148606947.gadi-pbs/dask-scratch-space/worker-bgofgn24
2025-09-03 10:32:04,612 - distributed.worker - INFO - Waiting to connect to:      tcp://10.6.82.69:8735
2025-09-03 10:32:04,612 - distributed.worker - INFO - -------------------------------------------------
2025-09-03 10:32:04,612 - distributed.worker - INFO - -------------------------------------------------
2025-09-03 10:32:04,612 - distributed.worker - INFO -               Threads:                          1
2025-09-03 10:32:04,612 - distributed.worker - INFO -                Memory:                   4.81 GiB
2025-09-03 10:32:04,612 - distributed.worker - INFO -       Local Directory: /jobfs/148606947.gadi-pbs/dask-scratch-space/worker-h_0_fplg
2025-09-03 10:32:04,612 - distributed.worker - INFO - -------------------------------------------------
2025-09-03 10:32:04,619 - distributed.worker - INFO -       Start worker at:    tcp://10.6.102.60:35655
2025-09-03 10:32:04,619 - distributed.worker - INFO -          Listening to:    tcp://10.6.102.60:35655
2025-09-03 10:32:04,619 - distributed.worker - INFO -          dashboard at:          10.6.102.60:35271
2025-09-03 10:32:04,619 - distributed.worker - INFO - Waiting to connect to:      tcp://10.6.82.69:8735
2025-09-03 10:32:04,619 - distributed.worker - INFO - -------------------------------------------------
2025-09-03 10:32:04,619 - distributed.worker - INFO -               Threads:                          1
2025-09-03 10:32:04,619 - distributed.worker - INFO -                Memory:                   4.81 GiB
2025-09-03 10:32:04,619 - distributed.worker - INFO -       Local Directory: /jobfs/148606947.gadi-pbs/dask-scratch-space/worker-tzdf3wx5
2025-09-03 10:32:04,619 - distributed.worker - INFO - -------------------------------------------------
2025-09-03 10:32:04,622 - distributed.worker - INFO -       Start worker at:    tcp://10.6.102.60:45775
2025-09-03 10:32:04,622 - distributed.worker - INFO -          Listening to:    tcp://10.6.102.60:45775
2025-09-03 10:32:04,622 - distributed.worker - INFO -          dashboard at:          10.6.102.60:42233
2025-09-03 10:32:04,622 - distributed.worker - INFO - Waiting to connect to:      tcp://10.6.82.69:8735
2025-09-03 10:32:04,622 - distributed.worker - INFO - -------------------------------------------------
2025-09-03 10:32:04,622 - distributed.worker - INFO -               Threads:                          1
2025-09-03 10:32:04,622 - distributed.worker - INFO -                Memory:                   4.81 GiB
2025-09-03 10:32:04,622 - distributed.worker - INFO -       Local Directory: /jobfs/148606947.gadi-pbs/dask-scratch-space/worker-dd_tju3n
2025-09-03 10:32:04,623 - distributed.worker - INFO - -------------------------------------------------
2025-09-03 10:32:04,623 - distributed.worker - INFO -       Start worker at:    tcp://10.6.102.60:36079
2025-09-03 10:32:04,623 - distributed.worker - INFO -          Listening to:    tcp://10.6.102.60:36079
2025-09-03 10:32:04,623 - distributed.worker - INFO -          dashboard at:          10.6.102.60:42283
2025-09-03 10:32:04,623 - distributed.worker - INFO - Waiting to connect to:      tcp://10.6.82.69:8735
2025-09-03 10:32:04,623 - distributed.worker - INFO - -------------------------------------------------
2025-09-03 10:32:04,623 - distributed.worker - INFO -               Threads:                          1
2025-09-03 10:32:04,623 - distributed.worker - INFO -                Memory:                   4.81 GiB
2025-09-03 10:32:04,623 - distributed.worker - INFO -       Start worker at:    tcp://10.6.102.60:39225
2025-09-03 10:32:04,623 - distributed.worker - INFO -       Local Directory: /jobfs/148606947.gadi-pbs/dask-scratch-space/worker-pkif5ffj
2025-09-03 10:32:04,623 - distributed.worker - INFO -          Listening to:    tcp://10.6.102.60:39225
2025-09-03 10:32:04,623 - distributed.worker - INFO - -------------------------------------------------
2025-09-03 10:32:04,623 - distributed.worker - INFO -          dashboard at:          10.6.102.60:45167
2025-09-03 10:32:04,623 - distributed.worker - INFO - Waiting to connect to:      tcp://10.6.82.69:8735
2025-09-03 10:32:04,623 - distributed.worker - INFO - -------------------------------------------------
2025-09-03 10:32:04,623 - distributed.worker - INFO -               Threads:                          1
2025-09-03 10:32:04,623 - distributed.worker - INFO -                Memory:                   4.81 GiB
2025-09-03 10:32:04,623 - distributed.worker - INFO -       Local Directory: /jobfs/148606947.gadi-pbs/dask-scratch-space/worker-_uz3jpub
2025-09-03 10:32:04,623 - distributed.worker - INFO - -------------------------------------------------
2025-09-03 10:32:04,624 - distributed.worker - INFO -       Start worker at:    tcp://10.6.102.60:38823
2025-09-03 10:32:04,624 - distributed.worker - INFO -          Listening to:    tcp://10.6.102.60:38823
2025-09-03 10:32:04,624 - distributed.worker - INFO -          dashboard at:          10.6.102.60:36915
2025-09-03 10:32:04,624 - distributed.worker - INFO - Waiting to connect to:      tcp://10.6.82.69:8735
2025-09-03 10:32:04,624 - distributed.worker - INFO - -------------------------------------------------
2025-09-03 10:32:04,624 - distributed.worker - INFO -               Threads:                          1
2025-09-03 10:32:04,624 - distributed.worker - INFO -                Memory:                   4.81 GiB
2025-09-03 10:32:04,624 - distributed.worker - INFO -       Local Directory: /jobfs/148606947.gadi-pbs/dask-scratch-space/worker-kworhuni
2025-09-03 10:32:04,624 - distributed.worker - INFO - -------------------------------------------------
2025-09-03 10:32:04,632 - distributed.worker - INFO -       Start worker at:    tcp://10.6.102.60:45433
2025-09-03 10:32:04,632 - distributed.worker - INFO -          Listening to:    tcp://10.6.102.60:45433
2025-09-03 10:32:04,632 - distributed.worker - INFO -          dashboard at:          10.6.102.60:34135
2025-09-03 10:32:04,632 - distributed.worker - INFO - Waiting to connect to:      tcp://10.6.82.69:8735
2025-09-03 10:32:04,633 - distributed.worker - INFO - -------------------------------------------------
2025-09-03 10:32:04,633 - distributed.worker - INFO -               Threads:                          1
2025-09-03 10:32:04,633 - distributed.worker - INFO -                Memory:                   4.81 GiB
2025-09-03 10:32:04,633 - distributed.worker - INFO -       Local Directory: /jobfs/148606947.gadi-pbs/dask-scratch-space/worker-11wpqe7x
2025-09-03 10:32:04,633 - distributed.worker - INFO - -------------------------------------------------
2025-09-03 10:32:04,635 - distributed.worker - INFO -       Start worker at:    tcp://10.6.102.60:40793
2025-09-03 10:32:04,635 - distributed.worker - INFO -          Listening to:    tcp://10.6.102.60:40793
2025-09-03 10:32:04,635 - distributed.worker - INFO -          dashboard at:          10.6.102.60:37845
2025-09-03 10:32:04,635 - distributed.worker - INFO - Waiting to connect to:      tcp://10.6.82.69:8735
2025-09-03 10:32:04,635 - distributed.worker - INFO - -------------------------------------------------
2025-09-03 10:32:04,635 - distributed.worker - INFO -               Threads:                          1
2025-09-03 10:32:04,635 - distributed.worker - INFO -                Memory:                   4.81 GiB
2025-09-03 10:32:04,635 - distributed.worker - INFO -       Local Directory: /jobfs/148606947.gadi-pbs/dask-scratch-space/worker-3z06c9zu
2025-09-03 10:32:04,635 - distributed.worker - INFO - -------------------------------------------------
2025-09-03 10:32:04,641 - distributed.worker - INFO -       Start worker at:    tcp://10.6.102.60:40251
2025-09-03 10:32:04,641 - distributed.worker - INFO -          Listening to:    tcp://10.6.102.60:40251
2025-09-03 10:32:04,641 - distributed.worker - INFO -          dashboard at:          10.6.102.60:33559
2025-09-03 10:32:04,641 - distributed.worker - INFO - Waiting to connect to:      tcp://10.6.82.69:8735
2025-09-03 10:32:04,641 - distributed.worker - INFO - -------------------------------------------------
2025-09-03 10:32:04,641 - distributed.worker - INFO -               Threads:                          1
2025-09-03 10:32:04,641 - distributed.worker - INFO -                Memory:                   4.81 GiB
2025-09-03 10:32:04,641 - distributed.worker - INFO -       Local Directory: /jobfs/148606947.gadi-pbs/dask-scratch-space/worker-j6uj81rn
2025-09-03 10:32:04,641 - distributed.worker - INFO - -------------------------------------------------
2025-09-03 10:32:05,563 - distributed.worker - INFO - Starting Worker plugin shuffle
2025-09-03 10:32:05,564 - distributed.worker - INFO -         Registered to:      tcp://10.6.82.69:8735
2025-09-03 10:32:05,564 - distributed.worker - INFO - -------------------------------------------------
2025-09-03 10:32:05,566 - distributed.core - INFO - Starting established connection to tcp://10.6.82.69:8735
2025-09-03 10:32:05,599 - distributed.worker - INFO - Starting Worker plugin shuffle
2025-09-03 10:32:05,600 - distributed.worker - INFO -         Registered to:      tcp://10.6.82.69:8735
2025-09-03 10:32:05,600 - distributed.worker - INFO - -------------------------------------------------
2025-09-03 10:32:05,602 - distributed.core - INFO - Starting established connection to tcp://10.6.82.69:8735
2025-09-03 10:32:05,692 - distributed.worker - INFO - Starting Worker plugin shuffle
2025-09-03 10:32:05,693 - distributed.worker - INFO -         Registered to:      tcp://10.6.82.69:8735
2025-09-03 10:32:05,694 - distributed.worker - INFO - -------------------------------------------------
2025-09-03 10:32:05,695 - distributed.core - INFO - Starting established connection to tcp://10.6.82.69:8735
2025-09-03 10:32:05,869 - distributed.worker - INFO - Starting Worker plugin shuffle
2025-09-03 10:32:05,870 - distributed.worker - INFO -         Registered to:      tcp://10.6.82.69:8735
2025-09-03 10:32:05,870 - distributed.worker - INFO - -------------------------------------------------
2025-09-03 10:32:05,872 - distributed.core - INFO - Starting established connection to tcp://10.6.82.69:8735
2025-09-03 10:32:05,900 - distributed.worker - INFO - Starting Worker plugin shuffle
2025-09-03 10:32:05,901 - distributed.worker - INFO -         Registered to:      tcp://10.6.82.69:8735
2025-09-03 10:32:05,902 - distributed.worker - INFO - -------------------------------------------------
2025-09-03 10:32:05,903 - distributed.core - INFO - Starting established connection to tcp://10.6.82.69:8735
2025-09-03 10:32:05,917 - distributed.worker - INFO - Starting Worker plugin shuffle
2025-09-03 10:32:05,919 - distributed.worker - INFO -         Registered to:      tcp://10.6.82.69:8735
2025-09-03 10:32:05,919 - distributed.worker - INFO - -------------------------------------------------
2025-09-03 10:32:05,923 - distributed.core - INFO - Starting established connection to tcp://10.6.82.69:8735
2025-09-03 10:32:05,947 - distributed.worker - INFO - Starting Worker plugin shuffle
2025-09-03 10:32:05,948 - distributed.worker - INFO -         Registered to:      tcp://10.6.82.69:8735
2025-09-03 10:32:05,948 - distributed.worker - INFO - -------------------------------------------------
2025-09-03 10:32:05,950 - distributed.core - INFO - Starting established connection to tcp://10.6.82.69:8735
2025-09-03 10:32:05,962 - distributed.worker - INFO - Starting Worker plugin shuffle
2025-09-03 10:32:05,964 - distributed.worker - INFO -         Registered to:      tcp://10.6.82.69:8735
2025-09-03 10:32:05,964 - distributed.worker - INFO - -------------------------------------------------
2025-09-03 10:32:05,966 - distributed.core - INFO - Starting established connection to tcp://10.6.82.69:8735
2025-09-03 10:32:06,025 - distributed.worker - INFO - Starting Worker plugin shuffle
2025-09-03 10:32:06,026 - distributed.worker - INFO -         Registered to:      tcp://10.6.82.69:8735
2025-09-03 10:32:06,027 - distributed.worker - INFO - -------------------------------------------------
2025-09-03 10:32:06,028 - distributed.core - INFO - Starting established connection to tcp://10.6.82.69:8735
2025-09-03 10:32:06,041 - distributed.worker - INFO - Starting Worker plugin shuffle
2025-09-03 10:32:06,042 - distributed.worker - INFO -         Registered to:      tcp://10.6.82.69:8735
2025-09-03 10:32:06,042 - distributed.worker - INFO - -------------------------------------------------
2025-09-03 10:32:06,044 - distributed.core - INFO - Starting established connection to tcp://10.6.82.69:8735
2025-09-03 10:32:06,087 - distributed.worker - INFO - Starting Worker plugin shuffle
2025-09-03 10:32:06,089 - distributed.worker - INFO -         Registered to:      tcp://10.6.82.69:8735
2025-09-03 10:32:06,089 - distributed.worker - INFO - -------------------------------------------------
2025-09-03 10:32:06,091 - distributed.core - INFO - Starting established connection to tcp://10.6.82.69:8735
2025-09-03 10:32:06,102 - distributed.worker - INFO - Starting Worker plugin shuffle
2025-09-03 10:32:06,104 - distributed.worker - INFO -         Registered to:      tcp://10.6.82.69:8735
2025-09-03 10:32:06,104 - distributed.worker - INFO - -------------------------------------------------
2025-09-03 10:32:06,106 - distributed.core - INFO - Starting established connection to tcp://10.6.82.69:8735
2025-09-03 10:32:06,133 - distributed.worker - INFO - Starting Worker plugin shuffle
2025-09-03 10:32:06,135 - distributed.worker - INFO -         Registered to:      tcp://10.6.82.69:8735
2025-09-03 10:32:06,135 - distributed.worker - INFO - -------------------------------------------------
2025-09-03 10:32:06,137 - distributed.core - INFO - Starting established connection to tcp://10.6.82.69:8735
2025-09-03 10:32:06,149 - distributed.worker - INFO - Starting Worker plugin shuffle
2025-09-03 10:32:06,150 - distributed.worker - INFO -         Registered to:      tcp://10.6.82.69:8735
2025-09-03 10:32:06,150 - distributed.worker - INFO - -------------------------------------------------
2025-09-03 10:32:06,152 - distributed.core - INFO - Starting established connection to tcp://10.6.82.69:8735
2025-09-03 10:32:06,168 - distributed.worker - INFO - Starting Worker plugin shuffle
2025-09-03 10:32:06,172 - distributed.worker - INFO -         Registered to:      tcp://10.6.82.69:8735
2025-09-03 10:32:06,173 - distributed.worker - INFO - -------------------------------------------------
2025-09-03 10:32:06,178 - distributed.core - INFO - Starting established connection to tcp://10.6.82.69:8735
2025-09-03 10:32:06,180 - distributed.worker - INFO - Starting Worker plugin shuffle
2025-09-03 10:32:06,181 - distributed.worker - INFO -         Registered to:      tcp://10.6.82.69:8735
2025-09-03 10:32:06,181 - distributed.worker - INFO - -------------------------------------------------
2025-09-03 10:32:06,183 - distributed.core - INFO - Starting established connection to tcp://10.6.82.69:8735
2025-09-03 10:32:06,195 - distributed.worker - INFO - Starting Worker plugin shuffle
2025-09-03 10:32:06,196 - distributed.worker - INFO -         Registered to:      tcp://10.6.82.69:8735
2025-09-03 10:32:06,196 - distributed.worker - INFO - -------------------------------------------------
2025-09-03 10:32:06,198 - distributed.core - INFO - Starting established connection to tcp://10.6.82.69:8735
2025-09-03 10:32:06,211 - distributed.worker - INFO - Starting Worker plugin shuffle
2025-09-03 10:32:06,212 - distributed.worker - INFO -         Registered to:      tcp://10.6.82.69:8735
2025-09-03 10:32:06,212 - distributed.worker - INFO - -------------------------------------------------
2025-09-03 10:32:06,213 - distributed.core - INFO - Starting established connection to tcp://10.6.82.69:8735
2025-09-03 10:32:06,226 - distributed.worker - INFO - Starting Worker plugin shuffle
2025-09-03 10:32:06,227 - distributed.worker - INFO -         Registered to:      tcp://10.6.82.69:8735
2025-09-03 10:32:06,227 - distributed.worker - INFO - -------------------------------------------------
2025-09-03 10:32:06,229 - distributed.core - INFO - Starting established connection to tcp://10.6.82.69:8735
2025-09-03 10:32:06,242 - distributed.worker - INFO - Starting Worker plugin shuffle
2025-09-03 10:32:06,243 - distributed.worker - INFO -         Registered to:      tcp://10.6.82.69:8735
2025-09-03 10:32:06,243 - distributed.worker - INFO - -------------------------------------------------
2025-09-03 10:32:06,245 - distributed.core - INFO - Starting established connection to tcp://10.6.82.69:8735
2025-09-03 10:32:06,273 - distributed.worker - INFO - Starting Worker plugin shuffle
2025-09-03 10:32:06,275 - distributed.worker - INFO -         Registered to:      tcp://10.6.82.69:8735
2025-09-03 10:32:06,275 - distributed.worker - INFO - -------------------------------------------------
2025-09-03 10:32:06,277 - distributed.core - INFO - Starting established connection to tcp://10.6.82.69:8735
2025-09-03 10:32:06,289 - distributed.worker - INFO - Starting Worker plugin shuffle
2025-09-03 10:32:06,290 - distributed.worker - INFO -         Registered to:      tcp://10.6.82.69:8735
2025-09-03 10:32:06,290 - distributed.worker - INFO - -------------------------------------------------
2025-09-03 10:32:06,292 - distributed.core - INFO - Starting established connection to tcp://10.6.82.69:8735
2025-09-03 10:32:06,304 - distributed.worker - INFO - Starting Worker plugin shuffle
2025-09-03 10:32:06,306 - distributed.worker - INFO -         Registered to:      tcp://10.6.82.69:8735
2025-09-03 10:32:06,306 - distributed.worker - INFO - -------------------------------------------------
2025-09-03 10:32:06,308 - distributed.core - INFO - Starting established connection to tcp://10.6.82.69:8735
2025-09-03 10:32:06,321 - distributed.worker - INFO - Starting Worker plugin shuffle
2025-09-03 10:32:06,322 - distributed.worker - INFO -         Registered to:      tcp://10.6.82.69:8735
2025-09-03 10:32:06,322 - distributed.worker - INFO - -------------------------------------------------
2025-09-03 10:32:06,324 - distributed.core - INFO - Starting established connection to tcp://10.6.82.69:8735
2025-09-03 10:32:06,352 - distributed.worker - INFO - Starting Worker plugin shuffle
2025-09-03 10:32:06,354 - distributed.worker - INFO -         Registered to:      tcp://10.6.82.69:8735
2025-09-03 10:32:06,354 - distributed.worker - INFO - -------------------------------------------------
2025-09-03 10:32:06,356 - distributed.core - INFO - Starting established connection to tcp://10.6.82.69:8735
2025-09-03 10:32:06,368 - distributed.worker - INFO - Starting Worker plugin shuffle
2025-09-03 10:32:06,369 - distributed.worker - INFO -         Registered to:      tcp://10.6.82.69:8735
2025-09-03 10:32:06,370 - distributed.worker - INFO - -------------------------------------------------
2025-09-03 10:32:06,372 - distributed.core - INFO - Starting established connection to tcp://10.6.82.69:8735
2025-09-03 10:32:06,384 - distributed.worker - INFO - Starting Worker plugin shuffle
2025-09-03 10:32:06,385 - distributed.worker - INFO -         Registered to:      tcp://10.6.82.69:8735
2025-09-03 10:32:06,385 - distributed.worker - INFO - -------------------------------------------------
2025-09-03 10:32:06,387 - distributed.core - INFO - Starting established connection to tcp://10.6.82.69:8735
2025-09-03 10:32:07,690 - distributed.worker - INFO - Starting Worker plugin shuffle
2025-09-03 10:32:07,691 - distributed.worker - INFO -         Registered to:      tcp://10.6.82.69:8735
2025-09-03 10:32:07,691 - distributed.worker - INFO - -------------------------------------------------
2025-09-03 10:32:07,693 - distributed.core - INFO - Starting established connection to tcp://10.6.82.69:8735
2025-09-03 10:32:07,707 - distributed.worker - INFO - Starting Worker plugin shuffle
2025-09-03 10:32:07,708 - distributed.worker - INFO -         Registered to:      tcp://10.6.82.69:8735
2025-09-03 10:32:07,708 - distributed.worker - INFO - -------------------------------------------------
2025-09-03 10:32:07,710 - distributed.core - INFO - Starting established connection to tcp://10.6.82.69:8735
2025-09-03 10:32:07,723 - distributed.worker - INFO - Starting Worker plugin shuffle
2025-09-03 10:32:07,724 - distributed.worker - INFO -         Registered to:      tcp://10.6.82.69:8735
2025-09-03 10:32:07,725 - distributed.worker - INFO - -------------------------------------------------
2025-09-03 10:32:07,726 - distributed.core - INFO - Starting established connection to tcp://10.6.82.69:8735
2025-09-03 10:32:07,739 - distributed.worker - INFO - Starting Worker plugin shuffle
2025-09-03 10:32:07,740 - distributed.worker - INFO -         Registered to:      tcp://10.6.82.69:8735
2025-09-03 10:32:07,741 - distributed.worker - INFO - -------------------------------------------------
2025-09-03 10:32:07,742 - distributed.core - INFO - Starting established connection to tcp://10.6.82.69:8735
2025-09-03 10:32:27,122 - distributed.nanny - INFO - Closing Nanny at 'tcp://10.6.102.60:46167'. Reason: failure-to-start-<class 'OSError'>
2025-09-03 10:32:27,128 - distributed.nanny - INFO - Nanny at 'tcp://10.6.102.60:46167' closed.
2025-09-03 10:32:27,129 - distributed.nanny - INFO - Closing Nanny at 'tcp://10.6.102.60:45513'. Reason: failure-to-start-<class 'OSError'>
2025-09-03 10:32:27,129 - distributed.nanny - INFO - Nanny at 'tcp://10.6.102.60:45513' closed.
2025-09-03 10:32:27,129 - distributed.nanny - INFO - Closing Nanny at 'tcp://10.6.102.60:46183'. Reason: failure-to-start-<class 'OSError'>
2025-09-03 10:32:27,130 - distributed.nanny - INFO - Nanny at 'tcp://10.6.102.60:46183' closed.
2025-09-03 10:32:27,131 - distributed.nanny - INFO - Closing Nanny at 'tcp://10.6.102.60:37533'. Reason: failure-to-start-<class 'OSError'>
2025-09-03 10:32:27,132 - distributed.nanny - INFO - Nanny at 'tcp://10.6.102.60:37533' closed.
2025-09-03 10:32:27,132 - distributed.nanny - INFO - Closing Nanny at 'tcp://10.6.102.60:42225'. Reason: failure-to-start-<class 'OSError'>
2025-09-03 10:32:27,132 - distributed.nanny - INFO - Nanny at 'tcp://10.6.102.60:42225' closed.
2025-09-03 10:32:27,135 - distributed.nanny - INFO - Closing Nanny at 'tcp://10.6.102.60:35805'. Reason: failure-to-start-<class 'OSError'>
2025-09-03 10:32:27,135 - distributed.nanny - INFO - Nanny at 'tcp://10.6.102.60:35805' closed.
2025-09-03 10:32:27,135 - distributed.nanny - INFO - Closing Nanny at 'tcp://10.6.102.60:39513'. Reason: failure-to-start-<class 'OSError'>
2025-09-03 10:32:27,136 - distributed.nanny - INFO - Nanny at 'tcp://10.6.102.60:39513' closed.
2025-09-03 10:32:27,136 - distributed.nanny - INFO - Closing Nanny at 'tcp://10.6.102.60:34271'. Reason: failure-to-start-<class 'OSError'>
2025-09-03 10:32:27,136 - distributed.nanny - INFO - Nanny at 'tcp://10.6.102.60:34271' closed.
2025-09-03 10:32:27,142 - distributed.nanny - INFO - Closing Nanny at 'tcp://10.6.102.60:39699'. Reason: failure-to-start-<class 'OSError'>
2025-09-03 10:32:27,142 - distributed.nanny - INFO - Nanny at 'tcp://10.6.102.60:39699' closed.
2025-09-03 10:32:27,142 - distributed.nanny - INFO - Closing Nanny at 'tcp://10.6.102.60:42301'. Reason: failure-to-start-<class 'OSError'>
2025-09-03 10:32:27,143 - distributed.nanny - INFO - Nanny at 'tcp://10.6.102.60:42301' closed.
2025-09-03 10:32:27,143 - distributed.nanny - INFO - Closing Nanny at 'tcp://10.6.102.60:44557'. Reason: failure-to-start-<class 'OSError'>
2025-09-03 10:32:27,143 - distributed.nanny - INFO - Nanny at 'tcp://10.6.102.60:44557' closed.
2025-09-03 10:32:27,143 - distributed.nanny - INFO - Closing Nanny at 'tcp://10.6.102.60:37619'. Reason: failure-to-start-<class 'OSError'>
2025-09-03 10:32:27,144 - distributed.nanny - INFO - Nanny at 'tcp://10.6.102.60:37619' closed.
2025-09-03 10:32:27,144 - distributed.nanny - INFO - Closing Nanny at 'tcp://10.6.102.60:45237'. Reason: failure-to-start-<class 'OSError'>
2025-09-03 10:32:27,144 - distributed.nanny - INFO - Nanny at 'tcp://10.6.102.60:45237' closed.
2025-09-03 10:32:27,144 - distributed.nanny - INFO - Closing Nanny at 'tcp://10.6.102.60:36585'. Reason: failure-to-start-<class 'OSError'>
2025-09-03 10:32:27,144 - distributed.nanny - INFO - Nanny at 'tcp://10.6.102.60:36585' closed.
2025-09-03 10:32:27,145 - distributed.nanny - INFO - Closing Nanny at 'tcp://10.6.102.60:39101'. Reason: failure-to-start-<class 'OSError'>
2025-09-03 10:32:27,145 - distributed.nanny - INFO - Nanny at 'tcp://10.6.102.60:39101' closed.
2025-09-03 10:32:27,145 - distributed.nanny - INFO - Closing Nanny at 'tcp://10.6.102.60:39423'. Reason: failure-to-start-<class 'OSError'>
2025-09-03 10:32:27,145 - distributed.nanny - INFO - Nanny at 'tcp://10.6.102.60:39423' closed.
2025-09-03 10:32:27,145 - distributed.nanny - INFO - Closing Nanny at 'tcp://10.6.102.60:36219'. Reason: failure-to-start-<class 'OSError'>
2025-09-03 10:32:27,146 - distributed.nanny - INFO - Nanny at 'tcp://10.6.102.60:36219' closed.
2025-09-03 10:32:27,146 - distributed.nanny - INFO - Closing Nanny at 'tcp://10.6.102.60:45391'. Reason: failure-to-start-<class 'OSError'>
2025-09-03 10:32:27,146 - distributed.nanny - INFO - Nanny at 'tcp://10.6.102.60:45391' closed.
2025-09-03 10:32:27,146 - distributed.nanny - INFO - Closing Nanny at 'tcp://10.6.102.60:34539'. Reason: failure-to-start-<class 'OSError'>
2025-09-03 10:32:27,147 - distributed.nanny - INFO - Nanny at 'tcp://10.6.102.60:34539' closed.
2025-09-03 10:32:27,147 - distributed.nanny - INFO - Closing Nanny at 'tcp://10.6.102.60:35499'. Reason: failure-to-start-<class 'OSError'>
2025-09-03 10:32:27,147 - distributed.nanny - INFO - Nanny at 'tcp://10.6.102.60:35499' closed.
2025-09-03 10:32:27,147 - distributed.nanny - INFO - Closing Nanny at 'tcp://10.6.102.60:39421'. Reason: failure-to-start-<class 'OSError'>
2025-09-03 10:32:27,147 - distributed.nanny - INFO - Nanny at 'tcp://10.6.102.60:39421' closed.
2025-09-03 10:32:27,148 - distributed.nanny - INFO - Closing Nanny at 'tcp://10.6.102.60:42635'. Reason: failure-to-start-<class 'OSError'>
2025-09-03 10:32:27,148 - distributed.nanny - INFO - Nanny at 'tcp://10.6.102.60:42635' closed.
2025-09-03 10:32:27,148 - distributed.nanny - INFO - Closing Nanny at 'tcp://10.6.102.60:36315'. Reason: failure-to-start-<class 'OSError'>
2025-09-03 10:32:27,148 - distributed.nanny - INFO - Nanny at 'tcp://10.6.102.60:36315' closed.
2025-09-03 10:32:27,148 - distributed.nanny - INFO - Closing Nanny at 'tcp://10.6.102.60:40735'. Reason: failure-to-start-<class 'OSError'>
2025-09-03 10:32:27,148 - distributed.nanny - INFO - Nanny at 'tcp://10.6.102.60:40735' closed.
2025-09-03 10:32:27,149 - distributed.nanny - INFO - Closing Nanny at 'tcp://10.6.102.60:43591'. Reason: failure-to-start-<class 'OSError'>
2025-09-03 10:32:27,149 - distributed.nanny - INFO - Nanny at 'tcp://10.6.102.60:43591' closed.
2025-09-03 10:32:27,149 - distributed.nanny - INFO - Closing Nanny at 'tcp://10.6.102.60:46683'. Reason: failure-to-start-<class 'OSError'>
2025-09-03 10:32:27,149 - distributed.nanny - INFO - Nanny at 'tcp://10.6.102.60:46683' closed.
2025-09-03 10:32:27,149 - distributed.nanny - INFO - Closing Nanny at 'tcp://10.6.102.60:43937'. Reason: failure-to-start-<class 'OSError'>
2025-09-03 10:32:27,149 - distributed.nanny - INFO - Nanny at 'tcp://10.6.102.60:43937' closed.
2025-09-03 10:32:27,150 - distributed.nanny - INFO - Closing Nanny at 'tcp://10.6.102.60:46127'. Reason: failure-to-start-<class 'OSError'>
2025-09-03 10:32:27,150 - distributed.nanny - INFO - Nanny at 'tcp://10.6.102.60:46127' closed.
2025-09-03 10:32:27,150 - distributed.nanny - INFO - Closing Nanny at 'tcp://10.6.102.60:41701'. Reason: failure-to-start-<class 'OSError'>
2025-09-03 10:32:27,150 - distributed.nanny - INFO - Nanny at 'tcp://10.6.102.60:41701' closed.
2025-09-03 10:32:27,150 - distributed.nanny - INFO - Closing Nanny at 'tcp://10.6.102.60:42655'. Reason: failure-to-start-<class 'OSError'>
2025-09-03 10:32:27,150 - distributed.nanny - INFO - Nanny at 'tcp://10.6.102.60:42655' closed.
2025-09-03 10:32:27,150 - distributed.nanny - INFO - Closing Nanny at 'tcp://10.6.102.60:34493'. Reason: failure-to-start-<class 'OSError'>
2025-09-03 10:32:27,151 - distributed.nanny - INFO - Nanny at 'tcp://10.6.102.60:34493' closed.
2025-09-03 10:32:27,151 - distributed.nanny - INFO - Closing Nanny at 'tcp://10.6.102.60:37187'. Reason: failure-to-start-<class 'OSError'>
2025-09-03 10:32:27,151 - distributed.nanny - INFO - Nanny at 'tcp://10.6.102.60:37187' closed.
2025-09-03 10:32:27,151 - distributed.nanny - INFO - Closing Nanny at 'tcp://10.6.102.60:33919'. Reason: failure-to-start-<class 'OSError'>
2025-09-03 10:32:27,151 - distributed.nanny - INFO - Nanny at 'tcp://10.6.102.60:33919' closed.
2025-09-03 10:32:27,151 - distributed.nanny - INFO - Closing Nanny at 'tcp://10.6.102.60:42745'. Reason: failure-to-start-<class 'OSError'>
2025-09-03 10:32:27,152 - distributed.nanny - INFO - Nanny at 'tcp://10.6.102.60:42745' closed.
2025-09-03 10:32:27,152 - distributed.nanny - INFO - Closing Nanny at 'tcp://10.6.102.60:32777'. Reason: failure-to-start-<class 'OSError'>
2025-09-03 10:32:27,152 - distributed.nanny - INFO - Nanny at 'tcp://10.6.102.60:32777' closed.
2025-09-03 10:32:27,152 - distributed.nanny - INFO - Closing Nanny at 'tcp://10.6.102.60:35107'. Reason: failure-to-start-<class 'OSError'>
2025-09-03 10:32:27,152 - distributed.nanny - INFO - Nanny at 'tcp://10.6.102.60:35107' closed.
2025-09-03 10:32:27,152 - distributed.nanny - INFO - Closing Nanny at 'tcp://10.6.102.60:34605'. Reason: failure-to-start-<class 'OSError'>
2025-09-03 10:32:27,153 - distributed.nanny - INFO - Nanny at 'tcp://10.6.102.60:34605' closed.
2025-09-03 10:32:27,153 - distributed.nanny - INFO - Closing Nanny at 'tcp://10.6.102.60:43743'. Reason: failure-to-start-<class 'OSError'>
2025-09-03 10:32:27,153 - distributed.nanny - INFO - Nanny at 'tcp://10.6.102.60:43743' closed.
2025-09-03 10:32:27,153 - distributed.nanny - INFO - Closing Nanny at 'tcp://10.6.102.60:44419'. Reason: failure-to-start-<class 'OSError'>
2025-09-03 10:32:27,153 - distributed.nanny - INFO - Nanny at 'tcp://10.6.102.60:44419' closed.
2025-09-03 10:32:27,153 - distributed.nanny - INFO - Closing Nanny at 'tcp://10.6.102.60:37061'. Reason: failure-to-start-<class 'OSError'>
2025-09-03 10:32:27,153 - distributed.nanny - INFO - Nanny at 'tcp://10.6.102.60:37061' closed.
2025-09-03 10:32:27,154 - distributed.nanny - INFO - Closing Nanny at 'tcp://10.6.102.60:37937'. Reason: failure-to-start-<class 'OSError'>
2025-09-03 10:32:27,154 - distributed.nanny - INFO - Nanny at 'tcp://10.6.102.60:37937' closed.
2025-09-03 10:32:27,154 - distributed.nanny - INFO - Closing Nanny at 'tcp://10.6.102.60:40535'. Reason: failure-to-start-<class 'OSError'>
2025-09-03 10:32:27,154 - distributed.nanny - INFO - Nanny at 'tcp://10.6.102.60:40535' closed.
2025-09-03 10:32:27,154 - distributed.nanny - INFO - Closing Nanny at 'tcp://10.6.102.60:41373'. Reason: failure-to-start-<class 'OSError'>
2025-09-03 10:32:27,154 - distributed.nanny - INFO - Nanny at 'tcp://10.6.102.60:41373' closed.
2025-09-03 10:32:27,155 - distributed.nanny - INFO - Closing Nanny at 'tcp://10.6.102.60:42657'. Reason: failure-to-start-<class 'OSError'>
2025-09-03 10:32:27,155 - distributed.nanny - INFO - Nanny at 'tcp://10.6.102.60:42657' closed.
2025-09-03 10:32:27,155 - distributed.nanny - INFO - Closing Nanny at 'tcp://10.6.102.60:39413'. Reason: failure-to-start-<class 'OSError'>
2025-09-03 10:32:27,155 - distributed.nanny - INFO - Nanny at 'tcp://10.6.102.60:39413' closed.
2025-09-03 10:32:27,155 - distributed.nanny - INFO - Closing Nanny at 'tcp://10.6.102.60:45195'. Reason: failure-to-start-<class 'OSError'>
2025-09-03 10:32:27,155 - distributed.nanny - INFO - Nanny at 'tcp://10.6.102.60:45195' closed.
2025-09-03 10:32:27,155 - distributed.nanny - INFO - Closing Nanny at 'tcp://10.6.102.60:46239'. Reason: failure-to-start-<class 'OSError'>
2025-09-03 10:32:27,156 - distributed.nanny - INFO - Nanny at 'tcp://10.6.102.60:46239' closed.
2025-09-03 10:32:27,156 - distributed.nanny - INFO - Closing Nanny at 'tcp://10.6.102.60:38361'. Reason: failure-to-start-<class 'OSError'>
2025-09-03 10:32:27,156 - distributed.nanny - INFO - Nanny at 'tcp://10.6.102.60:38361' closed.
2025-09-03 10:32:27,156 - distributed.nanny - INFO - Closing Nanny at 'tcp://10.6.102.60:39191'. Reason: failure-to-start-<class 'OSError'>
2025-09-03 10:32:27,156 - distributed.nanny - INFO - Nanny at 'tcp://10.6.102.60:39191' closed.
2025-09-03 10:32:27,156 - distributed.nanny - INFO - Closing Nanny at 'tcp://10.6.102.60:45229'. Reason: failure-to-start-<class 'OSError'>
2025-09-03 10:32:27,157 - distributed.nanny - INFO - Nanny at 'tcp://10.6.102.60:45229' closed.
2025-09-03 10:32:27,157 - distributed.nanny - INFO - Closing Nanny at 'tcp://10.6.102.60:41827'. Reason: failure-to-start-<class 'OSError'>
2025-09-03 10:32:27,157 - distributed.nanny - INFO - Nanny at 'tcp://10.6.102.60:41827' closed.
2025-09-03 10:32:27,157 - distributed.nanny - INFO - Closing Nanny at 'tcp://10.6.102.60:45071'. Reason: failure-to-start-<class 'OSError'>
2025-09-03 10:32:27,157 - distributed.nanny - INFO - Nanny at 'tcp://10.6.102.60:45071' closed.
2025-09-03 10:32:27,157 - distributed.nanny - INFO - Closing Nanny at 'tcp://10.6.102.60:33605'. Reason: failure-to-start-<class 'OSError'>
2025-09-03 10:32:27,157 - distributed.nanny - INFO - Nanny at 'tcp://10.6.102.60:33605' closed.
2025-09-03 10:32:27,158 - distributed.nanny - INFO - Closing Nanny at 'tcp://10.6.102.60:42809'. Reason: failure-to-start-<class 'OSError'>
2025-09-03 10:32:27,158 - distributed.nanny - INFO - Nanny at 'tcp://10.6.102.60:42809' closed.
2025-09-03 10:32:27,158 - distributed.nanny - INFO - Closing Nanny at 'tcp://10.6.102.60:44877'. Reason: failure-to-start-<class 'OSError'>
2025-09-03 10:32:27,158 - distributed.nanny - INFO - Nanny at 'tcp://10.6.102.60:44877' closed.
2025-09-03 10:32:27,158 - distributed.nanny - INFO - Closing Nanny at 'tcp://10.6.102.60:40837'. Reason: failure-to-start-<class 'OSError'>
2025-09-03 10:32:27,158 - distributed.nanny - INFO - Nanny at 'tcp://10.6.102.60:40837' closed.
2025-09-03 10:32:27,158 - distributed.nanny - INFO - Closing Nanny at 'tcp://10.6.102.60:32803'. Reason: failure-to-start-<class 'OSError'>
2025-09-03 10:32:27,159 - distributed.nanny - INFO - Nanny at 'tcp://10.6.102.60:32803' closed.
2025-09-03 10:32:27,159 - distributed.nanny - INFO - Closing Nanny at 'tcp://10.6.102.60:44377'. Reason: failure-to-start-<class 'OSError'>
2025-09-03 10:32:27,159 - distributed.nanny - INFO - Nanny at 'tcp://10.6.102.60:44377' closed.
2025-09-03 10:32:27,159 - distributed.nanny - INFO - Closing Nanny at 'tcp://10.6.102.60:33477'. Reason: failure-to-start-<class 'OSError'>
2025-09-03 10:32:27,159 - distributed.nanny - INFO - Nanny at 'tcp://10.6.102.60:33477' closed.
2025-09-03 10:32:27,159 - distributed.nanny - INFO - Closing Nanny at 'tcp://10.6.102.60:40953'. Reason: failure-to-start-<class 'OSError'>
2025-09-03 10:32:27,160 - distributed.nanny - INFO - Nanny at 'tcp://10.6.102.60:40953' closed.
2025-09-03 10:32:27,160 - distributed.nanny - INFO - Closing Nanny at 'tcp://10.6.102.60:33435'. Reason: failure-to-start-<class 'OSError'>
2025-09-03 10:32:27,160 - distributed.nanny - INFO - Nanny at 'tcp://10.6.102.60:33435' closed.
2025-09-03 10:32:27,160 - distributed.nanny - INFO - Closing Nanny at 'tcp://10.6.102.60:38645'. Reason: failure-to-start-<class 'OSError'>
2025-09-03 10:32:27,160 - distributed.nanny - INFO - Nanny at 'tcp://10.6.102.60:38645' closed.
2025-09-03 10:32:27,160 - distributed.nanny - INFO - Closing Nanny at 'tcp://10.6.102.60:42113'. Reason: failure-to-start-<class 'OSError'>
2025-09-03 10:32:27,160 - distributed.nanny - INFO - Nanny at 'tcp://10.6.102.60:42113' closed.
2025-09-03 10:32:27,160 - distributed.nanny - INFO - Closing Nanny at 'tcp://10.6.102.60:34503'. Reason: failure-to-start-<class 'OSError'>
2025-09-03 10:32:27,160 - distributed.nanny - INFO - Nanny at 'tcp://10.6.102.60:34503' closed.
2025-09-03 10:32:27,160 - distributed.nanny - INFO - Closing Nanny at 'tcp://10.6.102.60:43437'. Reason: failure-to-start-<class 'OSError'>
2025-09-03 10:32:27,161 - distributed.nanny - INFO - Nanny at 'tcp://10.6.102.60:43437' closed.
2025-09-03 10:32:27,161 - distributed.nanny - INFO - Closing Nanny at 'tcp://10.6.102.60:40717'. Reason: failure-to-start-<class 'OSError'>
2025-09-03 10:32:27,162 - distributed.nanny - INFO - Nanny at 'tcp://10.6.102.60:40717' closed.
2025-09-03 10:32:27,163 - distributed.nanny - INFO - Closing Nanny at 'tcp://10.6.102.60:40525'. Reason: failure-to-start-<class 'OSError'>
2025-09-03 10:32:27,163 - distributed.nanny - INFO - Nanny at 'tcp://10.6.102.60:40525' closed.
2025-09-03 10:32:27,163 - distributed.nanny - INFO - Closing Nanny at 'tcp://10.6.102.60:43823'. Reason: failure-to-start-<class 'OSError'>
2025-09-03 10:32:27,163 - distributed.nanny - INFO - Nanny at 'tcp://10.6.102.60:43823' closed.
2025-09-03 10:32:27,163 - distributed.nanny - INFO - Closing Nanny at 'tcp://10.6.102.60:36959'. Reason: failure-to-start-<class 'OSError'>
2025-09-03 10:32:27,163 - distributed.nanny - INFO - Nanny at 'tcp://10.6.102.60:36959' closed.
2025-09-03 10:32:27,163 - distributed.nanny - INFO - Closing Nanny at 'tcp://10.6.102.60:43033'. Reason: failure-to-start-<class 'OSError'>
2025-09-03 10:32:27,164 - distributed.nanny - INFO - Nanny at 'tcp://10.6.102.60:43033' closed.
2025-09-03 10:32:27,164 - distributed.nanny - INFO - Closing Nanny at 'tcp://10.6.102.60:38899'. Reason: failure-to-start-<class 'OSError'>
2025-09-03 10:32:27,164 - distributed.nanny - INFO - Nanny at 'tcp://10.6.102.60:38899' closed.
2025-09-03 10:32:27,164 - distributed.nanny - INFO - Closing Nanny at 'tcp://10.6.102.60:34997'. Reason: failure-to-start-<class 'OSError'>
2025-09-03 10:32:27,164 - distributed.nanny - INFO - Nanny at 'tcp://10.6.102.60:34997' closed.
2025-09-03 10:32:27,164 - distributed.nanny - INFO - Closing Nanny at 'tcp://10.6.102.60:38953'. Reason: failure-to-start-<class 'OSError'>
2025-09-03 10:32:27,164 - distributed.nanny - INFO - Nanny at 'tcp://10.6.102.60:38953' closed.
2025-09-03 10:32:27,170 - distributed.dask_worker - INFO - End worker
Traceback (most recent call last):
  File "/g/data/xp65/public/apps/med_conda/envs/analysis3-25.06/lib/python3.11/site-packages/distributed/utils.py", line 1923, in wait_for
    return await fut
           ^^^^^^^^^
  File "/g/data/xp65/public/apps/med_conda/envs/analysis3-25.06/lib/python3.11/site-packages/distributed/comm/tcp.py", line 547, in connect
    stream = await self.client.connect(
             ^^^^^^^^^^^^^^^^^^^^^^^^^^
  File "/g/data/xp65/public/apps/med_conda/envs/analysis3-25.06/lib/python3.11/site-packages/tornado/tcpclient.py", line 279, in connect
    af, addr, stream = await connector.start(connect_timeout=timeout)
                       ^^^^^^^^^^^^^^^^^^^^^^^^^^^^^^^^^^^^^^^^^^^^^^
asyncio.exceptions.CancelledError

The above exception was the direct cause of the following exception:

Traceback (most recent call last):
  File "/g/data/xp65/public/apps/med_conda/envs/analysis3-25.06/lib/python3.11/site-packages/distributed/comm/core.py", line 342, in connect
    comm = await wait_for(
           ^^^^^^^^^^^^^^^
  File "/g/data/xp65/public/apps/med_conda/envs/analysis3-25.06/lib/python3.11/site-packages/distributed/utils.py", line 1922, in wait_for
    async with asyncio.timeout(timeout):
  File "/g/data/xp65/public/apps/med_conda/envs/analysis3-25.06/lib/python3.11/asyncio/timeouts.py", line 115, in __aexit__
    raise TimeoutError from exc_val
TimeoutError

The above exception was the direct cause of the following exception:

Traceback (most recent call last):
  File "/g/data/xp65/public/apps/med_conda/envs/analysis3-25.06/lib/python3.11/site-packages/distributed/core.py", line 528, in start
    await wait_for(self.start_unsafe(), timeout=timeout)
  File "/g/data/xp65/public/apps/med_conda/envs/analysis3-25.06/lib/python3.11/site-packages/distributed/utils.py", line 1923, in wait_for
    return await fut
           ^^^^^^^^^
  File "/g/data/xp65/public/apps/med_conda/envs/analysis3-25.06/lib/python3.11/site-packages/distributed/nanny.py", line 358, in start_unsafe
    comm = await self.rpc.connect(saddr)
           ^^^^^^^^^^^^^^^^^^^^^^^^^^^^^
  File "/g/data/xp65/public/apps/med_conda/envs/analysis3-25.06/lib/python3.11/site-packages/distributed/core.py", line 1485, in connect
    return await self._connect(addr=addr, timeout=timeout)
           ^^^^^^^^^^^^^^^^^^^^^^^^^^^^^^^^^^^^^^^^^^^^^^^
  File "/g/data/xp65/public/apps/med_conda/envs/analysis3-25.06/lib/python3.11/site-packages/distributed/core.py", line 1429, in _connect
    comm = await connect(
           ^^^^^^^^^^^^^^
  File "/g/data/xp65/public/apps/med_conda/envs/analysis3-25.06/lib/python3.11/site-packages/distributed/comm/core.py", line 368, in connect
    raise OSError(
OSError: Timed out trying to connect to tcp://10.6.82.69:8735 after 30 s

The above exception was the direct cause of the following exception:

Traceback (most recent call last):
  File "/g/data/xp65/public/apps/med_conda/envs/analysis3-25.06/bin/dask", line 10, in <module>
    sys.exit(main())
             ^^^^^^
  File "/g/data/xp65/public/apps/med_conda/envs/analysis3-25.06/lib/python3.11/site-packages/dask/__main__.py", line 7, in main
    run_cli()
  File "/g/data/xp65/public/apps/med_conda/envs/analysis3-25.06/lib/python3.11/site-packages/dask/cli.py", line 209, in run_cli
    cli()
  File "/g/data/xp65/public/apps/med_conda/envs/analysis3-25.06/lib/python3.11/site-packages/click/core.py", line 1442, in __call__
    return self.main(*args, **kwargs)
           ^^^^^^^^^^^^^^^^^^^^^^^^^^
  File "/g/data/xp65/public/apps/med_conda/envs/analysis3-25.06/lib/python3.11/site-packages/click/core.py", line 1363, in main
    rv = self.invoke(ctx)
         ^^^^^^^^^^^^^^^^
  File "/g/data/xp65/public/apps/med_conda/envs/analysis3-25.06/lib/python3.11/site-packages/click/core.py", line 1830, in invoke
    return _process_result(sub_ctx.command.invoke(sub_ctx))
                           ^^^^^^^^^^^^^^^^^^^^^^^^^^^^^^^
  File "/g/data/xp65/public/apps/med_conda/envs/analysis3-25.06/lib/python3.11/site-packages/click/core.py", line 1226, in invoke
    return ctx.invoke(self.callback, **ctx.params)
           ^^^^^^^^^^^^^^^^^^^^^^^^^^^^^^^^^^^^^^^
  File "/g/data/xp65/public/apps/med_conda/envs/analysis3-25.06/lib/python3.11/site-packages/click/core.py", line 794, in invoke
    return callback(*args, **kwargs)
           ^^^^^^^^^^^^^^^^^^^^^^^^^
  File "/g/data/xp65/public/apps/med_conda/envs/analysis3-25.06/lib/python3.11/site-packages/distributed/cli/dask_worker.py", line 452, in main
    asyncio_run(run(), loop_factory=get_loop_factory())
  File "/g/data/xp65/public/apps/med_conda/envs/analysis3-25.06/lib/python3.11/site-packages/distributed/compatibility.py", line 204, in asyncio_run
    return runner.run(main)
           ^^^^^^^^^^^^^^^^
  File "/g/data/xp65/public/apps/med_conda/envs/analysis3-25.06/lib/python3.11/asyncio/runners.py", line 118, in run
    return self._loop.run_until_complete(task)
           ^^^^^^^^^^^^^^^^^^^^^^^^^^^^^^^^^^^
  File "/g/data/xp65/public/apps/med_conda/envs/analysis3-25.06/lib/python3.11/asyncio/base_events.py", line 654, in run_until_complete
    return future.result()
           ^^^^^^^^^^^^^^^
  File "/g/data/xp65/public/apps/med_conda/envs/analysis3-25.06/lib/python3.11/site-packages/distributed/cli/dask_worker.py", line 449, in run
    [task.result() for task in done]
  File "/g/data/xp65/public/apps/med_conda/envs/analysis3-25.06/lib/python3.11/site-packages/distributed/cli/dask_worker.py", line 449, in <listcomp>
    [task.result() for task in done]
     ^^^^^^^^^^^^^
  File "/g/data/xp65/public/apps/med_conda/envs/analysis3-25.06/lib/python3.11/site-packages/distributed/cli/dask_worker.py", line 422, in wait_for_nannies_to_finish
    await asyncio.gather(*nannies)
  File "/g/data/xp65/public/apps/med_conda/envs/analysis3-25.06/lib/python3.11/asyncio/tasks.py", line 694, in _wrap_awaitable
    return (yield from awaitable.__await__())
            ^^^^^^^^^^^^^^^^^^^^^^^^^^^^^^^^
  File "/g/data/xp65/public/apps/med_conda/envs/analysis3-25.06/lib/python3.11/site-packages/distributed/core.py", line 536, in start
    raise RuntimeError(f"{type(self).__name__} failed to start.") from exc
RuntimeError: Nanny failed to start.
2025-09-03 10:32:27,182 - distributed.process - INFO - reaping stray process <SpawnProcess name='Dask Worker process (from Nanny)' pid=981183 parent=981049 started daemon>
2025-09-03 10:32:27,182 - distributed.process - INFO - reaping stray process <SpawnProcess name='Dask Worker process (from Nanny)' pid=981178 parent=981049 started daemon>
2025-09-03 10:32:27,183 - distributed.process - INFO - reaping stray process <SpawnProcess name='Dask Worker process (from Nanny)' pid=981176 parent=981049 started daemon>
2025-09-03 10:32:27,184 - distributed.process - INFO - reaping stray process <SpawnProcess name='Dask Worker process (from Nanny)' pid=981170 parent=981049 started daemon>
2025-09-03 10:32:27,184 - distributed.process - INFO - reaping stray process <SpawnProcess name='Dask Worker process (from Nanny)' pid=981168 parent=981049 started daemon>
2025-09-03 10:32:27,185 - distributed.process - INFO - reaping stray process <SpawnProcess name='Dask Worker process (from Nanny)' pid=981163 parent=981049 started daemon>
2025-09-03 10:32:27,186 - distributed.process - INFO - reaping stray process <SpawnProcess name='Dask Worker process (from Nanny)' pid=981161 parent=981049 started daemon>
2025-09-03 10:32:27,186 - distributed.process - INFO - reaping stray process <SpawnProcess name='Dask Worker process (from Nanny)' pid=981155 parent=981049 started daemon>
2025-09-03 10:32:27,187 - distributed.process - INFO - reaping stray process <SpawnProcess name='Dask Worker process (from Nanny)' pid=981150 parent=981049 started daemon>
2025-09-03 10:32:27,187 - distributed.process - INFO - reaping stray process <SpawnProcess name='Dask Worker process (from Nanny)' pid=981149 parent=981049 started daemon>
2025-09-03 10:32:27,187 - distributed.process - INFO - reaping stray process <SpawnProcess name='Dask Worker process (from Nanny)' pid=981142 parent=981049 started daemon>
2025-09-03 10:32:27,188 - distributed.process - INFO - reaping stray process <SpawnProcess name='Dask Worker process (from Nanny)' pid=981141 parent=981049 started daemon>
2025-09-03 10:32:27,188 - distributed.process - INFO - reaping stray process <SpawnProcess name='Dask Worker process (from Nanny)' pid=981136 parent=981049 started daemon>
2025-09-03 10:32:27,188 - distributed.process - INFO - reaping stray process <SpawnProcess name='Dask Worker process (from Nanny)' pid=981131 parent=981049 started daemon>
2025-09-03 10:32:27,189 - distributed.process - INFO - reaping stray process <SpawnProcess name='Dask Worker process (from Nanny)' pid=981127 parent=981049 started daemon>
2025-09-03 10:32:27,189 - distributed.process - INFO - reaping stray process <SpawnProcess name='Dask Worker process (from Nanny)' pid=981123 parent=981049 started daemon>
2025-09-03 10:32:27,190 - distributed.process - INFO - reaping stray process <SpawnProcess name='Dask Worker process (from Nanny)' pid=981120 parent=981049 started daemon>
2025-09-03 10:32:27,190 - distributed.process - INFO - reaping stray process <SpawnProcess name='Dask Worker process (from Nanny)' pid=981114 parent=981049 started daemon>
2025-09-03 10:32:27,190 - distributed.process - INFO - reaping stray process <SpawnProcess name='Dask Worker process (from Nanny)' pid=981112 parent=981049 started daemon>
2025-09-03 10:32:27,191 - distributed.process - INFO - reaping stray process <SpawnProcess name='Dask Worker process (from Nanny)' pid=981108 parent=981049 started daemon>
2025-09-03 10:32:27,191 - distributed.process - INFO - reaping stray process <SpawnProcess name='Dask Worker process (from Nanny)' pid=981104 parent=981049 started daemon>
2025-09-03 10:32:27,191 - distributed.process - INFO - reaping stray process <SpawnProcess name='Dask Worker process (from Nanny)' pid=981099 parent=981049 started daemon>
2025-09-03 10:32:27,192 - distributed.process - INFO - reaping stray process <SpawnProcess name='Dask Worker process (from Nanny)' pid=981094 parent=981049 started daemon>
2025-09-03 10:32:27,192 - distributed.process - INFO - reaping stray process <SpawnProcess name='Dask Worker process (from Nanny)' pid=981091 parent=981049 started daemon>
2025-09-03 10:32:27,193 - distributed.process - INFO - reaping stray process <SpawnProcess name='Dask Worker process (from Nanny)' pid=981087 parent=981049 started daemon>
2025-09-03 10:32:27,193 - distributed.process - INFO - reaping stray process <SpawnProcess name='Dask Worker process (from Nanny)' pid=981083 parent=981049 started daemon>
2025-09-03 10:32:27,193 - distributed.process - INFO - reaping stray process <SpawnProcess name='Dask Worker process (from Nanny)' pid=981078 parent=981049 started daemon>
2025-09-03 10:32:27,193 - distributed.process - INFO - reaping stray process <SpawnProcess name='Dask Worker process (from Nanny)' pid=981076 parent=981049 started daemon>
2025-09-03 10:32:27,193 - distributed.process - INFO - reaping stray process <SpawnProcess name='Dask Worker process (from Nanny)' pid=981070 parent=981049 started daemon>
2025-09-03 10:32:27,194 - distributed.process - INFO - reaping stray process <SpawnProcess name='Dask Worker process (from Nanny)' pid=981067 parent=981049 started daemon>
2025-09-03 10:32:27,194 - distributed.process - INFO - reaping stray process <SpawnProcess name='Dask Worker process (from Nanny)' pid=981063 parent=981049 started daemon>
2025-09-03 10:32:27,217 - distributed.process - WARNING - [<AsyncProcess Dask Worker process (from Nanny)>] process 981141 exit status was already read will report exitcode 255
2025-09-03 10:32:27,222 - distributed.process - WARNING - [<AsyncProcess Dask Worker process (from Nanny)>] process 981112 exit status was already read will report exitcode 255
